[2021-08-02 16:34:23,921] {taskinstance.py:896} INFO - Dependencies all met for <TaskInstance: tutorial.templated 2021-07-31T00:00:00+00:00 [queued]>
[2021-08-02 16:34:23,925] {taskinstance.py:896} INFO - Dependencies all met for <TaskInstance: tutorial.templated 2021-07-31T00:00:00+00:00 [queued]>
[2021-08-02 16:34:23,925] {taskinstance.py:1087} INFO - 
--------------------------------------------------------------------------------
[2021-08-02 16:34:23,926] {taskinstance.py:1088} INFO - Starting attempt 1 of 2
[2021-08-02 16:34:23,926] {taskinstance.py:1089} INFO - 
--------------------------------------------------------------------------------
[2021-08-02 16:34:23,930] {taskinstance.py:1107} INFO - Executing <Task(BashOperator): templated> on 2021-07-31T00:00:00+00:00
[2021-08-02 16:34:23,932] {standard_task_runner.py:52} INFO - Started process 29145 to run task
[2021-08-02 16:34:23,937] {standard_task_runner.py:76} INFO - Running: ['airflow', 'tasks', 'run', 'tutorial', 'templated', '2021-07-31T00:00:00+00:00', '--job-id', '7', '--pool', 'default_pool', '--raw', '--subdir', '/Users/kennethlau/airflow/airflow-tutorial/env_airflow/lib/python3.8/site-packages/airflow/example_dags/tutorial.py', '--cfg-path', '/var/folders/kh/c93m3t_d2rgcvcbylylqtx240000gn/T/tmpinonub4x', '--error-file', '/var/folders/kh/c93m3t_d2rgcvcbylylqtx240000gn/T/tmpk008muj5']
[2021-08-02 16:34:23,938] {standard_task_runner.py:77} INFO - Job 7: Subtask templated
[2021-08-02 16:34:23,961] {logging_mixin.py:104} INFO - Running <TaskInstance: tutorial.templated 2021-07-31T00:00:00+00:00 [running]> on host 1.0.0.0.0.0.0.0.0.0.0.0.0.0.0.0.0.0.0.0.0.0.0.0.0.0.0.0.0.0.0.0.ip6.arpa
[2021-08-02 16:34:23,993] {taskinstance.py:1300} INFO - Exporting the following env vars:
AIRFLOW_CTX_DAG_EMAIL=airflow@example.com
AIRFLOW_CTX_DAG_OWNER=airflow
AIRFLOW_CTX_DAG_ID=tutorial
AIRFLOW_CTX_TASK_ID=templated
AIRFLOW_CTX_EXECUTION_DATE=2021-07-31T00:00:00+00:00
AIRFLOW_CTX_DAG_RUN_ID=scheduled__2021-07-31T00:00:00+00:00
[2021-08-02 16:34:23,994] {subprocess.py:52} INFO - Tmp dir root location: 
 /var/folders/kh/c93m3t_d2rgcvcbylylqtx240000gn/T
[2021-08-02 16:34:23,995] {subprocess.py:63} INFO - Running command: ['bash', '-c', '\n\n    echo "2021-07-31"\n    echo "2021-08-07"\n    echo "Parameter I passed in"\n\n    echo "2021-07-31"\n    echo "2021-08-07"\n    echo "Parameter I passed in"\n\n    echo "2021-07-31"\n    echo "2021-08-07"\n    echo "Parameter I passed in"\n\n    echo "2021-07-31"\n    echo "2021-08-07"\n    echo "Parameter I passed in"\n\n    echo "2021-07-31"\n    echo "2021-08-07"\n    echo "Parameter I passed in"\n']
[2021-08-02 16:34:23,999] {subprocess.py:74} INFO - Output:
[2021-08-02 16:34:24,002] {subprocess.py:78} INFO - 2021-07-31
[2021-08-02 16:34:24,002] {subprocess.py:78} INFO - 2021-08-07
[2021-08-02 16:34:24,002] {subprocess.py:78} INFO - Parameter I passed in
[2021-08-02 16:34:24,002] {subprocess.py:78} INFO - 2021-07-31
[2021-08-02 16:34:24,003] {subprocess.py:78} INFO - 2021-08-07
[2021-08-02 16:34:24,003] {subprocess.py:78} INFO - Parameter I passed in
[2021-08-02 16:34:24,003] {subprocess.py:78} INFO - 2021-07-31
[2021-08-02 16:34:24,003] {subprocess.py:78} INFO - 2021-08-07
[2021-08-02 16:34:24,004] {subprocess.py:78} INFO - Parameter I passed in
[2021-08-02 16:34:24,004] {subprocess.py:78} INFO - 2021-07-31
[2021-08-02 16:34:24,004] {subprocess.py:78} INFO - 2021-08-07
[2021-08-02 16:34:24,004] {subprocess.py:78} INFO - Parameter I passed in
[2021-08-02 16:34:24,005] {subprocess.py:78} INFO - 2021-07-31
[2021-08-02 16:34:24,005] {subprocess.py:78} INFO - 2021-08-07
[2021-08-02 16:34:24,005] {subprocess.py:78} INFO - Parameter I passed in
[2021-08-02 16:34:24,005] {subprocess.py:82} INFO - Command exited with return code 0
[2021-08-02 16:34:24,015] {taskinstance.py:1204} INFO - Marking task as SUCCESS. dag_id=tutorial, task_id=templated, execution_date=20210731T000000, start_date=20210802T203423, end_date=20210802T203424
[2021-08-02 16:34:24,024] {taskinstance.py:1265} INFO - 0 downstream tasks scheduled from follow-on schedule check
[2021-08-02 16:34:24,030] {local_task_job.py:149} INFO - Task exited with return code 0
