[2021-08-21 22:30:53,614] {scheduler_job.py:181} INFO - Started process (PID=27266) to work on /Users/kennethlau/airflow/airflow-tutorial/env_airflow/lib/python3.8/site-packages/airflow/example_dags/example_latest_only_with_trigger.py
[2021-08-21 22:30:53,615] {scheduler_job.py:632} INFO - Processing file /Users/kennethlau/airflow/airflow-tutorial/env_airflow/lib/python3.8/site-packages/airflow/example_dags/example_latest_only_with_trigger.py for tasks to queue
[2021-08-21 22:30:53,615] {logging_mixin.py:104} INFO - [2021-08-21 22:30:53,615] {dagbag.py:496} INFO - Filling up the DagBag from /Users/kennethlau/airflow/airflow-tutorial/env_airflow/lib/python3.8/site-packages/airflow/example_dags/example_latest_only_with_trigger.py
[2021-08-21 22:30:53,623] {scheduler_job.py:642} INFO - DAG(s) dict_keys(['latest_only_with_trigger']) retrieved from /Users/kennethlau/airflow/airflow-tutorial/env_airflow/lib/python3.8/site-packages/airflow/example_dags/example_latest_only_with_trigger.py
[2021-08-21 22:30:53,843] {logging_mixin.py:104} INFO - [2021-08-21 22:30:53,842] {dag.py:1833} INFO - Sync 1 DAGs
[2021-08-21 22:30:53,848] {logging_mixin.py:104} INFO - [2021-08-21 22:30:53,848] {dag.py:2306} INFO - Setting next_dagrun for latest_only_with_trigger to 2021-08-20 00:00:00+00:00
[2021-08-21 22:30:53,856] {scheduler_job.py:189} INFO - Processing /Users/kennethlau/airflow/airflow-tutorial/env_airflow/lib/python3.8/site-packages/airflow/example_dags/example_latest_only_with_trigger.py took 0.242 seconds
[2021-08-21 22:32:17,420] {scheduler_job.py:181} INFO - Started process (PID=27354) to work on /Users/kennethlau/airflow/airflow-tutorial/env_airflow/lib/python3.8/site-packages/airflow/example_dags/example_latest_only_with_trigger.py
[2021-08-21 22:32:17,421] {scheduler_job.py:632} INFO - Processing file /Users/kennethlau/airflow/airflow-tutorial/env_airflow/lib/python3.8/site-packages/airflow/example_dags/example_latest_only_with_trigger.py for tasks to queue
[2021-08-21 22:32:17,421] {logging_mixin.py:104} INFO - [2021-08-21 22:32:17,421] {dagbag.py:496} INFO - Filling up the DagBag from /Users/kennethlau/airflow/airflow-tutorial/env_airflow/lib/python3.8/site-packages/airflow/example_dags/example_latest_only_with_trigger.py
[2021-08-21 22:32:17,428] {scheduler_job.py:642} INFO - DAG(s) dict_keys(['latest_only_with_trigger']) retrieved from /Users/kennethlau/airflow/airflow-tutorial/env_airflow/lib/python3.8/site-packages/airflow/example_dags/example_latest_only_with_trigger.py
[2021-08-21 22:32:17,455] {logging_mixin.py:104} INFO - [2021-08-21 22:32:17,455] {dag.py:1833} INFO - Sync 1 DAGs
[2021-08-21 22:32:17,461] {logging_mixin.py:104} INFO - [2021-08-21 22:32:17,461] {dag.py:2306} INFO - Setting next_dagrun for latest_only_with_trigger to 2021-08-20 00:00:00+00:00
[2021-08-21 22:32:17,467] {scheduler_job.py:189} INFO - Processing /Users/kennethlau/airflow/airflow-tutorial/env_airflow/lib/python3.8/site-packages/airflow/example_dags/example_latest_only_with_trigger.py took 0.047 seconds
[2021-08-21 22:33:37,510] {scheduler_job.py:181} INFO - Started process (PID=27455) to work on /Users/kennethlau/airflow/airflow-tutorial/env_airflow/lib/python3.8/site-packages/airflow/example_dags/example_latest_only_with_trigger.py
[2021-08-21 22:33:37,512] {scheduler_job.py:632} INFO - Processing file /Users/kennethlau/airflow/airflow-tutorial/env_airflow/lib/python3.8/site-packages/airflow/example_dags/example_latest_only_with_trigger.py for tasks to queue
[2021-08-21 22:33:37,512] {logging_mixin.py:104} INFO - [2021-08-21 22:33:37,512] {dagbag.py:496} INFO - Filling up the DagBag from /Users/kennethlau/airflow/airflow-tutorial/env_airflow/lib/python3.8/site-packages/airflow/example_dags/example_latest_only_with_trigger.py
[2021-08-21 22:33:37,520] {scheduler_job.py:642} INFO - DAG(s) dict_keys(['latest_only_with_trigger']) retrieved from /Users/kennethlau/airflow/airflow-tutorial/env_airflow/lib/python3.8/site-packages/airflow/example_dags/example_latest_only_with_trigger.py
[2021-08-21 22:33:37,545] {logging_mixin.py:104} INFO - [2021-08-21 22:33:37,545] {dag.py:1833} INFO - Sync 1 DAGs
[2021-08-21 22:33:37,550] {logging_mixin.py:104} INFO - [2021-08-21 22:33:37,550] {dag.py:2306} INFO - Setting next_dagrun for latest_only_with_trigger to 2021-08-20 00:00:00+00:00
[2021-08-21 22:33:37,556] {scheduler_job.py:189} INFO - Processing /Users/kennethlau/airflow/airflow-tutorial/env_airflow/lib/python3.8/site-packages/airflow/example_dags/example_latest_only_with_trigger.py took 0.046 seconds
[2021-08-21 22:34:47,388] {scheduler_job.py:181} INFO - Started process (PID=27527) to work on /Users/kennethlau/airflow/airflow-tutorial/env_airflow/lib/python3.8/site-packages/airflow/example_dags/example_latest_only_with_trigger.py
[2021-08-21 22:34:47,389] {scheduler_job.py:632} INFO - Processing file /Users/kennethlau/airflow/airflow-tutorial/env_airflow/lib/python3.8/site-packages/airflow/example_dags/example_latest_only_with_trigger.py for tasks to queue
[2021-08-21 22:34:47,389] {logging_mixin.py:104} INFO - [2021-08-21 22:34:47,389] {dagbag.py:496} INFO - Filling up the DagBag from /Users/kennethlau/airflow/airflow-tutorial/env_airflow/lib/python3.8/site-packages/airflow/example_dags/example_latest_only_with_trigger.py
[2021-08-21 22:34:47,398] {scheduler_job.py:642} INFO - DAG(s) dict_keys(['latest_only_with_trigger']) retrieved from /Users/kennethlau/airflow/airflow-tutorial/env_airflow/lib/python3.8/site-packages/airflow/example_dags/example_latest_only_with_trigger.py
[2021-08-21 22:34:47,427] {logging_mixin.py:104} INFO - [2021-08-21 22:34:47,427] {dag.py:1833} INFO - Sync 1 DAGs
[2021-08-21 22:34:47,434] {logging_mixin.py:104} INFO - [2021-08-21 22:34:47,434] {dag.py:2306} INFO - Setting next_dagrun for latest_only_with_trigger to 2021-08-20 00:00:00+00:00
[2021-08-21 22:34:47,440] {scheduler_job.py:189} INFO - Processing /Users/kennethlau/airflow/airflow-tutorial/env_airflow/lib/python3.8/site-packages/airflow/example_dags/example_latest_only_with_trigger.py took 0.052 seconds
