[2021-08-21 22:17:19,849] {scheduler_job.py:181} INFO - Started process (PID=26927) to work on /Users/kennethlau/airflow/airflow-tutorial/env_airflow/lib/python3.8/site-packages/airflow/example_dags/example_xcomargs.py
[2021-08-21 22:17:19,849] {scheduler_job.py:632} INFO - Processing file /Users/kennethlau/airflow/airflow-tutorial/env_airflow/lib/python3.8/site-packages/airflow/example_dags/example_xcomargs.py for tasks to queue
[2021-08-21 22:17:19,850] {logging_mixin.py:104} INFO - [2021-08-21 22:17:19,850] {dagbag.py:496} INFO - Filling up the DagBag from /Users/kennethlau/airflow/airflow-tutorial/env_airflow/lib/python3.8/site-packages/airflow/example_dags/example_xcomargs.py
[2021-08-21 22:17:19,859] {scheduler_job.py:642} INFO - DAG(s) dict_keys(['example_xcom_args', 'example_xcom_args_with_operators']) retrieved from /Users/kennethlau/airflow/airflow-tutorial/env_airflow/lib/python3.8/site-packages/airflow/example_dags/example_xcomargs.py
[2021-08-21 22:17:20,053] {logging_mixin.py:104} INFO - [2021-08-21 22:17:20,053] {dag.py:1833} INFO - Sync 2 DAGs
[2021-08-21 22:17:20,059] {logging_mixin.py:104} INFO - [2021-08-21 22:17:20,059] {dag.py:2306} INFO - Setting next_dagrun for example_xcom_args to None
[2021-08-21 22:17:20,059] {logging_mixin.py:104} INFO - [2021-08-21 22:17:20,059] {dag.py:2306} INFO - Setting next_dagrun for example_xcom_args_with_operators to None
[2021-08-21 22:17:20,068] {scheduler_job.py:189} INFO - Processing /Users/kennethlau/airflow/airflow-tutorial/env_airflow/lib/python3.8/site-packages/airflow/example_dags/example_xcomargs.py took 0.220 seconds
[2021-08-21 22:30:39,393] {scheduler_job.py:181} INFO - Started process (PID=27242) to work on /Users/kennethlau/airflow/airflow-tutorial/env_airflow/lib/python3.8/site-packages/airflow/example_dags/example_xcomargs.py
[2021-08-21 22:30:39,394] {scheduler_job.py:632} INFO - Processing file /Users/kennethlau/airflow/airflow-tutorial/env_airflow/lib/python3.8/site-packages/airflow/example_dags/example_xcomargs.py for tasks to queue
[2021-08-21 22:30:39,394] {logging_mixin.py:104} INFO - [2021-08-21 22:30:39,394] {dagbag.py:496} INFO - Filling up the DagBag from /Users/kennethlau/airflow/airflow-tutorial/env_airflow/lib/python3.8/site-packages/airflow/example_dags/example_xcomargs.py
[2021-08-21 22:30:39,406] {scheduler_job.py:642} INFO - DAG(s) dict_keys(['example_xcom_args', 'example_xcom_args_with_operators']) retrieved from /Users/kennethlau/airflow/airflow-tutorial/env_airflow/lib/python3.8/site-packages/airflow/example_dags/example_xcomargs.py
[2021-08-21 22:30:39,596] {logging_mixin.py:104} INFO - [2021-08-21 22:30:39,595] {dag.py:1833} INFO - Sync 2 DAGs
[2021-08-21 22:30:39,607] {logging_mixin.py:104} INFO - [2021-08-21 22:30:39,607] {dag.py:2306} INFO - Setting next_dagrun for example_xcom_args to None
[2021-08-21 22:30:39,608] {logging_mixin.py:104} INFO - [2021-08-21 22:30:39,608] {dag.py:2306} INFO - Setting next_dagrun for example_xcom_args_with_operators to None
[2021-08-21 22:30:39,615] {scheduler_job.py:189} INFO - Processing /Users/kennethlau/airflow/airflow-tutorial/env_airflow/lib/python3.8/site-packages/airflow/example_dags/example_xcomargs.py took 0.223 seconds
[2021-08-21 22:31:50,097] {scheduler_job.py:181} INFO - Started process (PID=27318) to work on /Users/kennethlau/airflow/airflow-tutorial/env_airflow/lib/python3.8/site-packages/airflow/example_dags/example_xcomargs.py
[2021-08-21 22:31:50,098] {scheduler_job.py:632} INFO - Processing file /Users/kennethlau/airflow/airflow-tutorial/env_airflow/lib/python3.8/site-packages/airflow/example_dags/example_xcomargs.py for tasks to queue
[2021-08-21 22:31:50,098] {logging_mixin.py:104} INFO - [2021-08-21 22:31:50,098] {dagbag.py:496} INFO - Filling up the DagBag from /Users/kennethlau/airflow/airflow-tutorial/env_airflow/lib/python3.8/site-packages/airflow/example_dags/example_xcomargs.py
[2021-08-21 22:31:50,109] {scheduler_job.py:642} INFO - DAG(s) dict_keys(['example_xcom_args', 'example_xcom_args_with_operators']) retrieved from /Users/kennethlau/airflow/airflow-tutorial/env_airflow/lib/python3.8/site-packages/airflow/example_dags/example_xcomargs.py
[2021-08-21 22:31:50,320] {logging_mixin.py:104} INFO - [2021-08-21 22:31:50,320] {dag.py:1833} INFO - Sync 2 DAGs
[2021-08-21 22:31:50,325] {logging_mixin.py:104} INFO - [2021-08-21 22:31:50,325] {dag.py:2306} INFO - Setting next_dagrun for example_xcom_args to None
[2021-08-21 22:31:50,326] {logging_mixin.py:104} INFO - [2021-08-21 22:31:50,326] {dag.py:2306} INFO - Setting next_dagrun for example_xcom_args_with_operators to None
[2021-08-21 22:31:50,332] {scheduler_job.py:189} INFO - Processing /Users/kennethlau/airflow/airflow-tutorial/env_airflow/lib/python3.8/site-packages/airflow/example_dags/example_xcomargs.py took 0.236 seconds
[2021-08-21 22:33:02,159] {scheduler_job.py:181} INFO - Started process (PID=27421) to work on /Users/kennethlau/airflow/airflow-tutorial/env_airflow/lib/python3.8/site-packages/airflow/example_dags/example_xcomargs.py
[2021-08-21 22:33:02,159] {scheduler_job.py:632} INFO - Processing file /Users/kennethlau/airflow/airflow-tutorial/env_airflow/lib/python3.8/site-packages/airflow/example_dags/example_xcomargs.py for tasks to queue
[2021-08-21 22:33:02,160] {logging_mixin.py:104} INFO - [2021-08-21 22:33:02,160] {dagbag.py:496} INFO - Filling up the DagBag from /Users/kennethlau/airflow/airflow-tutorial/env_airflow/lib/python3.8/site-packages/airflow/example_dags/example_xcomargs.py
[2021-08-21 22:33:02,170] {scheduler_job.py:642} INFO - DAG(s) dict_keys(['example_xcom_args', 'example_xcom_args_with_operators']) retrieved from /Users/kennethlau/airflow/airflow-tutorial/env_airflow/lib/python3.8/site-packages/airflow/example_dags/example_xcomargs.py
[2021-08-21 22:33:02,365] {logging_mixin.py:104} INFO - [2021-08-21 22:33:02,365] {dag.py:1833} INFO - Sync 2 DAGs
[2021-08-21 22:33:02,371] {logging_mixin.py:104} INFO - [2021-08-21 22:33:02,370] {dag.py:2306} INFO - Setting next_dagrun for example_xcom_args to None
[2021-08-21 22:33:02,371] {logging_mixin.py:104} INFO - [2021-08-21 22:33:02,371] {dag.py:2306} INFO - Setting next_dagrun for example_xcom_args_with_operators to None
[2021-08-21 22:33:02,378] {scheduler_job.py:189} INFO - Processing /Users/kennethlau/airflow/airflow-tutorial/env_airflow/lib/python3.8/site-packages/airflow/example_dags/example_xcomargs.py took 0.219 seconds
[2021-08-21 22:34:14,813] {scheduler_job.py:181} INFO - Started process (PID=27491) to work on /Users/kennethlau/airflow/airflow-tutorial/env_airflow/lib/python3.8/site-packages/airflow/example_dags/example_xcomargs.py
[2021-08-21 22:34:14,813] {scheduler_job.py:632} INFO - Processing file /Users/kennethlau/airflow/airflow-tutorial/env_airflow/lib/python3.8/site-packages/airflow/example_dags/example_xcomargs.py for tasks to queue
[2021-08-21 22:34:14,814] {logging_mixin.py:104} INFO - [2021-08-21 22:34:14,814] {dagbag.py:496} INFO - Filling up the DagBag from /Users/kennethlau/airflow/airflow-tutorial/env_airflow/lib/python3.8/site-packages/airflow/example_dags/example_xcomargs.py
[2021-08-21 22:34:14,825] {scheduler_job.py:642} INFO - DAG(s) dict_keys(['example_xcom_args', 'example_xcom_args_with_operators']) retrieved from /Users/kennethlau/airflow/airflow-tutorial/env_airflow/lib/python3.8/site-packages/airflow/example_dags/example_xcomargs.py
[2021-08-21 22:34:15,021] {logging_mixin.py:104} INFO - [2021-08-21 22:34:15,021] {dag.py:1833} INFO - Sync 2 DAGs
[2021-08-21 22:34:15,027] {logging_mixin.py:104} INFO - [2021-08-21 22:34:15,027] {dag.py:2306} INFO - Setting next_dagrun for example_xcom_args to None
[2021-08-21 22:34:15,027] {logging_mixin.py:104} INFO - [2021-08-21 22:34:15,027] {dag.py:2306} INFO - Setting next_dagrun for example_xcom_args_with_operators to None
[2021-08-21 22:34:15,034] {scheduler_job.py:189} INFO - Processing /Users/kennethlau/airflow/airflow-tutorial/env_airflow/lib/python3.8/site-packages/airflow/example_dags/example_xcomargs.py took 0.222 seconds
[2021-08-21 22:35:24,038] {scheduler_job.py:181} INFO - Started process (PID=27564) to work on /Users/kennethlau/airflow/airflow-tutorial/env_airflow/lib/python3.8/site-packages/airflow/example_dags/example_xcomargs.py
[2021-08-21 22:35:24,038] {scheduler_job.py:632} INFO - Processing file /Users/kennethlau/airflow/airflow-tutorial/env_airflow/lib/python3.8/site-packages/airflow/example_dags/example_xcomargs.py for tasks to queue
[2021-08-21 22:35:24,039] {logging_mixin.py:104} INFO - [2021-08-21 22:35:24,039] {dagbag.py:496} INFO - Filling up the DagBag from /Users/kennethlau/airflow/airflow-tutorial/env_airflow/lib/python3.8/site-packages/airflow/example_dags/example_xcomargs.py
[2021-08-21 22:35:24,056] {scheduler_job.py:642} INFO - DAG(s) dict_keys(['example_xcom_args', 'example_xcom_args_with_operators']) retrieved from /Users/kennethlau/airflow/airflow-tutorial/env_airflow/lib/python3.8/site-packages/airflow/example_dags/example_xcomargs.py
[2021-08-21 22:35:24,364] {logging_mixin.py:104} INFO - [2021-08-21 22:35:24,364] {dag.py:1833} INFO - Sync 2 DAGs
[2021-08-21 22:35:24,369] {logging_mixin.py:104} INFO - [2021-08-21 22:35:24,369] {dag.py:2306} INFO - Setting next_dagrun for example_xcom_args to None
[2021-08-21 22:35:24,370] {logging_mixin.py:104} INFO - [2021-08-21 22:35:24,370] {dag.py:2306} INFO - Setting next_dagrun for example_xcom_args_with_operators to None
[2021-08-21 22:35:24,377] {scheduler_job.py:189} INFO - Processing /Users/kennethlau/airflow/airflow-tutorial/env_airflow/lib/python3.8/site-packages/airflow/example_dags/example_xcomargs.py took 0.340 seconds
