[2021-08-21 22:17:32,726] {scheduler_job.py:181} INFO - Started process (PID=26939) to work on /Users/kennethlau/airflow/airflow-tutorial/env_airflow/lib/python3.8/site-packages/airflow/example_dags/example_subdag_operator.py
[2021-08-21 22:17:32,727] {scheduler_job.py:632} INFO - Processing file /Users/kennethlau/airflow/airflow-tutorial/env_airflow/lib/python3.8/site-packages/airflow/example_dags/example_subdag_operator.py for tasks to queue
[2021-08-21 22:17:32,727] {logging_mixin.py:104} INFO - [2021-08-21 22:17:32,727] {dagbag.py:496} INFO - Filling up the DagBag from /Users/kennethlau/airflow/airflow-tutorial/env_airflow/lib/python3.8/site-packages/airflow/example_dags/example_subdag_operator.py
[2021-08-21 22:17:32,774] {scheduler_job.py:642} INFO - DAG(s) dict_keys(['example_subdag_operator.section-1', 'example_subdag_operator.section-2', 'example_subdag_operator']) retrieved from /Users/kennethlau/airflow/airflow-tutorial/env_airflow/lib/python3.8/site-packages/airflow/example_dags/example_subdag_operator.py
[2021-08-21 22:17:32,949] {logging_mixin.py:104} INFO - [2021-08-21 22:17:32,948] {dag.py:1833} INFO - Sync 3 DAGs
[2021-08-21 22:17:32,954] {logging_mixin.py:104} INFO - [2021-08-21 22:17:32,954] {dag.py:2306} INFO - Setting next_dagrun for example_subdag_operator to 2021-08-20 00:00:00+00:00
[2021-08-21 22:17:32,955] {logging_mixin.py:104} INFO - [2021-08-21 22:17:32,955] {dag.py:2306} INFO - Setting next_dagrun for example_subdag_operator.section-1 to None
[2021-08-21 22:17:32,955] {logging_mixin.py:104} INFO - [2021-08-21 22:17:32,955] {dag.py:2306} INFO - Setting next_dagrun for example_subdag_operator.section-2 to None
[2021-08-21 22:17:32,961] {logging_mixin.py:104} INFO - [2021-08-21 22:17:32,961] {dag.py:1833} INFO - Sync 2 DAGs
[2021-08-21 22:17:32,965] {logging_mixin.py:104} INFO - [2021-08-21 22:17:32,965] {dag.py:2306} INFO - Setting next_dagrun for example_subdag_operator.section-1 to None
[2021-08-21 22:17:32,965] {logging_mixin.py:104} INFO - [2021-08-21 22:17:32,965] {dag.py:2306} INFO - Setting next_dagrun for example_subdag_operator.section-2 to None
[2021-08-21 22:17:32,970] {scheduler_job.py:189} INFO - Processing /Users/kennethlau/airflow/airflow-tutorial/env_airflow/lib/python3.8/site-packages/airflow/example_dags/example_subdag_operator.py took 0.244 seconds
[2021-08-21 22:30:46,694] {scheduler_job.py:181} INFO - Started process (PID=27254) to work on /Users/kennethlau/airflow/airflow-tutorial/env_airflow/lib/python3.8/site-packages/airflow/example_dags/example_subdag_operator.py
[2021-08-21 22:30:46,695] {scheduler_job.py:632} INFO - Processing file /Users/kennethlau/airflow/airflow-tutorial/env_airflow/lib/python3.8/site-packages/airflow/example_dags/example_subdag_operator.py for tasks to queue
[2021-08-21 22:30:46,695] {logging_mixin.py:104} INFO - [2021-08-21 22:30:46,695] {dagbag.py:496} INFO - Filling up the DagBag from /Users/kennethlau/airflow/airflow-tutorial/env_airflow/lib/python3.8/site-packages/airflow/example_dags/example_subdag_operator.py
[2021-08-21 22:30:46,723] {scheduler_job.py:642} INFO - DAG(s) dict_keys(['example_subdag_operator.section-1', 'example_subdag_operator.section-2', 'example_subdag_operator']) retrieved from /Users/kennethlau/airflow/airflow-tutorial/env_airflow/lib/python3.8/site-packages/airflow/example_dags/example_subdag_operator.py
[2021-08-21 22:30:46,728] {logging_mixin.py:104} INFO - [2021-08-21 22:30:46,728] {dag.py:1833} INFO - Sync 3 DAGs
[2021-08-21 22:30:46,734] {logging_mixin.py:104} INFO - [2021-08-21 22:30:46,734] {dag.py:2306} INFO - Setting next_dagrun for example_subdag_operator to 2021-08-20 00:00:00+00:00
[2021-08-21 22:30:46,734] {logging_mixin.py:104} INFO - [2021-08-21 22:30:46,734] {dag.py:2306} INFO - Setting next_dagrun for example_subdag_operator.section-1 to None
[2021-08-21 22:30:46,734] {logging_mixin.py:104} INFO - [2021-08-21 22:30:46,734] {dag.py:2306} INFO - Setting next_dagrun for example_subdag_operator.section-2 to None
[2021-08-21 22:30:46,739] {logging_mixin.py:104} INFO - [2021-08-21 22:30:46,739] {dag.py:1833} INFO - Sync 2 DAGs
[2021-08-21 22:30:46,743] {logging_mixin.py:104} INFO - [2021-08-21 22:30:46,743] {dag.py:2306} INFO - Setting next_dagrun for example_subdag_operator.section-1 to None
[2021-08-21 22:30:46,743] {logging_mixin.py:104} INFO - [2021-08-21 22:30:46,743] {dag.py:2306} INFO - Setting next_dagrun for example_subdag_operator.section-2 to None
[2021-08-21 22:30:46,748] {scheduler_job.py:189} INFO - Processing /Users/kennethlau/airflow/airflow-tutorial/env_airflow/lib/python3.8/site-packages/airflow/example_dags/example_subdag_operator.py took 0.055 seconds
[2021-08-21 22:32:03,886] {scheduler_job.py:181} INFO - Started process (PID=27340) to work on /Users/kennethlau/airflow/airflow-tutorial/env_airflow/lib/python3.8/site-packages/airflow/example_dags/example_subdag_operator.py
[2021-08-21 22:32:03,887] {scheduler_job.py:632} INFO - Processing file /Users/kennethlau/airflow/airflow-tutorial/env_airflow/lib/python3.8/site-packages/airflow/example_dags/example_subdag_operator.py for tasks to queue
[2021-08-21 22:32:03,887] {logging_mixin.py:104} INFO - [2021-08-21 22:32:03,887] {dagbag.py:496} INFO - Filling up the DagBag from /Users/kennethlau/airflow/airflow-tutorial/env_airflow/lib/python3.8/site-packages/airflow/example_dags/example_subdag_operator.py
[2021-08-21 22:32:03,931] {scheduler_job.py:642} INFO - DAG(s) dict_keys(['example_subdag_operator.section-1', 'example_subdag_operator.section-2', 'example_subdag_operator']) retrieved from /Users/kennethlau/airflow/airflow-tutorial/env_airflow/lib/python3.8/site-packages/airflow/example_dags/example_subdag_operator.py
[2021-08-21 22:32:03,939] {logging_mixin.py:104} INFO - [2021-08-21 22:32:03,939] {dag.py:1833} INFO - Sync 3 DAGs
[2021-08-21 22:32:03,946] {logging_mixin.py:104} INFO - [2021-08-21 22:32:03,946] {dag.py:2306} INFO - Setting next_dagrun for example_subdag_operator to 2021-08-20 00:00:00+00:00
[2021-08-21 22:32:03,947] {logging_mixin.py:104} INFO - [2021-08-21 22:32:03,947] {dag.py:2306} INFO - Setting next_dagrun for example_subdag_operator.section-1 to None
[2021-08-21 22:32:03,947] {logging_mixin.py:104} INFO - [2021-08-21 22:32:03,947] {dag.py:2306} INFO - Setting next_dagrun for example_subdag_operator.section-2 to None
[2021-08-21 22:32:03,953] {logging_mixin.py:104} INFO - [2021-08-21 22:32:03,953] {dag.py:1833} INFO - Sync 2 DAGs
[2021-08-21 22:32:03,959] {logging_mixin.py:104} INFO - [2021-08-21 22:32:03,959] {dag.py:2306} INFO - Setting next_dagrun for example_subdag_operator.section-1 to None
[2021-08-21 22:32:03,959] {logging_mixin.py:104} INFO - [2021-08-21 22:32:03,959] {dag.py:2306} INFO - Setting next_dagrun for example_subdag_operator.section-2 to None
[2021-08-21 22:32:03,970] {scheduler_job.py:189} INFO - Processing /Users/kennethlau/airflow/airflow-tutorial/env_airflow/lib/python3.8/site-packages/airflow/example_dags/example_subdag_operator.py took 0.084 seconds
[2021-08-21 22:33:14,810] {scheduler_job.py:181} INFO - Started process (PID=27433) to work on /Users/kennethlau/airflow/airflow-tutorial/env_airflow/lib/python3.8/site-packages/airflow/example_dags/example_subdag_operator.py
[2021-08-21 22:33:14,811] {scheduler_job.py:632} INFO - Processing file /Users/kennethlau/airflow/airflow-tutorial/env_airflow/lib/python3.8/site-packages/airflow/example_dags/example_subdag_operator.py for tasks to queue
[2021-08-21 22:33:14,811] {logging_mixin.py:104} INFO - [2021-08-21 22:33:14,811] {dagbag.py:496} INFO - Filling up the DagBag from /Users/kennethlau/airflow/airflow-tutorial/env_airflow/lib/python3.8/site-packages/airflow/example_dags/example_subdag_operator.py
[2021-08-21 22:33:14,844] {scheduler_job.py:642} INFO - DAG(s) dict_keys(['example_subdag_operator.section-1', 'example_subdag_operator.section-2', 'example_subdag_operator']) retrieved from /Users/kennethlau/airflow/airflow-tutorial/env_airflow/lib/python3.8/site-packages/airflow/example_dags/example_subdag_operator.py
[2021-08-21 22:33:14,850] {logging_mixin.py:104} INFO - [2021-08-21 22:33:14,850] {dag.py:1833} INFO - Sync 3 DAGs
[2021-08-21 22:33:14,856] {logging_mixin.py:104} INFO - [2021-08-21 22:33:14,856] {dag.py:2306} INFO - Setting next_dagrun for example_subdag_operator to 2021-08-20 00:00:00+00:00
[2021-08-21 22:33:14,857] {logging_mixin.py:104} INFO - [2021-08-21 22:33:14,857] {dag.py:2306} INFO - Setting next_dagrun for example_subdag_operator.section-1 to None
[2021-08-21 22:33:14,857] {logging_mixin.py:104} INFO - [2021-08-21 22:33:14,857] {dag.py:2306} INFO - Setting next_dagrun for example_subdag_operator.section-2 to None
[2021-08-21 22:33:14,861] {logging_mixin.py:104} INFO - [2021-08-21 22:33:14,861] {dag.py:1833} INFO - Sync 2 DAGs
[2021-08-21 22:33:14,865] {logging_mixin.py:104} INFO - [2021-08-21 22:33:14,865] {dag.py:2306} INFO - Setting next_dagrun for example_subdag_operator.section-1 to None
[2021-08-21 22:33:14,865] {logging_mixin.py:104} INFO - [2021-08-21 22:33:14,865] {dag.py:2306} INFO - Setting next_dagrun for example_subdag_operator.section-2 to None
[2021-08-21 22:33:14,869] {scheduler_job.py:189} INFO - Processing /Users/kennethlau/airflow/airflow-tutorial/env_airflow/lib/python3.8/site-packages/airflow/example_dags/example_subdag_operator.py took 0.060 seconds
[2021-08-21 22:34:27,348] {scheduler_job.py:181} INFO - Started process (PID=27507) to work on /Users/kennethlau/airflow/airflow-tutorial/env_airflow/lib/python3.8/site-packages/airflow/example_dags/example_subdag_operator.py
[2021-08-21 22:34:27,349] {scheduler_job.py:632} INFO - Processing file /Users/kennethlau/airflow/airflow-tutorial/env_airflow/lib/python3.8/site-packages/airflow/example_dags/example_subdag_operator.py for tasks to queue
[2021-08-21 22:34:27,349] {logging_mixin.py:104} INFO - [2021-08-21 22:34:27,349] {dagbag.py:496} INFO - Filling up the DagBag from /Users/kennethlau/airflow/airflow-tutorial/env_airflow/lib/python3.8/site-packages/airflow/example_dags/example_subdag_operator.py
[2021-08-21 22:34:27,379] {scheduler_job.py:642} INFO - DAG(s) dict_keys(['example_subdag_operator.section-1', 'example_subdag_operator.section-2', 'example_subdag_operator']) retrieved from /Users/kennethlau/airflow/airflow-tutorial/env_airflow/lib/python3.8/site-packages/airflow/example_dags/example_subdag_operator.py
[2021-08-21 22:34:27,385] {logging_mixin.py:104} INFO - [2021-08-21 22:34:27,385] {dag.py:1833} INFO - Sync 3 DAGs
[2021-08-21 22:34:27,391] {logging_mixin.py:104} INFO - [2021-08-21 22:34:27,391] {dag.py:2306} INFO - Setting next_dagrun for example_subdag_operator to 2021-08-20 00:00:00+00:00
[2021-08-21 22:34:27,392] {logging_mixin.py:104} INFO - [2021-08-21 22:34:27,392] {dag.py:2306} INFO - Setting next_dagrun for example_subdag_operator.section-1 to None
[2021-08-21 22:34:27,392] {logging_mixin.py:104} INFO - [2021-08-21 22:34:27,392] {dag.py:2306} INFO - Setting next_dagrun for example_subdag_operator.section-2 to None
[2021-08-21 22:34:27,396] {logging_mixin.py:104} INFO - [2021-08-21 22:34:27,396] {dag.py:1833} INFO - Sync 2 DAGs
[2021-08-21 22:34:27,400] {logging_mixin.py:104} INFO - [2021-08-21 22:34:27,400] {dag.py:2306} INFO - Setting next_dagrun for example_subdag_operator.section-1 to None
[2021-08-21 22:34:27,400] {logging_mixin.py:104} INFO - [2021-08-21 22:34:27,400] {dag.py:2306} INFO - Setting next_dagrun for example_subdag_operator.section-2 to None
[2021-08-21 22:34:27,405] {scheduler_job.py:189} INFO - Processing /Users/kennethlau/airflow/airflow-tutorial/env_airflow/lib/python3.8/site-packages/airflow/example_dags/example_subdag_operator.py took 0.057 seconds
[2021-08-21 22:35:35,825] {scheduler_job.py:181} INFO - Started process (PID=27578) to work on /Users/kennethlau/airflow/airflow-tutorial/env_airflow/lib/python3.8/site-packages/airflow/example_dags/example_subdag_operator.py
[2021-08-21 22:35:35,826] {scheduler_job.py:632} INFO - Processing file /Users/kennethlau/airflow/airflow-tutorial/env_airflow/lib/python3.8/site-packages/airflow/example_dags/example_subdag_operator.py for tasks to queue
[2021-08-21 22:35:35,826] {logging_mixin.py:104} INFO - [2021-08-21 22:35:35,826] {dagbag.py:496} INFO - Filling up the DagBag from /Users/kennethlau/airflow/airflow-tutorial/env_airflow/lib/python3.8/site-packages/airflow/example_dags/example_subdag_operator.py
[2021-08-21 22:35:35,859] {scheduler_job.py:642} INFO - DAG(s) dict_keys(['example_subdag_operator.section-1', 'example_subdag_operator.section-2', 'example_subdag_operator']) retrieved from /Users/kennethlau/airflow/airflow-tutorial/env_airflow/lib/python3.8/site-packages/airflow/example_dags/example_subdag_operator.py
[2021-08-21 22:35:35,865] {logging_mixin.py:104} INFO - [2021-08-21 22:35:35,864] {dag.py:1833} INFO - Sync 3 DAGs
[2021-08-21 22:35:35,870] {logging_mixin.py:104} INFO - [2021-08-21 22:35:35,870] {dag.py:2306} INFO - Setting next_dagrun for example_subdag_operator to 2021-08-20 00:00:00+00:00
[2021-08-21 22:35:35,871] {logging_mixin.py:104} INFO - [2021-08-21 22:35:35,871] {dag.py:2306} INFO - Setting next_dagrun for example_subdag_operator.section-1 to None
[2021-08-21 22:35:35,871] {logging_mixin.py:104} INFO - [2021-08-21 22:35:35,871] {dag.py:2306} INFO - Setting next_dagrun for example_subdag_operator.section-2 to None
[2021-08-21 22:35:35,875] {logging_mixin.py:104} INFO - [2021-08-21 22:35:35,875] {dag.py:1833} INFO - Sync 2 DAGs
[2021-08-21 22:35:35,879] {logging_mixin.py:104} INFO - [2021-08-21 22:35:35,879] {dag.py:2306} INFO - Setting next_dagrun for example_subdag_operator.section-1 to None
[2021-08-21 22:35:35,879] {logging_mixin.py:104} INFO - [2021-08-21 22:35:35,879] {dag.py:2306} INFO - Setting next_dagrun for example_subdag_operator.section-2 to None
[2021-08-21 22:35:35,883] {scheduler_job.py:189} INFO - Processing /Users/kennethlau/airflow/airflow-tutorial/env_airflow/lib/python3.8/site-packages/airflow/example_dags/example_subdag_operator.py took 0.059 seconds
