[2021-08-21 22:17:26,199] {scheduler_job.py:181} INFO - Started process (PID=26933) to work on /Users/kennethlau/airflow/airflow-tutorial/env_airflow/lib/python3.8/site-packages/airflow/example_dags/example_trigger_controller_dag.py
[2021-08-21 22:17:26,200] {scheduler_job.py:632} INFO - Processing file /Users/kennethlau/airflow/airflow-tutorial/env_airflow/lib/python3.8/site-packages/airflow/example_dags/example_trigger_controller_dag.py for tasks to queue
[2021-08-21 22:17:26,200] {logging_mixin.py:104} INFO - [2021-08-21 22:17:26,200] {dagbag.py:496} INFO - Filling up the DagBag from /Users/kennethlau/airflow/airflow-tutorial/env_airflow/lib/python3.8/site-packages/airflow/example_dags/example_trigger_controller_dag.py
[2021-08-21 22:17:26,205] {scheduler_job.py:642} INFO - DAG(s) dict_keys(['example_trigger_controller_dag']) retrieved from /Users/kennethlau/airflow/airflow-tutorial/env_airflow/lib/python3.8/site-packages/airflow/example_dags/example_trigger_controller_dag.py
[2021-08-21 22:17:26,391] {logging_mixin.py:104} INFO - [2021-08-21 22:17:26,391] {dag.py:1833} INFO - Sync 1 DAGs
[2021-08-21 22:17:26,396] {logging_mixin.py:104} INFO - [2021-08-21 22:17:26,396] {dag.py:2306} INFO - Setting next_dagrun for example_trigger_controller_dag to 2021-08-20 00:00:00+00:00
[2021-08-21 22:17:26,404] {scheduler_job.py:189} INFO - Processing /Users/kennethlau/airflow/airflow-tutorial/env_airflow/lib/python3.8/site-packages/airflow/example_dags/example_trigger_controller_dag.py took 0.205 seconds
[2021-08-21 22:30:42,975] {scheduler_job.py:181} INFO - Started process (PID=27248) to work on /Users/kennethlau/airflow/airflow-tutorial/env_airflow/lib/python3.8/site-packages/airflow/example_dags/example_trigger_controller_dag.py
[2021-08-21 22:30:42,976] {scheduler_job.py:632} INFO - Processing file /Users/kennethlau/airflow/airflow-tutorial/env_airflow/lib/python3.8/site-packages/airflow/example_dags/example_trigger_controller_dag.py for tasks to queue
[2021-08-21 22:30:42,976] {logging_mixin.py:104} INFO - [2021-08-21 22:30:42,976] {dagbag.py:496} INFO - Filling up the DagBag from /Users/kennethlau/airflow/airflow-tutorial/env_airflow/lib/python3.8/site-packages/airflow/example_dags/example_trigger_controller_dag.py
[2021-08-21 22:30:42,981] {scheduler_job.py:642} INFO - DAG(s) dict_keys(['example_trigger_controller_dag']) retrieved from /Users/kennethlau/airflow/airflow-tutorial/env_airflow/lib/python3.8/site-packages/airflow/example_dags/example_trigger_controller_dag.py
[2021-08-21 22:30:43,002] {logging_mixin.py:104} INFO - [2021-08-21 22:30:43,002] {dag.py:1833} INFO - Sync 1 DAGs
[2021-08-21 22:30:43,008] {logging_mixin.py:104} INFO - [2021-08-21 22:30:43,008] {dag.py:2306} INFO - Setting next_dagrun for example_trigger_controller_dag to 2021-08-20 00:00:00+00:00
[2021-08-21 22:30:43,014] {scheduler_job.py:189} INFO - Processing /Users/kennethlau/airflow/airflow-tutorial/env_airflow/lib/python3.8/site-packages/airflow/example_dags/example_trigger_controller_dag.py took 0.040 seconds
[2021-08-21 22:31:56,918] {scheduler_job.py:181} INFO - Started process (PID=27331) to work on /Users/kennethlau/airflow/airflow-tutorial/env_airflow/lib/python3.8/site-packages/airflow/example_dags/example_trigger_controller_dag.py
[2021-08-21 22:31:56,919] {scheduler_job.py:632} INFO - Processing file /Users/kennethlau/airflow/airflow-tutorial/env_airflow/lib/python3.8/site-packages/airflow/example_dags/example_trigger_controller_dag.py for tasks to queue
[2021-08-21 22:31:56,919] {logging_mixin.py:104} INFO - [2021-08-21 22:31:56,919] {dagbag.py:496} INFO - Filling up the DagBag from /Users/kennethlau/airflow/airflow-tutorial/env_airflow/lib/python3.8/site-packages/airflow/example_dags/example_trigger_controller_dag.py
[2021-08-21 22:31:56,926] {scheduler_job.py:642} INFO - DAG(s) dict_keys(['example_trigger_controller_dag']) retrieved from /Users/kennethlau/airflow/airflow-tutorial/env_airflow/lib/python3.8/site-packages/airflow/example_dags/example_trigger_controller_dag.py
[2021-08-21 22:31:56,970] {logging_mixin.py:104} INFO - [2021-08-21 22:31:56,970] {dag.py:1833} INFO - Sync 1 DAGs
[2021-08-21 22:31:56,980] {logging_mixin.py:104} INFO - [2021-08-21 22:31:56,980] {dag.py:2306} INFO - Setting next_dagrun for example_trigger_controller_dag to 2021-08-20 00:00:00+00:00
[2021-08-21 22:31:57,008] {scheduler_job.py:189} INFO - Processing /Users/kennethlau/airflow/airflow-tutorial/env_airflow/lib/python3.8/site-packages/airflow/example_dags/example_trigger_controller_dag.py took 0.090 seconds
[2021-08-21 22:33:08,542] {scheduler_job.py:181} INFO - Started process (PID=27427) to work on /Users/kennethlau/airflow/airflow-tutorial/env_airflow/lib/python3.8/site-packages/airflow/example_dags/example_trigger_controller_dag.py
[2021-08-21 22:33:08,543] {scheduler_job.py:632} INFO - Processing file /Users/kennethlau/airflow/airflow-tutorial/env_airflow/lib/python3.8/site-packages/airflow/example_dags/example_trigger_controller_dag.py for tasks to queue
[2021-08-21 22:33:08,543] {logging_mixin.py:104} INFO - [2021-08-21 22:33:08,543] {dagbag.py:496} INFO - Filling up the DagBag from /Users/kennethlau/airflow/airflow-tutorial/env_airflow/lib/python3.8/site-packages/airflow/example_dags/example_trigger_controller_dag.py
[2021-08-21 22:33:08,550] {scheduler_job.py:642} INFO - DAG(s) dict_keys(['example_trigger_controller_dag']) retrieved from /Users/kennethlau/airflow/airflow-tutorial/env_airflow/lib/python3.8/site-packages/airflow/example_dags/example_trigger_controller_dag.py
[2021-08-21 22:33:08,576] {logging_mixin.py:104} INFO - [2021-08-21 22:33:08,576] {dag.py:1833} INFO - Sync 1 DAGs
[2021-08-21 22:33:08,582] {logging_mixin.py:104} INFO - [2021-08-21 22:33:08,582] {dag.py:2306} INFO - Setting next_dagrun for example_trigger_controller_dag to 2021-08-20 00:00:00+00:00
[2021-08-21 22:33:08,587] {scheduler_job.py:189} INFO - Processing /Users/kennethlau/airflow/airflow-tutorial/env_airflow/lib/python3.8/site-packages/airflow/example_dags/example_trigger_controller_dag.py took 0.046 seconds
[2021-08-21 22:34:21,133] {scheduler_job.py:181} INFO - Started process (PID=27501) to work on /Users/kennethlau/airflow/airflow-tutorial/env_airflow/lib/python3.8/site-packages/airflow/example_dags/example_trigger_controller_dag.py
[2021-08-21 22:34:21,134] {scheduler_job.py:632} INFO - Processing file /Users/kennethlau/airflow/airflow-tutorial/env_airflow/lib/python3.8/site-packages/airflow/example_dags/example_trigger_controller_dag.py for tasks to queue
[2021-08-21 22:34:21,135] {logging_mixin.py:104} INFO - [2021-08-21 22:34:21,135] {dagbag.py:496} INFO - Filling up the DagBag from /Users/kennethlau/airflow/airflow-tutorial/env_airflow/lib/python3.8/site-packages/airflow/example_dags/example_trigger_controller_dag.py
[2021-08-21 22:34:21,142] {scheduler_job.py:642} INFO - DAG(s) dict_keys(['example_trigger_controller_dag']) retrieved from /Users/kennethlau/airflow/airflow-tutorial/env_airflow/lib/python3.8/site-packages/airflow/example_dags/example_trigger_controller_dag.py
[2021-08-21 22:34:21,167] {logging_mixin.py:104} INFO - [2021-08-21 22:34:21,166] {dag.py:1833} INFO - Sync 1 DAGs
[2021-08-21 22:34:21,172] {logging_mixin.py:104} INFO - [2021-08-21 22:34:21,172] {dag.py:2306} INFO - Setting next_dagrun for example_trigger_controller_dag to 2021-08-20 00:00:00+00:00
[2021-08-21 22:34:21,179] {scheduler_job.py:189} INFO - Processing /Users/kennethlau/airflow/airflow-tutorial/env_airflow/lib/python3.8/site-packages/airflow/example_dags/example_trigger_controller_dag.py took 0.046 seconds
[2021-08-21 22:35:30,398] {scheduler_job.py:181} INFO - Started process (PID=27571) to work on /Users/kennethlau/airflow/airflow-tutorial/env_airflow/lib/python3.8/site-packages/airflow/example_dags/example_trigger_controller_dag.py
[2021-08-21 22:35:30,401] {scheduler_job.py:632} INFO - Processing file /Users/kennethlau/airflow/airflow-tutorial/env_airflow/lib/python3.8/site-packages/airflow/example_dags/example_trigger_controller_dag.py for tasks to queue
[2021-08-21 22:35:30,401] {logging_mixin.py:104} INFO - [2021-08-21 22:35:30,401] {dagbag.py:496} INFO - Filling up the DagBag from /Users/kennethlau/airflow/airflow-tutorial/env_airflow/lib/python3.8/site-packages/airflow/example_dags/example_trigger_controller_dag.py
[2021-08-21 22:35:30,409] {scheduler_job.py:642} INFO - DAG(s) dict_keys(['example_trigger_controller_dag']) retrieved from /Users/kennethlau/airflow/airflow-tutorial/env_airflow/lib/python3.8/site-packages/airflow/example_dags/example_trigger_controller_dag.py
[2021-08-21 22:35:30,432] {logging_mixin.py:104} INFO - [2021-08-21 22:35:30,432] {dag.py:1833} INFO - Sync 1 DAGs
[2021-08-21 22:35:30,438] {logging_mixin.py:104} INFO - [2021-08-21 22:35:30,438] {dag.py:2306} INFO - Setting next_dagrun for example_trigger_controller_dag to 2021-08-20 00:00:00+00:00
[2021-08-21 22:35:30,443] {scheduler_job.py:189} INFO - Processing /Users/kennethlau/airflow/airflow-tutorial/env_airflow/lib/python3.8/site-packages/airflow/example_dags/example_trigger_controller_dag.py took 0.046 seconds
