[2021-08-21 22:32:22,516] {scheduler_job.py:181} INFO - Started process (PID=27360) to work on /Users/kennethlau/airflow/airflow-tutorial/env_airflow/lib/python3.8/site-packages/airflow/example_dags/example_kubernetes_executor.py
[2021-08-21 22:32:22,516] {scheduler_job.py:632} INFO - Processing file /Users/kennethlau/airflow/airflow-tutorial/env_airflow/lib/python3.8/site-packages/airflow/example_dags/example_kubernetes_executor.py for tasks to queue
[2021-08-21 22:32:22,517] {logging_mixin.py:104} INFO - [2021-08-21 22:32:22,516] {dagbag.py:496} INFO - Filling up the DagBag from /Users/kennethlau/airflow/airflow-tutorial/env_airflow/lib/python3.8/site-packages/airflow/example_dags/example_kubernetes_executor.py
[2021-08-21 22:32:22,526] {scheduler_job.py:642} INFO - DAG(s) dict_keys(['example_kubernetes_executor']) retrieved from /Users/kennethlau/airflow/airflow-tutorial/env_airflow/lib/python3.8/site-packages/airflow/example_dags/example_kubernetes_executor.py
[2021-08-21 22:32:22,845] {logging_mixin.py:104} INFO - [2021-08-21 22:32:22,845] {dag.py:1833} INFO - Sync 1 DAGs
[2021-08-21 22:32:22,851] {logging_mixin.py:104} INFO - [2021-08-21 22:32:22,851] {dag.py:2306} INFO - Setting next_dagrun for example_kubernetes_executor to None
[2021-08-21 22:32:22,860] {scheduler_job.py:189} INFO - Processing /Users/kennethlau/airflow/airflow-tutorial/env_airflow/lib/python3.8/site-packages/airflow/example_dags/example_kubernetes_executor.py took 0.345 seconds
[2021-08-21 22:33:43,340] {scheduler_job.py:181} INFO - Started process (PID=27461) to work on /Users/kennethlau/airflow/airflow-tutorial/env_airflow/lib/python3.8/site-packages/airflow/example_dags/example_kubernetes_executor.py
[2021-08-21 22:33:43,341] {scheduler_job.py:632} INFO - Processing file /Users/kennethlau/airflow/airflow-tutorial/env_airflow/lib/python3.8/site-packages/airflow/example_dags/example_kubernetes_executor.py for tasks to queue
[2021-08-21 22:33:43,342] {logging_mixin.py:104} INFO - [2021-08-21 22:33:43,342] {dagbag.py:496} INFO - Filling up the DagBag from /Users/kennethlau/airflow/airflow-tutorial/env_airflow/lib/python3.8/site-packages/airflow/example_dags/example_kubernetes_executor.py
[2021-08-21 22:33:43,349] {scheduler_job.py:642} INFO - DAG(s) dict_keys(['example_kubernetes_executor']) retrieved from /Users/kennethlau/airflow/airflow-tutorial/env_airflow/lib/python3.8/site-packages/airflow/example_dags/example_kubernetes_executor.py
[2021-08-21 22:33:43,374] {logging_mixin.py:104} INFO - [2021-08-21 22:33:43,374] {dag.py:1833} INFO - Sync 1 DAGs
[2021-08-21 22:33:43,380] {logging_mixin.py:104} INFO - [2021-08-21 22:33:43,379] {dag.py:2306} INFO - Setting next_dagrun for example_kubernetes_executor to None
[2021-08-21 22:33:43,386] {scheduler_job.py:189} INFO - Processing /Users/kennethlau/airflow/airflow-tutorial/env_airflow/lib/python3.8/site-packages/airflow/example_dags/example_kubernetes_executor.py took 0.047 seconds
[2021-08-21 22:34:53,813] {scheduler_job.py:181} INFO - Started process (PID=27533) to work on /Users/kennethlau/airflow/airflow-tutorial/env_airflow/lib/python3.8/site-packages/airflow/example_dags/example_kubernetes_executor.py
[2021-08-21 22:34:53,814] {scheduler_job.py:632} INFO - Processing file /Users/kennethlau/airflow/airflow-tutorial/env_airflow/lib/python3.8/site-packages/airflow/example_dags/example_kubernetes_executor.py for tasks to queue
[2021-08-21 22:34:53,814] {logging_mixin.py:104} INFO - [2021-08-21 22:34:53,814] {dagbag.py:496} INFO - Filling up the DagBag from /Users/kennethlau/airflow/airflow-tutorial/env_airflow/lib/python3.8/site-packages/airflow/example_dags/example_kubernetes_executor.py
[2021-08-21 22:34:53,826] {scheduler_job.py:642} INFO - DAG(s) dict_keys(['example_kubernetes_executor']) retrieved from /Users/kennethlau/airflow/airflow-tutorial/env_airflow/lib/python3.8/site-packages/airflow/example_dags/example_kubernetes_executor.py
[2021-08-21 22:34:53,856] {logging_mixin.py:104} INFO - [2021-08-21 22:34:53,855] {dag.py:1833} INFO - Sync 1 DAGs
[2021-08-21 22:34:53,861] {logging_mixin.py:104} INFO - [2021-08-21 22:34:53,861] {dag.py:2306} INFO - Setting next_dagrun for example_kubernetes_executor to None
[2021-08-21 22:34:53,867] {scheduler_job.py:189} INFO - Processing /Users/kennethlau/airflow/airflow-tutorial/env_airflow/lib/python3.8/site-packages/airflow/example_dags/example_kubernetes_executor.py took 0.055 seconds
