[2021-08-21 22:17:30,251] {scheduler_job.py:181} INFO - Started process (PID=26937) to work on /Users/kennethlau/airflow/airflow-tutorial/env_airflow/lib/python3.8/site-packages/airflow/example_dags/example_task_group.py
[2021-08-21 22:17:30,251] {scheduler_job.py:632} INFO - Processing file /Users/kennethlau/airflow/airflow-tutorial/env_airflow/lib/python3.8/site-packages/airflow/example_dags/example_task_group.py for tasks to queue
[2021-08-21 22:17:30,251] {logging_mixin.py:104} INFO - [2021-08-21 22:17:30,251] {dagbag.py:496} INFO - Filling up the DagBag from /Users/kennethlau/airflow/airflow-tutorial/env_airflow/lib/python3.8/site-packages/airflow/example_dags/example_task_group.py
[2021-08-21 22:17:30,258] {scheduler_job.py:642} INFO - DAG(s) dict_keys(['example_task_group']) retrieved from /Users/kennethlau/airflow/airflow-tutorial/env_airflow/lib/python3.8/site-packages/airflow/example_dags/example_task_group.py
[2021-08-21 22:17:30,462] {logging_mixin.py:104} INFO - [2021-08-21 22:17:30,462] {dag.py:1833} INFO - Sync 1 DAGs
[2021-08-21 22:17:30,467] {logging_mixin.py:104} INFO - [2021-08-21 22:17:30,467] {dag.py:2306} INFO - Setting next_dagrun for example_task_group to 2021-08-20 00:00:00+00:00
[2021-08-21 22:17:30,475] {scheduler_job.py:189} INFO - Processing /Users/kennethlau/airflow/airflow-tutorial/env_airflow/lib/python3.8/site-packages/airflow/example_dags/example_task_group.py took 0.225 seconds
[2021-08-21 22:30:45,386] {scheduler_job.py:181} INFO - Started process (PID=27252) to work on /Users/kennethlau/airflow/airflow-tutorial/env_airflow/lib/python3.8/site-packages/airflow/example_dags/example_task_group.py
[2021-08-21 22:30:45,387] {scheduler_job.py:632} INFO - Processing file /Users/kennethlau/airflow/airflow-tutorial/env_airflow/lib/python3.8/site-packages/airflow/example_dags/example_task_group.py for tasks to queue
[2021-08-21 22:30:45,387] {logging_mixin.py:104} INFO - [2021-08-21 22:30:45,387] {dagbag.py:496} INFO - Filling up the DagBag from /Users/kennethlau/airflow/airflow-tutorial/env_airflow/lib/python3.8/site-packages/airflow/example_dags/example_task_group.py
[2021-08-21 22:30:45,395] {scheduler_job.py:642} INFO - DAG(s) dict_keys(['example_task_group']) retrieved from /Users/kennethlau/airflow/airflow-tutorial/env_airflow/lib/python3.8/site-packages/airflow/example_dags/example_task_group.py
[2021-08-21 22:30:45,579] {logging_mixin.py:104} INFO - [2021-08-21 22:30:45,579] {dag.py:1833} INFO - Sync 1 DAGs
[2021-08-21 22:30:45,584] {logging_mixin.py:104} INFO - [2021-08-21 22:30:45,584] {dag.py:2306} INFO - Setting next_dagrun for example_task_group to 2021-08-20 00:00:00+00:00
[2021-08-21 22:30:45,591] {scheduler_job.py:189} INFO - Processing /Users/kennethlau/airflow/airflow-tutorial/env_airflow/lib/python3.8/site-packages/airflow/example_dags/example_task_group.py took 0.206 seconds
[2021-08-21 22:32:01,312] {scheduler_job.py:181} INFO - Started process (PID=27337) to work on /Users/kennethlau/airflow/airflow-tutorial/env_airflow/lib/python3.8/site-packages/airflow/example_dags/example_task_group.py
[2021-08-21 22:32:01,314] {scheduler_job.py:632} INFO - Processing file /Users/kennethlau/airflow/airflow-tutorial/env_airflow/lib/python3.8/site-packages/airflow/example_dags/example_task_group.py for tasks to queue
[2021-08-21 22:32:01,314] {logging_mixin.py:104} INFO - [2021-08-21 22:32:01,314] {dagbag.py:496} INFO - Filling up the DagBag from /Users/kennethlau/airflow/airflow-tutorial/env_airflow/lib/python3.8/site-packages/airflow/example_dags/example_task_group.py
[2021-08-21 22:32:01,324] {scheduler_job.py:642} INFO - DAG(s) dict_keys(['example_task_group']) retrieved from /Users/kennethlau/airflow/airflow-tutorial/env_airflow/lib/python3.8/site-packages/airflow/example_dags/example_task_group.py
[2021-08-21 22:32:01,349] {logging_mixin.py:104} INFO - [2021-08-21 22:32:01,349] {dag.py:1833} INFO - Sync 1 DAGs
[2021-08-21 22:32:01,355] {logging_mixin.py:104} INFO - [2021-08-21 22:32:01,355] {dag.py:2306} INFO - Setting next_dagrun for example_task_group to 2021-08-20 00:00:00+00:00
[2021-08-21 22:32:01,362] {scheduler_job.py:189} INFO - Processing /Users/kennethlau/airflow/airflow-tutorial/env_airflow/lib/python3.8/site-packages/airflow/example_dags/example_task_group.py took 0.050 seconds
[2021-08-21 22:33:12,557] {scheduler_job.py:181} INFO - Started process (PID=27431) to work on /Users/kennethlau/airflow/airflow-tutorial/env_airflow/lib/python3.8/site-packages/airflow/example_dags/example_task_group.py
[2021-08-21 22:33:12,558] {scheduler_job.py:632} INFO - Processing file /Users/kennethlau/airflow/airflow-tutorial/env_airflow/lib/python3.8/site-packages/airflow/example_dags/example_task_group.py for tasks to queue
[2021-08-21 22:33:12,559] {logging_mixin.py:104} INFO - [2021-08-21 22:33:12,558] {dagbag.py:496} INFO - Filling up the DagBag from /Users/kennethlau/airflow/airflow-tutorial/env_airflow/lib/python3.8/site-packages/airflow/example_dags/example_task_group.py
[2021-08-21 22:33:12,567] {scheduler_job.py:642} INFO - DAG(s) dict_keys(['example_task_group']) retrieved from /Users/kennethlau/airflow/airflow-tutorial/env_airflow/lib/python3.8/site-packages/airflow/example_dags/example_task_group.py
[2021-08-21 22:33:12,602] {logging_mixin.py:104} INFO - [2021-08-21 22:33:12,602] {dag.py:1833} INFO - Sync 1 DAGs
[2021-08-21 22:33:12,608] {logging_mixin.py:104} INFO - [2021-08-21 22:33:12,608] {dag.py:2306} INFO - Setting next_dagrun for example_task_group to 2021-08-20 00:00:00+00:00
[2021-08-21 22:33:12,615] {scheduler_job.py:189} INFO - Processing /Users/kennethlau/airflow/airflow-tutorial/env_airflow/lib/python3.8/site-packages/airflow/example_dags/example_task_group.py took 0.059 seconds
[2021-08-21 22:34:25,688] {scheduler_job.py:181} INFO - Started process (PID=27505) to work on /Users/kennethlau/airflow/airflow-tutorial/env_airflow/lib/python3.8/site-packages/airflow/example_dags/example_task_group.py
[2021-08-21 22:34:25,690] {scheduler_job.py:632} INFO - Processing file /Users/kennethlau/airflow/airflow-tutorial/env_airflow/lib/python3.8/site-packages/airflow/example_dags/example_task_group.py for tasks to queue
[2021-08-21 22:34:25,690] {logging_mixin.py:104} INFO - [2021-08-21 22:34:25,690] {dagbag.py:496} INFO - Filling up the DagBag from /Users/kennethlau/airflow/airflow-tutorial/env_airflow/lib/python3.8/site-packages/airflow/example_dags/example_task_group.py
[2021-08-21 22:34:25,698] {scheduler_job.py:642} INFO - DAG(s) dict_keys(['example_task_group']) retrieved from /Users/kennethlau/airflow/airflow-tutorial/env_airflow/lib/python3.8/site-packages/airflow/example_dags/example_task_group.py
[2021-08-21 22:34:25,896] {logging_mixin.py:104} INFO - [2021-08-21 22:34:25,896] {dag.py:1833} INFO - Sync 1 DAGs
[2021-08-21 22:34:25,901] {logging_mixin.py:104} INFO - [2021-08-21 22:34:25,901] {dag.py:2306} INFO - Setting next_dagrun for example_task_group to 2021-08-20 00:00:00+00:00
[2021-08-21 22:34:25,910] {scheduler_job.py:189} INFO - Processing /Users/kennethlau/airflow/airflow-tutorial/env_airflow/lib/python3.8/site-packages/airflow/example_dags/example_task_group.py took 0.223 seconds
[2021-08-21 22:35:34,340] {scheduler_job.py:181} INFO - Started process (PID=27575) to work on /Users/kennethlau/airflow/airflow-tutorial/env_airflow/lib/python3.8/site-packages/airflow/example_dags/example_task_group.py
[2021-08-21 22:35:34,340] {scheduler_job.py:632} INFO - Processing file /Users/kennethlau/airflow/airflow-tutorial/env_airflow/lib/python3.8/site-packages/airflow/example_dags/example_task_group.py for tasks to queue
[2021-08-21 22:35:34,341] {logging_mixin.py:104} INFO - [2021-08-21 22:35:34,340] {dagbag.py:496} INFO - Filling up the DagBag from /Users/kennethlau/airflow/airflow-tutorial/env_airflow/lib/python3.8/site-packages/airflow/example_dags/example_task_group.py
[2021-08-21 22:35:34,348] {scheduler_job.py:642} INFO - DAG(s) dict_keys(['example_task_group']) retrieved from /Users/kennethlau/airflow/airflow-tutorial/env_airflow/lib/python3.8/site-packages/airflow/example_dags/example_task_group.py
[2021-08-21 22:35:34,543] {logging_mixin.py:104} INFO - [2021-08-21 22:35:34,543] {dag.py:1833} INFO - Sync 1 DAGs
[2021-08-21 22:35:34,548] {logging_mixin.py:104} INFO - [2021-08-21 22:35:34,548] {dag.py:2306} INFO - Setting next_dagrun for example_task_group to 2021-08-20 00:00:00+00:00
[2021-08-21 22:35:34,556] {scheduler_job.py:189} INFO - Processing /Users/kennethlau/airflow/airflow-tutorial/env_airflow/lib/python3.8/site-packages/airflow/example_dags/example_task_group.py took 0.217 seconds
