[2021-08-21 22:17:23,799] {scheduler_job.py:181} INFO - Started process (PID=26931) to work on /Users/kennethlau/airflow/airflow-tutorial/env_airflow/lib/python3.8/site-packages/airflow/example_dags/example_trigger_target_dag.py
[2021-08-21 22:17:23,799] {scheduler_job.py:632} INFO - Processing file /Users/kennethlau/airflow/airflow-tutorial/env_airflow/lib/python3.8/site-packages/airflow/example_dags/example_trigger_target_dag.py for tasks to queue
[2021-08-21 22:17:23,800] {logging_mixin.py:104} INFO - [2021-08-21 22:17:23,800] {dagbag.py:496} INFO - Filling up the DagBag from /Users/kennethlau/airflow/airflow-tutorial/env_airflow/lib/python3.8/site-packages/airflow/example_dags/example_trigger_target_dag.py
[2021-08-21 22:17:23,806] {scheduler_job.py:642} INFO - DAG(s) dict_keys(['example_trigger_target_dag']) retrieved from /Users/kennethlau/airflow/airflow-tutorial/env_airflow/lib/python3.8/site-packages/airflow/example_dags/example_trigger_target_dag.py
[2021-08-21 22:17:23,992] {logging_mixin.py:104} INFO - [2021-08-21 22:17:23,991] {dag.py:1833} INFO - Sync 1 DAGs
[2021-08-21 22:17:23,997] {logging_mixin.py:104} INFO - [2021-08-21 22:17:23,997] {dag.py:2306} INFO - Setting next_dagrun for example_trigger_target_dag to None
[2021-08-21 22:17:24,006] {scheduler_job.py:189} INFO - Processing /Users/kennethlau/airflow/airflow-tutorial/env_airflow/lib/python3.8/site-packages/airflow/example_dags/example_trigger_target_dag.py took 0.207 seconds
[2021-08-21 22:30:41,854] {scheduler_job.py:181} INFO - Started process (PID=27246) to work on /Users/kennethlau/airflow/airflow-tutorial/env_airflow/lib/python3.8/site-packages/airflow/example_dags/example_trigger_target_dag.py
[2021-08-21 22:30:41,855] {scheduler_job.py:632} INFO - Processing file /Users/kennethlau/airflow/airflow-tutorial/env_airflow/lib/python3.8/site-packages/airflow/example_dags/example_trigger_target_dag.py for tasks to queue
[2021-08-21 22:30:41,856] {logging_mixin.py:104} INFO - [2021-08-21 22:30:41,856] {dagbag.py:496} INFO - Filling up the DagBag from /Users/kennethlau/airflow/airflow-tutorial/env_airflow/lib/python3.8/site-packages/airflow/example_dags/example_trigger_target_dag.py
[2021-08-21 22:30:41,863] {scheduler_job.py:642} INFO - DAG(s) dict_keys(['example_trigger_target_dag']) retrieved from /Users/kennethlau/airflow/airflow-tutorial/env_airflow/lib/python3.8/site-packages/airflow/example_dags/example_trigger_target_dag.py
[2021-08-21 22:30:41,886] {logging_mixin.py:104} INFO - [2021-08-21 22:30:41,886] {dag.py:1833} INFO - Sync 1 DAGs
[2021-08-21 22:30:41,891] {logging_mixin.py:104} INFO - [2021-08-21 22:30:41,891] {dag.py:2306} INFO - Setting next_dagrun for example_trigger_target_dag to None
[2021-08-21 22:30:41,898] {scheduler_job.py:189} INFO - Processing /Users/kennethlau/airflow/airflow-tutorial/env_airflow/lib/python3.8/site-packages/airflow/example_dags/example_trigger_target_dag.py took 0.044 seconds
[2021-08-21 22:31:54,732] {scheduler_job.py:181} INFO - Started process (PID=27328) to work on /Users/kennethlau/airflow/airflow-tutorial/env_airflow/lib/python3.8/site-packages/airflow/example_dags/example_trigger_target_dag.py
[2021-08-21 22:31:54,733] {scheduler_job.py:632} INFO - Processing file /Users/kennethlau/airflow/airflow-tutorial/env_airflow/lib/python3.8/site-packages/airflow/example_dags/example_trigger_target_dag.py for tasks to queue
[2021-08-21 22:31:54,734] {logging_mixin.py:104} INFO - [2021-08-21 22:31:54,734] {dagbag.py:496} INFO - Filling up the DagBag from /Users/kennethlau/airflow/airflow-tutorial/env_airflow/lib/python3.8/site-packages/airflow/example_dags/example_trigger_target_dag.py
[2021-08-21 22:31:54,741] {scheduler_job.py:642} INFO - DAG(s) dict_keys(['example_trigger_target_dag']) retrieved from /Users/kennethlau/airflow/airflow-tutorial/env_airflow/lib/python3.8/site-packages/airflow/example_dags/example_trigger_target_dag.py
[2021-08-21 22:31:54,764] {logging_mixin.py:104} INFO - [2021-08-21 22:31:54,764] {dag.py:1833} INFO - Sync 1 DAGs
[2021-08-21 22:31:54,769] {logging_mixin.py:104} INFO - [2021-08-21 22:31:54,769] {dag.py:2306} INFO - Setting next_dagrun for example_trigger_target_dag to None
[2021-08-21 22:31:54,776] {scheduler_job.py:189} INFO - Processing /Users/kennethlau/airflow/airflow-tutorial/env_airflow/lib/python3.8/site-packages/airflow/example_dags/example_trigger_target_dag.py took 0.045 seconds
[2021-08-21 22:33:06,332] {scheduler_job.py:181} INFO - Started process (PID=27425) to work on /Users/kennethlau/airflow/airflow-tutorial/env_airflow/lib/python3.8/site-packages/airflow/example_dags/example_trigger_target_dag.py
[2021-08-21 22:33:06,334] {scheduler_job.py:632} INFO - Processing file /Users/kennethlau/airflow/airflow-tutorial/env_airflow/lib/python3.8/site-packages/airflow/example_dags/example_trigger_target_dag.py for tasks to queue
[2021-08-21 22:33:06,334] {logging_mixin.py:104} INFO - [2021-08-21 22:33:06,334] {dagbag.py:496} INFO - Filling up the DagBag from /Users/kennethlau/airflow/airflow-tutorial/env_airflow/lib/python3.8/site-packages/airflow/example_dags/example_trigger_target_dag.py
[2021-08-21 22:33:06,344] {scheduler_job.py:642} INFO - DAG(s) dict_keys(['example_trigger_target_dag']) retrieved from /Users/kennethlau/airflow/airflow-tutorial/env_airflow/lib/python3.8/site-packages/airflow/example_dags/example_trigger_target_dag.py
[2021-08-21 22:33:06,370] {logging_mixin.py:104} INFO - [2021-08-21 22:33:06,370] {dag.py:1833} INFO - Sync 1 DAGs
[2021-08-21 22:33:06,377] {logging_mixin.py:104} INFO - [2021-08-21 22:33:06,377] {dag.py:2306} INFO - Setting next_dagrun for example_trigger_target_dag to None
[2021-08-21 22:33:06,383] {scheduler_job.py:189} INFO - Processing /Users/kennethlau/airflow/airflow-tutorial/env_airflow/lib/python3.8/site-packages/airflow/example_dags/example_trigger_target_dag.py took 0.051 seconds
[2021-08-21 22:34:19,332] {scheduler_job.py:181} INFO - Started process (PID=27499) to work on /Users/kennethlau/airflow/airflow-tutorial/env_airflow/lib/python3.8/site-packages/airflow/example_dags/example_trigger_target_dag.py
[2021-08-21 22:34:19,333] {scheduler_job.py:632} INFO - Processing file /Users/kennethlau/airflow/airflow-tutorial/env_airflow/lib/python3.8/site-packages/airflow/example_dags/example_trigger_target_dag.py for tasks to queue
[2021-08-21 22:34:19,334] {logging_mixin.py:104} INFO - [2021-08-21 22:34:19,334] {dagbag.py:496} INFO - Filling up the DagBag from /Users/kennethlau/airflow/airflow-tutorial/env_airflow/lib/python3.8/site-packages/airflow/example_dags/example_trigger_target_dag.py
[2021-08-21 22:34:19,341] {scheduler_job.py:642} INFO - DAG(s) dict_keys(['example_trigger_target_dag']) retrieved from /Users/kennethlau/airflow/airflow-tutorial/env_airflow/lib/python3.8/site-packages/airflow/example_dags/example_trigger_target_dag.py
[2021-08-21 22:34:19,365] {logging_mixin.py:104} INFO - [2021-08-21 22:34:19,365] {dag.py:1833} INFO - Sync 1 DAGs
[2021-08-21 22:34:19,370] {logging_mixin.py:104} INFO - [2021-08-21 22:34:19,370] {dag.py:2306} INFO - Setting next_dagrun for example_trigger_target_dag to None
[2021-08-21 22:34:19,376] {scheduler_job.py:189} INFO - Processing /Users/kennethlau/airflow/airflow-tutorial/env_airflow/lib/python3.8/site-packages/airflow/example_dags/example_trigger_target_dag.py took 0.045 seconds
[2021-08-21 22:35:28,187] {scheduler_job.py:181} INFO - Started process (PID=27568) to work on /Users/kennethlau/airflow/airflow-tutorial/env_airflow/lib/python3.8/site-packages/airflow/example_dags/example_trigger_target_dag.py
[2021-08-21 22:35:28,188] {scheduler_job.py:632} INFO - Processing file /Users/kennethlau/airflow/airflow-tutorial/env_airflow/lib/python3.8/site-packages/airflow/example_dags/example_trigger_target_dag.py for tasks to queue
[2021-08-21 22:35:28,188] {logging_mixin.py:104} INFO - [2021-08-21 22:35:28,188] {dagbag.py:496} INFO - Filling up the DagBag from /Users/kennethlau/airflow/airflow-tutorial/env_airflow/lib/python3.8/site-packages/airflow/example_dags/example_trigger_target_dag.py
[2021-08-21 22:35:28,197] {scheduler_job.py:642} INFO - DAG(s) dict_keys(['example_trigger_target_dag']) retrieved from /Users/kennethlau/airflow/airflow-tutorial/env_airflow/lib/python3.8/site-packages/airflow/example_dags/example_trigger_target_dag.py
[2021-08-21 22:35:28,222] {logging_mixin.py:104} INFO - [2021-08-21 22:35:28,222] {dag.py:1833} INFO - Sync 1 DAGs
[2021-08-21 22:35:28,228] {logging_mixin.py:104} INFO - [2021-08-21 22:35:28,228] {dag.py:2306} INFO - Setting next_dagrun for example_trigger_target_dag to None
[2021-08-21 22:35:28,234] {scheduler_job.py:189} INFO - Processing /Users/kennethlau/airflow/airflow-tutorial/env_airflow/lib/python3.8/site-packages/airflow/example_dags/example_trigger_target_dag.py took 0.048 seconds
