[2021-08-21 22:17:22,092] {scheduler_job.py:181} INFO - Started process (PID=26929) to work on /Users/kennethlau/airflow/airflow-tutorial/env_airflow/lib/python3.8/site-packages/airflow/example_dags/example_xcom.py
[2021-08-21 22:17:22,093] {scheduler_job.py:632} INFO - Processing file /Users/kennethlau/airflow/airflow-tutorial/env_airflow/lib/python3.8/site-packages/airflow/example_dags/example_xcom.py for tasks to queue
[2021-08-21 22:17:22,093] {logging_mixin.py:104} INFO - [2021-08-21 22:17:22,093] {dagbag.py:496} INFO - Filling up the DagBag from /Users/kennethlau/airflow/airflow-tutorial/env_airflow/lib/python3.8/site-packages/airflow/example_dags/example_xcom.py
[2021-08-21 22:17:22,098] {scheduler_job.py:642} INFO - DAG(s) dict_keys(['example_xcom']) retrieved from /Users/kennethlau/airflow/airflow-tutorial/env_airflow/lib/python3.8/site-packages/airflow/example_dags/example_xcom.py
[2021-08-21 22:17:22,292] {logging_mixin.py:104} INFO - [2021-08-21 22:17:22,292] {dag.py:1833} INFO - Sync 1 DAGs
[2021-08-21 22:17:22,298] {logging_mixin.py:104} INFO - [2021-08-21 22:17:22,298] {dag.py:2306} INFO - Setting next_dagrun for example_xcom to 2021-08-20 00:00:00+00:00
[2021-08-21 22:17:22,306] {scheduler_job.py:189} INFO - Processing /Users/kennethlau/airflow/airflow-tutorial/env_airflow/lib/python3.8/site-packages/airflow/example_dags/example_xcom.py took 0.214 seconds
[2021-08-21 22:30:40,722] {scheduler_job.py:181} INFO - Started process (PID=27244) to work on /Users/kennethlau/airflow/airflow-tutorial/env_airflow/lib/python3.8/site-packages/airflow/example_dags/example_xcom.py
[2021-08-21 22:30:40,723] {scheduler_job.py:632} INFO - Processing file /Users/kennethlau/airflow/airflow-tutorial/env_airflow/lib/python3.8/site-packages/airflow/example_dags/example_xcom.py for tasks to queue
[2021-08-21 22:30:40,724] {logging_mixin.py:104} INFO - [2021-08-21 22:30:40,724] {dagbag.py:496} INFO - Filling up the DagBag from /Users/kennethlau/airflow/airflow-tutorial/env_airflow/lib/python3.8/site-packages/airflow/example_dags/example_xcom.py
[2021-08-21 22:30:40,730] {scheduler_job.py:642} INFO - DAG(s) dict_keys(['example_xcom']) retrieved from /Users/kennethlau/airflow/airflow-tutorial/env_airflow/lib/python3.8/site-packages/airflow/example_dags/example_xcom.py
[2021-08-21 22:30:40,753] {logging_mixin.py:104} INFO - [2021-08-21 22:30:40,753] {dag.py:1833} INFO - Sync 1 DAGs
[2021-08-21 22:30:40,758] {logging_mixin.py:104} INFO - [2021-08-21 22:30:40,758] {dag.py:2306} INFO - Setting next_dagrun for example_xcom to 2021-08-20 00:00:00+00:00
[2021-08-21 22:30:40,764] {scheduler_job.py:189} INFO - Processing /Users/kennethlau/airflow/airflow-tutorial/env_airflow/lib/python3.8/site-packages/airflow/example_dags/example_xcom.py took 0.042 seconds
[2021-08-21 22:31:52,575] {scheduler_job.py:181} INFO - Started process (PID=27322) to work on /Users/kennethlau/airflow/airflow-tutorial/env_airflow/lib/python3.8/site-packages/airflow/example_dags/example_xcom.py
[2021-08-21 22:31:52,576] {scheduler_job.py:632} INFO - Processing file /Users/kennethlau/airflow/airflow-tutorial/env_airflow/lib/python3.8/site-packages/airflow/example_dags/example_xcom.py for tasks to queue
[2021-08-21 22:31:52,577] {logging_mixin.py:104} INFO - [2021-08-21 22:31:52,577] {dagbag.py:496} INFO - Filling up the DagBag from /Users/kennethlau/airflow/airflow-tutorial/env_airflow/lib/python3.8/site-packages/airflow/example_dags/example_xcom.py
[2021-08-21 22:31:52,583] {scheduler_job.py:642} INFO - DAG(s) dict_keys(['example_xcom']) retrieved from /Users/kennethlau/airflow/airflow-tutorial/env_airflow/lib/python3.8/site-packages/airflow/example_dags/example_xcom.py
[2021-08-21 22:31:52,608] {logging_mixin.py:104} INFO - [2021-08-21 22:31:52,608] {dag.py:1833} INFO - Sync 1 DAGs
[2021-08-21 22:31:52,614] {logging_mixin.py:104} INFO - [2021-08-21 22:31:52,614] {dag.py:2306} INFO - Setting next_dagrun for example_xcom to 2021-08-20 00:00:00+00:00
[2021-08-21 22:31:52,620] {scheduler_job.py:189} INFO - Processing /Users/kennethlau/airflow/airflow-tutorial/env_airflow/lib/python3.8/site-packages/airflow/example_dags/example_xcom.py took 0.046 seconds
[2021-08-21 22:33:04,572] {scheduler_job.py:181} INFO - Started process (PID=27423) to work on /Users/kennethlau/airflow/airflow-tutorial/env_airflow/lib/python3.8/site-packages/airflow/example_dags/example_xcom.py
[2021-08-21 22:33:04,572] {scheduler_job.py:632} INFO - Processing file /Users/kennethlau/airflow/airflow-tutorial/env_airflow/lib/python3.8/site-packages/airflow/example_dags/example_xcom.py for tasks to queue
[2021-08-21 22:33:04,573] {logging_mixin.py:104} INFO - [2021-08-21 22:33:04,573] {dagbag.py:496} INFO - Filling up the DagBag from /Users/kennethlau/airflow/airflow-tutorial/env_airflow/lib/python3.8/site-packages/airflow/example_dags/example_xcom.py
[2021-08-21 22:33:04,579] {scheduler_job.py:642} INFO - DAG(s) dict_keys(['example_xcom']) retrieved from /Users/kennethlau/airflow/airflow-tutorial/env_airflow/lib/python3.8/site-packages/airflow/example_dags/example_xcom.py
[2021-08-21 22:33:04,603] {logging_mixin.py:104} INFO - [2021-08-21 22:33:04,603] {dag.py:1833} INFO - Sync 1 DAGs
[2021-08-21 22:33:04,608] {logging_mixin.py:104} INFO - [2021-08-21 22:33:04,608] {dag.py:2306} INFO - Setting next_dagrun for example_xcom to 2021-08-20 00:00:00+00:00
[2021-08-21 22:33:04,614] {scheduler_job.py:189} INFO - Processing /Users/kennethlau/airflow/airflow-tutorial/env_airflow/lib/python3.8/site-packages/airflow/example_dags/example_xcom.py took 0.043 seconds
[2021-08-21 22:34:17,167] {scheduler_job.py:181} INFO - Started process (PID=27497) to work on /Users/kennethlau/airflow/airflow-tutorial/env_airflow/lib/python3.8/site-packages/airflow/example_dags/example_xcom.py
[2021-08-21 22:34:17,168] {scheduler_job.py:632} INFO - Processing file /Users/kennethlau/airflow/airflow-tutorial/env_airflow/lib/python3.8/site-packages/airflow/example_dags/example_xcom.py for tasks to queue
[2021-08-21 22:34:17,168] {logging_mixin.py:104} INFO - [2021-08-21 22:34:17,168] {dagbag.py:496} INFO - Filling up the DagBag from /Users/kennethlau/airflow/airflow-tutorial/env_airflow/lib/python3.8/site-packages/airflow/example_dags/example_xcom.py
[2021-08-21 22:34:17,175] {scheduler_job.py:642} INFO - DAG(s) dict_keys(['example_xcom']) retrieved from /Users/kennethlau/airflow/airflow-tutorial/env_airflow/lib/python3.8/site-packages/airflow/example_dags/example_xcom.py
[2021-08-21 22:34:17,199] {logging_mixin.py:104} INFO - [2021-08-21 22:34:17,198] {dag.py:1833} INFO - Sync 1 DAGs
[2021-08-21 22:34:17,204] {logging_mixin.py:104} INFO - [2021-08-21 22:34:17,204] {dag.py:2306} INFO - Setting next_dagrun for example_xcom to 2021-08-20 00:00:00+00:00
[2021-08-21 22:34:17,210] {scheduler_job.py:189} INFO - Processing /Users/kennethlau/airflow/airflow-tutorial/env_airflow/lib/python3.8/site-packages/airflow/example_dags/example_xcom.py took 0.044 seconds
[2021-08-21 22:35:26,647] {scheduler_job.py:181} INFO - Started process (PID=27566) to work on /Users/kennethlau/airflow/airflow-tutorial/env_airflow/lib/python3.8/site-packages/airflow/example_dags/example_xcom.py
[2021-08-21 22:35:26,647] {scheduler_job.py:632} INFO - Processing file /Users/kennethlau/airflow/airflow-tutorial/env_airflow/lib/python3.8/site-packages/airflow/example_dags/example_xcom.py for tasks to queue
[2021-08-21 22:35:26,648] {logging_mixin.py:104} INFO - [2021-08-21 22:35:26,648] {dagbag.py:496} INFO - Filling up the DagBag from /Users/kennethlau/airflow/airflow-tutorial/env_airflow/lib/python3.8/site-packages/airflow/example_dags/example_xcom.py
[2021-08-21 22:35:26,654] {scheduler_job.py:642} INFO - DAG(s) dict_keys(['example_xcom']) retrieved from /Users/kennethlau/airflow/airflow-tutorial/env_airflow/lib/python3.8/site-packages/airflow/example_dags/example_xcom.py
[2021-08-21 22:35:26,679] {logging_mixin.py:104} INFO - [2021-08-21 22:35:26,679] {dag.py:1833} INFO - Sync 1 DAGs
[2021-08-21 22:35:26,686] {logging_mixin.py:104} INFO - [2021-08-21 22:35:26,685] {dag.py:2306} INFO - Setting next_dagrun for example_xcom to 2021-08-20 00:00:00+00:00
[2021-08-21 22:35:26,693] {scheduler_job.py:189} INFO - Processing /Users/kennethlau/airflow/airflow-tutorial/env_airflow/lib/python3.8/site-packages/airflow/example_dags/example_xcom.py took 0.047 seconds
