[2021-08-21 22:32:37,134] {scheduler_job.py:181} INFO - Started process (PID=27378) to work on /Users/kennethlau/airflow/airflow-tutorial/env_airflow/lib/python3.8/site-packages/airflow/example_dags/example_branch_labels.py
[2021-08-21 22:32:37,134] {scheduler_job.py:632} INFO - Processing file /Users/kennethlau/airflow/airflow-tutorial/env_airflow/lib/python3.8/site-packages/airflow/example_dags/example_branch_labels.py for tasks to queue
[2021-08-21 22:32:37,134] {logging_mixin.py:104} INFO - [2021-08-21 22:32:37,134] {dagbag.py:496} INFO - Filling up the DagBag from /Users/kennethlau/airflow/airflow-tutorial/env_airflow/lib/python3.8/site-packages/airflow/example_dags/example_branch_labels.py
[2021-08-21 22:32:37,141] {scheduler_job.py:642} INFO - DAG(s) dict_keys(['example_branch_labels']) retrieved from /Users/kennethlau/airflow/airflow-tutorial/env_airflow/lib/python3.8/site-packages/airflow/example_dags/example_branch_labels.py
[2021-08-21 22:32:37,349] {logging_mixin.py:104} INFO - [2021-08-21 22:32:37,348] {dag.py:1833} INFO - Sync 1 DAGs
[2021-08-21 22:32:37,356] {logging_mixin.py:104} INFO - [2021-08-21 22:32:37,356] {dag.py:2306} INFO - Setting next_dagrun for example_branch_labels to 2021-08-20 00:00:00+00:00
[2021-08-21 22:32:37,364] {scheduler_job.py:189} INFO - Processing /Users/kennethlau/airflow/airflow-tutorial/env_airflow/lib/python3.8/site-packages/airflow/example_dags/example_branch_labels.py took 0.231 seconds
[2021-08-21 22:33:55,722] {scheduler_job.py:181} INFO - Started process (PID=27473) to work on /Users/kennethlau/airflow/airflow-tutorial/env_airflow/lib/python3.8/site-packages/airflow/example_dags/example_branch_labels.py
[2021-08-21 22:33:55,725] {scheduler_job.py:632} INFO - Processing file /Users/kennethlau/airflow/airflow-tutorial/env_airflow/lib/python3.8/site-packages/airflow/example_dags/example_branch_labels.py for tasks to queue
[2021-08-21 22:33:55,726] {logging_mixin.py:104} INFO - [2021-08-21 22:33:55,726] {dagbag.py:496} INFO - Filling up the DagBag from /Users/kennethlau/airflow/airflow-tutorial/env_airflow/lib/python3.8/site-packages/airflow/example_dags/example_branch_labels.py
[2021-08-21 22:33:55,734] {scheduler_job.py:642} INFO - DAG(s) dict_keys(['example_branch_labels']) retrieved from /Users/kennethlau/airflow/airflow-tutorial/env_airflow/lib/python3.8/site-packages/airflow/example_dags/example_branch_labels.py
[2021-08-21 22:33:55,768] {logging_mixin.py:104} INFO - [2021-08-21 22:33:55,768] {dag.py:1833} INFO - Sync 1 DAGs
[2021-08-21 22:33:55,779] {logging_mixin.py:104} INFO - [2021-08-21 22:33:55,779] {dag.py:2306} INFO - Setting next_dagrun for example_branch_labels to 2021-08-20 00:00:00+00:00
[2021-08-21 22:33:55,787] {scheduler_job.py:189} INFO - Processing /Users/kennethlau/airflow/airflow-tutorial/env_airflow/lib/python3.8/site-packages/airflow/example_dags/example_branch_labels.py took 0.065 seconds
[2021-08-21 22:35:05,774] {scheduler_job.py:181} INFO - Started process (PID=27545) to work on /Users/kennethlau/airflow/airflow-tutorial/env_airflow/lib/python3.8/site-packages/airflow/example_dags/example_branch_labels.py
[2021-08-21 22:35:05,776] {scheduler_job.py:632} INFO - Processing file /Users/kennethlau/airflow/airflow-tutorial/env_airflow/lib/python3.8/site-packages/airflow/example_dags/example_branch_labels.py for tasks to queue
[2021-08-21 22:35:05,776] {logging_mixin.py:104} INFO - [2021-08-21 22:35:05,776] {dagbag.py:496} INFO - Filling up the DagBag from /Users/kennethlau/airflow/airflow-tutorial/env_airflow/lib/python3.8/site-packages/airflow/example_dags/example_branch_labels.py
[2021-08-21 22:35:05,782] {scheduler_job.py:642} INFO - DAG(s) dict_keys(['example_branch_labels']) retrieved from /Users/kennethlau/airflow/airflow-tutorial/env_airflow/lib/python3.8/site-packages/airflow/example_dags/example_branch_labels.py
[2021-08-21 22:35:05,807] {logging_mixin.py:104} INFO - [2021-08-21 22:35:05,807] {dag.py:1833} INFO - Sync 1 DAGs
[2021-08-21 22:35:05,814] {logging_mixin.py:104} INFO - [2021-08-21 22:35:05,814] {dag.py:2306} INFO - Setting next_dagrun for example_branch_labels to 2021-08-20 00:00:00+00:00
[2021-08-21 22:35:05,819] {scheduler_job.py:189} INFO - Processing /Users/kennethlau/airflow/airflow-tutorial/env_airflow/lib/python3.8/site-packages/airflow/example_dags/example_branch_labels.py took 0.045 seconds
