[2021-08-21 22:32:42,400] {scheduler_job.py:181} INFO - Started process (PID=27388) to work on /Users/kennethlau/airflow/airflow-tutorial/env_airflow/lib/python3.8/site-packages/airflow/example_dags/example_branch_datetime_operator.py
[2021-08-21 22:32:42,400] {scheduler_job.py:632} INFO - Processing file /Users/kennethlau/airflow/airflow-tutorial/env_airflow/lib/python3.8/site-packages/airflow/example_dags/example_branch_datetime_operator.py for tasks to queue
[2021-08-21 22:32:42,401] {logging_mixin.py:104} INFO - [2021-08-21 22:32:42,400] {dagbag.py:496} INFO - Filling up the DagBag from /Users/kennethlau/airflow/airflow-tutorial/env_airflow/lib/python3.8/site-packages/airflow/example_dags/example_branch_datetime_operator.py
[2021-08-21 22:32:42,410] {scheduler_job.py:642} INFO - DAG(s) dict_keys(['example_branch_datetime_operator_2']) retrieved from /Users/kennethlau/airflow/airflow-tutorial/env_airflow/lib/python3.8/site-packages/airflow/example_dags/example_branch_datetime_operator.py
[2021-08-21 22:32:42,654] {logging_mixin.py:104} INFO - [2021-08-21 22:32:42,654] {dag.py:1833} INFO - Sync 1 DAGs
[2021-08-21 22:32:42,662] {logging_mixin.py:104} INFO - [2021-08-21 22:32:42,662] {dag.py:2306} INFO - Setting next_dagrun for example_branch_datetime_operator_2 to 2021-08-20 00:00:00+00:00
[2021-08-21 22:32:42,672] {scheduler_job.py:189} INFO - Processing /Users/kennethlau/airflow/airflow-tutorial/env_airflow/lib/python3.8/site-packages/airflow/example_dags/example_branch_datetime_operator.py took 0.272 seconds
[2021-08-21 22:33:59,582] {scheduler_job.py:181} INFO - Started process (PID=27477) to work on /Users/kennethlau/airflow/airflow-tutorial/env_airflow/lib/python3.8/site-packages/airflow/example_dags/example_branch_datetime_operator.py
[2021-08-21 22:33:59,583] {scheduler_job.py:632} INFO - Processing file /Users/kennethlau/airflow/airflow-tutorial/env_airflow/lib/python3.8/site-packages/airflow/example_dags/example_branch_datetime_operator.py for tasks to queue
[2021-08-21 22:33:59,584] {logging_mixin.py:104} INFO - [2021-08-21 22:33:59,583] {dagbag.py:496} INFO - Filling up the DagBag from /Users/kennethlau/airflow/airflow-tutorial/env_airflow/lib/python3.8/site-packages/airflow/example_dags/example_branch_datetime_operator.py
[2021-08-21 22:33:59,592] {scheduler_job.py:642} INFO - DAG(s) dict_keys(['example_branch_datetime_operator_2']) retrieved from /Users/kennethlau/airflow/airflow-tutorial/env_airflow/lib/python3.8/site-packages/airflow/example_dags/example_branch_datetime_operator.py
[2021-08-21 22:33:59,614] {logging_mixin.py:104} INFO - [2021-08-21 22:33:59,614] {dag.py:1833} INFO - Sync 1 DAGs
[2021-08-21 22:33:59,621] {logging_mixin.py:104} INFO - [2021-08-21 22:33:59,621] {dag.py:2306} INFO - Setting next_dagrun for example_branch_datetime_operator_2 to 2021-08-20 00:00:00+00:00
[2021-08-21 22:33:59,628] {scheduler_job.py:189} INFO - Processing /Users/kennethlau/airflow/airflow-tutorial/env_airflow/lib/python3.8/site-packages/airflow/example_dags/example_branch_datetime_operator.py took 0.047 seconds
[2021-08-21 22:35:09,685] {scheduler_job.py:181} INFO - Started process (PID=27549) to work on /Users/kennethlau/airflow/airflow-tutorial/env_airflow/lib/python3.8/site-packages/airflow/example_dags/example_branch_datetime_operator.py
[2021-08-21 22:35:09,686] {scheduler_job.py:632} INFO - Processing file /Users/kennethlau/airflow/airflow-tutorial/env_airflow/lib/python3.8/site-packages/airflow/example_dags/example_branch_datetime_operator.py for tasks to queue
[2021-08-21 22:35:09,686] {logging_mixin.py:104} INFO - [2021-08-21 22:35:09,686] {dagbag.py:496} INFO - Filling up the DagBag from /Users/kennethlau/airflow/airflow-tutorial/env_airflow/lib/python3.8/site-packages/airflow/example_dags/example_branch_datetime_operator.py
[2021-08-21 22:35:09,693] {scheduler_job.py:642} INFO - DAG(s) dict_keys(['example_branch_datetime_operator_2']) retrieved from /Users/kennethlau/airflow/airflow-tutorial/env_airflow/lib/python3.8/site-packages/airflow/example_dags/example_branch_datetime_operator.py
[2021-08-21 22:35:09,716] {logging_mixin.py:104} INFO - [2021-08-21 22:35:09,716] {dag.py:1833} INFO - Sync 1 DAGs
[2021-08-21 22:35:09,723] {logging_mixin.py:104} INFO - [2021-08-21 22:35:09,723] {dag.py:2306} INFO - Setting next_dagrun for example_branch_datetime_operator_2 to 2021-08-20 00:00:00+00:00
[2021-08-21 22:35:09,729] {scheduler_job.py:189} INFO - Processing /Users/kennethlau/airflow/airflow-tutorial/env_airflow/lib/python3.8/site-packages/airflow/example_dags/example_branch_datetime_operator.py took 0.044 seconds
