[2021-08-21 22:17:28,529] {scheduler_job.py:181} INFO - Started process (PID=26935) to work on /Users/kennethlau/airflow/airflow-tutorial/env_airflow/lib/python3.8/site-packages/airflow/example_dags/example_task_group_decorator.py
[2021-08-21 22:17:28,529] {scheduler_job.py:632} INFO - Processing file /Users/kennethlau/airflow/airflow-tutorial/env_airflow/lib/python3.8/site-packages/airflow/example_dags/example_task_group_decorator.py for tasks to queue
[2021-08-21 22:17:28,529] {logging_mixin.py:104} INFO - [2021-08-21 22:17:28,529] {dagbag.py:496} INFO - Filling up the DagBag from /Users/kennethlau/airflow/airflow-tutorial/env_airflow/lib/python3.8/site-packages/airflow/example_dags/example_task_group_decorator.py
[2021-08-21 22:17:28,543] {scheduler_job.py:642} INFO - DAG(s) dict_keys(['example_task_group_decorator']) retrieved from /Users/kennethlau/airflow/airflow-tutorial/env_airflow/lib/python3.8/site-packages/airflow/example_dags/example_task_group_decorator.py
[2021-08-21 22:17:28,749] {logging_mixin.py:104} INFO - [2021-08-21 22:17:28,749] {dag.py:1833} INFO - Sync 1 DAGs
[2021-08-21 22:17:28,755] {logging_mixin.py:104} INFO - [2021-08-21 22:17:28,755] {dag.py:2306} INFO - Setting next_dagrun for example_task_group_decorator to 2021-08-20 00:00:00+00:00
[2021-08-21 22:17:28,762] {scheduler_job.py:189} INFO - Processing /Users/kennethlau/airflow/airflow-tutorial/env_airflow/lib/python3.8/site-packages/airflow/example_dags/example_task_group_decorator.py took 0.234 seconds
[2021-08-21 22:30:44,082] {scheduler_job.py:181} INFO - Started process (PID=27250) to work on /Users/kennethlau/airflow/airflow-tutorial/env_airflow/lib/python3.8/site-packages/airflow/example_dags/example_task_group_decorator.py
[2021-08-21 22:30:44,084] {scheduler_job.py:632} INFO - Processing file /Users/kennethlau/airflow/airflow-tutorial/env_airflow/lib/python3.8/site-packages/airflow/example_dags/example_task_group_decorator.py for tasks to queue
[2021-08-21 22:30:44,085] {logging_mixin.py:104} INFO - [2021-08-21 22:30:44,085] {dagbag.py:496} INFO - Filling up the DagBag from /Users/kennethlau/airflow/airflow-tutorial/env_airflow/lib/python3.8/site-packages/airflow/example_dags/example_task_group_decorator.py
[2021-08-21 22:30:44,107] {scheduler_job.py:642} INFO - DAG(s) dict_keys(['example_task_group_decorator']) retrieved from /Users/kennethlau/airflow/airflow-tutorial/env_airflow/lib/python3.8/site-packages/airflow/example_dags/example_task_group_decorator.py
[2021-08-21 22:30:44,292] {logging_mixin.py:104} INFO - [2021-08-21 22:30:44,292] {dag.py:1833} INFO - Sync 1 DAGs
[2021-08-21 22:30:44,297] {logging_mixin.py:104} INFO - [2021-08-21 22:30:44,297] {dag.py:2306} INFO - Setting next_dagrun for example_task_group_decorator to 2021-08-20 00:00:00+00:00
[2021-08-21 22:30:44,305] {scheduler_job.py:189} INFO - Processing /Users/kennethlau/airflow/airflow-tutorial/env_airflow/lib/python3.8/site-packages/airflow/example_dags/example_task_group_decorator.py took 0.223 seconds
[2021-08-21 22:31:58,847] {scheduler_job.py:181} INFO - Started process (PID=27335) to work on /Users/kennethlau/airflow/airflow-tutorial/env_airflow/lib/python3.8/site-packages/airflow/example_dags/example_task_group_decorator.py
[2021-08-21 22:31:58,848] {scheduler_job.py:632} INFO - Processing file /Users/kennethlau/airflow/airflow-tutorial/env_airflow/lib/python3.8/site-packages/airflow/example_dags/example_task_group_decorator.py for tasks to queue
[2021-08-21 22:31:58,849] {logging_mixin.py:104} INFO - [2021-08-21 22:31:58,849] {dagbag.py:496} INFO - Filling up the DagBag from /Users/kennethlau/airflow/airflow-tutorial/env_airflow/lib/python3.8/site-packages/airflow/example_dags/example_task_group_decorator.py
[2021-08-21 22:31:58,864] {scheduler_job.py:642} INFO - DAG(s) dict_keys(['example_task_group_decorator']) retrieved from /Users/kennethlau/airflow/airflow-tutorial/env_airflow/lib/python3.8/site-packages/airflow/example_dags/example_task_group_decorator.py
[2021-08-21 22:31:59,077] {logging_mixin.py:104} INFO - [2021-08-21 22:31:59,076] {dag.py:1833} INFO - Sync 1 DAGs
[2021-08-21 22:31:59,082] {logging_mixin.py:104} INFO - [2021-08-21 22:31:59,082] {dag.py:2306} INFO - Setting next_dagrun for example_task_group_decorator to 2021-08-20 00:00:00+00:00
[2021-08-21 22:31:59,090] {scheduler_job.py:189} INFO - Processing /Users/kennethlau/airflow/airflow-tutorial/env_airflow/lib/python3.8/site-packages/airflow/example_dags/example_task_group_decorator.py took 0.244 seconds
[2021-08-21 22:33:10,747] {scheduler_job.py:181} INFO - Started process (PID=27429) to work on /Users/kennethlau/airflow/airflow-tutorial/env_airflow/lib/python3.8/site-packages/airflow/example_dags/example_task_group_decorator.py
[2021-08-21 22:33:10,748] {scheduler_job.py:632} INFO - Processing file /Users/kennethlau/airflow/airflow-tutorial/env_airflow/lib/python3.8/site-packages/airflow/example_dags/example_task_group_decorator.py for tasks to queue
[2021-08-21 22:33:10,749] {logging_mixin.py:104} INFO - [2021-08-21 22:33:10,749] {dagbag.py:496} INFO - Filling up the DagBag from /Users/kennethlau/airflow/airflow-tutorial/env_airflow/lib/python3.8/site-packages/airflow/example_dags/example_task_group_decorator.py
[2021-08-21 22:33:10,764] {scheduler_job.py:642} INFO - DAG(s) dict_keys(['example_task_group_decorator']) retrieved from /Users/kennethlau/airflow/airflow-tutorial/env_airflow/lib/python3.8/site-packages/airflow/example_dags/example_task_group_decorator.py
[2021-08-21 22:33:10,960] {logging_mixin.py:104} INFO - [2021-08-21 22:33:10,960] {dag.py:1833} INFO - Sync 1 DAGs
[2021-08-21 22:33:10,966] {logging_mixin.py:104} INFO - [2021-08-21 22:33:10,966] {dag.py:2306} INFO - Setting next_dagrun for example_task_group_decorator to 2021-08-20 00:00:00+00:00
[2021-08-21 22:33:10,974] {scheduler_job.py:189} INFO - Processing /Users/kennethlau/airflow/airflow-tutorial/env_airflow/lib/python3.8/site-packages/airflow/example_dags/example_task_group_decorator.py took 0.228 seconds
[2021-08-21 22:34:23,316] {scheduler_job.py:181} INFO - Started process (PID=27503) to work on /Users/kennethlau/airflow/airflow-tutorial/env_airflow/lib/python3.8/site-packages/airflow/example_dags/example_task_group_decorator.py
[2021-08-21 22:34:23,317] {scheduler_job.py:632} INFO - Processing file /Users/kennethlau/airflow/airflow-tutorial/env_airflow/lib/python3.8/site-packages/airflow/example_dags/example_task_group_decorator.py for tasks to queue
[2021-08-21 22:34:23,317] {logging_mixin.py:104} INFO - [2021-08-21 22:34:23,317] {dagbag.py:496} INFO - Filling up the DagBag from /Users/kennethlau/airflow/airflow-tutorial/env_airflow/lib/python3.8/site-packages/airflow/example_dags/example_task_group_decorator.py
[2021-08-21 22:34:23,330] {scheduler_job.py:642} INFO - DAG(s) dict_keys(['example_task_group_decorator']) retrieved from /Users/kennethlau/airflow/airflow-tutorial/env_airflow/lib/python3.8/site-packages/airflow/example_dags/example_task_group_decorator.py
[2021-08-21 22:34:23,520] {logging_mixin.py:104} INFO - [2021-08-21 22:34:23,519] {dag.py:1833} INFO - Sync 1 DAGs
[2021-08-21 22:34:23,525] {logging_mixin.py:104} INFO - [2021-08-21 22:34:23,525] {dag.py:2306} INFO - Setting next_dagrun for example_task_group_decorator to 2021-08-20 00:00:00+00:00
[2021-08-21 22:34:23,533] {scheduler_job.py:189} INFO - Processing /Users/kennethlau/airflow/airflow-tutorial/env_airflow/lib/python3.8/site-packages/airflow/example_dags/example_task_group_decorator.py took 0.218 seconds
[2021-08-21 22:35:32,576] {scheduler_job.py:181} INFO - Started process (PID=27573) to work on /Users/kennethlau/airflow/airflow-tutorial/env_airflow/lib/python3.8/site-packages/airflow/example_dags/example_task_group_decorator.py
[2021-08-21 22:35:32,577] {scheduler_job.py:632} INFO - Processing file /Users/kennethlau/airflow/airflow-tutorial/env_airflow/lib/python3.8/site-packages/airflow/example_dags/example_task_group_decorator.py for tasks to queue
[2021-08-21 22:35:32,577] {logging_mixin.py:104} INFO - [2021-08-21 22:35:32,577] {dagbag.py:496} INFO - Filling up the DagBag from /Users/kennethlau/airflow/airflow-tutorial/env_airflow/lib/python3.8/site-packages/airflow/example_dags/example_task_group_decorator.py
[2021-08-21 22:35:32,591] {scheduler_job.py:642} INFO - DAG(s) dict_keys(['example_task_group_decorator']) retrieved from /Users/kennethlau/airflow/airflow-tutorial/env_airflow/lib/python3.8/site-packages/airflow/example_dags/example_task_group_decorator.py
[2021-08-21 22:35:32,780] {logging_mixin.py:104} INFO - [2021-08-21 22:35:32,779] {dag.py:1833} INFO - Sync 1 DAGs
[2021-08-21 22:35:32,785] {logging_mixin.py:104} INFO - [2021-08-21 22:35:32,785] {dag.py:2306} INFO - Setting next_dagrun for example_task_group_decorator to 2021-08-20 00:00:00+00:00
[2021-08-21 22:35:32,792] {scheduler_job.py:189} INFO - Processing /Users/kennethlau/airflow/airflow-tutorial/env_airflow/lib/python3.8/site-packages/airflow/example_dags/example_task_group_decorator.py took 0.217 seconds
