[2021-08-21 22:30:54,948] {scheduler_job.py:181} INFO - Started process (PID=27268) to work on /Users/kennethlau/airflow/airflow-tutorial/env_airflow/lib/python3.8/site-packages/airflow/example_dags/example_latest_only.py
[2021-08-21 22:30:54,948] {scheduler_job.py:632} INFO - Processing file /Users/kennethlau/airflow/airflow-tutorial/env_airflow/lib/python3.8/site-packages/airflow/example_dags/example_latest_only.py for tasks to queue
[2021-08-21 22:30:54,949] {logging_mixin.py:104} INFO - [2021-08-21 22:30:54,949] {dagbag.py:496} INFO - Filling up the DagBag from /Users/kennethlau/airflow/airflow-tutorial/env_airflow/lib/python3.8/site-packages/airflow/example_dags/example_latest_only.py
[2021-08-21 22:30:54,954] {scheduler_job.py:642} INFO - DAG(s) dict_keys(['latest_only']) retrieved from /Users/kennethlau/airflow/airflow-tutorial/env_airflow/lib/python3.8/site-packages/airflow/example_dags/example_latest_only.py
[2021-08-21 22:30:55,135] {logging_mixin.py:104} INFO - [2021-08-21 22:30:55,135] {dag.py:1833} INFO - Sync 1 DAGs
[2021-08-21 22:30:55,141] {logging_mixin.py:104} INFO - [2021-08-21 22:30:55,141] {dag.py:2306} INFO - Setting next_dagrun for latest_only to 2021-08-20 00:00:00+00:00
[2021-08-21 22:30:55,149] {scheduler_job.py:189} INFO - Processing /Users/kennethlau/airflow/airflow-tutorial/env_airflow/lib/python3.8/site-packages/airflow/example_dags/example_latest_only.py took 0.201 seconds
[2021-08-21 22:32:19,038] {scheduler_job.py:181} INFO - Started process (PID=27356) to work on /Users/kennethlau/airflow/airflow-tutorial/env_airflow/lib/python3.8/site-packages/airflow/example_dags/example_latest_only.py
[2021-08-21 22:32:19,039] {scheduler_job.py:632} INFO - Processing file /Users/kennethlau/airflow/airflow-tutorial/env_airflow/lib/python3.8/site-packages/airflow/example_dags/example_latest_only.py for tasks to queue
[2021-08-21 22:32:19,040] {logging_mixin.py:104} INFO - [2021-08-21 22:32:19,040] {dagbag.py:496} INFO - Filling up the DagBag from /Users/kennethlau/airflow/airflow-tutorial/env_airflow/lib/python3.8/site-packages/airflow/example_dags/example_latest_only.py
[2021-08-21 22:32:19,047] {scheduler_job.py:642} INFO - DAG(s) dict_keys(['latest_only']) retrieved from /Users/kennethlau/airflow/airflow-tutorial/env_airflow/lib/python3.8/site-packages/airflow/example_dags/example_latest_only.py
[2021-08-21 22:32:19,074] {logging_mixin.py:104} INFO - [2021-08-21 22:32:19,074] {dag.py:1833} INFO - Sync 1 DAGs
[2021-08-21 22:32:19,082] {logging_mixin.py:104} INFO - [2021-08-21 22:32:19,082] {dag.py:2306} INFO - Setting next_dagrun for latest_only to 2021-08-20 00:00:00+00:00
[2021-08-21 22:32:19,089] {scheduler_job.py:189} INFO - Processing /Users/kennethlau/airflow/airflow-tutorial/env_airflow/lib/python3.8/site-packages/airflow/example_dags/example_latest_only.py took 0.052 seconds
[2021-08-21 22:33:39,715] {scheduler_job.py:181} INFO - Started process (PID=27457) to work on /Users/kennethlau/airflow/airflow-tutorial/env_airflow/lib/python3.8/site-packages/airflow/example_dags/example_latest_only.py
[2021-08-21 22:33:39,717] {scheduler_job.py:632} INFO - Processing file /Users/kennethlau/airflow/airflow-tutorial/env_airflow/lib/python3.8/site-packages/airflow/example_dags/example_latest_only.py for tasks to queue
[2021-08-21 22:33:39,717] {logging_mixin.py:104} INFO - [2021-08-21 22:33:39,717] {dagbag.py:496} INFO - Filling up the DagBag from /Users/kennethlau/airflow/airflow-tutorial/env_airflow/lib/python3.8/site-packages/airflow/example_dags/example_latest_only.py
[2021-08-21 22:33:39,725] {scheduler_job.py:642} INFO - DAG(s) dict_keys(['latest_only']) retrieved from /Users/kennethlau/airflow/airflow-tutorial/env_airflow/lib/python3.8/site-packages/airflow/example_dags/example_latest_only.py
[2021-08-21 22:33:39,750] {logging_mixin.py:104} INFO - [2021-08-21 22:33:39,750] {dag.py:1833} INFO - Sync 1 DAGs
[2021-08-21 22:33:39,756] {logging_mixin.py:104} INFO - [2021-08-21 22:33:39,755] {dag.py:2306} INFO - Setting next_dagrun for latest_only to 2021-08-20 00:00:00+00:00
[2021-08-21 22:33:39,762] {scheduler_job.py:189} INFO - Processing /Users/kennethlau/airflow/airflow-tutorial/env_airflow/lib/python3.8/site-packages/airflow/example_dags/example_latest_only.py took 0.047 seconds
[2021-08-21 22:34:49,535] {scheduler_job.py:181} INFO - Started process (PID=27529) to work on /Users/kennethlau/airflow/airflow-tutorial/env_airflow/lib/python3.8/site-packages/airflow/example_dags/example_latest_only.py
[2021-08-21 22:34:49,537] {scheduler_job.py:632} INFO - Processing file /Users/kennethlau/airflow/airflow-tutorial/env_airflow/lib/python3.8/site-packages/airflow/example_dags/example_latest_only.py for tasks to queue
[2021-08-21 22:34:49,537] {logging_mixin.py:104} INFO - [2021-08-21 22:34:49,537] {dagbag.py:496} INFO - Filling up the DagBag from /Users/kennethlau/airflow/airflow-tutorial/env_airflow/lib/python3.8/site-packages/airflow/example_dags/example_latest_only.py
[2021-08-21 22:34:49,543] {scheduler_job.py:642} INFO - DAG(s) dict_keys(['latest_only']) retrieved from /Users/kennethlau/airflow/airflow-tutorial/env_airflow/lib/python3.8/site-packages/airflow/example_dags/example_latest_only.py
[2021-08-21 22:34:49,566] {logging_mixin.py:104} INFO - [2021-08-21 22:34:49,566] {dag.py:1833} INFO - Sync 1 DAGs
[2021-08-21 22:34:49,571] {logging_mixin.py:104} INFO - [2021-08-21 22:34:49,571] {dag.py:2306} INFO - Setting next_dagrun for latest_only to 2021-08-20 00:00:00+00:00
[2021-08-21 22:34:49,578] {scheduler_job.py:189} INFO - Processing /Users/kennethlau/airflow/airflow-tutorial/env_airflow/lib/python3.8/site-packages/airflow/example_dags/example_latest_only.py took 0.043 seconds
