[2021-08-21 22:32:39,416] {scheduler_job.py:181} INFO - Started process (PID=27382) to work on /Users/kennethlau/airflow/airflow-tutorial/env_airflow/lib/python3.8/site-packages/airflow/example_dags/example_branch_day_of_week_operator.py
[2021-08-21 22:32:39,416] {scheduler_job.py:632} INFO - Processing file /Users/kennethlau/airflow/airflow-tutorial/env_airflow/lib/python3.8/site-packages/airflow/example_dags/example_branch_day_of_week_operator.py for tasks to queue
[2021-08-21 22:32:39,417] {logging_mixin.py:104} INFO - [2021-08-21 22:32:39,417] {dagbag.py:496} INFO - Filling up the DagBag from /Users/kennethlau/airflow/airflow-tutorial/env_airflow/lib/python3.8/site-packages/airflow/example_dags/example_branch_day_of_week_operator.py
[2021-08-21 22:32:39,425] {scheduler_job.py:642} INFO - DAG(s) dict_keys(['example_weekday_branch_operator']) retrieved from /Users/kennethlau/airflow/airflow-tutorial/env_airflow/lib/python3.8/site-packages/airflow/example_dags/example_branch_day_of_week_operator.py
[2021-08-21 22:32:39,647] {logging_mixin.py:104} INFO - [2021-08-21 22:32:39,647] {dag.py:1833} INFO - Sync 1 DAGs
[2021-08-21 22:32:39,654] {logging_mixin.py:104} INFO - [2021-08-21 22:32:39,654] {dag.py:2306} INFO - Setting next_dagrun for example_weekday_branch_operator to 2021-08-20 00:00:00+00:00
[2021-08-21 22:32:39,662] {scheduler_job.py:189} INFO - Processing /Users/kennethlau/airflow/airflow-tutorial/env_airflow/lib/python3.8/site-packages/airflow/example_dags/example_branch_day_of_week_operator.py took 0.247 seconds
[2021-08-21 22:33:57,942] {scheduler_job.py:181} INFO - Started process (PID=27475) to work on /Users/kennethlau/airflow/airflow-tutorial/env_airflow/lib/python3.8/site-packages/airflow/example_dags/example_branch_day_of_week_operator.py
[2021-08-21 22:33:57,944] {scheduler_job.py:632} INFO - Processing file /Users/kennethlau/airflow/airflow-tutorial/env_airflow/lib/python3.8/site-packages/airflow/example_dags/example_branch_day_of_week_operator.py for tasks to queue
[2021-08-21 22:33:57,944] {logging_mixin.py:104} INFO - [2021-08-21 22:33:57,944] {dagbag.py:496} INFO - Filling up the DagBag from /Users/kennethlau/airflow/airflow-tutorial/env_airflow/lib/python3.8/site-packages/airflow/example_dags/example_branch_day_of_week_operator.py
[2021-08-21 22:33:57,953] {scheduler_job.py:642} INFO - DAG(s) dict_keys(['example_weekday_branch_operator']) retrieved from /Users/kennethlau/airflow/airflow-tutorial/env_airflow/lib/python3.8/site-packages/airflow/example_dags/example_branch_day_of_week_operator.py
[2021-08-21 22:33:57,977] {logging_mixin.py:104} INFO - [2021-08-21 22:33:57,976] {dag.py:1833} INFO - Sync 1 DAGs
[2021-08-21 22:33:57,984] {logging_mixin.py:104} INFO - [2021-08-21 22:33:57,984] {dag.py:2306} INFO - Setting next_dagrun for example_weekday_branch_operator to 2021-08-20 00:00:00+00:00
[2021-08-21 22:33:57,990] {scheduler_job.py:189} INFO - Processing /Users/kennethlau/airflow/airflow-tutorial/env_airflow/lib/python3.8/site-packages/airflow/example_dags/example_branch_day_of_week_operator.py took 0.048 seconds
[2021-08-21 22:35:07,955] {scheduler_job.py:181} INFO - Started process (PID=27547) to work on /Users/kennethlau/airflow/airflow-tutorial/env_airflow/lib/python3.8/site-packages/airflow/example_dags/example_branch_day_of_week_operator.py
[2021-08-21 22:35:07,956] {scheduler_job.py:632} INFO - Processing file /Users/kennethlau/airflow/airflow-tutorial/env_airflow/lib/python3.8/site-packages/airflow/example_dags/example_branch_day_of_week_operator.py for tasks to queue
[2021-08-21 22:35:07,956] {logging_mixin.py:104} INFO - [2021-08-21 22:35:07,956] {dagbag.py:496} INFO - Filling up the DagBag from /Users/kennethlau/airflow/airflow-tutorial/env_airflow/lib/python3.8/site-packages/airflow/example_dags/example_branch_day_of_week_operator.py
[2021-08-21 22:35:07,964] {scheduler_job.py:642} INFO - DAG(s) dict_keys(['example_weekday_branch_operator']) retrieved from /Users/kennethlau/airflow/airflow-tutorial/env_airflow/lib/python3.8/site-packages/airflow/example_dags/example_branch_day_of_week_operator.py
[2021-08-21 22:35:07,987] {logging_mixin.py:104} INFO - [2021-08-21 22:35:07,987] {dag.py:1833} INFO - Sync 1 DAGs
[2021-08-21 22:35:07,994] {logging_mixin.py:104} INFO - [2021-08-21 22:35:07,994] {dag.py:2306} INFO - Setting next_dagrun for example_weekday_branch_operator to 2021-08-20 00:00:00+00:00
[2021-08-21 22:35:08,000] {scheduler_job.py:189} INFO - Processing /Users/kennethlau/airflow/airflow-tutorial/env_airflow/lib/python3.8/site-packages/airflow/example_dags/example_branch_day_of_week_operator.py took 0.045 seconds
