[2021-08-21 22:32:33,119] {scheduler_job.py:181} INFO - Started process (PID=27373) to work on /Users/kennethlau/airflow/airflow-tutorial/env_airflow/lib/python3.8/site-packages/airflow/example_dags/example_branch_python_dop_operator_3.py
[2021-08-21 22:32:33,119] {scheduler_job.py:632} INFO - Processing file /Users/kennethlau/airflow/airflow-tutorial/env_airflow/lib/python3.8/site-packages/airflow/example_dags/example_branch_python_dop_operator_3.py for tasks to queue
[2021-08-21 22:32:33,119] {logging_mixin.py:104} INFO - [2021-08-21 22:32:33,119] {dagbag.py:496} INFO - Filling up the DagBag from /Users/kennethlau/airflow/airflow-tutorial/env_airflow/lib/python3.8/site-packages/airflow/example_dags/example_branch_python_dop_operator_3.py
[2021-08-21 22:32:33,127] {scheduler_job.py:642} INFO - DAG(s) dict_keys(['example_branch_dop_operator_v3']) retrieved from /Users/kennethlau/airflow/airflow-tutorial/env_airflow/lib/python3.8/site-packages/airflow/example_dags/example_branch_python_dop_operator_3.py
[2021-08-21 22:32:33,325] {logging_mixin.py:104} INFO - [2021-08-21 22:32:33,325] {dag.py:1833} INFO - Sync 1 DAGs
[2021-08-21 22:32:33,336] {logging_mixin.py:104} INFO - [2021-08-21 22:32:33,336] {dag.py:2306} INFO - Setting next_dagrun for example_branch_dop_operator_v3 to 2021-08-20 00:00:00+00:00
[2021-08-21 22:32:33,345] {scheduler_job.py:189} INFO - Processing /Users/kennethlau/airflow/airflow-tutorial/env_airflow/lib/python3.8/site-packages/airflow/example_dags/example_branch_python_dop_operator_3.py took 0.227 seconds
[2021-08-21 22:33:51,669] {scheduler_job.py:181} INFO - Started process (PID=27469) to work on /Users/kennethlau/airflow/airflow-tutorial/env_airflow/lib/python3.8/site-packages/airflow/example_dags/example_branch_python_dop_operator_3.py
[2021-08-21 22:33:51,670] {scheduler_job.py:632} INFO - Processing file /Users/kennethlau/airflow/airflow-tutorial/env_airflow/lib/python3.8/site-packages/airflow/example_dags/example_branch_python_dop_operator_3.py for tasks to queue
[2021-08-21 22:33:51,671] {logging_mixin.py:104} INFO - [2021-08-21 22:33:51,671] {dagbag.py:496} INFO - Filling up the DagBag from /Users/kennethlau/airflow/airflow-tutorial/env_airflow/lib/python3.8/site-packages/airflow/example_dags/example_branch_python_dop_operator_3.py
[2021-08-21 22:33:51,679] {scheduler_job.py:642} INFO - DAG(s) dict_keys(['example_branch_dop_operator_v3']) retrieved from /Users/kennethlau/airflow/airflow-tutorial/env_airflow/lib/python3.8/site-packages/airflow/example_dags/example_branch_python_dop_operator_3.py
[2021-08-21 22:33:51,701] {logging_mixin.py:104} INFO - [2021-08-21 22:33:51,701] {dag.py:1833} INFO - Sync 1 DAGs
[2021-08-21 22:33:51,711] {logging_mixin.py:104} INFO - [2021-08-21 22:33:51,711] {dag.py:2306} INFO - Setting next_dagrun for example_branch_dop_operator_v3 to 2021-08-20 00:00:00+00:00
[2021-08-21 22:33:51,718] {scheduler_job.py:189} INFO - Processing /Users/kennethlau/airflow/airflow-tutorial/env_airflow/lib/python3.8/site-packages/airflow/example_dags/example_branch_python_dop_operator_3.py took 0.049 seconds
[2021-08-21 22:35:02,387] {scheduler_job.py:181} INFO - Started process (PID=27541) to work on /Users/kennethlau/airflow/airflow-tutorial/env_airflow/lib/python3.8/site-packages/airflow/example_dags/example_branch_python_dop_operator_3.py
[2021-08-21 22:35:02,388] {scheduler_job.py:632} INFO - Processing file /Users/kennethlau/airflow/airflow-tutorial/env_airflow/lib/python3.8/site-packages/airflow/example_dags/example_branch_python_dop_operator_3.py for tasks to queue
[2021-08-21 22:35:02,389] {logging_mixin.py:104} INFO - [2021-08-21 22:35:02,389] {dagbag.py:496} INFO - Filling up the DagBag from /Users/kennethlau/airflow/airflow-tutorial/env_airflow/lib/python3.8/site-packages/airflow/example_dags/example_branch_python_dop_operator_3.py
[2021-08-21 22:35:02,397] {scheduler_job.py:642} INFO - DAG(s) dict_keys(['example_branch_dop_operator_v3']) retrieved from /Users/kennethlau/airflow/airflow-tutorial/env_airflow/lib/python3.8/site-packages/airflow/example_dags/example_branch_python_dop_operator_3.py
[2021-08-21 22:35:02,423] {logging_mixin.py:104} INFO - [2021-08-21 22:35:02,422] {dag.py:1833} INFO - Sync 1 DAGs
[2021-08-21 22:35:02,433] {logging_mixin.py:104} INFO - [2021-08-21 22:35:02,433] {dag.py:2306} INFO - Setting next_dagrun for example_branch_dop_operator_v3 to 2021-08-20 00:00:00+00:00
[2021-08-21 22:35:02,439] {scheduler_job.py:189} INFO - Processing /Users/kennethlau/airflow/airflow-tutorial/env_airflow/lib/python3.8/site-packages/airflow/example_dags/example_branch_python_dop_operator_3.py took 0.052 seconds
