[2021-08-21 22:30:56,273] {scheduler_job.py:181} INFO - Started process (PID=27270) to work on /Users/kennethlau/airflow/airflow-tutorial/env_airflow/lib/python3.8/site-packages/airflow/example_dags/example_kubernetes_executor_config.py
[2021-08-21 22:30:56,273] {scheduler_job.py:632} INFO - Processing file /Users/kennethlau/airflow/airflow-tutorial/env_airflow/lib/python3.8/site-packages/airflow/example_dags/example_kubernetes_executor_config.py for tasks to queue
[2021-08-21 22:30:56,274] {logging_mixin.py:104} INFO - [2021-08-21 22:30:56,274] {dagbag.py:496} INFO - Filling up the DagBag from /Users/kennethlau/airflow/airflow-tutorial/env_airflow/lib/python3.8/site-packages/airflow/example_dags/example_kubernetes_executor_config.py
[2021-08-21 22:30:56,281] {scheduler_job.py:642} INFO - DAG(s) dict_keys(['example_kubernetes_executor_config']) retrieved from /Users/kennethlau/airflow/airflow-tutorial/env_airflow/lib/python3.8/site-packages/airflow/example_dags/example_kubernetes_executor_config.py
[2021-08-21 22:30:56,795] {logging_mixin.py:104} INFO - [2021-08-21 22:30:56,795] {dag.py:1833} INFO - Sync 1 DAGs
[2021-08-21 22:30:56,800] {logging_mixin.py:104} INFO - [2021-08-21 22:30:56,799] {dag.py:1852} INFO - Creating ORM DAG for example_kubernetes_executor_config
[2021-08-21 22:30:56,802] {logging_mixin.py:104} INFO - [2021-08-21 22:30:56,802] {dag.py:2306} INFO - Setting next_dagrun for example_kubernetes_executor_config to None
[2021-08-21 22:30:56,810] {scheduler_job.py:189} INFO - Processing /Users/kennethlau/airflow/airflow-tutorial/env_airflow/lib/python3.8/site-packages/airflow/example_dags/example_kubernetes_executor_config.py took 0.537 seconds
[2021-08-21 22:32:21,273] {scheduler_job.py:181} INFO - Started process (PID=27358) to work on /Users/kennethlau/airflow/airflow-tutorial/env_airflow/lib/python3.8/site-packages/airflow/example_dags/example_kubernetes_executor_config.py
[2021-08-21 22:32:21,274] {scheduler_job.py:632} INFO - Processing file /Users/kennethlau/airflow/airflow-tutorial/env_airflow/lib/python3.8/site-packages/airflow/example_dags/example_kubernetes_executor_config.py for tasks to queue
[2021-08-21 22:32:21,275] {logging_mixin.py:104} INFO - [2021-08-21 22:32:21,275] {dagbag.py:496} INFO - Filling up the DagBag from /Users/kennethlau/airflow/airflow-tutorial/env_airflow/lib/python3.8/site-packages/airflow/example_dags/example_kubernetes_executor_config.py
[2021-08-21 22:32:21,286] {scheduler_job.py:642} INFO - DAG(s) dict_keys(['example_kubernetes_executor_config']) retrieved from /Users/kennethlau/airflow/airflow-tutorial/env_airflow/lib/python3.8/site-packages/airflow/example_dags/example_kubernetes_executor_config.py
[2021-08-21 22:32:21,315] {logging_mixin.py:104} INFO - [2021-08-21 22:32:21,315] {dag.py:1833} INFO - Sync 1 DAGs
[2021-08-21 22:32:21,322] {logging_mixin.py:104} INFO - [2021-08-21 22:32:21,321] {dag.py:2306} INFO - Setting next_dagrun for example_kubernetes_executor_config to None
[2021-08-21 22:32:21,329] {scheduler_job.py:189} INFO - Processing /Users/kennethlau/airflow/airflow-tutorial/env_airflow/lib/python3.8/site-packages/airflow/example_dags/example_kubernetes_executor_config.py took 0.057 seconds
[2021-08-21 22:33:41,895] {scheduler_job.py:181} INFO - Started process (PID=27459) to work on /Users/kennethlau/airflow/airflow-tutorial/env_airflow/lib/python3.8/site-packages/airflow/example_dags/example_kubernetes_executor_config.py
[2021-08-21 22:33:41,896] {scheduler_job.py:632} INFO - Processing file /Users/kennethlau/airflow/airflow-tutorial/env_airflow/lib/python3.8/site-packages/airflow/example_dags/example_kubernetes_executor_config.py for tasks to queue
[2021-08-21 22:33:41,896] {logging_mixin.py:104} INFO - [2021-08-21 22:33:41,896] {dagbag.py:496} INFO - Filling up the DagBag from /Users/kennethlau/airflow/airflow-tutorial/env_airflow/lib/python3.8/site-packages/airflow/example_dags/example_kubernetes_executor_config.py
[2021-08-21 22:33:41,905] {scheduler_job.py:642} INFO - DAG(s) dict_keys(['example_kubernetes_executor_config']) retrieved from /Users/kennethlau/airflow/airflow-tutorial/env_airflow/lib/python3.8/site-packages/airflow/example_dags/example_kubernetes_executor_config.py
[2021-08-21 22:33:41,929] {logging_mixin.py:104} INFO - [2021-08-21 22:33:41,929] {dag.py:1833} INFO - Sync 1 DAGs
[2021-08-21 22:33:41,934] {logging_mixin.py:104} INFO - [2021-08-21 22:33:41,934] {dag.py:2306} INFO - Setting next_dagrun for example_kubernetes_executor_config to None
[2021-08-21 22:33:41,941] {scheduler_job.py:189} INFO - Processing /Users/kennethlau/airflow/airflow-tutorial/env_airflow/lib/python3.8/site-packages/airflow/example_dags/example_kubernetes_executor_config.py took 0.046 seconds
[2021-08-21 22:34:51,661] {scheduler_job.py:181} INFO - Started process (PID=27531) to work on /Users/kennethlau/airflow/airflow-tutorial/env_airflow/lib/python3.8/site-packages/airflow/example_dags/example_kubernetes_executor_config.py
[2021-08-21 22:34:51,662] {scheduler_job.py:632} INFO - Processing file /Users/kennethlau/airflow/airflow-tutorial/env_airflow/lib/python3.8/site-packages/airflow/example_dags/example_kubernetes_executor_config.py for tasks to queue
[2021-08-21 22:34:51,663] {logging_mixin.py:104} INFO - [2021-08-21 22:34:51,663] {dagbag.py:496} INFO - Filling up the DagBag from /Users/kennethlau/airflow/airflow-tutorial/env_airflow/lib/python3.8/site-packages/airflow/example_dags/example_kubernetes_executor_config.py
[2021-08-21 22:34:51,671] {scheduler_job.py:642} INFO - DAG(s) dict_keys(['example_kubernetes_executor_config']) retrieved from /Users/kennethlau/airflow/airflow-tutorial/env_airflow/lib/python3.8/site-packages/airflow/example_dags/example_kubernetes_executor_config.py
[2021-08-21 22:34:51,696] {logging_mixin.py:104} INFO - [2021-08-21 22:34:51,696] {dag.py:1833} INFO - Sync 1 DAGs
[2021-08-21 22:34:51,702] {logging_mixin.py:104} INFO - [2021-08-21 22:34:51,702] {dag.py:2306} INFO - Setting next_dagrun for example_kubernetes_executor_config to None
[2021-08-21 22:34:51,708] {scheduler_job.py:189} INFO - Processing /Users/kennethlau/airflow/airflow-tutorial/env_airflow/lib/python3.8/site-packages/airflow/example_dags/example_kubernetes_executor_config.py took 0.047 seconds
