[2021-08-21 22:17:38,527] {scheduler_job.py:181} INFO - Started process (PID=26945) to work on /Users/kennethlau/airflow/airflow-tutorial/env_airflow/lib/python3.8/site-packages/airflow/example_dags/example_python_operator.py
[2021-08-21 22:17:38,527] {scheduler_job.py:632} INFO - Processing file /Users/kennethlau/airflow/airflow-tutorial/env_airflow/lib/python3.8/site-packages/airflow/example_dags/example_python_operator.py for tasks to queue
[2021-08-21 22:17:38,528] {logging_mixin.py:104} INFO - [2021-08-21 22:17:38,528] {dagbag.py:496} INFO - Filling up the DagBag from /Users/kennethlau/airflow/airflow-tutorial/env_airflow/lib/python3.8/site-packages/airflow/example_dags/example_python_operator.py
[2021-08-21 22:17:38,535] {scheduler_job.py:642} INFO - DAG(s) dict_keys(['example_python_operator']) retrieved from /Users/kennethlau/airflow/airflow-tutorial/env_airflow/lib/python3.8/site-packages/airflow/example_dags/example_python_operator.py
[2021-08-21 22:17:38,721] {logging_mixin.py:104} INFO - [2021-08-21 22:17:38,721] {dag.py:1833} INFO - Sync 1 DAGs
[2021-08-21 22:17:38,726] {logging_mixin.py:104} INFO - [2021-08-21 22:17:38,726] {dag.py:2306} INFO - Setting next_dagrun for example_python_operator to None
[2021-08-21 22:17:38,735] {scheduler_job.py:189} INFO - Processing /Users/kennethlau/airflow/airflow-tutorial/env_airflow/lib/python3.8/site-packages/airflow/example_dags/example_python_operator.py took 0.209 seconds
[2021-08-21 22:30:50,044] {scheduler_job.py:181} INFO - Started process (PID=27260) to work on /Users/kennethlau/airflow/airflow-tutorial/env_airflow/lib/python3.8/site-packages/airflow/example_dags/example_python_operator.py
[2021-08-21 22:30:50,045] {scheduler_job.py:632} INFO - Processing file /Users/kennethlau/airflow/airflow-tutorial/env_airflow/lib/python3.8/site-packages/airflow/example_dags/example_python_operator.py for tasks to queue
[2021-08-21 22:30:50,045] {logging_mixin.py:104} INFO - [2021-08-21 22:30:50,045] {dagbag.py:496} INFO - Filling up the DagBag from /Users/kennethlau/airflow/airflow-tutorial/env_airflow/lib/python3.8/site-packages/airflow/example_dags/example_python_operator.py
[2021-08-21 22:30:50,053] {scheduler_job.py:642} INFO - DAG(s) dict_keys(['example_python_operator']) retrieved from /Users/kennethlau/airflow/airflow-tutorial/env_airflow/lib/python3.8/site-packages/airflow/example_dags/example_python_operator.py
[2021-08-21 22:30:50,081] {logging_mixin.py:104} INFO - [2021-08-21 22:30:50,081] {dag.py:1833} INFO - Sync 1 DAGs
[2021-08-21 22:30:50,088] {logging_mixin.py:104} INFO - [2021-08-21 22:30:50,088] {dag.py:2306} INFO - Setting next_dagrun for example_python_operator to None
[2021-08-21 22:30:50,095] {scheduler_job.py:189} INFO - Processing /Users/kennethlau/airflow/airflow-tutorial/env_airflow/lib/python3.8/site-packages/airflow/example_dags/example_python_operator.py took 0.051 seconds
[2021-08-21 22:32:11,131] {scheduler_job.py:181} INFO - Started process (PID=27346) to work on /Users/kennethlau/airflow/airflow-tutorial/env_airflow/lib/python3.8/site-packages/airflow/example_dags/example_python_operator.py
[2021-08-21 22:32:11,132] {scheduler_job.py:632} INFO - Processing file /Users/kennethlau/airflow/airflow-tutorial/env_airflow/lib/python3.8/site-packages/airflow/example_dags/example_python_operator.py for tasks to queue
[2021-08-21 22:32:11,132] {logging_mixin.py:104} INFO - [2021-08-21 22:32:11,132] {dagbag.py:496} INFO - Filling up the DagBag from /Users/kennethlau/airflow/airflow-tutorial/env_airflow/lib/python3.8/site-packages/airflow/example_dags/example_python_operator.py
[2021-08-21 22:32:11,141] {scheduler_job.py:642} INFO - DAG(s) dict_keys(['example_python_operator']) retrieved from /Users/kennethlau/airflow/airflow-tutorial/env_airflow/lib/python3.8/site-packages/airflow/example_dags/example_python_operator.py
[2021-08-21 22:32:11,173] {logging_mixin.py:104} INFO - [2021-08-21 22:32:11,173] {dag.py:1833} INFO - Sync 1 DAGs
[2021-08-21 22:32:11,179] {logging_mixin.py:104} INFO - [2021-08-21 22:32:11,179] {dag.py:2306} INFO - Setting next_dagrun for example_python_operator to None
[2021-08-21 22:32:11,185] {scheduler_job.py:189} INFO - Processing /Users/kennethlau/airflow/airflow-tutorial/env_airflow/lib/python3.8/site-packages/airflow/example_dags/example_python_operator.py took 0.056 seconds
[2021-08-21 22:33:20,939] {scheduler_job.py:181} INFO - Started process (PID=27439) to work on /Users/kennethlau/airflow/airflow-tutorial/env_airflow/lib/python3.8/site-packages/airflow/example_dags/example_python_operator.py
[2021-08-21 22:33:20,940] {scheduler_job.py:632} INFO - Processing file /Users/kennethlau/airflow/airflow-tutorial/env_airflow/lib/python3.8/site-packages/airflow/example_dags/example_python_operator.py for tasks to queue
[2021-08-21 22:33:20,940] {logging_mixin.py:104} INFO - [2021-08-21 22:33:20,940] {dagbag.py:496} INFO - Filling up the DagBag from /Users/kennethlau/airflow/airflow-tutorial/env_airflow/lib/python3.8/site-packages/airflow/example_dags/example_python_operator.py
[2021-08-21 22:33:20,946] {scheduler_job.py:642} INFO - DAG(s) dict_keys(['example_python_operator']) retrieved from /Users/kennethlau/airflow/airflow-tutorial/env_airflow/lib/python3.8/site-packages/airflow/example_dags/example_python_operator.py
[2021-08-21 22:33:20,971] {logging_mixin.py:104} INFO - [2021-08-21 22:33:20,971] {dag.py:1833} INFO - Sync 1 DAGs
[2021-08-21 22:33:20,979] {logging_mixin.py:104} INFO - [2021-08-21 22:33:20,979] {dag.py:2306} INFO - Setting next_dagrun for example_python_operator to None
[2021-08-21 22:33:20,985] {scheduler_job.py:189} INFO - Processing /Users/kennethlau/airflow/airflow-tutorial/env_airflow/lib/python3.8/site-packages/airflow/example_dags/example_python_operator.py took 0.047 seconds
[2021-08-21 22:34:33,384] {scheduler_job.py:181} INFO - Started process (PID=27513) to work on /Users/kennethlau/airflow/airflow-tutorial/env_airflow/lib/python3.8/site-packages/airflow/example_dags/example_python_operator.py
[2021-08-21 22:34:33,385] {scheduler_job.py:632} INFO - Processing file /Users/kennethlau/airflow/airflow-tutorial/env_airflow/lib/python3.8/site-packages/airflow/example_dags/example_python_operator.py for tasks to queue
[2021-08-21 22:34:33,386] {logging_mixin.py:104} INFO - [2021-08-21 22:34:33,386] {dagbag.py:496} INFO - Filling up the DagBag from /Users/kennethlau/airflow/airflow-tutorial/env_airflow/lib/python3.8/site-packages/airflow/example_dags/example_python_operator.py
[2021-08-21 22:34:33,393] {scheduler_job.py:642} INFO - DAG(s) dict_keys(['example_python_operator']) retrieved from /Users/kennethlau/airflow/airflow-tutorial/env_airflow/lib/python3.8/site-packages/airflow/example_dags/example_python_operator.py
[2021-08-21 22:34:33,416] {logging_mixin.py:104} INFO - [2021-08-21 22:34:33,416] {dag.py:1833} INFO - Sync 1 DAGs
[2021-08-21 22:34:33,422] {logging_mixin.py:104} INFO - [2021-08-21 22:34:33,421] {dag.py:2306} INFO - Setting next_dagrun for example_python_operator to None
[2021-08-21 22:34:33,427] {scheduler_job.py:189} INFO - Processing /Users/kennethlau/airflow/airflow-tutorial/env_airflow/lib/python3.8/site-packages/airflow/example_dags/example_python_operator.py took 0.044 seconds
