[2021-08-21 22:32:27,977] {scheduler_job.py:181} INFO - Started process (PID=27369) to work on /Users/kennethlau/airflow/airflow-tutorial/env_airflow/lib/python3.8/site-packages/airflow/example_dags/example_dag_decorator.py
[2021-08-21 22:32:27,978] {scheduler_job.py:632} INFO - Processing file /Users/kennethlau/airflow/airflow-tutorial/env_airflow/lib/python3.8/site-packages/airflow/example_dags/example_dag_decorator.py for tasks to queue
[2021-08-21 22:32:27,978] {logging_mixin.py:104} INFO - [2021-08-21 22:32:27,978] {dagbag.py:496} INFO - Filling up the DagBag from /Users/kennethlau/airflow/airflow-tutorial/env_airflow/lib/python3.8/site-packages/airflow/example_dags/example_dag_decorator.py
[2021-08-21 22:32:27,991] {scheduler_job.py:642} INFO - DAG(s) dict_keys(['example_dag_decorator']) retrieved from /Users/kennethlau/airflow/airflow-tutorial/env_airflow/lib/python3.8/site-packages/airflow/example_dags/example_dag_decorator.py
[2021-08-21 22:32:28,207] {logging_mixin.py:104} INFO - [2021-08-21 22:32:28,207] {dag.py:1833} INFO - Sync 1 DAGs
[2021-08-21 22:32:28,212] {logging_mixin.py:104} INFO - [2021-08-21 22:32:28,212] {dag.py:2306} INFO - Setting next_dagrun for example_dag_decorator to None
[2021-08-21 22:32:28,221] {scheduler_job.py:189} INFO - Processing /Users/kennethlau/airflow/airflow-tutorial/env_airflow/lib/python3.8/site-packages/airflow/example_dags/example_dag_decorator.py took 0.244 seconds
[2021-08-21 22:33:47,921] {scheduler_job.py:181} INFO - Started process (PID=27465) to work on /Users/kennethlau/airflow/airflow-tutorial/env_airflow/lib/python3.8/site-packages/airflow/example_dags/example_dag_decorator.py
[2021-08-21 22:33:47,923] {scheduler_job.py:632} INFO - Processing file /Users/kennethlau/airflow/airflow-tutorial/env_airflow/lib/python3.8/site-packages/airflow/example_dags/example_dag_decorator.py for tasks to queue
[2021-08-21 22:33:47,923] {logging_mixin.py:104} INFO - [2021-08-21 22:33:47,923] {dagbag.py:496} INFO - Filling up the DagBag from /Users/kennethlau/airflow/airflow-tutorial/env_airflow/lib/python3.8/site-packages/airflow/example_dags/example_dag_decorator.py
[2021-08-21 22:33:47,936] {scheduler_job.py:642} INFO - DAG(s) dict_keys(['example_dag_decorator']) retrieved from /Users/kennethlau/airflow/airflow-tutorial/env_airflow/lib/python3.8/site-packages/airflow/example_dags/example_dag_decorator.py
[2021-08-21 22:33:48,130] {logging_mixin.py:104} INFO - [2021-08-21 22:33:48,130] {dag.py:1833} INFO - Sync 1 DAGs
[2021-08-21 22:33:48,137] {logging_mixin.py:104} INFO - [2021-08-21 22:33:48,137] {dag.py:2306} INFO - Setting next_dagrun for example_dag_decorator to None
[2021-08-21 22:33:48,146] {scheduler_job.py:189} INFO - Processing /Users/kennethlau/airflow/airflow-tutorial/env_airflow/lib/python3.8/site-packages/airflow/example_dags/example_dag_decorator.py took 0.225 seconds
[2021-08-21 22:34:57,826] {scheduler_job.py:181} INFO - Started process (PID=27537) to work on /Users/kennethlau/airflow/airflow-tutorial/env_airflow/lib/python3.8/site-packages/airflow/example_dags/example_dag_decorator.py
[2021-08-21 22:34:57,828] {scheduler_job.py:632} INFO - Processing file /Users/kennethlau/airflow/airflow-tutorial/env_airflow/lib/python3.8/site-packages/airflow/example_dags/example_dag_decorator.py for tasks to queue
[2021-08-21 22:34:57,828] {logging_mixin.py:104} INFO - [2021-08-21 22:34:57,828] {dagbag.py:496} INFO - Filling up the DagBag from /Users/kennethlau/airflow/airflow-tutorial/env_airflow/lib/python3.8/site-packages/airflow/example_dags/example_dag_decorator.py
[2021-08-21 22:34:57,847] {scheduler_job.py:642} INFO - DAG(s) dict_keys(['example_dag_decorator']) retrieved from /Users/kennethlau/airflow/airflow-tutorial/env_airflow/lib/python3.8/site-packages/airflow/example_dags/example_dag_decorator.py
[2021-08-21 22:34:58,039] {logging_mixin.py:104} INFO - [2021-08-21 22:34:58,039] {dag.py:1833} INFO - Sync 1 DAGs
[2021-08-21 22:34:58,045] {logging_mixin.py:104} INFO - [2021-08-21 22:34:58,045] {dag.py:2306} INFO - Setting next_dagrun for example_dag_decorator to None
[2021-08-21 22:34:58,053] {scheduler_job.py:189} INFO - Processing /Users/kennethlau/airflow/airflow-tutorial/env_airflow/lib/python3.8/site-packages/airflow/example_dags/example_dag_decorator.py took 0.227 seconds
