[2021-08-21 22:32:35,511] {scheduler_job.py:181} INFO - Started process (PID=27376) to work on /Users/kennethlau/airflow/airflow-tutorial/env_airflow/lib/python3.8/site-packages/airflow/example_dags/example_branch_operator.py
[2021-08-21 22:32:35,511] {scheduler_job.py:632} INFO - Processing file /Users/kennethlau/airflow/airflow-tutorial/env_airflow/lib/python3.8/site-packages/airflow/example_dags/example_branch_operator.py for tasks to queue
[2021-08-21 22:32:35,511] {logging_mixin.py:104} INFO - [2021-08-21 22:32:35,511] {dagbag.py:496} INFO - Filling up the DagBag from /Users/kennethlau/airflow/airflow-tutorial/env_airflow/lib/python3.8/site-packages/airflow/example_dags/example_branch_operator.py
[2021-08-21 22:32:35,520] {scheduler_job.py:642} INFO - DAG(s) dict_keys(['example_branch_operator']) retrieved from /Users/kennethlau/airflow/airflow-tutorial/env_airflow/lib/python3.8/site-packages/airflow/example_dags/example_branch_operator.py
[2021-08-21 22:32:35,720] {logging_mixin.py:104} INFO - [2021-08-21 22:32:35,720] {dag.py:1833} INFO - Sync 1 DAGs
[2021-08-21 22:32:35,728] {logging_mixin.py:104} INFO - [2021-08-21 22:32:35,727] {dag.py:2306} INFO - Setting next_dagrun for example_branch_operator to 2021-08-20 00:00:00+00:00
[2021-08-21 22:32:35,766] {scheduler_job.py:189} INFO - Processing /Users/kennethlau/airflow/airflow-tutorial/env_airflow/lib/python3.8/site-packages/airflow/example_dags/example_branch_operator.py took 0.255 seconds
[2021-08-21 22:33:53,843] {scheduler_job.py:181} INFO - Started process (PID=27471) to work on /Users/kennethlau/airflow/airflow-tutorial/env_airflow/lib/python3.8/site-packages/airflow/example_dags/example_branch_operator.py
[2021-08-21 22:33:53,844] {scheduler_job.py:632} INFO - Processing file /Users/kennethlau/airflow/airflow-tutorial/env_airflow/lib/python3.8/site-packages/airflow/example_dags/example_branch_operator.py for tasks to queue
[2021-08-21 22:33:53,844] {logging_mixin.py:104} INFO - [2021-08-21 22:33:53,844] {dagbag.py:496} INFO - Filling up the DagBag from /Users/kennethlau/airflow/airflow-tutorial/env_airflow/lib/python3.8/site-packages/airflow/example_dags/example_branch_operator.py
[2021-08-21 22:33:53,851] {scheduler_job.py:642} INFO - DAG(s) dict_keys(['example_branch_operator']) retrieved from /Users/kennethlau/airflow/airflow-tutorial/env_airflow/lib/python3.8/site-packages/airflow/example_dags/example_branch_operator.py
[2021-08-21 22:33:53,875] {logging_mixin.py:104} INFO - [2021-08-21 22:33:53,875] {dag.py:1833} INFO - Sync 1 DAGs
[2021-08-21 22:33:53,883] {logging_mixin.py:104} INFO - [2021-08-21 22:33:53,883] {dag.py:2306} INFO - Setting next_dagrun for example_branch_operator to 2021-08-20 00:00:00+00:00
[2021-08-21 22:33:53,889] {scheduler_job.py:189} INFO - Processing /Users/kennethlau/airflow/airflow-tutorial/env_airflow/lib/python3.8/site-packages/airflow/example_dags/example_branch_operator.py took 0.047 seconds
[2021-08-21 22:35:03,539] {scheduler_job.py:181} INFO - Started process (PID=27543) to work on /Users/kennethlau/airflow/airflow-tutorial/env_airflow/lib/python3.8/site-packages/airflow/example_dags/example_branch_operator.py
[2021-08-21 22:35:03,540] {scheduler_job.py:632} INFO - Processing file /Users/kennethlau/airflow/airflow-tutorial/env_airflow/lib/python3.8/site-packages/airflow/example_dags/example_branch_operator.py for tasks to queue
[2021-08-21 22:35:03,541] {logging_mixin.py:104} INFO - [2021-08-21 22:35:03,541] {dagbag.py:496} INFO - Filling up the DagBag from /Users/kennethlau/airflow/airflow-tutorial/env_airflow/lib/python3.8/site-packages/airflow/example_dags/example_branch_operator.py
[2021-08-21 22:35:03,556] {scheduler_job.py:642} INFO - DAG(s) dict_keys(['example_branch_operator']) retrieved from /Users/kennethlau/airflow/airflow-tutorial/env_airflow/lib/python3.8/site-packages/airflow/example_dags/example_branch_operator.py
[2021-08-21 22:35:03,586] {logging_mixin.py:104} INFO - [2021-08-21 22:35:03,585] {dag.py:1833} INFO - Sync 1 DAGs
[2021-08-21 22:35:03,595] {logging_mixin.py:104} INFO - [2021-08-21 22:35:03,594] {dag.py:2306} INFO - Setting next_dagrun for example_branch_operator to 2021-08-20 00:00:00+00:00
[2021-08-21 22:35:03,602] {scheduler_job.py:189} INFO - Processing /Users/kennethlau/airflow/airflow-tutorial/env_airflow/lib/python3.8/site-packages/airflow/example_dags/example_branch_operator.py took 0.063 seconds
