[2021-08-21 22:17:36,683] {scheduler_job.py:181} INFO - Started process (PID=26943) to work on /Users/kennethlau/airflow/airflow-tutorial/env_airflow/lib/python3.8/site-packages/airflow/example_dags/example_short_circuit_operator.py
[2021-08-21 22:17:36,683] {scheduler_job.py:632} INFO - Processing file /Users/kennethlau/airflow/airflow-tutorial/env_airflow/lib/python3.8/site-packages/airflow/example_dags/example_short_circuit_operator.py for tasks to queue
[2021-08-21 22:17:36,683] {logging_mixin.py:104} INFO - [2021-08-21 22:17:36,683] {dagbag.py:496} INFO - Filling up the DagBag from /Users/kennethlau/airflow/airflow-tutorial/env_airflow/lib/python3.8/site-packages/airflow/example_dags/example_short_circuit_operator.py
[2021-08-21 22:17:36,691] {scheduler_job.py:642} INFO - DAG(s) dict_keys(['example_short_circuit_operator']) retrieved from /Users/kennethlau/airflow/airflow-tutorial/env_airflow/lib/python3.8/site-packages/airflow/example_dags/example_short_circuit_operator.py
[2021-08-21 22:17:36,895] {logging_mixin.py:104} INFO - [2021-08-21 22:17:36,895] {dag.py:1833} INFO - Sync 1 DAGs
[2021-08-21 22:17:36,901] {logging_mixin.py:104} INFO - [2021-08-21 22:17:36,901] {dag.py:2306} INFO - Setting next_dagrun for example_short_circuit_operator to 2021-08-20 00:00:00+00:00
[2021-08-21 22:17:36,908] {scheduler_job.py:189} INFO - Processing /Users/kennethlau/airflow/airflow-tutorial/env_airflow/lib/python3.8/site-packages/airflow/example_dags/example_short_circuit_operator.py took 0.226 seconds
[2021-08-21 22:30:48,916] {scheduler_job.py:181} INFO - Started process (PID=27258) to work on /Users/kennethlau/airflow/airflow-tutorial/env_airflow/lib/python3.8/site-packages/airflow/example_dags/example_short_circuit_operator.py
[2021-08-21 22:30:48,917] {scheduler_job.py:632} INFO - Processing file /Users/kennethlau/airflow/airflow-tutorial/env_airflow/lib/python3.8/site-packages/airflow/example_dags/example_short_circuit_operator.py for tasks to queue
[2021-08-21 22:30:48,917] {logging_mixin.py:104} INFO - [2021-08-21 22:30:48,917] {dagbag.py:496} INFO - Filling up the DagBag from /Users/kennethlau/airflow/airflow-tutorial/env_airflow/lib/python3.8/site-packages/airflow/example_dags/example_short_circuit_operator.py
[2021-08-21 22:30:48,925] {scheduler_job.py:642} INFO - DAG(s) dict_keys(['example_short_circuit_operator']) retrieved from /Users/kennethlau/airflow/airflow-tutorial/env_airflow/lib/python3.8/site-packages/airflow/example_dags/example_short_circuit_operator.py
[2021-08-21 22:30:48,950] {logging_mixin.py:104} INFO - [2021-08-21 22:30:48,950] {dag.py:1833} INFO - Sync 1 DAGs
[2021-08-21 22:30:48,955] {logging_mixin.py:104} INFO - [2021-08-21 22:30:48,955] {dag.py:2306} INFO - Setting next_dagrun for example_short_circuit_operator to 2021-08-20 00:00:00+00:00
[2021-08-21 22:30:48,961] {scheduler_job.py:189} INFO - Processing /Users/kennethlau/airflow/airflow-tutorial/env_airflow/lib/python3.8/site-packages/airflow/example_dags/example_short_circuit_operator.py took 0.046 seconds
[2021-08-21 22:32:08,737] {scheduler_job.py:181} INFO - Started process (PID=27344) to work on /Users/kennethlau/airflow/airflow-tutorial/env_airflow/lib/python3.8/site-packages/airflow/example_dags/example_short_circuit_operator.py
[2021-08-21 22:32:08,738] {scheduler_job.py:632} INFO - Processing file /Users/kennethlau/airflow/airflow-tutorial/env_airflow/lib/python3.8/site-packages/airflow/example_dags/example_short_circuit_operator.py for tasks to queue
[2021-08-21 22:32:08,739] {logging_mixin.py:104} INFO - [2021-08-21 22:32:08,739] {dagbag.py:496} INFO - Filling up the DagBag from /Users/kennethlau/airflow/airflow-tutorial/env_airflow/lib/python3.8/site-packages/airflow/example_dags/example_short_circuit_operator.py
[2021-08-21 22:32:08,749] {scheduler_job.py:642} INFO - DAG(s) dict_keys(['example_short_circuit_operator']) retrieved from /Users/kennethlau/airflow/airflow-tutorial/env_airflow/lib/python3.8/site-packages/airflow/example_dags/example_short_circuit_operator.py
[2021-08-21 22:32:08,774] {logging_mixin.py:104} INFO - [2021-08-21 22:32:08,774] {dag.py:1833} INFO - Sync 1 DAGs
[2021-08-21 22:32:08,780] {logging_mixin.py:104} INFO - [2021-08-21 22:32:08,780] {dag.py:2306} INFO - Setting next_dagrun for example_short_circuit_operator to 2021-08-20 00:00:00+00:00
[2021-08-21 22:32:08,786] {scheduler_job.py:189} INFO - Processing /Users/kennethlau/airflow/airflow-tutorial/env_airflow/lib/python3.8/site-packages/airflow/example_dags/example_short_circuit_operator.py took 0.049 seconds
[2021-08-21 22:33:18,774] {scheduler_job.py:181} INFO - Started process (PID=27437) to work on /Users/kennethlau/airflow/airflow-tutorial/env_airflow/lib/python3.8/site-packages/airflow/example_dags/example_short_circuit_operator.py
[2021-08-21 22:33:18,775] {scheduler_job.py:632} INFO - Processing file /Users/kennethlau/airflow/airflow-tutorial/env_airflow/lib/python3.8/site-packages/airflow/example_dags/example_short_circuit_operator.py for tasks to queue
[2021-08-21 22:33:18,776] {logging_mixin.py:104} INFO - [2021-08-21 22:33:18,776] {dagbag.py:496} INFO - Filling up the DagBag from /Users/kennethlau/airflow/airflow-tutorial/env_airflow/lib/python3.8/site-packages/airflow/example_dags/example_short_circuit_operator.py
[2021-08-21 22:33:18,783] {scheduler_job.py:642} INFO - DAG(s) dict_keys(['example_short_circuit_operator']) retrieved from /Users/kennethlau/airflow/airflow-tutorial/env_airflow/lib/python3.8/site-packages/airflow/example_dags/example_short_circuit_operator.py
[2021-08-21 22:33:18,806] {logging_mixin.py:104} INFO - [2021-08-21 22:33:18,805] {dag.py:1833} INFO - Sync 1 DAGs
[2021-08-21 22:33:18,811] {logging_mixin.py:104} INFO - [2021-08-21 22:33:18,811] {dag.py:2306} INFO - Setting next_dagrun for example_short_circuit_operator to 2021-08-20 00:00:00+00:00
[2021-08-21 22:33:18,817] {scheduler_job.py:189} INFO - Processing /Users/kennethlau/airflow/airflow-tutorial/env_airflow/lib/python3.8/site-packages/airflow/example_dags/example_short_circuit_operator.py took 0.043 seconds
[2021-08-21 22:34:31,222] {scheduler_job.py:181} INFO - Started process (PID=27511) to work on /Users/kennethlau/airflow/airflow-tutorial/env_airflow/lib/python3.8/site-packages/airflow/example_dags/example_short_circuit_operator.py
[2021-08-21 22:34:31,223] {scheduler_job.py:632} INFO - Processing file /Users/kennethlau/airflow/airflow-tutorial/env_airflow/lib/python3.8/site-packages/airflow/example_dags/example_short_circuit_operator.py for tasks to queue
[2021-08-21 22:34:31,224] {logging_mixin.py:104} INFO - [2021-08-21 22:34:31,224] {dagbag.py:496} INFO - Filling up the DagBag from /Users/kennethlau/airflow/airflow-tutorial/env_airflow/lib/python3.8/site-packages/airflow/example_dags/example_short_circuit_operator.py
[2021-08-21 22:34:31,231] {scheduler_job.py:642} INFO - DAG(s) dict_keys(['example_short_circuit_operator']) retrieved from /Users/kennethlau/airflow/airflow-tutorial/env_airflow/lib/python3.8/site-packages/airflow/example_dags/example_short_circuit_operator.py
[2021-08-21 22:34:31,255] {logging_mixin.py:104} INFO - [2021-08-21 22:34:31,255] {dag.py:1833} INFO - Sync 1 DAGs
[2021-08-21 22:34:31,261] {logging_mixin.py:104} INFO - [2021-08-21 22:34:31,261] {dag.py:2306} INFO - Setting next_dagrun for example_short_circuit_operator to 2021-08-20 00:00:00+00:00
[2021-08-21 22:34:31,267] {scheduler_job.py:189} INFO - Processing /Users/kennethlau/airflow/airflow-tutorial/env_airflow/lib/python3.8/site-packages/airflow/example_dags/example_short_circuit_operator.py took 0.045 seconds
