[2021-08-21 22:32:25,128] {scheduler_job.py:181} INFO - Started process (PID=27362) to work on /Users/kennethlau/airflow/airflow-tutorial/env_airflow/lib/python3.8/site-packages/airflow/example_dags/example_external_task_marker_dag.py
[2021-08-21 22:32:25,128] {scheduler_job.py:632} INFO - Processing file /Users/kennethlau/airflow/airflow-tutorial/env_airflow/lib/python3.8/site-packages/airflow/example_dags/example_external_task_marker_dag.py for tasks to queue
[2021-08-21 22:32:25,129] {logging_mixin.py:104} INFO - [2021-08-21 22:32:25,129] {dagbag.py:496} INFO - Filling up the DagBag from /Users/kennethlau/airflow/airflow-tutorial/env_airflow/lib/python3.8/site-packages/airflow/example_dags/example_external_task_marker_dag.py
[2021-08-21 22:32:25,136] {scheduler_job.py:642} INFO - DAG(s) dict_keys(['example_external_task_marker_parent', 'example_external_task_marker_child']) retrieved from /Users/kennethlau/airflow/airflow-tutorial/env_airflow/lib/python3.8/site-packages/airflow/example_dags/example_external_task_marker_dag.py
[2021-08-21 22:32:25,504] {logging_mixin.py:104} INFO - [2021-08-21 22:32:25,504] {dag.py:1833} INFO - Sync 2 DAGs
[2021-08-21 22:32:25,513] {logging_mixin.py:104} INFO - [2021-08-21 22:32:25,512] {dag.py:2306} INFO - Setting next_dagrun for example_external_task_marker_child to None
[2021-08-21 22:32:25,514] {logging_mixin.py:104} INFO - [2021-08-21 22:32:25,514] {dag.py:2306} INFO - Setting next_dagrun for example_external_task_marker_parent to None
[2021-08-21 22:32:25,561] {scheduler_job.py:189} INFO - Processing /Users/kennethlau/airflow/airflow-tutorial/env_airflow/lib/python3.8/site-packages/airflow/example_dags/example_external_task_marker_dag.py took 0.434 seconds
[2021-08-21 22:33:45,546] {scheduler_job.py:181} INFO - Started process (PID=27463) to work on /Users/kennethlau/airflow/airflow-tutorial/env_airflow/lib/python3.8/site-packages/airflow/example_dags/example_external_task_marker_dag.py
[2021-08-21 22:33:45,548] {scheduler_job.py:632} INFO - Processing file /Users/kennethlau/airflow/airflow-tutorial/env_airflow/lib/python3.8/site-packages/airflow/example_dags/example_external_task_marker_dag.py for tasks to queue
[2021-08-21 22:33:45,548] {logging_mixin.py:104} INFO - [2021-08-21 22:33:45,548] {dagbag.py:496} INFO - Filling up the DagBag from /Users/kennethlau/airflow/airflow-tutorial/env_airflow/lib/python3.8/site-packages/airflow/example_dags/example_external_task_marker_dag.py
[2021-08-21 22:33:45,555] {scheduler_job.py:642} INFO - DAG(s) dict_keys(['example_external_task_marker_parent', 'example_external_task_marker_child']) retrieved from /Users/kennethlau/airflow/airflow-tutorial/env_airflow/lib/python3.8/site-packages/airflow/example_dags/example_external_task_marker_dag.py
[2021-08-21 22:33:45,749] {logging_mixin.py:104} INFO - [2021-08-21 22:33:45,749] {dag.py:1833} INFO - Sync 2 DAGs
[2021-08-21 22:33:45,755] {logging_mixin.py:104} INFO - [2021-08-21 22:33:45,754] {dag.py:2306} INFO - Setting next_dagrun for example_external_task_marker_child to None
[2021-08-21 22:33:45,755] {logging_mixin.py:104} INFO - [2021-08-21 22:33:45,755] {dag.py:2306} INFO - Setting next_dagrun for example_external_task_marker_parent to None
[2021-08-21 22:33:45,762] {scheduler_job.py:189} INFO - Processing /Users/kennethlau/airflow/airflow-tutorial/env_airflow/lib/python3.8/site-packages/airflow/example_dags/example_external_task_marker_dag.py took 0.216 seconds
[2021-08-21 22:34:56,022] {scheduler_job.py:181} INFO - Started process (PID=27535) to work on /Users/kennethlau/airflow/airflow-tutorial/env_airflow/lib/python3.8/site-packages/airflow/example_dags/example_external_task_marker_dag.py
[2021-08-21 22:34:56,023] {scheduler_job.py:632} INFO - Processing file /Users/kennethlau/airflow/airflow-tutorial/env_airflow/lib/python3.8/site-packages/airflow/example_dags/example_external_task_marker_dag.py for tasks to queue
[2021-08-21 22:34:56,023] {logging_mixin.py:104} INFO - [2021-08-21 22:34:56,023] {dagbag.py:496} INFO - Filling up the DagBag from /Users/kennethlau/airflow/airflow-tutorial/env_airflow/lib/python3.8/site-packages/airflow/example_dags/example_external_task_marker_dag.py
[2021-08-21 22:34:56,030] {scheduler_job.py:642} INFO - DAG(s) dict_keys(['example_external_task_marker_parent', 'example_external_task_marker_child']) retrieved from /Users/kennethlau/airflow/airflow-tutorial/env_airflow/lib/python3.8/site-packages/airflow/example_dags/example_external_task_marker_dag.py
[2021-08-21 22:34:56,221] {logging_mixin.py:104} INFO - [2021-08-21 22:34:56,221] {dag.py:1833} INFO - Sync 2 DAGs
[2021-08-21 22:34:56,226] {logging_mixin.py:104} INFO - [2021-08-21 22:34:56,226] {dag.py:2306} INFO - Setting next_dagrun for example_external_task_marker_child to None
[2021-08-21 22:34:56,227] {logging_mixin.py:104} INFO - [2021-08-21 22:34:56,226] {dag.py:2306} INFO - Setting next_dagrun for example_external_task_marker_parent to None
[2021-08-21 22:34:56,233] {scheduler_job.py:189} INFO - Processing /Users/kennethlau/airflow/airflow-tutorial/env_airflow/lib/python3.8/site-packages/airflow/example_dags/example_external_task_marker_dag.py took 0.212 seconds
