[2021-08-21 22:32:45,208] {scheduler_job.py:181} INFO - Started process (PID=27396) to work on /Users/kennethlau/airflow/airflow-tutorial/env_airflow/lib/python3.8/site-packages/airflow/example_dags/example_bash_operator.py
[2021-08-21 22:32:45,208] {scheduler_job.py:632} INFO - Processing file /Users/kennethlau/airflow/airflow-tutorial/env_airflow/lib/python3.8/site-packages/airflow/example_dags/example_bash_operator.py for tasks to queue
[2021-08-21 22:32:45,209] {logging_mixin.py:104} INFO - [2021-08-21 22:32:45,209] {dagbag.py:496} INFO - Filling up the DagBag from /Users/kennethlau/airflow/airflow-tutorial/env_airflow/lib/python3.8/site-packages/airflow/example_dags/example_bash_operator.py
[2021-08-21 22:32:45,218] {scheduler_job.py:642} INFO - DAG(s) dict_keys(['example_bash_operator']) retrieved from /Users/kennethlau/airflow/airflow-tutorial/env_airflow/lib/python3.8/site-packages/airflow/example_dags/example_bash_operator.py
[2021-08-21 22:32:45,446] {logging_mixin.py:104} INFO - [2021-08-21 22:32:45,445] {dag.py:1833} INFO - Sync 1 DAGs
[2021-08-21 22:32:45,453] {logging_mixin.py:104} INFO - [2021-08-21 22:32:45,453] {dag.py:2306} INFO - Setting next_dagrun for example_bash_operator to 2021-08-20 00:00:00+00:00
[2021-08-21 22:32:45,463] {scheduler_job.py:189} INFO - Processing /Users/kennethlau/airflow/airflow-tutorial/env_airflow/lib/python3.8/site-packages/airflow/example_dags/example_bash_operator.py took 0.255 seconds
[2021-08-21 22:34:01,795] {scheduler_job.py:181} INFO - Started process (PID=27479) to work on /Users/kennethlau/airflow/airflow-tutorial/env_airflow/lib/python3.8/site-packages/airflow/example_dags/example_bash_operator.py
[2021-08-21 22:34:01,796] {scheduler_job.py:632} INFO - Processing file /Users/kennethlau/airflow/airflow-tutorial/env_airflow/lib/python3.8/site-packages/airflow/example_dags/example_bash_operator.py for tasks to queue
[2021-08-21 22:34:01,796] {logging_mixin.py:104} INFO - [2021-08-21 22:34:01,796] {dagbag.py:496} INFO - Filling up the DagBag from /Users/kennethlau/airflow/airflow-tutorial/env_airflow/lib/python3.8/site-packages/airflow/example_dags/example_bash_operator.py
[2021-08-21 22:34:01,804] {scheduler_job.py:642} INFO - DAG(s) dict_keys(['example_bash_operator']) retrieved from /Users/kennethlau/airflow/airflow-tutorial/env_airflow/lib/python3.8/site-packages/airflow/example_dags/example_bash_operator.py
[2021-08-21 22:34:01,830] {logging_mixin.py:104} INFO - [2021-08-21 22:34:01,830] {dag.py:1833} INFO - Sync 1 DAGs
[2021-08-21 22:34:01,837] {logging_mixin.py:104} INFO - [2021-08-21 22:34:01,837] {dag.py:2306} INFO - Setting next_dagrun for example_bash_operator to 2021-08-20 00:00:00+00:00
[2021-08-21 22:34:01,843] {scheduler_job.py:189} INFO - Processing /Users/kennethlau/airflow/airflow-tutorial/env_airflow/lib/python3.8/site-packages/airflow/example_dags/example_bash_operator.py took 0.049 seconds
[2021-08-21 22:35:11,828] {scheduler_job.py:181} INFO - Started process (PID=27551) to work on /Users/kennethlau/airflow/airflow-tutorial/env_airflow/lib/python3.8/site-packages/airflow/example_dags/example_bash_operator.py
[2021-08-21 22:35:11,829] {scheduler_job.py:632} INFO - Processing file /Users/kennethlau/airflow/airflow-tutorial/env_airflow/lib/python3.8/site-packages/airflow/example_dags/example_bash_operator.py for tasks to queue
[2021-08-21 22:35:11,829] {logging_mixin.py:104} INFO - [2021-08-21 22:35:11,829] {dagbag.py:496} INFO - Filling up the DagBag from /Users/kennethlau/airflow/airflow-tutorial/env_airflow/lib/python3.8/site-packages/airflow/example_dags/example_bash_operator.py
[2021-08-21 22:35:11,837] {scheduler_job.py:642} INFO - DAG(s) dict_keys(['example_bash_operator']) retrieved from /Users/kennethlau/airflow/airflow-tutorial/env_airflow/lib/python3.8/site-packages/airflow/example_dags/example_bash_operator.py
[2021-08-21 22:35:11,861] {logging_mixin.py:104} INFO - [2021-08-21 22:35:11,860] {dag.py:1833} INFO - Sync 1 DAGs
[2021-08-21 22:35:11,868] {logging_mixin.py:104} INFO - [2021-08-21 22:35:11,868] {dag.py:2306} INFO - Setting next_dagrun for example_bash_operator to 2021-08-20 00:00:00+00:00
[2021-08-21 22:35:11,874] {scheduler_job.py:189} INFO - Processing /Users/kennethlau/airflow/airflow-tutorial/env_airflow/lib/python3.8/site-packages/airflow/example_dags/example_bash_operator.py took 0.046 seconds
