[2021-08-21 22:30:52,279] {scheduler_job.py:181} INFO - Started process (PID=27264) to work on /Users/kennethlau/airflow/airflow-tutorial/env_airflow/lib/python3.8/site-packages/airflow/example_dags/example_nested_branch_dag.py
[2021-08-21 22:30:52,279] {scheduler_job.py:632} INFO - Processing file /Users/kennethlau/airflow/airflow-tutorial/env_airflow/lib/python3.8/site-packages/airflow/example_dags/example_nested_branch_dag.py for tasks to queue
[2021-08-21 22:30:52,280] {logging_mixin.py:104} INFO - [2021-08-21 22:30:52,279] {dagbag.py:496} INFO - Filling up the DagBag from /Users/kennethlau/airflow/airflow-tutorial/env_airflow/lib/python3.8/site-packages/airflow/example_dags/example_nested_branch_dag.py
[2021-08-21 22:30:52,286] {scheduler_job.py:642} INFO - DAG(s) dict_keys(['example_nested_branch_dag']) retrieved from /Users/kennethlau/airflow/airflow-tutorial/env_airflow/lib/python3.8/site-packages/airflow/example_dags/example_nested_branch_dag.py
[2021-08-21 22:30:52,477] {logging_mixin.py:104} INFO - [2021-08-21 22:30:52,476] {dag.py:1833} INFO - Sync 1 DAGs
[2021-08-21 22:30:52,484] {logging_mixin.py:104} INFO - [2021-08-21 22:30:52,484] {dag.py:2306} INFO - Setting next_dagrun for example_nested_branch_dag to 2021-08-20 00:00:00+00:00
[2021-08-21 22:30:52,492] {scheduler_job.py:189} INFO - Processing /Users/kennethlau/airflow/airflow-tutorial/env_airflow/lib/python3.8/site-packages/airflow/example_dags/example_nested_branch_dag.py took 0.214 seconds
[2021-08-21 22:32:14,868] {scheduler_job.py:181} INFO - Started process (PID=27352) to work on /Users/kennethlau/airflow/airflow-tutorial/env_airflow/lib/python3.8/site-packages/airflow/example_dags/example_nested_branch_dag.py
[2021-08-21 22:32:14,870] {scheduler_job.py:632} INFO - Processing file /Users/kennethlau/airflow/airflow-tutorial/env_airflow/lib/python3.8/site-packages/airflow/example_dags/example_nested_branch_dag.py for tasks to queue
[2021-08-21 22:32:14,870] {logging_mixin.py:104} INFO - [2021-08-21 22:32:14,870] {dagbag.py:496} INFO - Filling up the DagBag from /Users/kennethlau/airflow/airflow-tutorial/env_airflow/lib/python3.8/site-packages/airflow/example_dags/example_nested_branch_dag.py
[2021-08-21 22:32:14,879] {scheduler_job.py:642} INFO - DAG(s) dict_keys(['example_nested_branch_dag']) retrieved from /Users/kennethlau/airflow/airflow-tutorial/env_airflow/lib/python3.8/site-packages/airflow/example_dags/example_nested_branch_dag.py
[2021-08-21 22:32:14,907] {logging_mixin.py:104} INFO - [2021-08-21 22:32:14,907] {dag.py:1833} INFO - Sync 1 DAGs
[2021-08-21 22:32:14,915] {logging_mixin.py:104} INFO - [2021-08-21 22:32:14,915] {dag.py:2306} INFO - Setting next_dagrun for example_nested_branch_dag to 2021-08-20 00:00:00+00:00
[2021-08-21 22:32:14,922] {scheduler_job.py:189} INFO - Processing /Users/kennethlau/airflow/airflow-tutorial/env_airflow/lib/python3.8/site-packages/airflow/example_dags/example_nested_branch_dag.py took 0.054 seconds
[2021-08-21 22:33:24,914] {scheduler_job.py:181} INFO - Started process (PID=27443) to work on /Users/kennethlau/airflow/airflow-tutorial/env_airflow/lib/python3.8/site-packages/airflow/example_dags/example_nested_branch_dag.py
[2021-08-21 22:33:24,916] {scheduler_job.py:632} INFO - Processing file /Users/kennethlau/airflow/airflow-tutorial/env_airflow/lib/python3.8/site-packages/airflow/example_dags/example_nested_branch_dag.py for tasks to queue
[2021-08-21 22:33:24,916] {logging_mixin.py:104} INFO - [2021-08-21 22:33:24,916] {dagbag.py:496} INFO - Filling up the DagBag from /Users/kennethlau/airflow/airflow-tutorial/env_airflow/lib/python3.8/site-packages/airflow/example_dags/example_nested_branch_dag.py
[2021-08-21 22:33:24,925] {scheduler_job.py:642} INFO - DAG(s) dict_keys(['example_nested_branch_dag']) retrieved from /Users/kennethlau/airflow/airflow-tutorial/env_airflow/lib/python3.8/site-packages/airflow/example_dags/example_nested_branch_dag.py
[2021-08-21 22:33:24,952] {logging_mixin.py:104} INFO - [2021-08-21 22:33:24,952] {dag.py:1833} INFO - Sync 1 DAGs
[2021-08-21 22:33:24,960] {logging_mixin.py:104} INFO - [2021-08-21 22:33:24,960] {dag.py:2306} INFO - Setting next_dagrun for example_nested_branch_dag to 2021-08-20 00:00:00+00:00
[2021-08-21 22:33:24,966] {scheduler_job.py:189} INFO - Processing /Users/kennethlau/airflow/airflow-tutorial/env_airflow/lib/python3.8/site-packages/airflow/example_dags/example_nested_branch_dag.py took 0.052 seconds
[2021-08-21 22:34:37,714] {scheduler_job.py:181} INFO - Started process (PID=27517) to work on /Users/kennethlau/airflow/airflow-tutorial/env_airflow/lib/python3.8/site-packages/airflow/example_dags/example_nested_branch_dag.py
[2021-08-21 22:34:37,715] {scheduler_job.py:632} INFO - Processing file /Users/kennethlau/airflow/airflow-tutorial/env_airflow/lib/python3.8/site-packages/airflow/example_dags/example_nested_branch_dag.py for tasks to queue
[2021-08-21 22:34:37,715] {logging_mixin.py:104} INFO - [2021-08-21 22:34:37,715] {dagbag.py:496} INFO - Filling up the DagBag from /Users/kennethlau/airflow/airflow-tutorial/env_airflow/lib/python3.8/site-packages/airflow/example_dags/example_nested_branch_dag.py
[2021-08-21 22:34:37,723] {scheduler_job.py:642} INFO - DAG(s) dict_keys(['example_nested_branch_dag']) retrieved from /Users/kennethlau/airflow/airflow-tutorial/env_airflow/lib/python3.8/site-packages/airflow/example_dags/example_nested_branch_dag.py
[2021-08-21 22:34:37,747] {logging_mixin.py:104} INFO - [2021-08-21 22:34:37,747] {dag.py:1833} INFO - Sync 1 DAGs
[2021-08-21 22:34:37,754] {logging_mixin.py:104} INFO - [2021-08-21 22:34:37,754] {dag.py:2306} INFO - Setting next_dagrun for example_nested_branch_dag to 2021-08-20 00:00:00+00:00
[2021-08-21 22:34:37,760] {scheduler_job.py:189} INFO - Processing /Users/kennethlau/airflow/airflow-tutorial/env_airflow/lib/python3.8/site-packages/airflow/example_dags/example_nested_branch_dag.py took 0.047 seconds
