[2021-08-21 22:17:11,100] {scheduler_job.py:181} INFO - Started process (PID=26919) to work on /Users/kennethlau/airflow/airflow-tutorial/env_airflow/lib/python3.8/site-packages/airflow/example_dags/tutorial_taskflow_api_etl.py
[2021-08-21 22:17:11,100] {scheduler_job.py:632} INFO - Processing file /Users/kennethlau/airflow/airflow-tutorial/env_airflow/lib/python3.8/site-packages/airflow/example_dags/tutorial_taskflow_api_etl.py for tasks to queue
[2021-08-21 22:17:11,100] {logging_mixin.py:104} INFO - [2021-08-21 22:17:11,100] {dagbag.py:496} INFO - Filling up the DagBag from /Users/kennethlau/airflow/airflow-tutorial/env_airflow/lib/python3.8/site-packages/airflow/example_dags/tutorial_taskflow_api_etl.py
[2021-08-21 22:17:11,108] {scheduler_job.py:642} INFO - DAG(s) dict_keys(['tutorial_taskflow_api_etl']) retrieved from /Users/kennethlau/airflow/airflow-tutorial/env_airflow/lib/python3.8/site-packages/airflow/example_dags/tutorial_taskflow_api_etl.py
[2021-08-21 22:17:11,300] {logging_mixin.py:104} INFO - [2021-08-21 22:17:11,300] {dag.py:1833} INFO - Sync 1 DAGs
[2021-08-21 22:17:11,305] {logging_mixin.py:104} INFO - [2021-08-21 22:17:11,305] {dag.py:2306} INFO - Setting next_dagrun for tutorial_taskflow_api_etl to None
[2021-08-21 22:17:11,313] {scheduler_job.py:189} INFO - Processing /Users/kennethlau/airflow/airflow-tutorial/env_airflow/lib/python3.8/site-packages/airflow/example_dags/tutorial_taskflow_api_etl.py took 0.213 seconds
[2021-08-21 22:30:34,569] {scheduler_job.py:181} INFO - Started process (PID=27233) to work on /Users/kennethlau/airflow/airflow-tutorial/env_airflow/lib/python3.8/site-packages/airflow/example_dags/tutorial_taskflow_api_etl.py
[2021-08-21 22:30:34,570] {scheduler_job.py:632} INFO - Processing file /Users/kennethlau/airflow/airflow-tutorial/env_airflow/lib/python3.8/site-packages/airflow/example_dags/tutorial_taskflow_api_etl.py for tasks to queue
[2021-08-21 22:30:34,570] {logging_mixin.py:104} INFO - [2021-08-21 22:30:34,570] {dagbag.py:496} INFO - Filling up the DagBag from /Users/kennethlau/airflow/airflow-tutorial/env_airflow/lib/python3.8/site-packages/airflow/example_dags/tutorial_taskflow_api_etl.py
[2021-08-21 22:30:34,580] {scheduler_job.py:642} INFO - DAG(s) dict_keys(['tutorial_taskflow_api_etl']) retrieved from /Users/kennethlau/airflow/airflow-tutorial/env_airflow/lib/python3.8/site-packages/airflow/example_dags/tutorial_taskflow_api_etl.py
[2021-08-21 22:30:34,799] {logging_mixin.py:104} INFO - [2021-08-21 22:30:34,799] {dag.py:1833} INFO - Sync 1 DAGs
[2021-08-21 22:30:34,805] {logging_mixin.py:104} INFO - [2021-08-21 22:30:34,805] {dag.py:2306} INFO - Setting next_dagrun for tutorial_taskflow_api_etl to None
[2021-08-21 22:30:34,812] {scheduler_job.py:189} INFO - Processing /Users/kennethlau/airflow/airflow-tutorial/env_airflow/lib/python3.8/site-packages/airflow/example_dags/tutorial_taskflow_api_etl.py took 0.243 seconds
[2021-08-21 22:31:42,542] {scheduler_job.py:181} INFO - Started process (PID=27310) to work on /Users/kennethlau/airflow/airflow-tutorial/env_airflow/lib/python3.8/site-packages/airflow/example_dags/tutorial_taskflow_api_etl.py
[2021-08-21 22:31:42,544] {scheduler_job.py:632} INFO - Processing file /Users/kennethlau/airflow/airflow-tutorial/env_airflow/lib/python3.8/site-packages/airflow/example_dags/tutorial_taskflow_api_etl.py for tasks to queue
[2021-08-21 22:31:42,544] {logging_mixin.py:104} INFO - [2021-08-21 22:31:42,544] {dagbag.py:496} INFO - Filling up the DagBag from /Users/kennethlau/airflow/airflow-tutorial/env_airflow/lib/python3.8/site-packages/airflow/example_dags/tutorial_taskflow_api_etl.py
[2021-08-21 22:31:42,553] {scheduler_job.py:642} INFO - DAG(s) dict_keys(['tutorial_taskflow_api_etl']) retrieved from /Users/kennethlau/airflow/airflow-tutorial/env_airflow/lib/python3.8/site-packages/airflow/example_dags/tutorial_taskflow_api_etl.py
[2021-08-21 22:31:42,745] {logging_mixin.py:104} INFO - [2021-08-21 22:31:42,745] {dag.py:1833} INFO - Sync 1 DAGs
[2021-08-21 22:31:42,751] {logging_mixin.py:104} INFO - [2021-08-21 22:31:42,751] {dag.py:2306} INFO - Setting next_dagrun for tutorial_taskflow_api_etl to None
[2021-08-21 22:31:42,758] {scheduler_job.py:189} INFO - Processing /Users/kennethlau/airflow/airflow-tutorial/env_airflow/lib/python3.8/site-packages/airflow/example_dags/tutorial_taskflow_api_etl.py took 0.216 seconds
[2021-08-21 22:32:53,988] {scheduler_job.py:181} INFO - Started process (PID=27407) to work on /Users/kennethlau/airflow/airflow-tutorial/env_airflow/lib/python3.8/site-packages/airflow/example_dags/tutorial_taskflow_api_etl.py
[2021-08-21 22:32:53,989] {scheduler_job.py:632} INFO - Processing file /Users/kennethlau/airflow/airflow-tutorial/env_airflow/lib/python3.8/site-packages/airflow/example_dags/tutorial_taskflow_api_etl.py for tasks to queue
[2021-08-21 22:32:53,989] {logging_mixin.py:104} INFO - [2021-08-21 22:32:53,989] {dagbag.py:496} INFO - Filling up the DagBag from /Users/kennethlau/airflow/airflow-tutorial/env_airflow/lib/python3.8/site-packages/airflow/example_dags/tutorial_taskflow_api_etl.py
[2021-08-21 22:32:53,998] {scheduler_job.py:642} INFO - DAG(s) dict_keys(['tutorial_taskflow_api_etl']) retrieved from /Users/kennethlau/airflow/airflow-tutorial/env_airflow/lib/python3.8/site-packages/airflow/example_dags/tutorial_taskflow_api_etl.py
[2021-08-21 22:32:54,195] {logging_mixin.py:104} INFO - [2021-08-21 22:32:54,195] {dag.py:1833} INFO - Sync 1 DAGs
[2021-08-21 22:32:54,201] {logging_mixin.py:104} INFO - [2021-08-21 22:32:54,201] {dag.py:2306} INFO - Setting next_dagrun for tutorial_taskflow_api_etl to None
[2021-08-21 22:32:54,209] {scheduler_job.py:189} INFO - Processing /Users/kennethlau/airflow/airflow-tutorial/env_airflow/lib/python3.8/site-packages/airflow/example_dags/tutorial_taskflow_api_etl.py took 0.222 seconds
[2021-08-21 22:33:33,514] {scheduler_job.py:181} INFO - Started process (PID=27451) to work on /Users/kennethlau/airflow/airflow-tutorial/env_airflow/lib/python3.8/site-packages/airflow/example_dags/tutorial_taskflow_api_etl.py
[2021-08-21 22:33:33,514] {scheduler_job.py:632} INFO - Processing file /Users/kennethlau/airflow/airflow-tutorial/env_airflow/lib/python3.8/site-packages/airflow/example_dags/tutorial_taskflow_api_etl.py for tasks to queue
[2021-08-21 22:33:33,515] {logging_mixin.py:104} INFO - [2021-08-21 22:33:33,514] {dagbag.py:496} INFO - Filling up the DagBag from /Users/kennethlau/airflow/airflow-tutorial/env_airflow/lib/python3.8/site-packages/airflow/example_dags/tutorial_taskflow_api_etl.py
[2021-08-21 22:33:33,524] {scheduler_job.py:642} INFO - DAG(s) dict_keys(['tutorial_taskflow_api_etl']) retrieved from /Users/kennethlau/airflow/airflow-tutorial/env_airflow/lib/python3.8/site-packages/airflow/example_dags/tutorial_taskflow_api_etl.py
[2021-08-21 22:33:33,714] {logging_mixin.py:104} INFO - [2021-08-21 22:33:33,714] {dag.py:1833} INFO - Sync 1 DAGs
[2021-08-21 22:33:33,719] {logging_mixin.py:104} INFO - [2021-08-21 22:33:33,719] {dag.py:2306} INFO - Setting next_dagrun for tutorial_taskflow_api_etl to None
[2021-08-21 22:33:33,726] {scheduler_job.py:189} INFO - Processing /Users/kennethlau/airflow/airflow-tutorial/env_airflow/lib/python3.8/site-packages/airflow/example_dags/tutorial_taskflow_api_etl.py took 0.213 seconds
[2021-08-21 22:34:43,934] {scheduler_job.py:181} INFO - Started process (PID=27523) to work on /Users/kennethlau/airflow/airflow-tutorial/env_airflow/lib/python3.8/site-packages/airflow/example_dags/tutorial_taskflow_api_etl.py
[2021-08-21 22:34:43,935] {scheduler_job.py:632} INFO - Processing file /Users/kennethlau/airflow/airflow-tutorial/env_airflow/lib/python3.8/site-packages/airflow/example_dags/tutorial_taskflow_api_etl.py for tasks to queue
[2021-08-21 22:34:43,936] {logging_mixin.py:104} INFO - [2021-08-21 22:34:43,935] {dagbag.py:496} INFO - Filling up the DagBag from /Users/kennethlau/airflow/airflow-tutorial/env_airflow/lib/python3.8/site-packages/airflow/example_dags/tutorial_taskflow_api_etl.py
[2021-08-21 22:34:43,944] {scheduler_job.py:642} INFO - DAG(s) dict_keys(['tutorial_taskflow_api_etl']) retrieved from /Users/kennethlau/airflow/airflow-tutorial/env_airflow/lib/python3.8/site-packages/airflow/example_dags/tutorial_taskflow_api_etl.py
[2021-08-21 22:34:44,133] {logging_mixin.py:104} INFO - [2021-08-21 22:34:44,133] {dag.py:1833} INFO - Sync 1 DAGs
[2021-08-21 22:34:44,138] {logging_mixin.py:104} INFO - [2021-08-21 22:34:44,138] {dag.py:2306} INFO - Setting next_dagrun for tutorial_taskflow_api_etl to None
[2021-08-21 22:34:44,146] {scheduler_job.py:189} INFO - Processing /Users/kennethlau/airflow/airflow-tutorial/env_airflow/lib/python3.8/site-packages/airflow/example_dags/tutorial_taskflow_api_etl.py took 0.213 seconds
