[2021-08-21 22:51:22,332] {taskinstance.py:896} INFO - Dependencies all met for <TaskInstance: weather_prediction_airflow.install_reqs 2021-08-20T00:00:00+00:00 [queued]>
[2021-08-21 22:51:22,338] {taskinstance.py:896} INFO - Dependencies all met for <TaskInstance: weather_prediction_airflow.install_reqs 2021-08-20T00:00:00+00:00 [queued]>
[2021-08-21 22:51:22,338] {taskinstance.py:1087} INFO - 
--------------------------------------------------------------------------------
[2021-08-21 22:51:22,338] {taskinstance.py:1088} INFO - Starting attempt 1 of 2
[2021-08-21 22:51:22,338] {taskinstance.py:1089} INFO - 
--------------------------------------------------------------------------------
[2021-08-21 22:51:22,342] {taskinstance.py:1107} INFO - Executing <Task(BashOperator): install_reqs> on 2021-08-20T00:00:00+00:00
[2021-08-21 22:51:22,345] {standard_task_runner.py:52} INFO - Started process 27864 to run task
[2021-08-21 22:51:22,350] {standard_task_runner.py:76} INFO - Running: ['airflow', 'tasks', 'run', 'weather_prediction_airflow', 'install_reqs', '2021-08-20T00:00:00+00:00', '--job-id', '71', '--pool', 'default_pool', '--raw', '--subdir', 'DAGS_FOLDER/Airflow.py', '--cfg-path', '/var/folders/kh/c93m3t_d2rgcvcbylylqtx240000gn/T/tmpjoaud66o', '--error-file', '/var/folders/kh/c93m3t_d2rgcvcbylylqtx240000gn/T/tmpn80787b5']
[2021-08-21 22:51:22,352] {standard_task_runner.py:77} INFO - Job 71: Subtask install_reqs
[2021-08-21 22:51:22,378] {logging_mixin.py:104} INFO - Running <TaskInstance: weather_prediction_airflow.install_reqs 2021-08-20T00:00:00+00:00 [running]> on host Kenneths-MacBook-Pro.local
[2021-08-21 22:51:22,402] {taskinstance.py:1300} INFO - Exporting the following env vars:
AIRFLOW_CTX_DAG_EMAIL=airflow@example.com
AIRFLOW_CTX_DAG_OWNER=airflow
AIRFLOW_CTX_DAG_ID=weather_prediction_airflow
AIRFLOW_CTX_TASK_ID=install_reqs
AIRFLOW_CTX_EXECUTION_DATE=2021-08-20T00:00:00+00:00
AIRFLOW_CTX_DAG_RUN_ID=scheduled__2021-08-20T00:00:00+00:00
[2021-08-21 22:51:22,402] {subprocess.py:52} INFO - Tmp dir root location: 
 /var/folders/kh/c93m3t_d2rgcvcbylylqtx240000gn/T
[2021-08-21 22:51:22,403] {subprocess.py:63} INFO - Running command: ['bash', '-c', 'pip install -r /Users/kennethlau/airflow/requirements.txt']
[2021-08-21 22:51:22,409] {subprocess.py:74} INFO - Output:
[2021-08-21 22:51:23,128] {subprocess.py:78} INFO - Requirement already satisfied: matplotlib==3.3.4 in /Users/kennethlau/airflow/airflow-tutorial/env_airflow/lib/python3.8/site-packages (from -r /Users/kennethlau/airflow/requirements.txt (line 1)) (3.3.4)
[2021-08-21 22:51:23,136] {subprocess.py:78} INFO - Requirement already satisfied: pandas==1.2.4 in /Users/kennethlau/airflow/airflow-tutorial/env_airflow/lib/python3.8/site-packages (from -r /Users/kennethlau/airflow/requirements.txt (line 2)) (1.2.4)
[2021-08-21 22:51:23,144] {subprocess.py:78} INFO - Requirement already satisfied: numpy==1.20.1 in /Users/kennethlau/airflow/airflow-tutorial/env_airflow/lib/python3.8/site-packages (from -r /Users/kennethlau/airflow/requirements.txt (line 3)) (1.20.1)
[2021-08-21 22:51:23,146] {subprocess.py:78} INFO - Requirement already satisfied: statsmodels==0.12.2 in /Users/kennethlau/airflow/airflow-tutorial/env_airflow/lib/python3.8/site-packages (from -r /Users/kennethlau/airflow/requirements.txt (line 4)) (0.12.2)
[2021-08-21 22:51:23,158] {subprocess.py:78} INFO - Requirement already satisfied: scikit-learn==0.24.1 in /Users/kennethlau/airflow/airflow-tutorial/env_airflow/lib/python3.8/site-packages (from -r /Users/kennethlau/airflow/requirements.txt (line 5)) (0.24.1)
[2021-08-21 22:51:23,182] {subprocess.py:78} INFO - Requirement already satisfied: cycler>=0.10 in /Users/kennethlau/airflow/airflow-tutorial/env_airflow/lib/python3.8/site-packages (from matplotlib==3.3.4->-r /Users/kennethlau/airflow/requirements.txt (line 1)) (0.10.0)
[2021-08-21 22:51:23,184] {subprocess.py:78} INFO - Requirement already satisfied: kiwisolver>=1.0.1 in /Users/kennethlau/airflow/airflow-tutorial/env_airflow/lib/python3.8/site-packages (from matplotlib==3.3.4->-r /Users/kennethlau/airflow/requirements.txt (line 1)) (1.3.1)
[2021-08-21 22:51:23,185] {subprocess.py:78} INFO - Requirement already satisfied: pyparsing!=2.0.4,!=2.1.2,!=2.1.6,>=2.0.3 in /Users/kennethlau/airflow/airflow-tutorial/env_airflow/lib/python3.8/site-packages (from matplotlib==3.3.4->-r /Users/kennethlau/airflow/requirements.txt (line 1)) (2.4.7)
[2021-08-21 22:51:23,187] {subprocess.py:78} INFO - Requirement already satisfied: pillow>=6.2.0 in /Users/kennethlau/airflow/airflow-tutorial/env_airflow/lib/python3.8/site-packages (from matplotlib==3.3.4->-r /Users/kennethlau/airflow/requirements.txt (line 1)) (8.3.1)
[2021-08-21 22:51:23,189] {subprocess.py:78} INFO - Requirement already satisfied: python-dateutil>=2.1 in /Users/kennethlau/airflow/airflow-tutorial/env_airflow/lib/python3.8/site-packages (from matplotlib==3.3.4->-r /Users/kennethlau/airflow/requirements.txt (line 1)) (2.8.2)
[2021-08-21 22:51:23,192] {subprocess.py:78} INFO - Requirement already satisfied: pytz>=2017.3 in /Users/kennethlau/airflow/airflow-tutorial/env_airflow/lib/python3.8/site-packages (from pandas==1.2.4->-r /Users/kennethlau/airflow/requirements.txt (line 2)) (2021.1)
[2021-08-21 22:51:23,194] {subprocess.py:78} INFO - Requirement already satisfied: patsy>=0.5 in /Users/kennethlau/airflow/airflow-tutorial/env_airflow/lib/python3.8/site-packages (from statsmodels==0.12.2->-r /Users/kennethlau/airflow/requirements.txt (line 4)) (0.5.1)
[2021-08-21 22:51:23,196] {subprocess.py:78} INFO - Requirement already satisfied: scipy>=1.1 in /Users/kennethlau/airflow/airflow-tutorial/env_airflow/lib/python3.8/site-packages (from statsmodels==0.12.2->-r /Users/kennethlau/airflow/requirements.txt (line 4)) (1.7.1)
[2021-08-21 22:51:23,200] {subprocess.py:78} INFO - Requirement already satisfied: joblib>=0.11 in /Users/kennethlau/airflow/airflow-tutorial/env_airflow/lib/python3.8/site-packages (from scikit-learn==0.24.1->-r /Users/kennethlau/airflow/requirements.txt (line 5)) (1.0.1)
[2021-08-21 22:51:23,201] {subprocess.py:78} INFO - Requirement already satisfied: threadpoolctl>=2.0.0 in /Users/kennethlau/airflow/airflow-tutorial/env_airflow/lib/python3.8/site-packages (from scikit-learn==0.24.1->-r /Users/kennethlau/airflow/requirements.txt (line 5)) (2.2.0)
[2021-08-21 22:51:23,203] {subprocess.py:78} INFO - Requirement already satisfied: six in /Users/kennethlau/airflow/airflow-tutorial/env_airflow/lib/python3.8/site-packages (from cycler>=0.10->matplotlib==3.3.4->-r /Users/kennethlau/airflow/requirements.txt (line 1)) (1.16.0)
[2021-08-21 22:51:25,608] {subprocess.py:78} INFO - WARNING: You are using pip version 20.2.3; however, version 21.2.4 is available.
[2021-08-21 22:51:25,608] {subprocess.py:78} INFO - You should consider upgrading via the '/Users/kennethlau/airflow/airflow-tutorial/env_airflow/bin/python3 -m pip install --upgrade pip' command.
[2021-08-21 22:51:25,669] {subprocess.py:82} INFO - Command exited with return code 0
[2021-08-21 22:51:25,684] {taskinstance.py:1204} INFO - Marking task as SUCCESS. dag_id=weather_prediction_airflow, task_id=install_reqs, execution_date=20210820T000000, start_date=20210822T025122, end_date=20210822T025125
[2021-08-21 22:51:25,697] {taskinstance.py:1265} INFO - 1 downstream tasks scheduled from follow-on schedule check
[2021-08-21 22:51:25,723] {local_task_job.py:149} INFO - Task exited with return code 0
