[2021-08-21 22:41:52,626] {taskinstance.py:896} INFO - Dependencies all met for <TaskInstance: weather_prediction_airflow.install_reqs 2021-08-18T00:00:00+00:00 [queued]>
[2021-08-21 22:41:52,631] {taskinstance.py:896} INFO - Dependencies all met for <TaskInstance: weather_prediction_airflow.install_reqs 2021-08-18T00:00:00+00:00 [queued]>
[2021-08-21 22:41:52,631] {taskinstance.py:1087} INFO - 
--------------------------------------------------------------------------------
[2021-08-21 22:41:52,632] {taskinstance.py:1088} INFO - Starting attempt 1 of 2
[2021-08-21 22:41:52,632] {taskinstance.py:1089} INFO - 
--------------------------------------------------------------------------------
[2021-08-21 22:41:52,636] {taskinstance.py:1107} INFO - Executing <Task(BashOperator): install_reqs> on 2021-08-18T00:00:00+00:00
[2021-08-21 22:41:52,638] {standard_task_runner.py:52} INFO - Started process 27744 to run task
[2021-08-21 22:41:52,645] {standard_task_runner.py:76} INFO - Running: ['airflow', 'tasks', 'run', 'weather_prediction_airflow', 'install_reqs', '2021-08-18T00:00:00+00:00', '--job-id', '64', '--pool', 'default_pool', '--raw', '--subdir', 'DAGS_FOLDER/Airflow.py', '--cfg-path', '/var/folders/kh/c93m3t_d2rgcvcbylylqtx240000gn/T/tmpy2iqmvpy', '--error-file', '/var/folders/kh/c93m3t_d2rgcvcbylylqtx240000gn/T/tmpxzsrk3c2']
[2021-08-21 22:41:52,646] {standard_task_runner.py:77} INFO - Job 64: Subtask install_reqs
[2021-08-21 22:41:52,672] {logging_mixin.py:104} INFO - Running <TaskInstance: weather_prediction_airflow.install_reqs 2021-08-18T00:00:00+00:00 [running]> on host 1.0.0.127.in-addr.arpa
[2021-08-21 22:41:52,694] {taskinstance.py:1300} INFO - Exporting the following env vars:
AIRFLOW_CTX_DAG_EMAIL=airflow@example.com
AIRFLOW_CTX_DAG_OWNER=airflow
AIRFLOW_CTX_DAG_ID=weather_prediction_airflow
AIRFLOW_CTX_TASK_ID=install_reqs
AIRFLOW_CTX_EXECUTION_DATE=2021-08-18T00:00:00+00:00
AIRFLOW_CTX_DAG_RUN_ID=scheduled__2021-08-18T00:00:00+00:00
[2021-08-21 22:41:52,695] {subprocess.py:52} INFO - Tmp dir root location: 
 /var/folders/kh/c93m3t_d2rgcvcbylylqtx240000gn/T
[2021-08-21 22:41:52,696] {subprocess.py:63} INFO - Running command: ['bash', '-c', 'pip install -r /Users/kennethlau/airflow/requirements.txt']
[2021-08-21 22:41:52,701] {subprocess.py:74} INFO - Output:
[2021-08-21 22:41:53,041] {subprocess.py:78} INFO - Requirement already satisfied: matplotlib==3.3.4 in /Users/kennethlau/airflow/airflow-tutorial/env_airflow/lib/python3.8/site-packages (from -r /Users/kennethlau/airflow/requirements.txt (line 1)) (3.3.4)
[2021-08-21 22:41:53,047] {subprocess.py:78} INFO - Requirement already satisfied: pandas==1.2.4 in /Users/kennethlau/airflow/airflow-tutorial/env_airflow/lib/python3.8/site-packages (from -r /Users/kennethlau/airflow/requirements.txt (line 2)) (1.2.4)
[2021-08-21 22:41:53,053] {subprocess.py:78} INFO - Requirement already satisfied: numpy==1.20.1 in /Users/kennethlau/airflow/airflow-tutorial/env_airflow/lib/python3.8/site-packages (from -r /Users/kennethlau/airflow/requirements.txt (line 3)) (1.20.1)
[2021-08-21 22:41:53,054] {subprocess.py:78} INFO - Requirement already satisfied: statsmodels==0.12.2 in /Users/kennethlau/airflow/airflow-tutorial/env_airflow/lib/python3.8/site-packages (from -r /Users/kennethlau/airflow/requirements.txt (line 4)) (0.12.2)
[2021-08-21 22:41:53,065] {subprocess.py:78} INFO - Requirement already satisfied: scikit-learn==0.24.1 in /Users/kennethlau/airflow/airflow-tutorial/env_airflow/lib/python3.8/site-packages (from -r /Users/kennethlau/airflow/requirements.txt (line 5)) (0.24.1)
[2021-08-21 22:41:53,087] {subprocess.py:78} INFO - Requirement already satisfied: python-dateutil>=2.1 in /Users/kennethlau/airflow/airflow-tutorial/env_airflow/lib/python3.8/site-packages (from matplotlib==3.3.4->-r /Users/kennethlau/airflow/requirements.txt (line 1)) (2.8.2)
[2021-08-21 22:41:53,090] {subprocess.py:78} INFO - Requirement already satisfied: pillow>=6.2.0 in /Users/kennethlau/airflow/airflow-tutorial/env_airflow/lib/python3.8/site-packages (from matplotlib==3.3.4->-r /Users/kennethlau/airflow/requirements.txt (line 1)) (8.3.1)
[2021-08-21 22:41:53,091] {subprocess.py:78} INFO - Requirement already satisfied: pyparsing!=2.0.4,!=2.1.2,!=2.1.6,>=2.0.3 in /Users/kennethlau/airflow/airflow-tutorial/env_airflow/lib/python3.8/site-packages (from matplotlib==3.3.4->-r /Users/kennethlau/airflow/requirements.txt (line 1)) (2.4.7)
[2021-08-21 22:41:53,092] {subprocess.py:78} INFO - Requirement already satisfied: cycler>=0.10 in /Users/kennethlau/airflow/airflow-tutorial/env_airflow/lib/python3.8/site-packages (from matplotlib==3.3.4->-r /Users/kennethlau/airflow/requirements.txt (line 1)) (0.10.0)
[2021-08-21 22:41:53,094] {subprocess.py:78} INFO - Requirement already satisfied: kiwisolver>=1.0.1 in /Users/kennethlau/airflow/airflow-tutorial/env_airflow/lib/python3.8/site-packages (from matplotlib==3.3.4->-r /Users/kennethlau/airflow/requirements.txt (line 1)) (1.3.1)
[2021-08-21 22:41:53,095] {subprocess.py:78} INFO - Requirement already satisfied: pytz>=2017.3 in /Users/kennethlau/airflow/airflow-tutorial/env_airflow/lib/python3.8/site-packages (from pandas==1.2.4->-r /Users/kennethlau/airflow/requirements.txt (line 2)) (2021.1)
[2021-08-21 22:41:53,097] {subprocess.py:78} INFO - Requirement already satisfied: scipy>=1.1 in /Users/kennethlau/airflow/airflow-tutorial/env_airflow/lib/python3.8/site-packages (from statsmodels==0.12.2->-r /Users/kennethlau/airflow/requirements.txt (line 4)) (1.7.1)
[2021-08-21 22:41:53,099] {subprocess.py:78} INFO - Requirement already satisfied: patsy>=0.5 in /Users/kennethlau/airflow/airflow-tutorial/env_airflow/lib/python3.8/site-packages (from statsmodels==0.12.2->-r /Users/kennethlau/airflow/requirements.txt (line 4)) (0.5.1)
[2021-08-21 22:41:53,101] {subprocess.py:78} INFO - Requirement already satisfied: joblib>=0.11 in /Users/kennethlau/airflow/airflow-tutorial/env_airflow/lib/python3.8/site-packages (from scikit-learn==0.24.1->-r /Users/kennethlau/airflow/requirements.txt (line 5)) (1.0.1)
[2021-08-21 22:41:53,103] {subprocess.py:78} INFO - Requirement already satisfied: threadpoolctl>=2.0.0 in /Users/kennethlau/airflow/airflow-tutorial/env_airflow/lib/python3.8/site-packages (from scikit-learn==0.24.1->-r /Users/kennethlau/airflow/requirements.txt (line 5)) (2.2.0)
[2021-08-21 22:41:53,104] {subprocess.py:78} INFO - Requirement already satisfied: six>=1.5 in /Users/kennethlau/airflow/airflow-tutorial/env_airflow/lib/python3.8/site-packages (from python-dateutil>=2.1->matplotlib==3.3.4->-r /Users/kennethlau/airflow/requirements.txt (line 1)) (1.16.0)
[2021-08-21 22:41:55,430] {subprocess.py:78} INFO - WARNING: You are using pip version 20.2.3; however, version 21.2.4 is available.
[2021-08-21 22:41:55,430] {subprocess.py:78} INFO - You should consider upgrading via the '/Users/kennethlau/airflow/airflow-tutorial/env_airflow/bin/python3 -m pip install --upgrade pip' command.
[2021-08-21 22:41:55,487] {subprocess.py:82} INFO - Command exited with return code 0
[2021-08-21 22:41:55,499] {taskinstance.py:1204} INFO - Marking task as SUCCESS. dag_id=weather_prediction_airflow, task_id=install_reqs, execution_date=20210818T000000, start_date=20210822T024152, end_date=20210822T024155
[2021-08-21 22:41:55,513] {taskinstance.py:1265} INFO - 1 downstream tasks scheduled from follow-on schedule check
[2021-08-21 22:41:55,562] {local_task_job.py:149} INFO - Task exited with return code 0
