[2021-08-04 20:26:21,588] {taskinstance.py:896} INFO - Dependencies all met for <TaskInstance: tutorial.templated 2021-08-04T00:00:00+00:00 [queued]>
[2021-08-04 20:26:21,625] {taskinstance.py:896} INFO - Dependencies all met for <TaskInstance: tutorial.templated 2021-08-04T00:00:00+00:00 [queued]>
[2021-08-04 20:26:21,625] {taskinstance.py:1087} INFO - 
--------------------------------------------------------------------------------
[2021-08-04 20:26:21,626] {taskinstance.py:1088} INFO - Starting attempt 1 of 2
[2021-08-04 20:26:21,626] {taskinstance.py:1089} INFO - 
--------------------------------------------------------------------------------
[2021-08-04 20:26:21,665] {taskinstance.py:1107} INFO - Executing <Task(BashOperator): templated> on 2021-08-04T00:00:00+00:00
[2021-08-04 20:26:21,679] {standard_task_runner.py:52} INFO - Started process 84230 to run task
[2021-08-04 20:26:21,734] {standard_task_runner.py:76} INFO - Running: ['airflow', 'tasks', 'run', 'tutorial', 'templated', '2021-08-04T00:00:00+00:00', '--job-id', '18', '--pool', 'default_pool', '--raw', '--subdir', '/Users/kennethlau/airflow/airflow-tutorial/env_airflow/lib/python3.8/site-packages/airflow/example_dags/tutorial.py', '--cfg-path', '/var/folders/kh/c93m3t_d2rgcvcbylylqtx240000gn/T/tmpitnjzxkh', '--error-file', '/var/folders/kh/c93m3t_d2rgcvcbylylqtx240000gn/T/tmp743imdk6']
[2021-08-04 20:26:21,745] {standard_task_runner.py:77} INFO - Job 18: Subtask templated
[2021-08-04 20:26:21,980] {logging_mixin.py:104} INFO - Running <TaskInstance: tutorial.templated 2021-08-04T00:00:00+00:00 [running]> on host 1.0.0.0.0.0.0.0.0.0.0.0.0.0.0.0.0.0.0.0.0.0.0.0.0.0.0.0.0.0.0.0.ip6.arpa
[2021-08-04 20:26:22,276] {taskinstance.py:1300} INFO - Exporting the following env vars:
AIRFLOW_CTX_DAG_EMAIL=airflow@example.com
AIRFLOW_CTX_DAG_OWNER=airflow
AIRFLOW_CTX_DAG_ID=tutorial
AIRFLOW_CTX_TASK_ID=templated
AIRFLOW_CTX_EXECUTION_DATE=2021-08-04T00:00:00+00:00
AIRFLOW_CTX_DAG_RUN_ID=scheduled__2021-08-04T00:00:00+00:00
[2021-08-04 20:26:22,283] {subprocess.py:52} INFO - Tmp dir root location: 
 /var/folders/kh/c93m3t_d2rgcvcbylylqtx240000gn/T
[2021-08-04 20:26:22,288] {subprocess.py:63} INFO - Running command: ['bash', '-c', '\n\n    echo "2021-08-04"\n    echo "2021-08-11"\n    echo "Parameter I passed in"\n\n    echo "2021-08-04"\n    echo "2021-08-11"\n    echo "Parameter I passed in"\n\n    echo "2021-08-04"\n    echo "2021-08-11"\n    echo "Parameter I passed in"\n\n    echo "2021-08-04"\n    echo "2021-08-11"\n    echo "Parameter I passed in"\n\n    echo "2021-08-04"\n    echo "2021-08-11"\n    echo "Parameter I passed in"\n']
[2021-08-04 20:26:22,333] {subprocess.py:74} INFO - Output:
[2021-08-04 20:26:22,379] {subprocess.py:78} INFO - 2021-08-04
[2021-08-04 20:26:22,382] {subprocess.py:78} INFO - 2021-08-11
[2021-08-04 20:26:22,385] {subprocess.py:78} INFO - Parameter I passed in
[2021-08-04 20:26:22,387] {subprocess.py:78} INFO - 2021-08-04
[2021-08-04 20:26:22,389] {subprocess.py:78} INFO - 2021-08-11
[2021-08-04 20:26:22,391] {subprocess.py:78} INFO - Parameter I passed in
[2021-08-04 20:26:22,393] {subprocess.py:78} INFO - 2021-08-04
[2021-08-04 20:26:22,396] {subprocess.py:78} INFO - 2021-08-11
[2021-08-04 20:26:22,398] {subprocess.py:78} INFO - Parameter I passed in
[2021-08-04 20:26:22,401] {subprocess.py:78} INFO - 2021-08-04
[2021-08-04 20:26:22,403] {subprocess.py:78} INFO - 2021-08-11
[2021-08-04 20:26:22,406] {subprocess.py:78} INFO - Parameter I passed in
[2021-08-04 20:26:22,410] {subprocess.py:78} INFO - 2021-08-04
[2021-08-04 20:26:22,414] {subprocess.py:78} INFO - 2021-08-11
[2021-08-04 20:26:22,418] {subprocess.py:78} INFO - Parameter I passed in
[2021-08-04 20:26:22,422] {subprocess.py:82} INFO - Command exited with return code 0
[2021-08-04 20:26:22,527] {taskinstance.py:1204} INFO - Marking task as SUCCESS. dag_id=tutorial, task_id=templated, execution_date=20210804T000000, start_date=20210805T002621, end_date=20210805T002622
[2021-08-04 20:26:22,600] {taskinstance.py:1265} INFO - 0 downstream tasks scheduled from follow-on schedule check
[2021-08-04 20:26:22,655] {local_task_job.py:149} INFO - Task exited with return code 0
