[2021-08-21 22:16:57,715] {scheduler_job.py:181} INFO - Started process (PID=26902) to work on /Users/kennethlau/airflow/airflow-tutorial/env_airflow/lib/python3.8/site-packages/airflow/example_dags/subdags/subdag.py
[2021-08-21 22:16:57,715] {scheduler_job.py:632} INFO - Processing file /Users/kennethlau/airflow/airflow-tutorial/env_airflow/lib/python3.8/site-packages/airflow/example_dags/subdags/subdag.py for tasks to queue
[2021-08-21 22:16:57,716] {logging_mixin.py:104} INFO - [2021-08-21 22:16:57,716] {dagbag.py:496} INFO - Filling up the DagBag from /Users/kennethlau/airflow/airflow-tutorial/env_airflow/lib/python3.8/site-packages/airflow/example_dags/subdags/subdag.py
[2021-08-21 22:16:57,717] {scheduler_job.py:644} WARNING - No viable dags retrieved from /Users/kennethlau/airflow/airflow-tutorial/env_airflow/lib/python3.8/site-packages/airflow/example_dags/subdags/subdag.py
[2021-08-21 22:16:57,737] {scheduler_job.py:189} INFO - Processing /Users/kennethlau/airflow/airflow-tutorial/env_airflow/lib/python3.8/site-packages/airflow/example_dags/subdags/subdag.py took 0.023 seconds
[2021-08-21 22:30:32,120] {scheduler_job.py:181} INFO - Started process (PID=27228) to work on /Users/kennethlau/airflow/airflow-tutorial/env_airflow/lib/python3.8/site-packages/airflow/example_dags/subdags/subdag.py
[2021-08-21 22:30:32,120] {scheduler_job.py:632} INFO - Processing file /Users/kennethlau/airflow/airflow-tutorial/env_airflow/lib/python3.8/site-packages/airflow/example_dags/subdags/subdag.py for tasks to queue
[2021-08-21 22:30:32,121] {logging_mixin.py:104} INFO - [2021-08-21 22:30:32,121] {dagbag.py:496} INFO - Filling up the DagBag from /Users/kennethlau/airflow/airflow-tutorial/env_airflow/lib/python3.8/site-packages/airflow/example_dags/subdags/subdag.py
[2021-08-21 22:30:32,122] {scheduler_job.py:644} WARNING - No viable dags retrieved from /Users/kennethlau/airflow/airflow-tutorial/env_airflow/lib/python3.8/site-packages/airflow/example_dags/subdags/subdag.py
[2021-08-21 22:30:32,144] {scheduler_job.py:189} INFO - Processing /Users/kennethlau/airflow/airflow-tutorial/env_airflow/lib/python3.8/site-packages/airflow/example_dags/subdags/subdag.py took 0.024 seconds
[2021-08-21 22:31:38,144] {scheduler_job.py:181} INFO - Started process (PID=27305) to work on /Users/kennethlau/airflow/airflow-tutorial/env_airflow/lib/python3.8/site-packages/airflow/example_dags/subdags/subdag.py
[2021-08-21 22:31:38,146] {scheduler_job.py:632} INFO - Processing file /Users/kennethlau/airflow/airflow-tutorial/env_airflow/lib/python3.8/site-packages/airflow/example_dags/subdags/subdag.py for tasks to queue
[2021-08-21 22:31:38,146] {logging_mixin.py:104} INFO - [2021-08-21 22:31:38,146] {dagbag.py:496} INFO - Filling up the DagBag from /Users/kennethlau/airflow/airflow-tutorial/env_airflow/lib/python3.8/site-packages/airflow/example_dags/subdags/subdag.py
[2021-08-21 22:31:38,148] {scheduler_job.py:644} WARNING - No viable dags retrieved from /Users/kennethlau/airflow/airflow-tutorial/env_airflow/lib/python3.8/site-packages/airflow/example_dags/subdags/subdag.py
[2021-08-21 22:31:38,170] {scheduler_job.py:189} INFO - Processing /Users/kennethlau/airflow/airflow-tutorial/env_airflow/lib/python3.8/site-packages/airflow/example_dags/subdags/subdag.py took 0.026 seconds
[2021-08-21 22:32:50,022] {scheduler_job.py:181} INFO - Started process (PID=27400) to work on /Users/kennethlau/airflow/airflow-tutorial/env_airflow/lib/python3.8/site-packages/airflow/example_dags/subdags/subdag.py
[2021-08-21 22:32:50,023] {scheduler_job.py:632} INFO - Processing file /Users/kennethlau/airflow/airflow-tutorial/env_airflow/lib/python3.8/site-packages/airflow/example_dags/subdags/subdag.py for tasks to queue
[2021-08-21 22:32:50,023] {logging_mixin.py:104} INFO - [2021-08-21 22:32:50,023] {dagbag.py:496} INFO - Filling up the DagBag from /Users/kennethlau/airflow/airflow-tutorial/env_airflow/lib/python3.8/site-packages/airflow/example_dags/subdags/subdag.py
[2021-08-21 22:32:50,025] {scheduler_job.py:644} WARNING - No viable dags retrieved from /Users/kennethlau/airflow/airflow-tutorial/env_airflow/lib/python3.8/site-packages/airflow/example_dags/subdags/subdag.py
[2021-08-21 22:32:50,048] {scheduler_job.py:189} INFO - Processing /Users/kennethlau/airflow/airflow-tutorial/env_airflow/lib/python3.8/site-packages/airflow/example_dags/subdags/subdag.py took 0.026 seconds
[2021-08-21 22:33:29,320] {scheduler_job.py:181} INFO - Started process (PID=27447) to work on /Users/kennethlau/airflow/airflow-tutorial/env_airflow/lib/python3.8/site-packages/airflow/example_dags/subdags/subdag.py
[2021-08-21 22:33:29,321] {scheduler_job.py:632} INFO - Processing file /Users/kennethlau/airflow/airflow-tutorial/env_airflow/lib/python3.8/site-packages/airflow/example_dags/subdags/subdag.py for tasks to queue
[2021-08-21 22:33:29,322] {logging_mixin.py:104} INFO - [2021-08-21 22:33:29,321] {dagbag.py:496} INFO - Filling up the DagBag from /Users/kennethlau/airflow/airflow-tutorial/env_airflow/lib/python3.8/site-packages/airflow/example_dags/subdags/subdag.py
[2021-08-21 22:33:29,323] {scheduler_job.py:644} WARNING - No viable dags retrieved from /Users/kennethlau/airflow/airflow-tutorial/env_airflow/lib/python3.8/site-packages/airflow/example_dags/subdags/subdag.py
[2021-08-21 22:33:29,344] {scheduler_job.py:189} INFO - Processing /Users/kennethlau/airflow/airflow-tutorial/env_airflow/lib/python3.8/site-packages/airflow/example_dags/subdags/subdag.py took 0.025 seconds
[2021-08-21 22:34:06,589] {scheduler_job.py:181} INFO - Started process (PID=27483) to work on /Users/kennethlau/airflow/airflow-tutorial/env_airflow/lib/python3.8/site-packages/airflow/example_dags/subdags/subdag.py
[2021-08-21 22:34:06,590] {scheduler_job.py:632} INFO - Processing file /Users/kennethlau/airflow/airflow-tutorial/env_airflow/lib/python3.8/site-packages/airflow/example_dags/subdags/subdag.py for tasks to queue
[2021-08-21 22:34:06,590] {logging_mixin.py:104} INFO - [2021-08-21 22:34:06,590] {dagbag.py:496} INFO - Filling up the DagBag from /Users/kennethlau/airflow/airflow-tutorial/env_airflow/lib/python3.8/site-packages/airflow/example_dags/subdags/subdag.py
[2021-08-21 22:34:06,595] {scheduler_job.py:644} WARNING - No viable dags retrieved from /Users/kennethlau/airflow/airflow-tutorial/env_airflow/lib/python3.8/site-packages/airflow/example_dags/subdags/subdag.py
[2021-08-21 22:34:06,656] {scheduler_job.py:189} INFO - Processing /Users/kennethlau/airflow/airflow-tutorial/env_airflow/lib/python3.8/site-packages/airflow/example_dags/subdags/subdag.py took 0.067 seconds
[2021-08-21 22:34:41,766] {scheduler_job.py:181} INFO - Started process (PID=27521) to work on /Users/kennethlau/airflow/airflow-tutorial/env_airflow/lib/python3.8/site-packages/airflow/example_dags/subdags/subdag.py
[2021-08-21 22:34:41,766] {scheduler_job.py:632} INFO - Processing file /Users/kennethlau/airflow/airflow-tutorial/env_airflow/lib/python3.8/site-packages/airflow/example_dags/subdags/subdag.py for tasks to queue
[2021-08-21 22:34:41,766] {logging_mixin.py:104} INFO - [2021-08-21 22:34:41,766] {dagbag.py:496} INFO - Filling up the DagBag from /Users/kennethlau/airflow/airflow-tutorial/env_airflow/lib/python3.8/site-packages/airflow/example_dags/subdags/subdag.py
[2021-08-21 22:34:41,767] {scheduler_job.py:644} WARNING - No viable dags retrieved from /Users/kennethlau/airflow/airflow-tutorial/env_airflow/lib/python3.8/site-packages/airflow/example_dags/subdags/subdag.py
[2021-08-21 22:34:41,787] {scheduler_job.py:189} INFO - Processing /Users/kennethlau/airflow/airflow-tutorial/env_airflow/lib/python3.8/site-packages/airflow/example_dags/subdags/subdag.py took 0.022 seconds
[2021-08-21 22:35:15,897] {scheduler_job.py:181} INFO - Started process (PID=27556) to work on /Users/kennethlau/airflow/airflow-tutorial/env_airflow/lib/python3.8/site-packages/airflow/example_dags/subdags/subdag.py
[2021-08-21 22:35:15,898] {scheduler_job.py:632} INFO - Processing file /Users/kennethlau/airflow/airflow-tutorial/env_airflow/lib/python3.8/site-packages/airflow/example_dags/subdags/subdag.py for tasks to queue
[2021-08-21 22:35:15,898] {logging_mixin.py:104} INFO - [2021-08-21 22:35:15,898] {dagbag.py:496} INFO - Filling up the DagBag from /Users/kennethlau/airflow/airflow-tutorial/env_airflow/lib/python3.8/site-packages/airflow/example_dags/subdags/subdag.py
[2021-08-21 22:35:15,900] {scheduler_job.py:644} WARNING - No viable dags retrieved from /Users/kennethlau/airflow/airflow-tutorial/env_airflow/lib/python3.8/site-packages/airflow/example_dags/subdags/subdag.py
[2021-08-21 22:35:15,920] {scheduler_job.py:189} INFO - Processing /Users/kennethlau/airflow/airflow-tutorial/env_airflow/lib/python3.8/site-packages/airflow/example_dags/subdags/subdag.py took 0.023 seconds
[2021-08-21 22:41:32,979] {scheduler_job.py:181} INFO - Started process (PID=27656) to work on /Users/kennethlau/airflow/airflow-tutorial/env_airflow/lib/python3.8/site-packages/airflow/example_dags/subdags/subdag.py
[2021-08-21 22:41:32,980] {scheduler_job.py:632} INFO - Processing file /Users/kennethlau/airflow/airflow-tutorial/env_airflow/lib/python3.8/site-packages/airflow/example_dags/subdags/subdag.py for tasks to queue
[2021-08-21 22:41:32,980] {logging_mixin.py:104} INFO - [2021-08-21 22:41:32,980] {dagbag.py:496} INFO - Filling up the DagBag from /Users/kennethlau/airflow/airflow-tutorial/env_airflow/lib/python3.8/site-packages/airflow/example_dags/subdags/subdag.py
[2021-08-21 22:41:32,982] {scheduler_job.py:644} WARNING - No viable dags retrieved from /Users/kennethlau/airflow/airflow-tutorial/env_airflow/lib/python3.8/site-packages/airflow/example_dags/subdags/subdag.py
[2021-08-21 22:41:33,003] {scheduler_job.py:189} INFO - Processing /Users/kennethlau/airflow/airflow-tutorial/env_airflow/lib/python3.8/site-packages/airflow/example_dags/subdags/subdag.py took 0.024 seconds
[2021-08-21 22:56:13,764] {scheduler_job.py:181} INFO - Started process (PID=27959) to work on /Users/kennethlau/airflow/airflow-tutorial/env_airflow/lib/python3.8/site-packages/airflow/example_dags/subdags/subdag.py
[2021-08-21 22:56:13,765] {scheduler_job.py:632} INFO - Processing file /Users/kennethlau/airflow/airflow-tutorial/env_airflow/lib/python3.8/site-packages/airflow/example_dags/subdags/subdag.py for tasks to queue
[2021-08-21 22:56:13,766] {logging_mixin.py:104} INFO - [2021-08-21 22:56:13,766] {dagbag.py:496} INFO - Filling up the DagBag from /Users/kennethlau/airflow/airflow-tutorial/env_airflow/lib/python3.8/site-packages/airflow/example_dags/subdags/subdag.py
[2021-08-21 22:56:13,768] {scheduler_job.py:644} WARNING - No viable dags retrieved from /Users/kennethlau/airflow/airflow-tutorial/env_airflow/lib/python3.8/site-packages/airflow/example_dags/subdags/subdag.py
[2021-08-21 22:56:13,790] {scheduler_job.py:189} INFO - Processing /Users/kennethlau/airflow/airflow-tutorial/env_airflow/lib/python3.8/site-packages/airflow/example_dags/subdags/subdag.py took 0.026 seconds
