[2021-08-03 20:49:27,660] {taskinstance.py:896} INFO - Dependencies all met for <TaskInstance: tutorial.print_date 2021-08-03T00:00:00+00:00 [queued]>
[2021-08-03 20:49:27,673] {taskinstance.py:896} INFO - Dependencies all met for <TaskInstance: tutorial.print_date 2021-08-03T00:00:00+00:00 [queued]>
[2021-08-03 20:49:27,680] {taskinstance.py:1087} INFO - 
--------------------------------------------------------------------------------
[2021-08-03 20:49:27,680] {taskinstance.py:1088} INFO - Starting attempt 1 of 2
[2021-08-03 20:49:27,680] {taskinstance.py:1089} INFO - 
--------------------------------------------------------------------------------
[2021-08-03 20:49:27,696] {taskinstance.py:1107} INFO - Executing <Task(BashOperator): print_date> on 2021-08-03T00:00:00+00:00
[2021-08-03 20:49:27,698] {standard_task_runner.py:52} INFO - Started process 69838 to run task
[2021-08-03 20:49:27,722] {standard_task_runner.py:76} INFO - Running: ['airflow', 'tasks', 'run', 'tutorial', 'print_date', '2021-08-03T00:00:00+00:00', '--job-id', '13', '--pool', 'default_pool', '--raw', '--subdir', '/Users/kennethlau/airflow/airflow-tutorial/env_airflow/lib/python3.8/site-packages/airflow/example_dags/tutorial.py', '--cfg-path', '/var/folders/kh/c93m3t_d2rgcvcbylylqtx240000gn/T/tmpedbjczkq', '--error-file', '/var/folders/kh/c93m3t_d2rgcvcbylylqtx240000gn/T/tmpbswndexf']
[2021-08-03 20:49:27,723] {standard_task_runner.py:77} INFO - Job 13: Subtask print_date
[2021-08-03 20:49:27,824] {logging_mixin.py:104} INFO - Running <TaskInstance: tutorial.print_date 2021-08-03T00:00:00+00:00 [running]> on host 1.0.0.0.0.0.0.0.0.0.0.0.0.0.0.0.0.0.0.0.0.0.0.0.0.0.0.0.0.0.0.0.ip6.arpa
[2021-08-03 20:49:27,860] {taskinstance.py:1300} INFO - Exporting the following env vars:
AIRFLOW_CTX_DAG_EMAIL=airflow@example.com
AIRFLOW_CTX_DAG_OWNER=airflow
AIRFLOW_CTX_DAG_ID=tutorial
AIRFLOW_CTX_TASK_ID=print_date
AIRFLOW_CTX_EXECUTION_DATE=2021-08-03T00:00:00+00:00
AIRFLOW_CTX_DAG_RUN_ID=scheduled__2021-08-03T00:00:00+00:00
[2021-08-03 20:49:27,861] {subprocess.py:52} INFO - Tmp dir root location: 
 /var/folders/kh/c93m3t_d2rgcvcbylylqtx240000gn/T
[2021-08-03 20:49:27,862] {subprocess.py:63} INFO - Running command: ['bash', '-c', 'date']
[2021-08-03 20:49:27,877] {subprocess.py:74} INFO - Output:
[2021-08-03 20:49:27,888] {subprocess.py:78} INFO - Tue  3 Aug 2021 20:49:27 EDT
[2021-08-03 20:49:27,889] {subprocess.py:82} INFO - Command exited with return code 0
[2021-08-03 20:49:27,924] {taskinstance.py:1204} INFO - Marking task as SUCCESS. dag_id=tutorial, task_id=print_date, execution_date=20210803T000000, start_date=20210804T004927, end_date=20210804T004927
[2021-08-03 20:49:27,942] {taskinstance.py:1265} INFO - 2 downstream tasks scheduled from follow-on schedule check
[2021-08-03 20:49:27,949] {local_task_job.py:149} INFO - Task exited with return code 0
