[2021-08-04 20:25:53,698] {taskinstance.py:896} INFO - Dependencies all met for <TaskInstance: tutorial.print_date 2021-08-04T00:00:00+00:00 [queued]>
[2021-08-04 20:25:53,704] {taskinstance.py:896} INFO - Dependencies all met for <TaskInstance: tutorial.print_date 2021-08-04T00:00:00+00:00 [queued]>
[2021-08-04 20:25:53,705] {taskinstance.py:1087} INFO - 
--------------------------------------------------------------------------------
[2021-08-04 20:25:53,705] {taskinstance.py:1088} INFO - Starting attempt 1 of 2
[2021-08-04 20:25:53,705] {taskinstance.py:1089} INFO - 
--------------------------------------------------------------------------------
[2021-08-04 20:25:53,713] {taskinstance.py:1107} INFO - Executing <Task(BashOperator): print_date> on 2021-08-04T00:00:00+00:00
[2021-08-04 20:25:53,717] {standard_task_runner.py:52} INFO - Started process 84202 to run task
[2021-08-04 20:25:53,725] {standard_task_runner.py:76} INFO - Running: ['airflow', 'tasks', 'run', 'tutorial', 'print_date', '2021-08-04T00:00:00+00:00', '--job-id', '16', '--pool', 'default_pool', '--raw', '--subdir', '/Users/kennethlau/airflow/airflow-tutorial/env_airflow/lib/python3.8/site-packages/airflow/example_dags/tutorial.py', '--cfg-path', '/var/folders/kh/c93m3t_d2rgcvcbylylqtx240000gn/T/tmpcdkix6o1', '--error-file', '/var/folders/kh/c93m3t_d2rgcvcbylylqtx240000gn/T/tmp7b7lp8a5']
[2021-08-04 20:25:53,727] {standard_task_runner.py:77} INFO - Job 16: Subtask print_date
[2021-08-04 20:25:53,765] {logging_mixin.py:104} INFO - Running <TaskInstance: tutorial.print_date 2021-08-04T00:00:00+00:00 [running]> on host 1.0.0.0.0.0.0.0.0.0.0.0.0.0.0.0.0.0.0.0.0.0.0.0.0.0.0.0.0.0.0.0.ip6.arpa
[2021-08-04 20:25:53,802] {taskinstance.py:1300} INFO - Exporting the following env vars:
AIRFLOW_CTX_DAG_EMAIL=airflow@example.com
AIRFLOW_CTX_DAG_OWNER=airflow
AIRFLOW_CTX_DAG_ID=tutorial
AIRFLOW_CTX_TASK_ID=print_date
AIRFLOW_CTX_EXECUTION_DATE=2021-08-04T00:00:00+00:00
AIRFLOW_CTX_DAG_RUN_ID=scheduled__2021-08-04T00:00:00+00:00
[2021-08-04 20:25:53,803] {subprocess.py:52} INFO - Tmp dir root location: 
 /var/folders/kh/c93m3t_d2rgcvcbylylqtx240000gn/T
[2021-08-04 20:25:53,804] {subprocess.py:63} INFO - Running command: ['bash', '-c', 'date']
[2021-08-04 20:25:53,823] {subprocess.py:74} INFO - Output:
[2021-08-04 20:25:53,838] {subprocess.py:78} INFO - Wed  4 Aug 2021 20:25:53 EDT
[2021-08-04 20:25:53,839] {subprocess.py:82} INFO - Command exited with return code 0
[2021-08-04 20:25:53,856] {taskinstance.py:1204} INFO - Marking task as SUCCESS. dag_id=tutorial, task_id=print_date, execution_date=20210804T000000, start_date=20210805T002553, end_date=20210805T002553
[2021-08-04 20:25:53,878] {taskinstance.py:1265} INFO - 2 downstream tasks scheduled from follow-on schedule check
[2021-08-04 20:25:53,922] {local_task_job.py:149} INFO - Task exited with return code 0
