[2021-08-03 02:49:16,636] {taskinstance.py:896} INFO - Dependencies all met for <TaskInstance: tutorial.templated 2021-08-02T00:00:00+00:00 [queued]>
[2021-08-03 02:49:16,666] {taskinstance.py:896} INFO - Dependencies all met for <TaskInstance: tutorial.templated 2021-08-02T00:00:00+00:00 [queued]>
[2021-08-03 02:49:16,667] {taskinstance.py:1087} INFO - 
--------------------------------------------------------------------------------
[2021-08-03 02:49:16,667] {taskinstance.py:1088} INFO - Starting attempt 1 of 2
[2021-08-03 02:49:16,667] {taskinstance.py:1089} INFO - 
--------------------------------------------------------------------------------
[2021-08-03 02:49:16,704] {taskinstance.py:1107} INFO - Executing <Task(BashOperator): templated> on 2021-08-02T00:00:00+00:00
[2021-08-03 02:49:16,714] {standard_task_runner.py:52} INFO - Started process 38539 to run task
[2021-08-03 02:49:16,759] {standard_task_runner.py:76} INFO - Running: ['airflow', 'tasks', 'run', 'tutorial', 'templated', '2021-08-02T00:00:00+00:00', '--job-id', '12', '--pool', 'default_pool', '--raw', '--subdir', '/Users/kennethlau/airflow/airflow-tutorial/env_airflow/lib/python3.8/site-packages/airflow/example_dags/tutorial.py', '--cfg-path', '/var/folders/kh/c93m3t_d2rgcvcbylylqtx240000gn/T/tmp_qbq7e__', '--error-file', '/var/folders/kh/c93m3t_d2rgcvcbylylqtx240000gn/T/tmpy1punz3d']
[2021-08-03 02:49:16,769] {standard_task_runner.py:77} INFO - Job 12: Subtask templated
[2021-08-03 02:49:16,946] {logging_mixin.py:104} INFO - Running <TaskInstance: tutorial.templated 2021-08-02T00:00:00+00:00 [running]> on host 1.0.0.0.0.0.0.0.0.0.0.0.0.0.0.0.0.0.0.0.0.0.0.0.0.0.0.0.0.0.0.0.ip6.arpa
[2021-08-03 02:49:17,187] {taskinstance.py:1300} INFO - Exporting the following env vars:
AIRFLOW_CTX_DAG_EMAIL=airflow@example.com
AIRFLOW_CTX_DAG_OWNER=airflow
AIRFLOW_CTX_DAG_ID=tutorial
AIRFLOW_CTX_TASK_ID=templated
AIRFLOW_CTX_EXECUTION_DATE=2021-08-02T00:00:00+00:00
AIRFLOW_CTX_DAG_RUN_ID=scheduled__2021-08-02T00:00:00+00:00
[2021-08-03 02:49:17,193] {subprocess.py:52} INFO - Tmp dir root location: 
 /var/folders/kh/c93m3t_d2rgcvcbylylqtx240000gn/T
[2021-08-03 02:49:17,197] {subprocess.py:63} INFO - Running command: ['bash', '-c', '\n\n    echo "2021-08-02"\n    echo "2021-08-09"\n    echo "Parameter I passed in"\n\n    echo "2021-08-02"\n    echo "2021-08-09"\n    echo "Parameter I passed in"\n\n    echo "2021-08-02"\n    echo "2021-08-09"\n    echo "Parameter I passed in"\n\n    echo "2021-08-02"\n    echo "2021-08-09"\n    echo "Parameter I passed in"\n\n    echo "2021-08-02"\n    echo "2021-08-09"\n    echo "Parameter I passed in"\n']
[2021-08-03 02:49:17,241] {subprocess.py:74} INFO - Output:
[2021-08-03 02:49:17,277] {subprocess.py:78} INFO - 2021-08-02
[2021-08-03 02:49:17,280] {subprocess.py:78} INFO - 2021-08-09
[2021-08-03 02:49:17,282] {subprocess.py:78} INFO - Parameter I passed in
[2021-08-03 02:49:17,284] {subprocess.py:78} INFO - 2021-08-02
[2021-08-03 02:49:17,287] {subprocess.py:78} INFO - 2021-08-09
[2021-08-03 02:49:17,289] {subprocess.py:78} INFO - Parameter I passed in
[2021-08-03 02:49:17,291] {subprocess.py:78} INFO - 2021-08-02
[2021-08-03 02:49:17,293] {subprocess.py:78} INFO - 2021-08-09
[2021-08-03 02:49:17,296] {subprocess.py:78} INFO - Parameter I passed in
[2021-08-03 02:49:17,298] {subprocess.py:78} INFO - 2021-08-02
[2021-08-03 02:49:17,300] {subprocess.py:78} INFO - 2021-08-09
[2021-08-03 02:49:17,303] {subprocess.py:78} INFO - Parameter I passed in
[2021-08-03 02:49:17,305] {subprocess.py:78} INFO - 2021-08-02
[2021-08-03 02:49:17,307] {subprocess.py:78} INFO - 2021-08-09
[2021-08-03 02:49:17,309] {subprocess.py:78} INFO - Parameter I passed in
[2021-08-03 02:49:17,314] {subprocess.py:82} INFO - Command exited with return code 0
[2021-08-03 02:49:17,403] {taskinstance.py:1204} INFO - Marking task as SUCCESS. dag_id=tutorial, task_id=templated, execution_date=20210802T000000, start_date=20210803T064916, end_date=20210803T064917
[2021-08-03 02:49:17,478] {taskinstance.py:1265} INFO - 0 downstream tasks scheduled from follow-on schedule check
[2021-08-03 02:49:17,542] {local_task_job.py:149} INFO - Task exited with return code 0
