[2021-08-05 20:00:02,333] {taskinstance.py:896} INFO - Dependencies all met for <TaskInstance: tutorial.print_date 2021-08-05T00:00:00+00:00 [queued]>
[2021-08-05 20:00:02,339] {taskinstance.py:896} INFO - Dependencies all met for <TaskInstance: tutorial.print_date 2021-08-05T00:00:00+00:00 [queued]>
[2021-08-05 20:00:02,339] {taskinstance.py:1087} INFO - 
--------------------------------------------------------------------------------
[2021-08-05 20:00:02,339] {taskinstance.py:1088} INFO - Starting attempt 1 of 2
[2021-08-05 20:00:02,339] {taskinstance.py:1089} INFO - 
--------------------------------------------------------------------------------
[2021-08-05 20:00:02,345] {taskinstance.py:1107} INFO - Executing <Task(BashOperator): print_date> on 2021-08-05T00:00:00+00:00
[2021-08-05 20:00:02,348] {standard_task_runner.py:52} INFO - Started process 22697 to run task
[2021-08-05 20:00:02,354] {standard_task_runner.py:76} INFO - Running: ['airflow', 'tasks', 'run', 'tutorial', 'print_date', '2021-08-05T00:00:00+00:00', '--job-id', '19', '--pool', 'default_pool', '--raw', '--subdir', 'DAGS_FOLDER/Airflow.py', '--cfg-path', '/var/folders/kh/c93m3t_d2rgcvcbylylqtx240000gn/T/tmpkhm0hgc2', '--error-file', '/var/folders/kh/c93m3t_d2rgcvcbylylqtx240000gn/T/tmphamgqc1j']
[2021-08-05 20:00:02,356] {standard_task_runner.py:77} INFO - Job 19: Subtask print_date
[2021-08-05 20:00:02,384] {logging_mixin.py:104} INFO - Running <TaskInstance: tutorial.print_date 2021-08-05T00:00:00+00:00 [running]> on host 1.0.0.0.0.0.0.0.0.0.0.0.0.0.0.0.0.0.0.0.0.0.0.0.0.0.0.0.0.0.0.0.ip6.arpa
[2021-08-05 20:00:02,407] {taskinstance.py:1300} INFO - Exporting the following env vars:
AIRFLOW_CTX_DAG_EMAIL=airflow@example.com
AIRFLOW_CTX_DAG_OWNER=airflow
AIRFLOW_CTX_DAG_ID=tutorial
AIRFLOW_CTX_TASK_ID=print_date
AIRFLOW_CTX_EXECUTION_DATE=2021-08-05T00:00:00+00:00
AIRFLOW_CTX_DAG_RUN_ID=scheduled__2021-08-05T00:00:00+00:00
[2021-08-05 20:00:02,408] {subprocess.py:52} INFO - Tmp dir root location: 
 /var/folders/kh/c93m3t_d2rgcvcbylylqtx240000gn/T
[2021-08-05 20:00:02,410] {subprocess.py:63} INFO - Running command: ['bash', '-c', 'date']
[2021-08-05 20:00:02,417] {subprocess.py:74} INFO - Output:
[2021-08-05 20:00:02,443] {subprocess.py:78} INFO - Thu  5 Aug 2021 20:00:02 EDT
[2021-08-05 20:00:02,443] {subprocess.py:82} INFO - Command exited with return code 0
[2021-08-05 20:00:02,456] {taskinstance.py:1204} INFO - Marking task as SUCCESS. dag_id=tutorial, task_id=print_date, execution_date=20210805T000000, start_date=20210806T000002, end_date=20210806T000002
[2021-08-05 20:00:02,470] {taskinstance.py:1265} INFO - 1 downstream tasks scheduled from follow-on schedule check
[2021-08-05 20:00:02,505] {local_task_job.py:149} INFO - Task exited with return code 0
