[2021-08-02 16:34:17,760] {taskinstance.py:896} INFO - Dependencies all met for <TaskInstance: tutorial.sleep 2021-07-31T00:00:00+00:00 [queued]>
[2021-08-02 16:34:17,764] {taskinstance.py:896} INFO - Dependencies all met for <TaskInstance: tutorial.sleep 2021-07-31T00:00:00+00:00 [queued]>
[2021-08-02 16:34:17,764] {taskinstance.py:1087} INFO - 
--------------------------------------------------------------------------------
[2021-08-02 16:34:17,764] {taskinstance.py:1088} INFO - Starting attempt 1 of 4
[2021-08-02 16:34:17,764] {taskinstance.py:1089} INFO - 
--------------------------------------------------------------------------------
[2021-08-02 16:34:17,769] {taskinstance.py:1107} INFO - Executing <Task(BashOperator): sleep> on 2021-07-31T00:00:00+00:00
[2021-08-02 16:34:17,770] {standard_task_runner.py:52} INFO - Started process 29141 to run task
[2021-08-02 16:34:17,776] {standard_task_runner.py:76} INFO - Running: ['airflow', 'tasks', 'run', 'tutorial', 'sleep', '2021-07-31T00:00:00+00:00', '--job-id', '6', '--pool', 'default_pool', '--raw', '--subdir', '/Users/kennethlau/airflow/airflow-tutorial/env_airflow/lib/python3.8/site-packages/airflow/example_dags/tutorial.py', '--cfg-path', '/var/folders/kh/c93m3t_d2rgcvcbylylqtx240000gn/T/tmpd3don7bv', '--error-file', '/var/folders/kh/c93m3t_d2rgcvcbylylqtx240000gn/T/tmppxxkjp9e']
[2021-08-02 16:34:17,777] {standard_task_runner.py:77} INFO - Job 6: Subtask sleep
[2021-08-02 16:34:17,804] {logging_mixin.py:104} INFO - Running <TaskInstance: tutorial.sleep 2021-07-31T00:00:00+00:00 [running]> on host 1.0.0.0.0.0.0.0.0.0.0.0.0.0.0.0.0.0.0.0.0.0.0.0.0.0.0.0.0.0.0.0.ip6.arpa
[2021-08-02 16:34:17,871] {taskinstance.py:1300} INFO - Exporting the following env vars:
AIRFLOW_CTX_DAG_EMAIL=airflow@example.com
AIRFLOW_CTX_DAG_OWNER=airflow
AIRFLOW_CTX_DAG_ID=tutorial
AIRFLOW_CTX_TASK_ID=sleep
AIRFLOW_CTX_EXECUTION_DATE=2021-07-31T00:00:00+00:00
AIRFLOW_CTX_DAG_RUN_ID=scheduled__2021-07-31T00:00:00+00:00
[2021-08-02 16:34:17,873] {subprocess.py:52} INFO - Tmp dir root location: 
 /var/folders/kh/c93m3t_d2rgcvcbylylqtx240000gn/T
[2021-08-02 16:34:17,874] {subprocess.py:63} INFO - Running command: ['bash', '-c', 'sleep 5']
[2021-08-02 16:34:17,899] {subprocess.py:74} INFO - Output:
[2021-08-02 16:34:22,919] {subprocess.py:82} INFO - Command exited with return code 0
[2021-08-02 16:34:22,940] {taskinstance.py:1204} INFO - Marking task as SUCCESS. dag_id=tutorial, task_id=sleep, execution_date=20210731T000000, start_date=20210802T203417, end_date=20210802T203422
[2021-08-02 16:34:22,952] {taskinstance.py:1265} INFO - 0 downstream tasks scheduled from follow-on schedule check
[2021-08-02 16:34:22,970] {local_task_job.py:149} INFO - Task exited with return code 0
