[2021-08-21 22:41:35,698] {taskinstance.py:896} INFO - Dependencies all met for <TaskInstance: weather_prediction_airflow.install_reqs 2021-08-17T00:00:00+00:00 [queued]>
[2021-08-21 22:41:35,702] {taskinstance.py:896} INFO - Dependencies all met for <TaskInstance: weather_prediction_airflow.install_reqs 2021-08-17T00:00:00+00:00 [queued]>
[2021-08-21 22:41:35,702] {taskinstance.py:1087} INFO - 
--------------------------------------------------------------------------------
[2021-08-21 22:41:35,702] {taskinstance.py:1088} INFO - Starting attempt 1 of 2
[2021-08-21 22:41:35,702] {taskinstance.py:1089} INFO - 
--------------------------------------------------------------------------------
[2021-08-21 22:41:35,707] {taskinstance.py:1107} INFO - Executing <Task(BashOperator): install_reqs> on 2021-08-17T00:00:00+00:00
[2021-08-21 22:41:35,709] {standard_task_runner.py:52} INFO - Started process 27664 to run task
[2021-08-21 22:41:35,716] {standard_task_runner.py:76} INFO - Running: ['airflow', 'tasks', 'run', 'weather_prediction_airflow', 'install_reqs', '2021-08-17T00:00:00+00:00', '--job-id', '61', '--pool', 'default_pool', '--raw', '--subdir', 'DAGS_FOLDER/Airflow.py', '--cfg-path', '/var/folders/kh/c93m3t_d2rgcvcbylylqtx240000gn/T/tmpmjz40w0u', '--error-file', '/var/folders/kh/c93m3t_d2rgcvcbylylqtx240000gn/T/tmpysv79374']
[2021-08-21 22:41:35,717] {standard_task_runner.py:77} INFO - Job 61: Subtask install_reqs
[2021-08-21 22:41:35,747] {logging_mixin.py:104} INFO - Running <TaskInstance: weather_prediction_airflow.install_reqs 2021-08-17T00:00:00+00:00 [running]> on host 1.0.0.127.in-addr.arpa
[2021-08-21 22:41:35,813] {taskinstance.py:1300} INFO - Exporting the following env vars:
AIRFLOW_CTX_DAG_EMAIL=airflow@example.com
AIRFLOW_CTX_DAG_OWNER=airflow
AIRFLOW_CTX_DAG_ID=weather_prediction_airflow
AIRFLOW_CTX_TASK_ID=install_reqs
AIRFLOW_CTX_EXECUTION_DATE=2021-08-17T00:00:00+00:00
AIRFLOW_CTX_DAG_RUN_ID=scheduled__2021-08-17T00:00:00+00:00
[2021-08-21 22:41:35,814] {subprocess.py:52} INFO - Tmp dir root location: 
 /var/folders/kh/c93m3t_d2rgcvcbylylqtx240000gn/T
[2021-08-21 22:41:35,814] {subprocess.py:63} INFO - Running command: ['bash', '-c', 'pip install -r /Users/kennethlau/airflow/requirements.txt']
[2021-08-21 22:41:35,820] {subprocess.py:74} INFO - Output:
[2021-08-21 22:41:36,391] {subprocess.py:78} INFO - Requirement already satisfied: matplotlib==3.3.4 in /Users/kennethlau/airflow/airflow-tutorial/env_airflow/lib/python3.8/site-packages (from -r /Users/kennethlau/airflow/requirements.txt (line 1)) (3.3.4)
[2021-08-21 22:41:36,397] {subprocess.py:78} INFO - Requirement already satisfied: pandas==1.2.4 in /Users/kennethlau/airflow/airflow-tutorial/env_airflow/lib/python3.8/site-packages (from -r /Users/kennethlau/airflow/requirements.txt (line 2)) (1.2.4)
[2021-08-21 22:41:36,403] {subprocess.py:78} INFO - Requirement already satisfied: numpy==1.20.1 in /Users/kennethlau/airflow/airflow-tutorial/env_airflow/lib/python3.8/site-packages (from -r /Users/kennethlau/airflow/requirements.txt (line 3)) (1.20.1)
[2021-08-21 22:41:36,405] {subprocess.py:78} INFO - Requirement already satisfied: statsmodels==0.12.2 in /Users/kennethlau/airflow/airflow-tutorial/env_airflow/lib/python3.8/site-packages (from -r /Users/kennethlau/airflow/requirements.txt (line 4)) (0.12.2)
[2021-08-21 22:41:36,916] {subprocess.py:78} INFO - Collecting scikit-learn==0.24.1
[2021-08-21 22:41:37,193] {subprocess.py:78} INFO -   Downloading scikit_learn-0.24.1-cp38-cp38-macosx_10_13_x86_64.whl (7.2 MB)
[2021-08-21 22:41:37,762] {subprocess.py:78} INFO - Requirement already satisfied: kiwisolver>=1.0.1 in /Users/kennethlau/airflow/airflow-tutorial/env_airflow/lib/python3.8/site-packages (from matplotlib==3.3.4->-r /Users/kennethlau/airflow/requirements.txt (line 1)) (1.3.1)
[2021-08-21 22:41:37,764] {subprocess.py:78} INFO - Requirement already satisfied: pillow>=6.2.0 in /Users/kennethlau/airflow/airflow-tutorial/env_airflow/lib/python3.8/site-packages (from matplotlib==3.3.4->-r /Users/kennethlau/airflow/requirements.txt (line 1)) (8.3.1)
[2021-08-21 22:41:37,766] {subprocess.py:78} INFO - Requirement already satisfied: pyparsing!=2.0.4,!=2.1.2,!=2.1.6,>=2.0.3 in /Users/kennethlau/airflow/airflow-tutorial/env_airflow/lib/python3.8/site-packages (from matplotlib==3.3.4->-r /Users/kennethlau/airflow/requirements.txt (line 1)) (2.4.7)
[2021-08-21 22:41:37,768] {subprocess.py:78} INFO - Requirement already satisfied: cycler>=0.10 in /Users/kennethlau/airflow/airflow-tutorial/env_airflow/lib/python3.8/site-packages (from matplotlib==3.3.4->-r /Users/kennethlau/airflow/requirements.txt (line 1)) (0.10.0)
[2021-08-21 22:41:37,771] {subprocess.py:78} INFO - Requirement already satisfied: python-dateutil>=2.1 in /Users/kennethlau/airflow/airflow-tutorial/env_airflow/lib/python3.8/site-packages (from matplotlib==3.3.4->-r /Users/kennethlau/airflow/requirements.txt (line 1)) (2.8.2)
[2021-08-21 22:41:37,774] {subprocess.py:78} INFO - Requirement already satisfied: pytz>=2017.3 in /Users/kennethlau/airflow/airflow-tutorial/env_airflow/lib/python3.8/site-packages (from pandas==1.2.4->-r /Users/kennethlau/airflow/requirements.txt (line 2)) (2021.1)
[2021-08-21 22:41:37,776] {subprocess.py:78} INFO - Requirement already satisfied: patsy>=0.5 in /Users/kennethlau/airflow/airflow-tutorial/env_airflow/lib/python3.8/site-packages (from statsmodels==0.12.2->-r /Users/kennethlau/airflow/requirements.txt (line 4)) (0.5.1)
[2021-08-21 22:41:37,779] {subprocess.py:78} INFO - Requirement already satisfied: scipy>=1.1 in /Users/kennethlau/airflow/airflow-tutorial/env_airflow/lib/python3.8/site-packages (from statsmodels==0.12.2->-r /Users/kennethlau/airflow/requirements.txt (line 4)) (1.7.1)
[2021-08-21 22:41:37,934] {subprocess.py:78} INFO - Collecting joblib>=0.11
[2021-08-21 22:41:37,942] {subprocess.py:78} INFO -   Using cached joblib-1.0.1-py3-none-any.whl (303 kB)
[2021-08-21 22:41:38,034] {subprocess.py:78} INFO - Collecting threadpoolctl>=2.0.0
[2021-08-21 22:41:38,061] {subprocess.py:78} INFO -   Downloading threadpoolctl-2.2.0-py3-none-any.whl (12 kB)
[2021-08-21 22:41:38,094] {subprocess.py:78} INFO - Requirement already satisfied: six in /Users/kennethlau/airflow/airflow-tutorial/env_airflow/lib/python3.8/site-packages (from cycler>=0.10->matplotlib==3.3.4->-r /Users/kennethlau/airflow/requirements.txt (line 1)) (1.16.0)
[2021-08-21 22:41:40,505] {subprocess.py:78} INFO - Installing collected packages: joblib, threadpoolctl, scikit-learn
[2021-08-21 22:41:43,377] {subprocess.py:78} INFO - Successfully installed joblib-1.0.1 scikit-learn-0.24.1 threadpoolctl-2.2.0
[2021-08-21 22:41:43,431] {subprocess.py:78} INFO - WARNING: You are using pip version 20.2.3; however, version 21.2.4 is available.
[2021-08-21 22:41:43,432] {subprocess.py:78} INFO - You should consider upgrading via the '/Users/kennethlau/airflow/airflow-tutorial/env_airflow/bin/python3 -m pip install --upgrade pip' command.
[2021-08-21 22:41:43,513] {subprocess.py:82} INFO - Command exited with return code 0
[2021-08-21 22:41:43,527] {taskinstance.py:1204} INFO - Marking task as SUCCESS. dag_id=weather_prediction_airflow, task_id=install_reqs, execution_date=20210817T000000, start_date=20210822T024135, end_date=20210822T024143
[2021-08-21 22:41:43,540] {taskinstance.py:1265} INFO - 1 downstream tasks scheduled from follow-on schedule check
[2021-08-21 22:41:43,557] {local_task_job.py:149} INFO - Task exited with return code 0
