[2021-08-05 20:01:22,322] {taskinstance.py:896} INFO - Dependencies all met for <TaskInstance: tutorial.templated 2021-08-05T00:00:00+00:00 [queued]>
[2021-08-05 20:01:22,327] {taskinstance.py:896} INFO - Dependencies all met for <TaskInstance: tutorial.templated 2021-08-05T00:00:00+00:00 [queued]>
[2021-08-05 20:01:22,327] {taskinstance.py:1087} INFO - 
--------------------------------------------------------------------------------
[2021-08-05 20:01:22,327] {taskinstance.py:1088} INFO - Starting attempt 1 of 2
[2021-08-05 20:01:22,327] {taskinstance.py:1089} INFO - 
--------------------------------------------------------------------------------
[2021-08-05 20:01:22,332] {taskinstance.py:1107} INFO - Executing <Task(BashOperator): templated> on 2021-08-05T00:00:00+00:00
[2021-08-05 20:01:22,334] {standard_task_runner.py:52} INFO - Started process 22786 to run task
[2021-08-05 20:01:22,340] {standard_task_runner.py:76} INFO - Running: ['airflow', 'tasks', 'run', 'tutorial', 'templated', '2021-08-05T00:00:00+00:00', '--job-id', '22', '--pool', 'default_pool', '--raw', '--subdir', '/Users/kennethlau/airflow/airflow-tutorial/env_airflow/lib/python3.8/site-packages/airflow/example_dags/tutorial.py', '--cfg-path', '/var/folders/kh/c93m3t_d2rgcvcbylylqtx240000gn/T/tmp9mzq69f1', '--error-file', '/var/folders/kh/c93m3t_d2rgcvcbylylqtx240000gn/T/tmpibqfwpxh']
[2021-08-05 20:01:22,342] {standard_task_runner.py:77} INFO - Job 22: Subtask templated
[2021-08-05 20:01:22,366] {logging_mixin.py:104} INFO - Running <TaskInstance: tutorial.templated 2021-08-05T00:00:00+00:00 [running]> on host 1.0.0.0.0.0.0.0.0.0.0.0.0.0.0.0.0.0.0.0.0.0.0.0.0.0.0.0.0.0.0.0.ip6.arpa
[2021-08-05 20:01:22,403] {taskinstance.py:1300} INFO - Exporting the following env vars:
AIRFLOW_CTX_DAG_EMAIL=airflow@example.com
AIRFLOW_CTX_DAG_OWNER=airflow
AIRFLOW_CTX_DAG_ID=tutorial
AIRFLOW_CTX_TASK_ID=templated
AIRFLOW_CTX_EXECUTION_DATE=2021-08-05T00:00:00+00:00
AIRFLOW_CTX_DAG_RUN_ID=scheduled__2021-08-05T00:00:00+00:00
[2021-08-05 20:01:22,404] {subprocess.py:52} INFO - Tmp dir root location: 
 /var/folders/kh/c93m3t_d2rgcvcbylylqtx240000gn/T
[2021-08-05 20:01:22,405] {subprocess.py:63} INFO - Running command: ['bash', '-c', '\n\n    echo "2021-08-05"\n    echo "2021-08-12"\n    echo "Parameter I passed in"\n\n    echo "2021-08-05"\n    echo "2021-08-12"\n    echo "Parameter I passed in"\n\n    echo "2021-08-05"\n    echo "2021-08-12"\n    echo "Parameter I passed in"\n\n    echo "2021-08-05"\n    echo "2021-08-12"\n    echo "Parameter I passed in"\n\n    echo "2021-08-05"\n    echo "2021-08-12"\n    echo "Parameter I passed in"\n']
[2021-08-05 20:01:22,411] {subprocess.py:74} INFO - Output:
[2021-08-05 20:01:22,417] {subprocess.py:78} INFO - 2021-08-05
[2021-08-05 20:01:22,417] {subprocess.py:78} INFO - 2021-08-12
[2021-08-05 20:01:22,418] {subprocess.py:78} INFO - Parameter I passed in
[2021-08-05 20:01:22,418] {subprocess.py:78} INFO - 2021-08-05
[2021-08-05 20:01:22,418] {subprocess.py:78} INFO - 2021-08-12
[2021-08-05 20:01:22,419] {subprocess.py:78} INFO - Parameter I passed in
[2021-08-05 20:01:22,419] {subprocess.py:78} INFO - 2021-08-05
[2021-08-05 20:01:22,419] {subprocess.py:78} INFO - 2021-08-12
[2021-08-05 20:01:22,420] {subprocess.py:78} INFO - Parameter I passed in
[2021-08-05 20:01:22,420] {subprocess.py:78} INFO - 2021-08-05
[2021-08-05 20:01:22,420] {subprocess.py:78} INFO - 2021-08-12
[2021-08-05 20:01:22,420] {subprocess.py:78} INFO - Parameter I passed in
[2021-08-05 20:01:22,421] {subprocess.py:78} INFO - 2021-08-05
[2021-08-05 20:01:22,421] {subprocess.py:78} INFO - 2021-08-12
[2021-08-05 20:01:22,421] {subprocess.py:78} INFO - Parameter I passed in
[2021-08-05 20:01:22,422] {subprocess.py:82} INFO - Command exited with return code 0
[2021-08-05 20:01:22,433] {taskinstance.py:1204} INFO - Marking task as SUCCESS. dag_id=tutorial, task_id=templated, execution_date=20210805T000000, start_date=20210806T000122, end_date=20210806T000122
[2021-08-05 20:01:22,443] {taskinstance.py:1265} INFO - 0 downstream tasks scheduled from follow-on schedule check
[2021-08-05 20:01:22,491] {local_task_job.py:149} INFO - Task exited with return code 0
