[2021-08-03 02:49:02,296] {taskinstance.py:896} INFO - Dependencies all met for <TaskInstance: tutorial.sleep 2021-08-02T00:00:00+00:00 [queued]>
[2021-08-03 02:49:02,333] {taskinstance.py:896} INFO - Dependencies all met for <TaskInstance: tutorial.sleep 2021-08-02T00:00:00+00:00 [queued]>
[2021-08-03 02:49:02,334] {taskinstance.py:1087} INFO - 
--------------------------------------------------------------------------------
[2021-08-03 02:49:02,335] {taskinstance.py:1088} INFO - Starting attempt 1 of 4
[2021-08-03 02:49:02,335] {taskinstance.py:1089} INFO - 
--------------------------------------------------------------------------------
[2021-08-03 02:49:02,369] {taskinstance.py:1107} INFO - Executing <Task(BashOperator): sleep> on 2021-08-02T00:00:00+00:00
[2021-08-03 02:49:02,380] {standard_task_runner.py:52} INFO - Started process 38534 to run task
[2021-08-03 02:49:02,421] {standard_task_runner.py:76} INFO - Running: ['airflow', 'tasks', 'run', 'tutorial', 'sleep', '2021-08-02T00:00:00+00:00', '--job-id', '11', '--pool', 'default_pool', '--raw', '--subdir', '/Users/kennethlau/airflow/airflow-tutorial/env_airflow/lib/python3.8/site-packages/airflow/example_dags/tutorial.py', '--cfg-path', '/var/folders/kh/c93m3t_d2rgcvcbylylqtx240000gn/T/tmpdzq1hfos', '--error-file', '/var/folders/kh/c93m3t_d2rgcvcbylylqtx240000gn/T/tmpv8qvd84d']
[2021-08-03 02:49:02,432] {standard_task_runner.py:77} INFO - Job 11: Subtask sleep
[2021-08-03 02:49:02,610] {logging_mixin.py:104} INFO - Running <TaskInstance: tutorial.sleep 2021-08-02T00:00:00+00:00 [running]> on host 1.0.0.0.0.0.0.0.0.0.0.0.0.0.0.0.0.0.0.0.0.0.0.0.0.0.0.0.0.0.0.0.ip6.arpa
[2021-08-03 02:49:02,770] {taskinstance.py:1300} INFO - Exporting the following env vars:
AIRFLOW_CTX_DAG_EMAIL=airflow@example.com
AIRFLOW_CTX_DAG_OWNER=airflow
AIRFLOW_CTX_DAG_ID=tutorial
AIRFLOW_CTX_TASK_ID=sleep
AIRFLOW_CTX_EXECUTION_DATE=2021-08-02T00:00:00+00:00
AIRFLOW_CTX_DAG_RUN_ID=scheduled__2021-08-02T00:00:00+00:00
[2021-08-03 02:49:02,776] {subprocess.py:52} INFO - Tmp dir root location: 
 /var/folders/kh/c93m3t_d2rgcvcbylylqtx240000gn/T
[2021-08-03 02:49:02,780] {subprocess.py:63} INFO - Running command: ['bash', '-c', 'sleep 5']
[2021-08-03 02:49:02,820] {subprocess.py:74} INFO - Output:
[2021-08-03 02:49:07,890] {subprocess.py:82} INFO - Command exited with return code 0
[2021-08-03 02:49:07,978] {taskinstance.py:1204} INFO - Marking task as SUCCESS. dag_id=tutorial, task_id=sleep, execution_date=20210802T000000, start_date=20210803T064902, end_date=20210803T064907
[2021-08-03 02:49:08,053] {taskinstance.py:1265} INFO - 0 downstream tasks scheduled from follow-on schedule check
[2021-08-03 02:49:08,099] {local_task_job.py:149} INFO - Task exited with return code 0
