[2021-08-02 16:34:30,941] {taskinstance.py:896} INFO - Dependencies all met for <TaskInstance: tutorial.templated 2021-08-01T00:00:00+00:00 [queued]>
[2021-08-02 16:34:30,945] {taskinstance.py:896} INFO - Dependencies all met for <TaskInstance: tutorial.templated 2021-08-01T00:00:00+00:00 [queued]>
[2021-08-02 16:34:30,945] {taskinstance.py:1087} INFO - 
--------------------------------------------------------------------------------
[2021-08-02 16:34:30,945] {taskinstance.py:1088} INFO - Starting attempt 1 of 2
[2021-08-02 16:34:30,945] {taskinstance.py:1089} INFO - 
--------------------------------------------------------------------------------
[2021-08-02 16:34:30,951] {taskinstance.py:1107} INFO - Executing <Task(BashOperator): templated> on 2021-08-01T00:00:00+00:00
[2021-08-02 16:34:30,952] {standard_task_runner.py:52} INFO - Started process 29153 to run task
[2021-08-02 16:34:30,957] {standard_task_runner.py:76} INFO - Running: ['airflow', 'tasks', 'run', 'tutorial', 'templated', '2021-08-01T00:00:00+00:00', '--job-id', '9', '--pool', 'default_pool', '--raw', '--subdir', '/Users/kennethlau/airflow/airflow-tutorial/env_airflow/lib/python3.8/site-packages/airflow/example_dags/tutorial.py', '--cfg-path', '/var/folders/kh/c93m3t_d2rgcvcbylylqtx240000gn/T/tmpd2a55v0g', '--error-file', '/var/folders/kh/c93m3t_d2rgcvcbylylqtx240000gn/T/tmpoeopnxdv']
[2021-08-02 16:34:30,959] {standard_task_runner.py:77} INFO - Job 9: Subtask templated
[2021-08-02 16:34:30,992] {logging_mixin.py:104} INFO - Running <TaskInstance: tutorial.templated 2021-08-01T00:00:00+00:00 [running]> on host 1.0.0.0.0.0.0.0.0.0.0.0.0.0.0.0.0.0.0.0.0.0.0.0.0.0.0.0.0.0.0.0.ip6.arpa
[2021-08-02 16:34:31,028] {taskinstance.py:1300} INFO - Exporting the following env vars:
AIRFLOW_CTX_DAG_EMAIL=airflow@example.com
AIRFLOW_CTX_DAG_OWNER=airflow
AIRFLOW_CTX_DAG_ID=tutorial
AIRFLOW_CTX_TASK_ID=templated
AIRFLOW_CTX_EXECUTION_DATE=2021-08-01T00:00:00+00:00
AIRFLOW_CTX_DAG_RUN_ID=scheduled__2021-08-01T00:00:00+00:00
[2021-08-02 16:34:31,029] {subprocess.py:52} INFO - Tmp dir root location: 
 /var/folders/kh/c93m3t_d2rgcvcbylylqtx240000gn/T
[2021-08-02 16:34:31,030] {subprocess.py:63} INFO - Running command: ['bash', '-c', '\n\n    echo "2021-08-01"\n    echo "2021-08-08"\n    echo "Parameter I passed in"\n\n    echo "2021-08-01"\n    echo "2021-08-08"\n    echo "Parameter I passed in"\n\n    echo "2021-08-01"\n    echo "2021-08-08"\n    echo "Parameter I passed in"\n\n    echo "2021-08-01"\n    echo "2021-08-08"\n    echo "Parameter I passed in"\n\n    echo "2021-08-01"\n    echo "2021-08-08"\n    echo "Parameter I passed in"\n']
[2021-08-02 16:34:31,035] {subprocess.py:74} INFO - Output:
[2021-08-02 16:34:31,038] {subprocess.py:78} INFO - 2021-08-01
[2021-08-02 16:34:31,039] {subprocess.py:78} INFO - 2021-08-08
[2021-08-02 16:34:31,039] {subprocess.py:78} INFO - Parameter I passed in
[2021-08-02 16:34:31,039] {subprocess.py:78} INFO - 2021-08-01
[2021-08-02 16:34:31,039] {subprocess.py:78} INFO - 2021-08-08
[2021-08-02 16:34:31,040] {subprocess.py:78} INFO - Parameter I passed in
[2021-08-02 16:34:31,040] {subprocess.py:78} INFO - 2021-08-01
[2021-08-02 16:34:31,040] {subprocess.py:78} INFO - 2021-08-08
[2021-08-02 16:34:31,040] {subprocess.py:78} INFO - Parameter I passed in
[2021-08-02 16:34:31,041] {subprocess.py:78} INFO - 2021-08-01
[2021-08-02 16:34:31,041] {subprocess.py:78} INFO - 2021-08-08
[2021-08-02 16:34:31,041] {subprocess.py:78} INFO - Parameter I passed in
[2021-08-02 16:34:31,041] {subprocess.py:78} INFO - 2021-08-01
[2021-08-02 16:34:31,042] {subprocess.py:78} INFO - 2021-08-08
[2021-08-02 16:34:31,042] {subprocess.py:78} INFO - Parameter I passed in
[2021-08-02 16:34:31,042] {subprocess.py:82} INFO - Command exited with return code 0
[2021-08-02 16:34:31,054] {taskinstance.py:1204} INFO - Marking task as SUCCESS. dag_id=tutorial, task_id=templated, execution_date=20210801T000000, start_date=20210802T203430, end_date=20210802T203431
[2021-08-02 16:34:31,065] {taskinstance.py:1265} INFO - 0 downstream tasks scheduled from follow-on schedule check
[2021-08-02 16:34:31,104] {local_task_job.py:149} INFO - Task exited with return code 0
