[2021-08-04 20:26:05,778] {taskinstance.py:896} INFO - Dependencies all met for <TaskInstance: tutorial.sleep 2021-08-04T00:00:00+00:00 [queued]>
[2021-08-04 20:26:05,827] {taskinstance.py:896} INFO - Dependencies all met for <TaskInstance: tutorial.sleep 2021-08-04T00:00:00+00:00 [queued]>
[2021-08-04 20:26:05,827] {taskinstance.py:1087} INFO - 
--------------------------------------------------------------------------------
[2021-08-04 20:26:05,828] {taskinstance.py:1088} INFO - Starting attempt 1 of 4
[2021-08-04 20:26:05,828] {taskinstance.py:1089} INFO - 
--------------------------------------------------------------------------------
[2021-08-04 20:26:05,874] {taskinstance.py:1107} INFO - Executing <Task(BashOperator): sleep> on 2021-08-04T00:00:00+00:00
[2021-08-04 20:26:05,885] {standard_task_runner.py:52} INFO - Started process 84223 to run task
[2021-08-04 20:26:05,937] {standard_task_runner.py:76} INFO - Running: ['airflow', 'tasks', 'run', 'tutorial', 'sleep', '2021-08-04T00:00:00+00:00', '--job-id', '17', '--pool', 'default_pool', '--raw', '--subdir', '/Users/kennethlau/airflow/airflow-tutorial/env_airflow/lib/python3.8/site-packages/airflow/example_dags/tutorial.py', '--cfg-path', '/var/folders/kh/c93m3t_d2rgcvcbylylqtx240000gn/T/tmp3xgxm9mn', '--error-file', '/var/folders/kh/c93m3t_d2rgcvcbylylqtx240000gn/T/tmp1crl7t1g']
[2021-08-04 20:26:05,947] {standard_task_runner.py:77} INFO - Job 17: Subtask sleep
[2021-08-04 20:26:06,302] {logging_mixin.py:104} INFO - Running <TaskInstance: tutorial.sleep 2021-08-04T00:00:00+00:00 [running]> on host 1.0.0.0.0.0.0.0.0.0.0.0.0.0.0.0.0.0.0.0.0.0.0.0.0.0.0.0.0.0.0.0.ip6.arpa
[2021-08-04 20:26:06,533] {taskinstance.py:1300} INFO - Exporting the following env vars:
AIRFLOW_CTX_DAG_EMAIL=airflow@example.com
AIRFLOW_CTX_DAG_OWNER=airflow
AIRFLOW_CTX_DAG_ID=tutorial
AIRFLOW_CTX_TASK_ID=sleep
AIRFLOW_CTX_EXECUTION_DATE=2021-08-04T00:00:00+00:00
AIRFLOW_CTX_DAG_RUN_ID=scheduled__2021-08-04T00:00:00+00:00
[2021-08-04 20:26:06,541] {subprocess.py:52} INFO - Tmp dir root location: 
 /var/folders/kh/c93m3t_d2rgcvcbylylqtx240000gn/T
[2021-08-04 20:26:06,546] {subprocess.py:63} INFO - Running command: ['bash', '-c', 'sleep 5']
[2021-08-04 20:26:06,596] {subprocess.py:74} INFO - Output:
[2021-08-04 20:26:11,667] {subprocess.py:82} INFO - Command exited with return code 0
[2021-08-04 20:26:11,766] {taskinstance.py:1204} INFO - Marking task as SUCCESS. dag_id=tutorial, task_id=sleep, execution_date=20210804T000000, start_date=20210805T002605, end_date=20210805T002611
[2021-08-04 20:26:11,851] {taskinstance.py:1265} INFO - 0 downstream tasks scheduled from follow-on schedule check
[2021-08-04 20:26:11,897] {local_task_job.py:149} INFO - Task exited with return code 0
