[2021-08-15 20:24:20,063] {scheduler_job.py:181} INFO - Started process (PID=70487) to work on /Users/kennethlau/airflow/airflow-tutorial/env_airflow/lib/python3.8/site-packages/airflow/example_dags/subdags/subdag.py
[2021-08-15 20:24:20,063] {scheduler_job.py:632} INFO - Processing file /Users/kennethlau/airflow/airflow-tutorial/env_airflow/lib/python3.8/site-packages/airflow/example_dags/subdags/subdag.py for tasks to queue
[2021-08-15 20:24:20,063] {logging_mixin.py:104} INFO - [2021-08-15 20:24:20,063] {dagbag.py:496} INFO - Filling up the DagBag from /Users/kennethlau/airflow/airflow-tutorial/env_airflow/lib/python3.8/site-packages/airflow/example_dags/subdags/subdag.py
[2021-08-15 20:24:20,065] {scheduler_job.py:644} WARNING - No viable dags retrieved from /Users/kennethlau/airflow/airflow-tutorial/env_airflow/lib/python3.8/site-packages/airflow/example_dags/subdags/subdag.py
[2021-08-15 20:24:20,086] {scheduler_job.py:189} INFO - Processing /Users/kennethlau/airflow/airflow-tutorial/env_airflow/lib/python3.8/site-packages/airflow/example_dags/subdags/subdag.py took 0.023 seconds
[2021-08-15 22:29:21,664] {scheduler_job.py:181} INFO - Started process (PID=71969) to work on /Users/kennethlau/airflow/airflow-tutorial/env_airflow/lib/python3.8/site-packages/airflow/example_dags/subdags/subdag.py
[2021-08-15 22:29:21,665] {scheduler_job.py:632} INFO - Processing file /Users/kennethlau/airflow/airflow-tutorial/env_airflow/lib/python3.8/site-packages/airflow/example_dags/subdags/subdag.py for tasks to queue
[2021-08-15 22:29:21,665] {logging_mixin.py:104} INFO - [2021-08-15 22:29:21,665] {dagbag.py:496} INFO - Filling up the DagBag from /Users/kennethlau/airflow/airflow-tutorial/env_airflow/lib/python3.8/site-packages/airflow/example_dags/subdags/subdag.py
[2021-08-15 22:29:21,667] {scheduler_job.py:644} WARNING - No viable dags retrieved from /Users/kennethlau/airflow/airflow-tutorial/env_airflow/lib/python3.8/site-packages/airflow/example_dags/subdags/subdag.py
[2021-08-15 22:29:21,689] {scheduler_job.py:189} INFO - Processing /Users/kennethlau/airflow/airflow-tutorial/env_airflow/lib/python3.8/site-packages/airflow/example_dags/subdags/subdag.py took 0.026 seconds
[2021-08-15 22:30:26,872] {scheduler_job.py:181} INFO - Started process (PID=72046) to work on /Users/kennethlau/airflow/airflow-tutorial/env_airflow/lib/python3.8/site-packages/airflow/example_dags/subdags/subdag.py
[2021-08-15 22:30:26,875] {scheduler_job.py:632} INFO - Processing file /Users/kennethlau/airflow/airflow-tutorial/env_airflow/lib/python3.8/site-packages/airflow/example_dags/subdags/subdag.py for tasks to queue
[2021-08-15 22:30:26,876] {logging_mixin.py:104} INFO - [2021-08-15 22:30:26,876] {dagbag.py:496} INFO - Filling up the DagBag from /Users/kennethlau/airflow/airflow-tutorial/env_airflow/lib/python3.8/site-packages/airflow/example_dags/subdags/subdag.py
[2021-08-15 22:30:26,880] {scheduler_job.py:644} WARNING - No viable dags retrieved from /Users/kennethlau/airflow/airflow-tutorial/env_airflow/lib/python3.8/site-packages/airflow/example_dags/subdags/subdag.py
[2021-08-15 22:30:26,921] {scheduler_job.py:189} INFO - Processing /Users/kennethlau/airflow/airflow-tutorial/env_airflow/lib/python3.8/site-packages/airflow/example_dags/subdags/subdag.py took 0.050 seconds
[2021-08-15 22:31:13,129] {scheduler_job.py:181} INFO - Started process (PID=72108) to work on /Users/kennethlau/airflow/airflow-tutorial/env_airflow/lib/python3.8/site-packages/airflow/example_dags/subdags/subdag.py
[2021-08-15 22:31:13,130] {scheduler_job.py:632} INFO - Processing file /Users/kennethlau/airflow/airflow-tutorial/env_airflow/lib/python3.8/site-packages/airflow/example_dags/subdags/subdag.py for tasks to queue
[2021-08-15 22:31:13,130] {logging_mixin.py:104} INFO - [2021-08-15 22:31:13,130] {dagbag.py:496} INFO - Filling up the DagBag from /Users/kennethlau/airflow/airflow-tutorial/env_airflow/lib/python3.8/site-packages/airflow/example_dags/subdags/subdag.py
[2021-08-15 22:31:13,132] {scheduler_job.py:644} WARNING - No viable dags retrieved from /Users/kennethlau/airflow/airflow-tutorial/env_airflow/lib/python3.8/site-packages/airflow/example_dags/subdags/subdag.py
[2021-08-15 22:31:13,154] {scheduler_job.py:189} INFO - Processing /Users/kennethlau/airflow/airflow-tutorial/env_airflow/lib/python3.8/site-packages/airflow/example_dags/subdags/subdag.py took 0.025 seconds
[2021-08-15 22:31:57,874] {scheduler_job.py:181} INFO - Started process (PID=72161) to work on /Users/kennethlau/airflow/airflow-tutorial/env_airflow/lib/python3.8/site-packages/airflow/example_dags/subdags/subdag.py
[2021-08-15 22:31:57,874] {scheduler_job.py:632} INFO - Processing file /Users/kennethlau/airflow/airflow-tutorial/env_airflow/lib/python3.8/site-packages/airflow/example_dags/subdags/subdag.py for tasks to queue
[2021-08-15 22:31:57,874] {logging_mixin.py:104} INFO - [2021-08-15 22:31:57,874] {dagbag.py:496} INFO - Filling up the DagBag from /Users/kennethlau/airflow/airflow-tutorial/env_airflow/lib/python3.8/site-packages/airflow/example_dags/subdags/subdag.py
[2021-08-15 22:31:57,876] {scheduler_job.py:644} WARNING - No viable dags retrieved from /Users/kennethlau/airflow/airflow-tutorial/env_airflow/lib/python3.8/site-packages/airflow/example_dags/subdags/subdag.py
[2021-08-15 22:31:57,919] {scheduler_job.py:189} INFO - Processing /Users/kennethlau/airflow/airflow-tutorial/env_airflow/lib/python3.8/site-packages/airflow/example_dags/subdags/subdag.py took 0.046 seconds
[2021-08-15 22:33:01,610] {scheduler_job.py:181} INFO - Started process (PID=72232) to work on /Users/kennethlau/airflow/airflow-tutorial/env_airflow/lib/python3.8/site-packages/airflow/example_dags/subdags/subdag.py
[2021-08-15 22:33:01,611] {scheduler_job.py:632} INFO - Processing file /Users/kennethlau/airflow/airflow-tutorial/env_airflow/lib/python3.8/site-packages/airflow/example_dags/subdags/subdag.py for tasks to queue
[2021-08-15 22:33:01,611] {logging_mixin.py:104} INFO - [2021-08-15 22:33:01,611] {dagbag.py:496} INFO - Filling up the DagBag from /Users/kennethlau/airflow/airflow-tutorial/env_airflow/lib/python3.8/site-packages/airflow/example_dags/subdags/subdag.py
[2021-08-15 22:33:01,613] {scheduler_job.py:644} WARNING - No viable dags retrieved from /Users/kennethlau/airflow/airflow-tutorial/env_airflow/lib/python3.8/site-packages/airflow/example_dags/subdags/subdag.py
[2021-08-15 22:33:01,635] {scheduler_job.py:189} INFO - Processing /Users/kennethlau/airflow/airflow-tutorial/env_airflow/lib/python3.8/site-packages/airflow/example_dags/subdags/subdag.py took 0.026 seconds
[2021-08-15 22:34:02,054] {scheduler_job.py:181} INFO - Started process (PID=72300) to work on /Users/kennethlau/airflow/airflow-tutorial/env_airflow/lib/python3.8/site-packages/airflow/example_dags/subdags/subdag.py
[2021-08-15 22:34:02,054] {scheduler_job.py:632} INFO - Processing file /Users/kennethlau/airflow/airflow-tutorial/env_airflow/lib/python3.8/site-packages/airflow/example_dags/subdags/subdag.py for tasks to queue
[2021-08-15 22:34:02,054] {logging_mixin.py:104} INFO - [2021-08-15 22:34:02,054] {dagbag.py:496} INFO - Filling up the DagBag from /Users/kennethlau/airflow/airflow-tutorial/env_airflow/lib/python3.8/site-packages/airflow/example_dags/subdags/subdag.py
[2021-08-15 22:34:02,056] {scheduler_job.py:644} WARNING - No viable dags retrieved from /Users/kennethlau/airflow/airflow-tutorial/env_airflow/lib/python3.8/site-packages/airflow/example_dags/subdags/subdag.py
[2021-08-15 22:34:02,077] {scheduler_job.py:189} INFO - Processing /Users/kennethlau/airflow/airflow-tutorial/env_airflow/lib/python3.8/site-packages/airflow/example_dags/subdags/subdag.py took 0.024 seconds
[2021-08-15 22:35:01,904] {scheduler_job.py:181} INFO - Started process (PID=72370) to work on /Users/kennethlau/airflow/airflow-tutorial/env_airflow/lib/python3.8/site-packages/airflow/example_dags/subdags/subdag.py
[2021-08-15 22:35:01,905] {scheduler_job.py:632} INFO - Processing file /Users/kennethlau/airflow/airflow-tutorial/env_airflow/lib/python3.8/site-packages/airflow/example_dags/subdags/subdag.py for tasks to queue
[2021-08-15 22:35:01,906] {logging_mixin.py:104} INFO - [2021-08-15 22:35:01,906] {dagbag.py:496} INFO - Filling up the DagBag from /Users/kennethlau/airflow/airflow-tutorial/env_airflow/lib/python3.8/site-packages/airflow/example_dags/subdags/subdag.py
[2021-08-15 22:35:01,908] {scheduler_job.py:644} WARNING - No viable dags retrieved from /Users/kennethlau/airflow/airflow-tutorial/env_airflow/lib/python3.8/site-packages/airflow/example_dags/subdags/subdag.py
[2021-08-15 22:35:01,933] {scheduler_job.py:189} INFO - Processing /Users/kennethlau/airflow/airflow-tutorial/env_airflow/lib/python3.8/site-packages/airflow/example_dags/subdags/subdag.py took 0.030 seconds
[2021-08-15 22:36:00,630] {scheduler_job.py:181} INFO - Started process (PID=72389) to work on /Users/kennethlau/airflow/airflow-tutorial/env_airflow/lib/python3.8/site-packages/airflow/example_dags/subdags/subdag.py
[2021-08-15 22:36:00,631] {scheduler_job.py:632} INFO - Processing file /Users/kennethlau/airflow/airflow-tutorial/env_airflow/lib/python3.8/site-packages/airflow/example_dags/subdags/subdag.py for tasks to queue
[2021-08-15 22:36:00,631] {logging_mixin.py:104} INFO - [2021-08-15 22:36:00,631] {dagbag.py:496} INFO - Filling up the DagBag from /Users/kennethlau/airflow/airflow-tutorial/env_airflow/lib/python3.8/site-packages/airflow/example_dags/subdags/subdag.py
[2021-08-15 22:36:00,633] {scheduler_job.py:644} WARNING - No viable dags retrieved from /Users/kennethlau/airflow/airflow-tutorial/env_airflow/lib/python3.8/site-packages/airflow/example_dags/subdags/subdag.py
[2021-08-15 22:36:00,660] {scheduler_job.py:189} INFO - Processing /Users/kennethlau/airflow/airflow-tutorial/env_airflow/lib/python3.8/site-packages/airflow/example_dags/subdags/subdag.py took 0.031 seconds
[2021-08-15 22:37:16,063] {scheduler_job.py:181} INFO - Started process (PID=72501) to work on /Users/kennethlau/airflow/airflow-tutorial/env_airflow/lib/python3.8/site-packages/airflow/example_dags/subdags/subdag.py
[2021-08-15 22:37:16,064] {scheduler_job.py:632} INFO - Processing file /Users/kennethlau/airflow/airflow-tutorial/env_airflow/lib/python3.8/site-packages/airflow/example_dags/subdags/subdag.py for tasks to queue
[2021-08-15 22:37:16,065] {logging_mixin.py:104} INFO - [2021-08-15 22:37:16,065] {dagbag.py:496} INFO - Filling up the DagBag from /Users/kennethlau/airflow/airflow-tutorial/env_airflow/lib/python3.8/site-packages/airflow/example_dags/subdags/subdag.py
[2021-08-15 22:37:16,067] {scheduler_job.py:644} WARNING - No viable dags retrieved from /Users/kennethlau/airflow/airflow-tutorial/env_airflow/lib/python3.8/site-packages/airflow/example_dags/subdags/subdag.py
[2021-08-15 22:37:16,092] {scheduler_job.py:189} INFO - Processing /Users/kennethlau/airflow/airflow-tutorial/env_airflow/lib/python3.8/site-packages/airflow/example_dags/subdags/subdag.py took 0.030 seconds
[2021-08-15 22:38:11,828] {scheduler_job.py:181} INFO - Started process (PID=72570) to work on /Users/kennethlau/airflow/airflow-tutorial/env_airflow/lib/python3.8/site-packages/airflow/example_dags/subdags/subdag.py
[2021-08-15 22:38:11,829] {scheduler_job.py:632} INFO - Processing file /Users/kennethlau/airflow/airflow-tutorial/env_airflow/lib/python3.8/site-packages/airflow/example_dags/subdags/subdag.py for tasks to queue
[2021-08-15 22:38:11,830] {logging_mixin.py:104} INFO - [2021-08-15 22:38:11,830] {dagbag.py:496} INFO - Filling up the DagBag from /Users/kennethlau/airflow/airflow-tutorial/env_airflow/lib/python3.8/site-packages/airflow/example_dags/subdags/subdag.py
[2021-08-15 22:38:11,833] {scheduler_job.py:644} WARNING - No viable dags retrieved from /Users/kennethlau/airflow/airflow-tutorial/env_airflow/lib/python3.8/site-packages/airflow/example_dags/subdags/subdag.py
[2021-08-15 22:38:11,856] {scheduler_job.py:189} INFO - Processing /Users/kennethlau/airflow/airflow-tutorial/env_airflow/lib/python3.8/site-packages/airflow/example_dags/subdags/subdag.py took 0.029 seconds
[2021-08-15 22:39:07,197] {scheduler_job.py:181} INFO - Started process (PID=72644) to work on /Users/kennethlau/airflow/airflow-tutorial/env_airflow/lib/python3.8/site-packages/airflow/example_dags/subdags/subdag.py
[2021-08-15 22:39:07,198] {scheduler_job.py:632} INFO - Processing file /Users/kennethlau/airflow/airflow-tutorial/env_airflow/lib/python3.8/site-packages/airflow/example_dags/subdags/subdag.py for tasks to queue
[2021-08-15 22:39:07,198] {logging_mixin.py:104} INFO - [2021-08-15 22:39:07,198] {dagbag.py:496} INFO - Filling up the DagBag from /Users/kennethlau/airflow/airflow-tutorial/env_airflow/lib/python3.8/site-packages/airflow/example_dags/subdags/subdag.py
[2021-08-15 22:39:07,201] {scheduler_job.py:644} WARNING - No viable dags retrieved from /Users/kennethlau/airflow/airflow-tutorial/env_airflow/lib/python3.8/site-packages/airflow/example_dags/subdags/subdag.py
[2021-08-15 22:39:07,223] {scheduler_job.py:189} INFO - Processing /Users/kennethlau/airflow/airflow-tutorial/env_airflow/lib/python3.8/site-packages/airflow/example_dags/subdags/subdag.py took 0.026 seconds
[2021-08-15 22:40:04,677] {scheduler_job.py:181} INFO - Started process (PID=72709) to work on /Users/kennethlau/airflow/airflow-tutorial/env_airflow/lib/python3.8/site-packages/airflow/example_dags/subdags/subdag.py
[2021-08-15 22:40:04,679] {scheduler_job.py:632} INFO - Processing file /Users/kennethlau/airflow/airflow-tutorial/env_airflow/lib/python3.8/site-packages/airflow/example_dags/subdags/subdag.py for tasks to queue
[2021-08-15 22:40:04,679] {logging_mixin.py:104} INFO - [2021-08-15 22:40:04,679] {dagbag.py:496} INFO - Filling up the DagBag from /Users/kennethlau/airflow/airflow-tutorial/env_airflow/lib/python3.8/site-packages/airflow/example_dags/subdags/subdag.py
[2021-08-15 22:40:04,682] {scheduler_job.py:644} WARNING - No viable dags retrieved from /Users/kennethlau/airflow/airflow-tutorial/env_airflow/lib/python3.8/site-packages/airflow/example_dags/subdags/subdag.py
[2021-08-15 22:40:04,730] {scheduler_job.py:189} INFO - Processing /Users/kennethlau/airflow/airflow-tutorial/env_airflow/lib/python3.8/site-packages/airflow/example_dags/subdags/subdag.py took 0.053 seconds
