[2021-08-21 22:54:56,160] {taskinstance.py:896} INFO - Dependencies all met for <TaskInstance: weather_prediction_airflow.weather_airflow 2021-08-21T00:00:00+00:00 [queued]>
[2021-08-21 22:54:56,165] {taskinstance.py:896} INFO - Dependencies all met for <TaskInstance: weather_prediction_airflow.weather_airflow 2021-08-21T00:00:00+00:00 [queued]>
[2021-08-21 22:54:56,166] {taskinstance.py:1087} INFO - 
--------------------------------------------------------------------------------
[2021-08-21 22:54:56,166] {taskinstance.py:1088} INFO - Starting attempt 1 of 2
[2021-08-21 22:54:56,166] {taskinstance.py:1089} INFO - 
--------------------------------------------------------------------------------
[2021-08-21 22:54:56,171] {taskinstance.py:1107} INFO - Executing <Task(BashOperator): weather_airflow> on 2021-08-21T00:00:00+00:00
[2021-08-21 22:54:56,173] {standard_task_runner.py:52} INFO - Started process 27941 to run task
[2021-08-21 22:54:56,179] {standard_task_runner.py:76} INFO - Running: ['airflow', 'tasks', 'run', 'weather_prediction_airflow', 'weather_airflow', '2021-08-21T00:00:00+00:00', '--job-id', '75', '--pool', 'default_pool', '--raw', '--subdir', 'DAGS_FOLDER/Airflow.py', '--cfg-path', '/var/folders/kh/c93m3t_d2rgcvcbylylqtx240000gn/T/tmp_nhu_0m5', '--error-file', '/var/folders/kh/c93m3t_d2rgcvcbylylqtx240000gn/T/tmp0mywqwsx']
[2021-08-21 22:54:56,180] {standard_task_runner.py:77} INFO - Job 75: Subtask weather_airflow
[2021-08-21 22:54:56,205] {logging_mixin.py:104} INFO - Running <TaskInstance: weather_prediction_airflow.weather_airflow 2021-08-21T00:00:00+00:00 [running]> on host 1.0.0.127.in-addr.arpa
[2021-08-21 22:54:56,228] {taskinstance.py:1300} INFO - Exporting the following env vars:
AIRFLOW_CTX_DAG_EMAIL=airflow@example.com
AIRFLOW_CTX_DAG_OWNER=airflow
AIRFLOW_CTX_DAG_ID=weather_prediction_airflow
AIRFLOW_CTX_TASK_ID=weather_airflow
AIRFLOW_CTX_EXECUTION_DATE=2021-08-21T00:00:00+00:00
AIRFLOW_CTX_DAG_RUN_ID=scheduled__2021-08-21T00:00:00+00:00
[2021-08-21 22:54:56,229] {subprocess.py:52} INFO - Tmp dir root location: 
 /var/folders/kh/c93m3t_d2rgcvcbylylqtx240000gn/T
[2021-08-21 22:54:56,230] {subprocess.py:63} INFO - Running command: ['bash', '-c', 'python /Users/kennethlau/Desktop/programing_exercise/side_projects/weather_prediction/a_pipeline.py']
[2021-08-21 22:54:56,236] {subprocess.py:74} INFO - Output:
[2021-08-21 22:56:07,725] {subprocess.py:78} INFO - RMSE: 1.853
[2021-08-21 22:56:07,904] {subprocess.py:82} INFO - Command exited with return code 0
[2021-08-21 22:56:07,939] {taskinstance.py:1204} INFO - Marking task as SUCCESS. dag_id=weather_prediction_airflow, task_id=weather_airflow, execution_date=20210821T000000, start_date=20210822T025456, end_date=20210822T025607
[2021-08-21 22:56:07,954] {taskinstance.py:1265} INFO - 0 downstream tasks scheduled from follow-on schedule check
[2021-08-21 22:56:07,965] {local_task_job.py:149} INFO - Task exited with return code 0
