[2021-08-02 16:34:24,908] {taskinstance.py:896} INFO - Dependencies all met for <TaskInstance: tutorial.sleep 2021-08-01T00:00:00+00:00 [queued]>
[2021-08-02 16:34:24,912] {taskinstance.py:896} INFO - Dependencies all met for <TaskInstance: tutorial.sleep 2021-08-01T00:00:00+00:00 [queued]>
[2021-08-02 16:34:24,912] {taskinstance.py:1087} INFO - 
--------------------------------------------------------------------------------
[2021-08-02 16:34:24,912] {taskinstance.py:1088} INFO - Starting attempt 1 of 4
[2021-08-02 16:34:24,912] {taskinstance.py:1089} INFO - 
--------------------------------------------------------------------------------
[2021-08-02 16:34:24,917] {taskinstance.py:1107} INFO - Executing <Task(BashOperator): sleep> on 2021-08-01T00:00:00+00:00
[2021-08-02 16:34:24,919] {standard_task_runner.py:52} INFO - Started process 29149 to run task
[2021-08-02 16:34:24,924] {standard_task_runner.py:76} INFO - Running: ['airflow', 'tasks', 'run', 'tutorial', 'sleep', '2021-08-01T00:00:00+00:00', '--job-id', '8', '--pool', 'default_pool', '--raw', '--subdir', '/Users/kennethlau/airflow/airflow-tutorial/env_airflow/lib/python3.8/site-packages/airflow/example_dags/tutorial.py', '--cfg-path', '/var/folders/kh/c93m3t_d2rgcvcbylylqtx240000gn/T/tmpw2schlk6', '--error-file', '/var/folders/kh/c93m3t_d2rgcvcbylylqtx240000gn/T/tmpec6_96_o']
[2021-08-02 16:34:24,926] {standard_task_runner.py:77} INFO - Job 8: Subtask sleep
[2021-08-02 16:34:24,949] {logging_mixin.py:104} INFO - Running <TaskInstance: tutorial.sleep 2021-08-01T00:00:00+00:00 [running]> on host 1.0.0.0.0.0.0.0.0.0.0.0.0.0.0.0.0.0.0.0.0.0.0.0.0.0.0.0.0.0.0.0.ip6.arpa
[2021-08-02 16:34:24,971] {taskinstance.py:1300} INFO - Exporting the following env vars:
AIRFLOW_CTX_DAG_EMAIL=airflow@example.com
AIRFLOW_CTX_DAG_OWNER=airflow
AIRFLOW_CTX_DAG_ID=tutorial
AIRFLOW_CTX_TASK_ID=sleep
AIRFLOW_CTX_EXECUTION_DATE=2021-08-01T00:00:00+00:00
AIRFLOW_CTX_DAG_RUN_ID=scheduled__2021-08-01T00:00:00+00:00
[2021-08-02 16:34:24,972] {subprocess.py:52} INFO - Tmp dir root location: 
 /var/folders/kh/c93m3t_d2rgcvcbylylqtx240000gn/T
[2021-08-02 16:34:24,972] {subprocess.py:63} INFO - Running command: ['bash', '-c', 'sleep 5']
[2021-08-02 16:34:24,977] {subprocess.py:74} INFO - Output:
[2021-08-02 16:34:29,986] {subprocess.py:82} INFO - Command exited with return code 0
[2021-08-02 16:34:30,006] {taskinstance.py:1204} INFO - Marking task as SUCCESS. dag_id=tutorial, task_id=sleep, execution_date=20210801T000000, start_date=20210802T203424, end_date=20210802T203430
[2021-08-02 16:34:30,017] {taskinstance.py:1265} INFO - 0 downstream tasks scheduled from follow-on schedule check
[2021-08-02 16:34:30,037] {local_task_job.py:149} INFO - Task exited with return code 0
