[2021-08-06 20:00:13,384] {taskinstance.py:896} INFO - Dependencies all met for <TaskInstance: tutorial.templated 2021-08-06T00:00:00+00:00 [queued]>
[2021-08-06 20:00:13,388] {taskinstance.py:896} INFO - Dependencies all met for <TaskInstance: tutorial.templated 2021-08-06T00:00:00+00:00 [queued]>
[2021-08-06 20:00:13,388] {taskinstance.py:1087} INFO - 
--------------------------------------------------------------------------------
[2021-08-06 20:00:13,388] {taskinstance.py:1088} INFO - Starting attempt 1 of 2
[2021-08-06 20:00:13,388] {taskinstance.py:1089} INFO - 
--------------------------------------------------------------------------------
[2021-08-06 20:00:13,393] {taskinstance.py:1107} INFO - Executing <Task(BashOperator): templated> on 2021-08-06T00:00:00+00:00
[2021-08-06 20:00:13,395] {standard_task_runner.py:52} INFO - Started process 81987 to run task
[2021-08-06 20:00:13,401] {standard_task_runner.py:76} INFO - Running: ['airflow', 'tasks', 'run', 'tutorial', 'templated', '2021-08-06T00:00:00+00:00', '--job-id', '25', '--pool', 'default_pool', '--raw', '--subdir', '/Users/kennethlau/airflow/airflow-tutorial/env_airflow/lib/python3.8/site-packages/airflow/example_dags/tutorial.py', '--cfg-path', '/var/folders/kh/c93m3t_d2rgcvcbylylqtx240000gn/T/tmpnm88_tku', '--error-file', '/var/folders/kh/c93m3t_d2rgcvcbylylqtx240000gn/T/tmpq30kc34z']
[2021-08-06 20:00:13,403] {standard_task_runner.py:77} INFO - Job 25: Subtask templated
[2021-08-06 20:00:13,430] {logging_mixin.py:104} INFO - Running <TaskInstance: tutorial.templated 2021-08-06T00:00:00+00:00 [running]> on host 1.0.0.0.0.0.0.0.0.0.0.0.0.0.0.0.0.0.0.0.0.0.0.0.0.0.0.0.0.0.0.0.ip6.arpa
[2021-08-06 20:00:13,471] {taskinstance.py:1300} INFO - Exporting the following env vars:
AIRFLOW_CTX_DAG_EMAIL=airflow@example.com
AIRFLOW_CTX_DAG_OWNER=airflow
AIRFLOW_CTX_DAG_ID=tutorial
AIRFLOW_CTX_TASK_ID=templated
AIRFLOW_CTX_EXECUTION_DATE=2021-08-06T00:00:00+00:00
AIRFLOW_CTX_DAG_RUN_ID=scheduled__2021-08-06T00:00:00+00:00
[2021-08-06 20:00:13,471] {subprocess.py:52} INFO - Tmp dir root location: 
 /var/folders/kh/c93m3t_d2rgcvcbylylqtx240000gn/T
[2021-08-06 20:00:13,472] {subprocess.py:63} INFO - Running command: ['bash', '-c', '\n\n    echo "2021-08-06"\n    echo "2021-08-13"\n    echo "Parameter I passed in"\n\n    echo "2021-08-06"\n    echo "2021-08-13"\n    echo "Parameter I passed in"\n\n    echo "2021-08-06"\n    echo "2021-08-13"\n    echo "Parameter I passed in"\n\n    echo "2021-08-06"\n    echo "2021-08-13"\n    echo "Parameter I passed in"\n\n    echo "2021-08-06"\n    echo "2021-08-13"\n    echo "Parameter I passed in"\n']
[2021-08-06 20:00:13,478] {subprocess.py:74} INFO - Output:
[2021-08-06 20:00:13,482] {subprocess.py:78} INFO - 2021-08-06
[2021-08-06 20:00:13,482] {subprocess.py:78} INFO - 2021-08-13
[2021-08-06 20:00:13,483] {subprocess.py:78} INFO - Parameter I passed in
[2021-08-06 20:00:13,483] {subprocess.py:78} INFO - 2021-08-06
[2021-08-06 20:00:13,483] {subprocess.py:78} INFO - 2021-08-13
[2021-08-06 20:00:13,483] {subprocess.py:78} INFO - Parameter I passed in
[2021-08-06 20:00:13,484] {subprocess.py:78} INFO - 2021-08-06
[2021-08-06 20:00:13,484] {subprocess.py:78} INFO - 2021-08-13
[2021-08-06 20:00:13,484] {subprocess.py:78} INFO - Parameter I passed in
[2021-08-06 20:00:13,485] {subprocess.py:78} INFO - 2021-08-06
[2021-08-06 20:00:13,485] {subprocess.py:78} INFO - 2021-08-13
[2021-08-06 20:00:13,485] {subprocess.py:78} INFO - Parameter I passed in
[2021-08-06 20:00:13,485] {subprocess.py:78} INFO - 2021-08-06
[2021-08-06 20:00:13,486] {subprocess.py:78} INFO - 2021-08-13
[2021-08-06 20:00:13,486] {subprocess.py:78} INFO - Parameter I passed in
[2021-08-06 20:00:13,486] {subprocess.py:82} INFO - Command exited with return code 0
[2021-08-06 20:00:13,497] {taskinstance.py:1204} INFO - Marking task as SUCCESS. dag_id=tutorial, task_id=templated, execution_date=20210806T000000, start_date=20210807T000013, end_date=20210807T000013
[2021-08-06 20:00:13,508] {taskinstance.py:1265} INFO - 0 downstream tasks scheduled from follow-on schedule check
[2021-08-06 20:00:13,552] {local_task_job.py:149} INFO - Task exited with return code 0
