[2021-08-02 16:33:57,566] {taskinstance.py:896} INFO - Dependencies all met for <TaskInstance: tutorial.print_date 2021-07-31T00:00:00+00:00 [queued]>
[2021-08-02 16:33:57,571] {taskinstance.py:896} INFO - Dependencies all met for <TaskInstance: tutorial.print_date 2021-07-31T00:00:00+00:00 [queued]>
[2021-08-02 16:33:57,571] {taskinstance.py:1087} INFO - 
--------------------------------------------------------------------------------
[2021-08-02 16:33:57,572] {taskinstance.py:1088} INFO - Starting attempt 1 of 2
[2021-08-02 16:33:57,572] {taskinstance.py:1089} INFO - 
--------------------------------------------------------------------------------
[2021-08-02 16:33:57,578] {taskinstance.py:1107} INFO - Executing <Task(BashOperator): print_date> on 2021-07-31T00:00:00+00:00
[2021-08-02 16:33:57,581] {standard_task_runner.py:52} INFO - Started process 29110 to run task
[2021-08-02 16:33:57,588] {standard_task_runner.py:76} INFO - Running: ['airflow', 'tasks', 'run', 'tutorial', 'print_date', '2021-07-31T00:00:00+00:00', '--job-id', '4', '--pool', 'default_pool', '--raw', '--subdir', '/Users/kennethlau/airflow/airflow-tutorial/env_airflow/lib/python3.8/site-packages/airflow/example_dags/tutorial.py', '--cfg-path', '/var/folders/kh/c93m3t_d2rgcvcbylylqtx240000gn/T/tmpsgjkep5s', '--error-file', '/var/folders/kh/c93m3t_d2rgcvcbylylqtx240000gn/T/tmpuoepsuro']
[2021-08-02 16:33:57,591] {standard_task_runner.py:77} INFO - Job 4: Subtask print_date
[2021-08-02 16:33:57,621] {logging_mixin.py:104} INFO - Running <TaskInstance: tutorial.print_date 2021-07-31T00:00:00+00:00 [running]> on host 1.0.0.0.0.0.0.0.0.0.0.0.0.0.0.0.0.0.0.0.0.0.0.0.0.0.0.0.0.0.0.0.ip6.arpa
[2021-08-02 16:33:57,646] {taskinstance.py:1300} INFO - Exporting the following env vars:
AIRFLOW_CTX_DAG_EMAIL=airflow@example.com
AIRFLOW_CTX_DAG_OWNER=airflow
AIRFLOW_CTX_DAG_ID=tutorial
AIRFLOW_CTX_TASK_ID=print_date
AIRFLOW_CTX_EXECUTION_DATE=2021-07-31T00:00:00+00:00
AIRFLOW_CTX_DAG_RUN_ID=scheduled__2021-07-31T00:00:00+00:00
[2021-08-02 16:33:57,647] {subprocess.py:52} INFO - Tmp dir root location: 
 /var/folders/kh/c93m3t_d2rgcvcbylylqtx240000gn/T
[2021-08-02 16:33:57,648] {subprocess.py:63} INFO - Running command: ['bash', '-c', 'date']
[2021-08-02 16:33:57,654] {subprocess.py:74} INFO - Output:
[2021-08-02 16:33:57,668] {subprocess.py:78} INFO - Mon  2 Aug 2021 16:33:57 EDT
[2021-08-02 16:33:57,669] {subprocess.py:82} INFO - Command exited with return code 0
[2021-08-02 16:33:57,681] {taskinstance.py:1204} INFO - Marking task as SUCCESS. dag_id=tutorial, task_id=print_date, execution_date=20210731T000000, start_date=20210802T203357, end_date=20210802T203357
[2021-08-02 16:33:57,695] {dagrun.py:495} WARNING - Failed to get task '<TaskInstance: tutorial.testairflow 2021-07-31 00:00:00+00:00 [None]>' for dag 'tutorial'. Marking it as removed.
[2021-08-02 16:33:57,700] {taskinstance.py:1265} INFO - 0 downstream tasks scheduled from follow-on schedule check
[2021-08-02 16:33:57,728] {local_task_job.py:149} INFO - Task exited with return code 0
