[2021-08-21 22:56:17,745] {taskinstance.py:896} INFO - Dependencies all met for <TaskInstance: weather_prediction_airflow.weather_airflow 2021-08-18T00:00:00+00:00 [queued]>
[2021-08-21 22:56:17,750] {taskinstance.py:896} INFO - Dependencies all met for <TaskInstance: weather_prediction_airflow.weather_airflow 2021-08-18T00:00:00+00:00 [queued]>
[2021-08-21 22:56:17,751] {taskinstance.py:1087} INFO - 
--------------------------------------------------------------------------------
[2021-08-21 22:56:17,751] {taskinstance.py:1088} INFO - Starting attempt 2 of 2
[2021-08-21 22:56:17,751] {taskinstance.py:1089} INFO - 
--------------------------------------------------------------------------------
[2021-08-21 22:56:17,756] {taskinstance.py:1107} INFO - Executing <Task(BashOperator): weather_airflow> on 2021-08-18T00:00:00+00:00
[2021-08-21 22:56:17,758] {standard_task_runner.py:52} INFO - Started process 27965 to run task
[2021-08-21 22:56:17,766] {standard_task_runner.py:76} INFO - Running: ['airflow', 'tasks', 'run', 'weather_prediction_airflow', 'weather_airflow', '2021-08-18T00:00:00+00:00', '--job-id', '76', '--pool', 'default_pool', '--raw', '--subdir', 'DAGS_FOLDER/Airflow.py', '--cfg-path', '/var/folders/kh/c93m3t_d2rgcvcbylylqtx240000gn/T/tmp3dzvqknw', '--error-file', '/var/folders/kh/c93m3t_d2rgcvcbylylqtx240000gn/T/tmpi2ud70r0']
[2021-08-21 22:56:17,768] {standard_task_runner.py:77} INFO - Job 76: Subtask weather_airflow
[2021-08-21 22:56:17,801] {logging_mixin.py:104} INFO - Running <TaskInstance: weather_prediction_airflow.weather_airflow 2021-08-18T00:00:00+00:00 [running]> on host 1.0.0.127.in-addr.arpa
[2021-08-21 22:56:17,828] {taskinstance.py:1300} INFO - Exporting the following env vars:
AIRFLOW_CTX_DAG_EMAIL=airflow@example.com
AIRFLOW_CTX_DAG_OWNER=airflow
AIRFLOW_CTX_DAG_ID=weather_prediction_airflow
AIRFLOW_CTX_TASK_ID=weather_airflow
AIRFLOW_CTX_EXECUTION_DATE=2021-08-18T00:00:00+00:00
AIRFLOW_CTX_DAG_RUN_ID=scheduled__2021-08-18T00:00:00+00:00
[2021-08-21 22:56:17,829] {subprocess.py:52} INFO - Tmp dir root location: 
 /var/folders/kh/c93m3t_d2rgcvcbylylqtx240000gn/T
[2021-08-21 22:56:17,830] {subprocess.py:63} INFO - Running command: ['bash', '-c', 'python /Users/kennethlau/Desktop/programing_exercise/side_projects/weather_prediction/a_pipeline.py']
[2021-08-21 22:56:17,837] {subprocess.py:74} INFO - Output:
