[2021-08-21 22:44:32,363] {taskinstance.py:896} INFO - Dependencies all met for <TaskInstance: weather_prediction_airflow.install_reqs 2021-08-19T00:00:00+00:00 [queued]>
[2021-08-21 22:44:32,368] {taskinstance.py:896} INFO - Dependencies all met for <TaskInstance: weather_prediction_airflow.install_reqs 2021-08-19T00:00:00+00:00 [queued]>
[2021-08-21 22:44:32,368] {taskinstance.py:1087} INFO - 
--------------------------------------------------------------------------------
[2021-08-21 22:44:32,368] {taskinstance.py:1088} INFO - Starting attempt 1 of 2
[2021-08-21 22:44:32,369] {taskinstance.py:1089} INFO - 
--------------------------------------------------------------------------------
[2021-08-21 22:44:32,373] {taskinstance.py:1107} INFO - Executing <Task(BashOperator): install_reqs> on 2021-08-19T00:00:00+00:00
[2021-08-21 22:44:32,376] {standard_task_runner.py:52} INFO - Started process 27789 to run task
[2021-08-21 22:44:32,381] {standard_task_runner.py:76} INFO - Running: ['airflow', 'tasks', 'run', 'weather_prediction_airflow', 'install_reqs', '2021-08-19T00:00:00+00:00', '--job-id', '68', '--pool', 'default_pool', '--raw', '--subdir', 'DAGS_FOLDER/Airflow.py', '--cfg-path', '/var/folders/kh/c93m3t_d2rgcvcbylylqtx240000gn/T/tmpz9vof5q7', '--error-file', '/var/folders/kh/c93m3t_d2rgcvcbylylqtx240000gn/T/tmppj366xkl']
[2021-08-21 22:44:32,383] {standard_task_runner.py:77} INFO - Job 68: Subtask install_reqs
[2021-08-21 22:44:32,407] {logging_mixin.py:104} INFO - Running <TaskInstance: weather_prediction_airflow.install_reqs 2021-08-19T00:00:00+00:00 [running]> on host 1.0.0.127.in-addr.arpa
[2021-08-21 22:44:32,432] {taskinstance.py:1300} INFO - Exporting the following env vars:
AIRFLOW_CTX_DAG_EMAIL=airflow@example.com
AIRFLOW_CTX_DAG_OWNER=airflow
AIRFLOW_CTX_DAG_ID=weather_prediction_airflow
AIRFLOW_CTX_TASK_ID=install_reqs
AIRFLOW_CTX_EXECUTION_DATE=2021-08-19T00:00:00+00:00
AIRFLOW_CTX_DAG_RUN_ID=scheduled__2021-08-19T00:00:00+00:00
[2021-08-21 22:44:32,432] {subprocess.py:52} INFO - Tmp dir root location: 
 /var/folders/kh/c93m3t_d2rgcvcbylylqtx240000gn/T
[2021-08-21 22:44:32,433] {subprocess.py:63} INFO - Running command: ['bash', '-c', 'pip install -r /Users/kennethlau/airflow/requirements.txt']
[2021-08-21 22:44:32,439] {subprocess.py:74} INFO - Output:
[2021-08-21 22:44:32,950] {subprocess.py:78} INFO - Requirement already satisfied: matplotlib==3.3.4 in /Users/kennethlau/airflow/airflow-tutorial/env_airflow/lib/python3.8/site-packages (from -r /Users/kennethlau/airflow/requirements.txt (line 1)) (3.3.4)
[2021-08-21 22:44:32,957] {subprocess.py:78} INFO - Requirement already satisfied: pandas==1.2.4 in /Users/kennethlau/airflow/airflow-tutorial/env_airflow/lib/python3.8/site-packages (from -r /Users/kennethlau/airflow/requirements.txt (line 2)) (1.2.4)
[2021-08-21 22:44:32,964] {subprocess.py:78} INFO - Requirement already satisfied: numpy==1.20.1 in /Users/kennethlau/airflow/airflow-tutorial/env_airflow/lib/python3.8/site-packages (from -r /Users/kennethlau/airflow/requirements.txt (line 3)) (1.20.1)
[2021-08-21 22:44:32,966] {subprocess.py:78} INFO - Requirement already satisfied: statsmodels==0.12.2 in /Users/kennethlau/airflow/airflow-tutorial/env_airflow/lib/python3.8/site-packages (from -r /Users/kennethlau/airflow/requirements.txt (line 4)) (0.12.2)
[2021-08-21 22:44:32,978] {subprocess.py:78} INFO - Requirement already satisfied: scikit-learn==0.24.1 in /Users/kennethlau/airflow/airflow-tutorial/env_airflow/lib/python3.8/site-packages (from -r /Users/kennethlau/airflow/requirements.txt (line 5)) (0.24.1)
[2021-08-21 22:44:33,004] {subprocess.py:78} INFO - Requirement already satisfied: kiwisolver>=1.0.1 in /Users/kennethlau/airflow/airflow-tutorial/env_airflow/lib/python3.8/site-packages (from matplotlib==3.3.4->-r /Users/kennethlau/airflow/requirements.txt (line 1)) (1.3.1)
[2021-08-21 22:44:33,006] {subprocess.py:78} INFO - Requirement already satisfied: pyparsing!=2.0.4,!=2.1.2,!=2.1.6,>=2.0.3 in /Users/kennethlau/airflow/airflow-tutorial/env_airflow/lib/python3.8/site-packages (from matplotlib==3.3.4->-r /Users/kennethlau/airflow/requirements.txt (line 1)) (2.4.7)
[2021-08-21 22:44:33,008] {subprocess.py:78} INFO - Requirement already satisfied: cycler>=0.10 in /Users/kennethlau/airflow/airflow-tutorial/env_airflow/lib/python3.8/site-packages (from matplotlib==3.3.4->-r /Users/kennethlau/airflow/requirements.txt (line 1)) (0.10.0)
[2021-08-21 22:44:33,010] {subprocess.py:78} INFO - Requirement already satisfied: python-dateutil>=2.1 in /Users/kennethlau/airflow/airflow-tutorial/env_airflow/lib/python3.8/site-packages (from matplotlib==3.3.4->-r /Users/kennethlau/airflow/requirements.txt (line 1)) (2.8.2)
[2021-08-21 22:44:33,013] {subprocess.py:78} INFO - Requirement already satisfied: pillow>=6.2.0 in /Users/kennethlau/airflow/airflow-tutorial/env_airflow/lib/python3.8/site-packages (from matplotlib==3.3.4->-r /Users/kennethlau/airflow/requirements.txt (line 1)) (8.3.1)
[2021-08-21 22:44:33,015] {subprocess.py:78} INFO - Requirement already satisfied: pytz>=2017.3 in /Users/kennethlau/airflow/airflow-tutorial/env_airflow/lib/python3.8/site-packages (from pandas==1.2.4->-r /Users/kennethlau/airflow/requirements.txt (line 2)) (2021.1)
[2021-08-21 22:44:33,018] {subprocess.py:78} INFO - Requirement already satisfied: patsy>=0.5 in /Users/kennethlau/airflow/airflow-tutorial/env_airflow/lib/python3.8/site-packages (from statsmodels==0.12.2->-r /Users/kennethlau/airflow/requirements.txt (line 4)) (0.5.1)
[2021-08-21 22:44:33,020] {subprocess.py:78} INFO - Requirement already satisfied: scipy>=1.1 in /Users/kennethlau/airflow/airflow-tutorial/env_airflow/lib/python3.8/site-packages (from statsmodels==0.12.2->-r /Users/kennethlau/airflow/requirements.txt (line 4)) (1.7.1)
[2021-08-21 22:44:33,023] {subprocess.py:78} INFO - Requirement already satisfied: joblib>=0.11 in /Users/kennethlau/airflow/airflow-tutorial/env_airflow/lib/python3.8/site-packages (from scikit-learn==0.24.1->-r /Users/kennethlau/airflow/requirements.txt (line 5)) (1.0.1)
[2021-08-21 22:44:33,025] {subprocess.py:78} INFO - Requirement already satisfied: threadpoolctl>=2.0.0 in /Users/kennethlau/airflow/airflow-tutorial/env_airflow/lib/python3.8/site-packages (from scikit-learn==0.24.1->-r /Users/kennethlau/airflow/requirements.txt (line 5)) (2.2.0)
[2021-08-21 22:44:33,028] {subprocess.py:78} INFO - Requirement already satisfied: six in /Users/kennethlau/airflow/airflow-tutorial/env_airflow/lib/python3.8/site-packages (from cycler>=0.10->matplotlib==3.3.4->-r /Users/kennethlau/airflow/requirements.txt (line 1)) (1.16.0)
[2021-08-21 22:44:35,608] {subprocess.py:78} INFO - WARNING: You are using pip version 20.2.3; however, version 21.2.4 is available.
[2021-08-21 22:44:35,608] {subprocess.py:78} INFO - You should consider upgrading via the '/Users/kennethlau/airflow/airflow-tutorial/env_airflow/bin/python3 -m pip install --upgrade pip' command.
[2021-08-21 22:44:35,675] {subprocess.py:82} INFO - Command exited with return code 0
[2021-08-21 22:44:35,691] {taskinstance.py:1204} INFO - Marking task as SUCCESS. dag_id=weather_prediction_airflow, task_id=install_reqs, execution_date=20210819T000000, start_date=20210822T024432, end_date=20210822T024435
[2021-08-21 22:44:35,707] {taskinstance.py:1265} INFO - 1 downstream tasks scheduled from follow-on schedule check
[2021-08-21 22:44:35,717] {local_task_job.py:149} INFO - Task exited with return code 0
