[2021-08-06 20:00:07,202] {taskinstance.py:896} INFO - Dependencies all met for <TaskInstance: tutorial.sleep 2021-08-06T00:00:00+00:00 [queued]>
[2021-08-06 20:00:07,208] {taskinstance.py:896} INFO - Dependencies all met for <TaskInstance: tutorial.sleep 2021-08-06T00:00:00+00:00 [queued]>
[2021-08-06 20:00:07,208] {taskinstance.py:1087} INFO - 
--------------------------------------------------------------------------------
[2021-08-06 20:00:07,208] {taskinstance.py:1088} INFO - Starting attempt 1 of 4
[2021-08-06 20:00:07,208] {taskinstance.py:1089} INFO - 
--------------------------------------------------------------------------------
[2021-08-06 20:00:07,216] {taskinstance.py:1107} INFO - Executing <Task(BashOperator): sleep> on 2021-08-06T00:00:00+00:00
[2021-08-06 20:00:07,217] {standard_task_runner.py:52} INFO - Started process 81982 to run task
[2021-08-06 20:00:07,223] {standard_task_runner.py:76} INFO - Running: ['airflow', 'tasks', 'run', 'tutorial', 'sleep', '2021-08-06T00:00:00+00:00', '--job-id', '24', '--pool', 'default_pool', '--raw', '--subdir', '/Users/kennethlau/airflow/airflow-tutorial/env_airflow/lib/python3.8/site-packages/airflow/example_dags/tutorial.py', '--cfg-path', '/var/folders/kh/c93m3t_d2rgcvcbylylqtx240000gn/T/tmpze0avnlp', '--error-file', '/var/folders/kh/c93m3t_d2rgcvcbylylqtx240000gn/T/tmptcm7s9w9']
[2021-08-06 20:00:07,224] {standard_task_runner.py:77} INFO - Job 24: Subtask sleep
[2021-08-06 20:00:07,249] {logging_mixin.py:104} INFO - Running <TaskInstance: tutorial.sleep 2021-08-06T00:00:00+00:00 [running]> on host 1.0.0.0.0.0.0.0.0.0.0.0.0.0.0.0.0.0.0.0.0.0.0.0.0.0.0.0.0.0.0.0.ip6.arpa
[2021-08-06 20:00:07,271] {taskinstance.py:1300} INFO - Exporting the following env vars:
AIRFLOW_CTX_DAG_EMAIL=airflow@example.com
AIRFLOW_CTX_DAG_OWNER=airflow
AIRFLOW_CTX_DAG_ID=tutorial
AIRFLOW_CTX_TASK_ID=sleep
AIRFLOW_CTX_EXECUTION_DATE=2021-08-06T00:00:00+00:00
AIRFLOW_CTX_DAG_RUN_ID=scheduled__2021-08-06T00:00:00+00:00
[2021-08-06 20:00:07,272] {subprocess.py:52} INFO - Tmp dir root location: 
 /var/folders/kh/c93m3t_d2rgcvcbylylqtx240000gn/T
[2021-08-06 20:00:07,273] {subprocess.py:63} INFO - Running command: ['bash', '-c', 'sleep 5']
[2021-08-06 20:00:07,282] {subprocess.py:74} INFO - Output:
[2021-08-06 20:00:12,301] {subprocess.py:82} INFO - Command exited with return code 0
[2021-08-06 20:00:12,313] {taskinstance.py:1204} INFO - Marking task as SUCCESS. dag_id=tutorial, task_id=sleep, execution_date=20210806T000000, start_date=20210807T000007, end_date=20210807T000012
[2021-08-06 20:00:12,322] {taskinstance.py:1265} INFO - 0 downstream tasks scheduled from follow-on schedule check
[2021-08-06 20:00:12,330] {local_task_job.py:149} INFO - Task exited with return code 0
