[2021-08-15 20:26:26,444] {scheduler_job.py:181} INFO - Started process (PID=70823) to work on /Users/kennethlau/airflow/airflow-tutorial/env_airflow/lib/python3.8/site-packages/airflow/example_dags/example_complex.py
[2021-08-15 20:26:26,444] {scheduler_job.py:632} INFO - Processing file /Users/kennethlau/airflow/airflow-tutorial/env_airflow/lib/python3.8/site-packages/airflow/example_dags/example_complex.py for tasks to queue
[2021-08-15 20:26:26,444] {logging_mixin.py:104} INFO - [2021-08-15 20:26:26,444] {dagbag.py:496} INFO - Filling up the DagBag from /Users/kennethlau/airflow/airflow-tutorial/env_airflow/lib/python3.8/site-packages/airflow/example_dags/example_complex.py
[2021-08-15 20:26:26,455] {scheduler_job.py:642} INFO - DAG(s) dict_keys(['example_complex']) retrieved from /Users/kennethlau/airflow/airflow-tutorial/env_airflow/lib/python3.8/site-packages/airflow/example_dags/example_complex.py
[2021-08-15 20:26:26,691] {logging_mixin.py:104} INFO - [2021-08-15 20:26:26,691] {dag.py:1833} INFO - Sync 1 DAGs
[2021-08-15 20:26:26,696] {logging_mixin.py:104} INFO - [2021-08-15 20:26:26,696] {dag.py:2306} INFO - Setting next_dagrun for example_complex to None
[2021-08-15 20:26:26,704] {scheduler_job.py:189} INFO - Processing /Users/kennethlau/airflow/airflow-tutorial/env_airflow/lib/python3.8/site-packages/airflow/example_dags/example_complex.py took 0.261 seconds
[2021-08-15 22:30:10,119] {scheduler_job.py:181} INFO - Started process (PID=72028) to work on /Users/kennethlau/airflow/airflow-tutorial/env_airflow/lib/python3.8/site-packages/airflow/example_dags/example_complex.py
[2021-08-15 22:30:10,121] {scheduler_job.py:632} INFO - Processing file /Users/kennethlau/airflow/airflow-tutorial/env_airflow/lib/python3.8/site-packages/airflow/example_dags/example_complex.py for tasks to queue
[2021-08-15 22:30:10,121] {logging_mixin.py:104} INFO - [2021-08-15 22:30:10,121] {dagbag.py:496} INFO - Filling up the DagBag from /Users/kennethlau/airflow/airflow-tutorial/env_airflow/lib/python3.8/site-packages/airflow/example_dags/example_complex.py
[2021-08-15 22:30:10,133] {scheduler_job.py:642} INFO - DAG(s) dict_keys(['example_complex']) retrieved from /Users/kennethlau/airflow/airflow-tutorial/env_airflow/lib/python3.8/site-packages/airflow/example_dags/example_complex.py
[2021-08-15 22:30:10,161] {logging_mixin.py:104} INFO - [2021-08-15 22:30:10,160] {dag.py:1833} INFO - Sync 1 DAGs
[2021-08-15 22:30:10,166] {logging_mixin.py:104} INFO - [2021-08-15 22:30:10,166] {dag.py:2306} INFO - Setting next_dagrun for example_complex to None
[2021-08-15 22:30:10,173] {scheduler_job.py:189} INFO - Processing /Users/kennethlau/airflow/airflow-tutorial/env_airflow/lib/python3.8/site-packages/airflow/example_dags/example_complex.py took 0.055 seconds
[2021-08-15 22:31:42,263] {scheduler_job.py:181} INFO - Started process (PID=72138) to work on /Users/kennethlau/airflow/airflow-tutorial/env_airflow/lib/python3.8/site-packages/airflow/example_dags/example_complex.py
[2021-08-15 22:31:42,264] {scheduler_job.py:632} INFO - Processing file /Users/kennethlau/airflow/airflow-tutorial/env_airflow/lib/python3.8/site-packages/airflow/example_dags/example_complex.py for tasks to queue
[2021-08-15 22:31:42,265] {logging_mixin.py:104} INFO - [2021-08-15 22:31:42,265] {dagbag.py:496} INFO - Filling up the DagBag from /Users/kennethlau/airflow/airflow-tutorial/env_airflow/lib/python3.8/site-packages/airflow/example_dags/example_complex.py
[2021-08-15 22:31:42,278] {scheduler_job.py:642} INFO - DAG(s) dict_keys(['example_complex']) retrieved from /Users/kennethlau/airflow/airflow-tutorial/env_airflow/lib/python3.8/site-packages/airflow/example_dags/example_complex.py
[2021-08-15 22:31:42,311] {logging_mixin.py:104} INFO - [2021-08-15 22:31:42,311] {dag.py:1833} INFO - Sync 1 DAGs
[2021-08-15 22:31:42,317] {logging_mixin.py:104} INFO - [2021-08-15 22:31:42,317] {dag.py:2306} INFO - Setting next_dagrun for example_complex to None
[2021-08-15 22:31:42,326] {scheduler_job.py:189} INFO - Processing /Users/kennethlau/airflow/airflow-tutorial/env_airflow/lib/python3.8/site-packages/airflow/example_dags/example_complex.py took 0.063 seconds
[2021-08-15 22:32:46,991] {scheduler_job.py:181} INFO - Started process (PID=72214) to work on /Users/kennethlau/airflow/airflow-tutorial/env_airflow/lib/python3.8/site-packages/airflow/example_dags/example_complex.py
[2021-08-15 22:32:46,991] {scheduler_job.py:632} INFO - Processing file /Users/kennethlau/airflow/airflow-tutorial/env_airflow/lib/python3.8/site-packages/airflow/example_dags/example_complex.py for tasks to queue
[2021-08-15 22:32:46,992] {logging_mixin.py:104} INFO - [2021-08-15 22:32:46,992] {dagbag.py:496} INFO - Filling up the DagBag from /Users/kennethlau/airflow/airflow-tutorial/env_airflow/lib/python3.8/site-packages/airflow/example_dags/example_complex.py
[2021-08-15 22:32:47,006] {scheduler_job.py:642} INFO - DAG(s) dict_keys(['example_complex']) retrieved from /Users/kennethlau/airflow/airflow-tutorial/env_airflow/lib/python3.8/site-packages/airflow/example_dags/example_complex.py
[2021-08-15 22:32:47,034] {logging_mixin.py:104} INFO - [2021-08-15 22:32:47,034] {dag.py:1833} INFO - Sync 1 DAGs
[2021-08-15 22:32:47,040] {logging_mixin.py:104} INFO - [2021-08-15 22:32:47,040] {dag.py:2306} INFO - Setting next_dagrun for example_complex to None
[2021-08-15 22:32:47,048] {scheduler_job.py:189} INFO - Processing /Users/kennethlau/airflow/airflow-tutorial/env_airflow/lib/python3.8/site-packages/airflow/example_dags/example_complex.py took 0.057 seconds
[2021-08-15 22:33:47,234] {scheduler_job.py:181} INFO - Started process (PID=72282) to work on /Users/kennethlau/airflow/airflow-tutorial/env_airflow/lib/python3.8/site-packages/airflow/example_dags/example_complex.py
[2021-08-15 22:33:47,234] {scheduler_job.py:632} INFO - Processing file /Users/kennethlau/airflow/airflow-tutorial/env_airflow/lib/python3.8/site-packages/airflow/example_dags/example_complex.py for tasks to queue
[2021-08-15 22:33:47,234] {logging_mixin.py:104} INFO - [2021-08-15 22:33:47,234] {dagbag.py:496} INFO - Filling up the DagBag from /Users/kennethlau/airflow/airflow-tutorial/env_airflow/lib/python3.8/site-packages/airflow/example_dags/example_complex.py
[2021-08-15 22:33:47,245] {scheduler_job.py:642} INFO - DAG(s) dict_keys(['example_complex']) retrieved from /Users/kennethlau/airflow/airflow-tutorial/env_airflow/lib/python3.8/site-packages/airflow/example_dags/example_complex.py
[2021-08-15 22:33:47,271] {logging_mixin.py:104} INFO - [2021-08-15 22:33:47,271] {dag.py:1833} INFO - Sync 1 DAGs
[2021-08-15 22:33:47,276] {logging_mixin.py:104} INFO - [2021-08-15 22:33:47,276] {dag.py:2306} INFO - Setting next_dagrun for example_complex to None
[2021-08-15 22:33:47,282] {scheduler_job.py:189} INFO - Processing /Users/kennethlau/airflow/airflow-tutorial/env_airflow/lib/python3.8/site-packages/airflow/example_dags/example_complex.py took 0.049 seconds
[2021-08-15 22:34:46,913] {scheduler_job.py:181} INFO - Started process (PID=72350) to work on /Users/kennethlau/airflow/airflow-tutorial/env_airflow/lib/python3.8/site-packages/airflow/example_dags/example_complex.py
[2021-08-15 22:34:46,915] {scheduler_job.py:632} INFO - Processing file /Users/kennethlau/airflow/airflow-tutorial/env_airflow/lib/python3.8/site-packages/airflow/example_dags/example_complex.py for tasks to queue
[2021-08-15 22:34:46,915] {logging_mixin.py:104} INFO - [2021-08-15 22:34:46,915] {dagbag.py:496} INFO - Filling up the DagBag from /Users/kennethlau/airflow/airflow-tutorial/env_airflow/lib/python3.8/site-packages/airflow/example_dags/example_complex.py
[2021-08-15 22:34:46,930] {scheduler_job.py:642} INFO - DAG(s) dict_keys(['example_complex']) retrieved from /Users/kennethlau/airflow/airflow-tutorial/env_airflow/lib/python3.8/site-packages/airflow/example_dags/example_complex.py
[2021-08-15 22:34:46,956] {logging_mixin.py:104} INFO - [2021-08-15 22:34:46,956] {dag.py:1833} INFO - Sync 1 DAGs
[2021-08-15 22:34:46,962] {logging_mixin.py:104} INFO - [2021-08-15 22:34:46,962] {dag.py:2306} INFO - Setting next_dagrun for example_complex to None
[2021-08-15 22:34:46,968] {scheduler_job.py:189} INFO - Processing /Users/kennethlau/airflow/airflow-tutorial/env_airflow/lib/python3.8/site-packages/airflow/example_dags/example_complex.py took 0.055 seconds
[2021-08-15 22:37:01,599] {scheduler_job.py:181} INFO - Started process (PID=72485) to work on /Users/kennethlau/airflow/airflow-tutorial/env_airflow/lib/python3.8/site-packages/airflow/example_dags/example_complex.py
[2021-08-15 22:37:01,600] {scheduler_job.py:632} INFO - Processing file /Users/kennethlau/airflow/airflow-tutorial/env_airflow/lib/python3.8/site-packages/airflow/example_dags/example_complex.py for tasks to queue
[2021-08-15 22:37:01,600] {logging_mixin.py:104} INFO - [2021-08-15 22:37:01,600] {dagbag.py:496} INFO - Filling up the DagBag from /Users/kennethlau/airflow/airflow-tutorial/env_airflow/lib/python3.8/site-packages/airflow/example_dags/example_complex.py
[2021-08-15 22:37:01,612] {scheduler_job.py:642} INFO - DAG(s) dict_keys(['example_complex']) retrieved from /Users/kennethlau/airflow/airflow-tutorial/env_airflow/lib/python3.8/site-packages/airflow/example_dags/example_complex.py
[2021-08-15 22:37:01,639] {logging_mixin.py:104} INFO - [2021-08-15 22:37:01,639] {dag.py:1833} INFO - Sync 1 DAGs
[2021-08-15 22:37:01,645] {logging_mixin.py:104} INFO - [2021-08-15 22:37:01,645] {dag.py:2306} INFO - Setting next_dagrun for example_complex to None
[2021-08-15 22:37:01,651] {scheduler_job.py:189} INFO - Processing /Users/kennethlau/airflow/airflow-tutorial/env_airflow/lib/python3.8/site-packages/airflow/example_dags/example_complex.py took 0.053 seconds
[2021-08-15 22:38:00,400] {scheduler_job.py:181} INFO - Started process (PID=72552) to work on /Users/kennethlau/airflow/airflow-tutorial/env_airflow/lib/python3.8/site-packages/airflow/example_dags/example_complex.py
[2021-08-15 22:38:00,400] {scheduler_job.py:632} INFO - Processing file /Users/kennethlau/airflow/airflow-tutorial/env_airflow/lib/python3.8/site-packages/airflow/example_dags/example_complex.py for tasks to queue
[2021-08-15 22:38:00,401] {logging_mixin.py:104} INFO - [2021-08-15 22:38:00,401] {dagbag.py:496} INFO - Filling up the DagBag from /Users/kennethlau/airflow/airflow-tutorial/env_airflow/lib/python3.8/site-packages/airflow/example_dags/example_complex.py
[2021-08-15 22:38:00,415] {scheduler_job.py:642} INFO - DAG(s) dict_keys(['example_complex']) retrieved from /Users/kennethlau/airflow/airflow-tutorial/env_airflow/lib/python3.8/site-packages/airflow/example_dags/example_complex.py
[2021-08-15 22:38:00,455] {logging_mixin.py:104} INFO - [2021-08-15 22:38:00,454] {dag.py:1833} INFO - Sync 1 DAGs
[2021-08-15 22:38:00,464] {logging_mixin.py:104} INFO - [2021-08-15 22:38:00,464] {dag.py:2306} INFO - Setting next_dagrun for example_complex to None
[2021-08-15 22:38:00,471] {scheduler_job.py:189} INFO - Processing /Users/kennethlau/airflow/airflow-tutorial/env_airflow/lib/python3.8/site-packages/airflow/example_dags/example_complex.py took 0.072 seconds
[2021-08-15 22:38:58,020] {scheduler_job.py:181} INFO - Started process (PID=72634) to work on /Users/kennethlau/airflow/airflow-tutorial/env_airflow/lib/python3.8/site-packages/airflow/example_dags/example_complex.py
[2021-08-15 22:38:58,021] {scheduler_job.py:632} INFO - Processing file /Users/kennethlau/airflow/airflow-tutorial/env_airflow/lib/python3.8/site-packages/airflow/example_dags/example_complex.py for tasks to queue
[2021-08-15 22:38:58,021] {logging_mixin.py:104} INFO - [2021-08-15 22:38:58,021] {dagbag.py:496} INFO - Filling up the DagBag from /Users/kennethlau/airflow/airflow-tutorial/env_airflow/lib/python3.8/site-packages/airflow/example_dags/example_complex.py
[2021-08-15 22:38:58,032] {scheduler_job.py:642} INFO - DAG(s) dict_keys(['example_complex']) retrieved from /Users/kennethlau/airflow/airflow-tutorial/env_airflow/lib/python3.8/site-packages/airflow/example_dags/example_complex.py
[2021-08-15 22:38:58,059] {logging_mixin.py:104} INFO - [2021-08-15 22:38:58,059] {dag.py:1833} INFO - Sync 1 DAGs
[2021-08-15 22:38:58,064] {logging_mixin.py:104} INFO - [2021-08-15 22:38:58,064] {dag.py:2306} INFO - Setting next_dagrun for example_complex to None
[2021-08-15 22:38:58,070] {scheduler_job.py:189} INFO - Processing /Users/kennethlau/airflow/airflow-tutorial/env_airflow/lib/python3.8/site-packages/airflow/example_dags/example_complex.py took 0.050 seconds
[2021-08-15 22:39:54,022] {scheduler_job.py:181} INFO - Started process (PID=72697) to work on /Users/kennethlau/airflow/airflow-tutorial/env_airflow/lib/python3.8/site-packages/airflow/example_dags/example_complex.py
[2021-08-15 22:39:54,023] {scheduler_job.py:632} INFO - Processing file /Users/kennethlau/airflow/airflow-tutorial/env_airflow/lib/python3.8/site-packages/airflow/example_dags/example_complex.py for tasks to queue
[2021-08-15 22:39:54,023] {logging_mixin.py:104} INFO - [2021-08-15 22:39:54,023] {dagbag.py:496} INFO - Filling up the DagBag from /Users/kennethlau/airflow/airflow-tutorial/env_airflow/lib/python3.8/site-packages/airflow/example_dags/example_complex.py
[2021-08-15 22:39:54,035] {scheduler_job.py:642} INFO - DAG(s) dict_keys(['example_complex']) retrieved from /Users/kennethlau/airflow/airflow-tutorial/env_airflow/lib/python3.8/site-packages/airflow/example_dags/example_complex.py
[2021-08-15 22:39:54,061] {logging_mixin.py:104} INFO - [2021-08-15 22:39:54,061] {dag.py:1833} INFO - Sync 1 DAGs
[2021-08-15 22:39:54,067] {logging_mixin.py:104} INFO - [2021-08-15 22:39:54,067] {dag.py:2306} INFO - Setting next_dagrun for example_complex to None
[2021-08-15 22:39:54,073] {scheduler_job.py:189} INFO - Processing /Users/kennethlau/airflow/airflow-tutorial/env_airflow/lib/python3.8/site-packages/airflow/example_dags/example_complex.py took 0.052 seconds
