[2021-08-15 20:25:54,705] {scheduler_job.py:181} INFO - Started process (PID=70791) to work on /Users/kennethlau/airflow/airflow-tutorial/env_airflow/lib/python3.8/site-packages/airflow/example_dags/example_trigger_target_dag.py
[2021-08-15 20:25:54,706] {scheduler_job.py:632} INFO - Processing file /Users/kennethlau/airflow/airflow-tutorial/env_airflow/lib/python3.8/site-packages/airflow/example_dags/example_trigger_target_dag.py for tasks to queue
[2021-08-15 20:25:54,706] {logging_mixin.py:104} INFO - [2021-08-15 20:25:54,706] {dagbag.py:496} INFO - Filling up the DagBag from /Users/kennethlau/airflow/airflow-tutorial/env_airflow/lib/python3.8/site-packages/airflow/example_dags/example_trigger_target_dag.py
[2021-08-15 20:25:54,712] {scheduler_job.py:642} INFO - DAG(s) dict_keys(['example_trigger_target_dag']) retrieved from /Users/kennethlau/airflow/airflow-tutorial/env_airflow/lib/python3.8/site-packages/airflow/example_dags/example_trigger_target_dag.py
[2021-08-15 20:25:54,954] {logging_mixin.py:104} INFO - [2021-08-15 20:25:54,954] {dag.py:1833} INFO - Sync 1 DAGs
[2021-08-15 20:25:54,960] {logging_mixin.py:104} INFO - [2021-08-15 20:25:54,960] {dag.py:2306} INFO - Setting next_dagrun for example_trigger_target_dag to None
[2021-08-15 20:25:54,969] {scheduler_job.py:189} INFO - Processing /Users/kennethlau/airflow/airflow-tutorial/env_airflow/lib/python3.8/site-packages/airflow/example_dags/example_trigger_target_dag.py took 0.264 seconds
[2021-08-15 22:29:37,521] {scheduler_job.py:181} INFO - Started process (PID=71986) to work on /Users/kennethlau/airflow/airflow-tutorial/env_airflow/lib/python3.8/site-packages/airflow/example_dags/example_trigger_target_dag.py
[2021-08-15 22:29:37,522] {scheduler_job.py:632} INFO - Processing file /Users/kennethlau/airflow/airflow-tutorial/env_airflow/lib/python3.8/site-packages/airflow/example_dags/example_trigger_target_dag.py for tasks to queue
[2021-08-15 22:29:37,523] {logging_mixin.py:104} INFO - [2021-08-15 22:29:37,523] {dagbag.py:496} INFO - Filling up the DagBag from /Users/kennethlau/airflow/airflow-tutorial/env_airflow/lib/python3.8/site-packages/airflow/example_dags/example_trigger_target_dag.py
[2021-08-15 22:29:37,533] {scheduler_job.py:642} INFO - DAG(s) dict_keys(['example_trigger_target_dag']) retrieved from /Users/kennethlau/airflow/airflow-tutorial/env_airflow/lib/python3.8/site-packages/airflow/example_dags/example_trigger_target_dag.py
[2021-08-15 22:29:37,563] {logging_mixin.py:104} INFO - [2021-08-15 22:29:37,563] {dag.py:1833} INFO - Sync 1 DAGs
[2021-08-15 22:29:37,569] {logging_mixin.py:104} INFO - [2021-08-15 22:29:37,569] {dag.py:2306} INFO - Setting next_dagrun for example_trigger_target_dag to None
[2021-08-15 22:29:37,578] {scheduler_job.py:189} INFO - Processing /Users/kennethlau/airflow/airflow-tutorial/env_airflow/lib/python3.8/site-packages/airflow/example_dags/example_trigger_target_dag.py took 0.057 seconds
[2021-08-15 22:30:48,537] {scheduler_job.py:181} INFO - Started process (PID=72077) to work on /Users/kennethlau/airflow/airflow-tutorial/env_airflow/lib/python3.8/site-packages/airflow/example_dags/example_trigger_target_dag.py
[2021-08-15 22:30:48,538] {scheduler_job.py:632} INFO - Processing file /Users/kennethlau/airflow/airflow-tutorial/env_airflow/lib/python3.8/site-packages/airflow/example_dags/example_trigger_target_dag.py for tasks to queue
[2021-08-15 22:30:48,538] {logging_mixin.py:104} INFO - [2021-08-15 22:30:48,538] {dagbag.py:496} INFO - Filling up the DagBag from /Users/kennethlau/airflow/airflow-tutorial/env_airflow/lib/python3.8/site-packages/airflow/example_dags/example_trigger_target_dag.py
[2021-08-15 22:30:48,547] {scheduler_job.py:642} INFO - DAG(s) dict_keys(['example_trigger_target_dag']) retrieved from /Users/kennethlau/airflow/airflow-tutorial/env_airflow/lib/python3.8/site-packages/airflow/example_dags/example_trigger_target_dag.py
[2021-08-15 22:30:48,577] {logging_mixin.py:104} INFO - [2021-08-15 22:30:48,577] {dag.py:1833} INFO - Sync 1 DAGs
[2021-08-15 22:30:48,584] {logging_mixin.py:104} INFO - [2021-08-15 22:30:48,584] {dag.py:2306} INFO - Setting next_dagrun for example_trigger_target_dag to None
[2021-08-15 22:30:48,591] {scheduler_job.py:189} INFO - Processing /Users/kennethlau/airflow/airflow-tutorial/env_airflow/lib/python3.8/site-packages/airflow/example_dags/example_trigger_target_dag.py took 0.055 seconds
[2021-08-15 22:32:11,835] {scheduler_job.py:181} INFO - Started process (PID=72175) to work on /Users/kennethlau/airflow/airflow-tutorial/env_airflow/lib/python3.8/site-packages/airflow/example_dags/example_trigger_target_dag.py
[2021-08-15 22:32:11,836] {scheduler_job.py:632} INFO - Processing file /Users/kennethlau/airflow/airflow-tutorial/env_airflow/lib/python3.8/site-packages/airflow/example_dags/example_trigger_target_dag.py for tasks to queue
[2021-08-15 22:32:11,837] {logging_mixin.py:104} INFO - [2021-08-15 22:32:11,837] {dagbag.py:496} INFO - Filling up the DagBag from /Users/kennethlau/airflow/airflow-tutorial/env_airflow/lib/python3.8/site-packages/airflow/example_dags/example_trigger_target_dag.py
[2021-08-15 22:32:11,845] {scheduler_job.py:642} INFO - DAG(s) dict_keys(['example_trigger_target_dag']) retrieved from /Users/kennethlau/airflow/airflow-tutorial/env_airflow/lib/python3.8/site-packages/airflow/example_dags/example_trigger_target_dag.py
[2021-08-15 22:32:11,869] {logging_mixin.py:104} INFO - [2021-08-15 22:32:11,869] {dag.py:1833} INFO - Sync 1 DAGs
[2021-08-15 22:32:11,876] {logging_mixin.py:104} INFO - [2021-08-15 22:32:11,876] {dag.py:2306} INFO - Setting next_dagrun for example_trigger_target_dag to None
[2021-08-15 22:32:11,881] {scheduler_job.py:189} INFO - Processing /Users/kennethlau/airflow/airflow-tutorial/env_airflow/lib/python3.8/site-packages/airflow/example_dags/example_trigger_target_dag.py took 0.047 seconds
[2021-08-15 22:33:14,979] {scheduler_job.py:181} INFO - Started process (PID=72246) to work on /Users/kennethlau/airflow/airflow-tutorial/env_airflow/lib/python3.8/site-packages/airflow/example_dags/example_trigger_target_dag.py
[2021-08-15 22:33:14,980] {scheduler_job.py:632} INFO - Processing file /Users/kennethlau/airflow/airflow-tutorial/env_airflow/lib/python3.8/site-packages/airflow/example_dags/example_trigger_target_dag.py for tasks to queue
[2021-08-15 22:33:14,981] {logging_mixin.py:104} INFO - [2021-08-15 22:33:14,981] {dagbag.py:496} INFO - Filling up the DagBag from /Users/kennethlau/airflow/airflow-tutorial/env_airflow/lib/python3.8/site-packages/airflow/example_dags/example_trigger_target_dag.py
[2021-08-15 22:33:14,988] {scheduler_job.py:642} INFO - DAG(s) dict_keys(['example_trigger_target_dag']) retrieved from /Users/kennethlau/airflow/airflow-tutorial/env_airflow/lib/python3.8/site-packages/airflow/example_dags/example_trigger_target_dag.py
[2021-08-15 22:33:15,013] {logging_mixin.py:104} INFO - [2021-08-15 22:33:15,013] {dag.py:1833} INFO - Sync 1 DAGs
[2021-08-15 22:33:15,018] {logging_mixin.py:104} INFO - [2021-08-15 22:33:15,018] {dag.py:2306} INFO - Setting next_dagrun for example_trigger_target_dag to None
[2021-08-15 22:33:15,024] {scheduler_job.py:189} INFO - Processing /Users/kennethlau/airflow/airflow-tutorial/env_airflow/lib/python3.8/site-packages/airflow/example_dags/example_trigger_target_dag.py took 0.045 seconds
[2021-08-15 22:34:14,459] {scheduler_job.py:181} INFO - Started process (PID=72315) to work on /Users/kennethlau/airflow/airflow-tutorial/env_airflow/lib/python3.8/site-packages/airflow/example_dags/example_trigger_target_dag.py
[2021-08-15 22:34:14,460] {scheduler_job.py:632} INFO - Processing file /Users/kennethlau/airflow/airflow-tutorial/env_airflow/lib/python3.8/site-packages/airflow/example_dags/example_trigger_target_dag.py for tasks to queue
[2021-08-15 22:34:14,460] {logging_mixin.py:104} INFO - [2021-08-15 22:34:14,460] {dagbag.py:496} INFO - Filling up the DagBag from /Users/kennethlau/airflow/airflow-tutorial/env_airflow/lib/python3.8/site-packages/airflow/example_dags/example_trigger_target_dag.py
[2021-08-15 22:34:14,467] {scheduler_job.py:642} INFO - DAG(s) dict_keys(['example_trigger_target_dag']) retrieved from /Users/kennethlau/airflow/airflow-tutorial/env_airflow/lib/python3.8/site-packages/airflow/example_dags/example_trigger_target_dag.py
[2021-08-15 22:34:14,492] {logging_mixin.py:104} INFO - [2021-08-15 22:34:14,491] {dag.py:1833} INFO - Sync 1 DAGs
[2021-08-15 22:34:14,497] {logging_mixin.py:104} INFO - [2021-08-15 22:34:14,497] {dag.py:2306} INFO - Setting next_dagrun for example_trigger_target_dag to None
[2021-08-15 22:34:14,503] {scheduler_job.py:189} INFO - Processing /Users/kennethlau/airflow/airflow-tutorial/env_airflow/lib/python3.8/site-packages/airflow/example_dags/example_trigger_target_dag.py took 0.045 seconds
[2021-08-15 22:36:31,861] {scheduler_job.py:181} INFO - Started process (PID=72433) to work on /Users/kennethlau/airflow/airflow-tutorial/env_airflow/lib/python3.8/site-packages/airflow/example_dags/example_trigger_target_dag.py
[2021-08-15 22:36:31,862] {scheduler_job.py:632} INFO - Processing file /Users/kennethlau/airflow/airflow-tutorial/env_airflow/lib/python3.8/site-packages/airflow/example_dags/example_trigger_target_dag.py for tasks to queue
[2021-08-15 22:36:31,862] {logging_mixin.py:104} INFO - [2021-08-15 22:36:31,862] {dagbag.py:496} INFO - Filling up the DagBag from /Users/kennethlau/airflow/airflow-tutorial/env_airflow/lib/python3.8/site-packages/airflow/example_dags/example_trigger_target_dag.py
[2021-08-15 22:36:31,869] {scheduler_job.py:642} INFO - DAG(s) dict_keys(['example_trigger_target_dag']) retrieved from /Users/kennethlau/airflow/airflow-tutorial/env_airflow/lib/python3.8/site-packages/airflow/example_dags/example_trigger_target_dag.py
[2021-08-15 22:36:31,895] {logging_mixin.py:104} INFO - [2021-08-15 22:36:31,895] {dag.py:1833} INFO - Sync 1 DAGs
[2021-08-15 22:36:31,901] {logging_mixin.py:104} INFO - [2021-08-15 22:36:31,901] {dag.py:2306} INFO - Setting next_dagrun for example_trigger_target_dag to None
[2021-08-15 22:36:31,907] {scheduler_job.py:189} INFO - Processing /Users/kennethlau/airflow/airflow-tutorial/env_airflow/lib/python3.8/site-packages/airflow/example_dags/example_trigger_target_dag.py took 0.046 seconds
[2021-08-15 22:37:31,566] {scheduler_job.py:181} INFO - Started process (PID=72517) to work on /Users/kennethlau/airflow/airflow-tutorial/env_airflow/lib/python3.8/site-packages/airflow/example_dags/example_trigger_target_dag.py
[2021-08-15 22:37:31,567] {scheduler_job.py:632} INFO - Processing file /Users/kennethlau/airflow/airflow-tutorial/env_airflow/lib/python3.8/site-packages/airflow/example_dags/example_trigger_target_dag.py for tasks to queue
[2021-08-15 22:37:31,568] {logging_mixin.py:104} INFO - [2021-08-15 22:37:31,568] {dagbag.py:496} INFO - Filling up the DagBag from /Users/kennethlau/airflow/airflow-tutorial/env_airflow/lib/python3.8/site-packages/airflow/example_dags/example_trigger_target_dag.py
[2021-08-15 22:37:31,575] {scheduler_job.py:642} INFO - DAG(s) dict_keys(['example_trigger_target_dag']) retrieved from /Users/kennethlau/airflow/airflow-tutorial/env_airflow/lib/python3.8/site-packages/airflow/example_dags/example_trigger_target_dag.py
[2021-08-15 22:37:31,599] {logging_mixin.py:104} INFO - [2021-08-15 22:37:31,599] {dag.py:1833} INFO - Sync 1 DAGs
[2021-08-15 22:37:31,605] {logging_mixin.py:104} INFO - [2021-08-15 22:37:31,605] {dag.py:2306} INFO - Setting next_dagrun for example_trigger_target_dag to None
[2021-08-15 22:37:31,610] {scheduler_job.py:189} INFO - Processing /Users/kennethlau/airflow/airflow-tutorial/env_airflow/lib/python3.8/site-packages/airflow/example_dags/example_trigger_target_dag.py took 0.045 seconds
[2021-08-15 22:38:26,934] {scheduler_job.py:181} INFO - Started process (PID=72589) to work on /Users/kennethlau/airflow/airflow-tutorial/env_airflow/lib/python3.8/site-packages/airflow/example_dags/example_trigger_target_dag.py
[2021-08-15 22:38:26,935] {scheduler_job.py:632} INFO - Processing file /Users/kennethlau/airflow/airflow-tutorial/env_airflow/lib/python3.8/site-packages/airflow/example_dags/example_trigger_target_dag.py for tasks to queue
[2021-08-15 22:38:26,935] {logging_mixin.py:104} INFO - [2021-08-15 22:38:26,935] {dagbag.py:496} INFO - Filling up the DagBag from /Users/kennethlau/airflow/airflow-tutorial/env_airflow/lib/python3.8/site-packages/airflow/example_dags/example_trigger_target_dag.py
[2021-08-15 22:38:26,944] {scheduler_job.py:642} INFO - DAG(s) dict_keys(['example_trigger_target_dag']) retrieved from /Users/kennethlau/airflow/airflow-tutorial/env_airflow/lib/python3.8/site-packages/airflow/example_dags/example_trigger_target_dag.py
[2021-08-15 22:38:26,968] {logging_mixin.py:104} INFO - [2021-08-15 22:38:26,968] {dag.py:1833} INFO - Sync 1 DAGs
[2021-08-15 22:38:26,974] {logging_mixin.py:104} INFO - [2021-08-15 22:38:26,974] {dag.py:2306} INFO - Setting next_dagrun for example_trigger_target_dag to None
[2021-08-15 22:38:26,980] {scheduler_job.py:189} INFO - Processing /Users/kennethlau/airflow/airflow-tutorial/env_airflow/lib/python3.8/site-packages/airflow/example_dags/example_trigger_target_dag.py took 0.046 seconds
[2021-08-15 22:39:22,346] {scheduler_job.py:181} INFO - Started process (PID=72660) to work on /Users/kennethlau/airflow/airflow-tutorial/env_airflow/lib/python3.8/site-packages/airflow/example_dags/example_trigger_target_dag.py
[2021-08-15 22:39:22,346] {scheduler_job.py:632} INFO - Processing file /Users/kennethlau/airflow/airflow-tutorial/env_airflow/lib/python3.8/site-packages/airflow/example_dags/example_trigger_target_dag.py for tasks to queue
[2021-08-15 22:39:22,347] {logging_mixin.py:104} INFO - [2021-08-15 22:39:22,347] {dagbag.py:496} INFO - Filling up the DagBag from /Users/kennethlau/airflow/airflow-tutorial/env_airflow/lib/python3.8/site-packages/airflow/example_dags/example_trigger_target_dag.py
[2021-08-15 22:39:22,354] {scheduler_job.py:642} INFO - DAG(s) dict_keys(['example_trigger_target_dag']) retrieved from /Users/kennethlau/airflow/airflow-tutorial/env_airflow/lib/python3.8/site-packages/airflow/example_dags/example_trigger_target_dag.py
[2021-08-15 22:39:22,378] {logging_mixin.py:104} INFO - [2021-08-15 22:39:22,378] {dag.py:1833} INFO - Sync 1 DAGs
[2021-08-15 22:39:22,383] {logging_mixin.py:104} INFO - [2021-08-15 22:39:22,383] {dag.py:2306} INFO - Setting next_dagrun for example_trigger_target_dag to None
[2021-08-15 22:39:22,389] {scheduler_job.py:189} INFO - Processing /Users/kennethlau/airflow/airflow-tutorial/env_airflow/lib/python3.8/site-packages/airflow/example_dags/example_trigger_target_dag.py took 0.044 seconds
[2021-08-15 22:40:20,090] {scheduler_job.py:181} INFO - Started process (PID=72728) to work on /Users/kennethlau/airflow/airflow-tutorial/env_airflow/lib/python3.8/site-packages/airflow/example_dags/example_trigger_target_dag.py
[2021-08-15 22:40:20,091] {scheduler_job.py:632} INFO - Processing file /Users/kennethlau/airflow/airflow-tutorial/env_airflow/lib/python3.8/site-packages/airflow/example_dags/example_trigger_target_dag.py for tasks to queue
[2021-08-15 22:40:20,091] {logging_mixin.py:104} INFO - [2021-08-15 22:40:20,091] {dagbag.py:496} INFO - Filling up the DagBag from /Users/kennethlau/airflow/airflow-tutorial/env_airflow/lib/python3.8/site-packages/airflow/example_dags/example_trigger_target_dag.py
[2021-08-15 22:40:20,098] {scheduler_job.py:642} INFO - DAG(s) dict_keys(['example_trigger_target_dag']) retrieved from /Users/kennethlau/airflow/airflow-tutorial/env_airflow/lib/python3.8/site-packages/airflow/example_dags/example_trigger_target_dag.py
[2021-08-15 22:40:20,123] {logging_mixin.py:104} INFO - [2021-08-15 22:40:20,122] {dag.py:1833} INFO - Sync 1 DAGs
[2021-08-15 22:40:20,128] {logging_mixin.py:104} INFO - [2021-08-15 22:40:20,128] {dag.py:2306} INFO - Setting next_dagrun for example_trigger_target_dag to None
[2021-08-15 22:40:20,134] {scheduler_job.py:189} INFO - Processing /Users/kennethlau/airflow/airflow-tutorial/env_airflow/lib/python3.8/site-packages/airflow/example_dags/example_trigger_target_dag.py took 0.044 seconds
