[2021-08-15 20:26:12,716] {scheduler_job.py:181} INFO - Started process (PID=70809) to work on /Users/kennethlau/airflow/airflow-tutorial/env_airflow/lib/python3.8/site-packages/airflow/example_dags/example_nested_branch_dag.py
[2021-08-15 20:26:12,716] {scheduler_job.py:632} INFO - Processing file /Users/kennethlau/airflow/airflow-tutorial/env_airflow/lib/python3.8/site-packages/airflow/example_dags/example_nested_branch_dag.py for tasks to queue
[2021-08-15 20:26:12,716] {logging_mixin.py:104} INFO - [2021-08-15 20:26:12,716] {dagbag.py:496} INFO - Filling up the DagBag from /Users/kennethlau/airflow/airflow-tutorial/env_airflow/lib/python3.8/site-packages/airflow/example_dags/example_nested_branch_dag.py
[2021-08-15 20:26:12,722] {scheduler_job.py:642} INFO - DAG(s) dict_keys(['example_nested_branch_dag']) retrieved from /Users/kennethlau/airflow/airflow-tutorial/env_airflow/lib/python3.8/site-packages/airflow/example_dags/example_nested_branch_dag.py
[2021-08-15 20:26:12,964] {logging_mixin.py:104} INFO - [2021-08-15 20:26:12,963] {dag.py:1833} INFO - Sync 1 DAGs
[2021-08-15 20:26:12,971] {logging_mixin.py:104} INFO - [2021-08-15 20:26:12,971] {dag.py:2306} INFO - Setting next_dagrun for example_nested_branch_dag to 2021-08-14 00:00:00+00:00
[2021-08-15 20:26:12,979] {scheduler_job.py:189} INFO - Processing /Users/kennethlau/airflow/airflow-tutorial/env_airflow/lib/python3.8/site-packages/airflow/example_dags/example_nested_branch_dag.py took 0.264 seconds
[2021-08-15 22:29:56,259] {scheduler_job.py:181} INFO - Started process (PID=72006) to work on /Users/kennethlau/airflow/airflow-tutorial/env_airflow/lib/python3.8/site-packages/airflow/example_dags/example_nested_branch_dag.py
[2021-08-15 22:29:56,260] {scheduler_job.py:632} INFO - Processing file /Users/kennethlau/airflow/airflow-tutorial/env_airflow/lib/python3.8/site-packages/airflow/example_dags/example_nested_branch_dag.py for tasks to queue
[2021-08-15 22:29:56,260] {logging_mixin.py:104} INFO - [2021-08-15 22:29:56,260] {dagbag.py:496} INFO - Filling up the DagBag from /Users/kennethlau/airflow/airflow-tutorial/env_airflow/lib/python3.8/site-packages/airflow/example_dags/example_nested_branch_dag.py
[2021-08-15 22:29:56,274] {scheduler_job.py:642} INFO - DAG(s) dict_keys(['example_nested_branch_dag']) retrieved from /Users/kennethlau/airflow/airflow-tutorial/env_airflow/lib/python3.8/site-packages/airflow/example_dags/example_nested_branch_dag.py
[2021-08-15 22:29:56,323] {logging_mixin.py:104} INFO - [2021-08-15 22:29:56,323] {dag.py:1833} INFO - Sync 1 DAGs
[2021-08-15 22:29:56,333] {logging_mixin.py:104} INFO - [2021-08-15 22:29:56,333] {dag.py:2306} INFO - Setting next_dagrun for example_nested_branch_dag to 2021-08-14 00:00:00+00:00
[2021-08-15 22:29:56,341] {scheduler_job.py:189} INFO - Processing /Users/kennethlau/airflow/airflow-tutorial/env_airflow/lib/python3.8/site-packages/airflow/example_dags/example_nested_branch_dag.py took 0.083 seconds
[2021-08-15 22:31:28,901] {scheduler_job.py:181} INFO - Started process (PID=72124) to work on /Users/kennethlau/airflow/airflow-tutorial/env_airflow/lib/python3.8/site-packages/airflow/example_dags/example_nested_branch_dag.py
[2021-08-15 22:31:28,903] {scheduler_job.py:632} INFO - Processing file /Users/kennethlau/airflow/airflow-tutorial/env_airflow/lib/python3.8/site-packages/airflow/example_dags/example_nested_branch_dag.py for tasks to queue
[2021-08-15 22:31:28,903] {logging_mixin.py:104} INFO - [2021-08-15 22:31:28,903] {dagbag.py:496} INFO - Filling up the DagBag from /Users/kennethlau/airflow/airflow-tutorial/env_airflow/lib/python3.8/site-packages/airflow/example_dags/example_nested_branch_dag.py
[2021-08-15 22:31:28,913] {scheduler_job.py:642} INFO - DAG(s) dict_keys(['example_nested_branch_dag']) retrieved from /Users/kennethlau/airflow/airflow-tutorial/env_airflow/lib/python3.8/site-packages/airflow/example_dags/example_nested_branch_dag.py
[2021-08-15 22:31:28,941] {logging_mixin.py:104} INFO - [2021-08-15 22:31:28,940] {dag.py:1833} INFO - Sync 1 DAGs
[2021-08-15 22:31:28,948] {logging_mixin.py:104} INFO - [2021-08-15 22:31:28,948] {dag.py:2306} INFO - Setting next_dagrun for example_nested_branch_dag to 2021-08-14 00:00:00+00:00
[2021-08-15 22:31:28,955] {scheduler_job.py:189} INFO - Processing /Users/kennethlau/airflow/airflow-tutorial/env_airflow/lib/python3.8/site-packages/airflow/example_dags/example_nested_branch_dag.py took 0.054 seconds
[2021-08-15 22:32:33,513] {scheduler_job.py:181} INFO - Started process (PID=72198) to work on /Users/kennethlau/airflow/airflow-tutorial/env_airflow/lib/python3.8/site-packages/airflow/example_dags/example_nested_branch_dag.py
[2021-08-15 22:32:33,514] {scheduler_job.py:632} INFO - Processing file /Users/kennethlau/airflow/airflow-tutorial/env_airflow/lib/python3.8/site-packages/airflow/example_dags/example_nested_branch_dag.py for tasks to queue
[2021-08-15 22:32:33,514] {logging_mixin.py:104} INFO - [2021-08-15 22:32:33,514] {dagbag.py:496} INFO - Filling up the DagBag from /Users/kennethlau/airflow/airflow-tutorial/env_airflow/lib/python3.8/site-packages/airflow/example_dags/example_nested_branch_dag.py
[2021-08-15 22:32:33,524] {scheduler_job.py:642} INFO - DAG(s) dict_keys(['example_nested_branch_dag']) retrieved from /Users/kennethlau/airflow/airflow-tutorial/env_airflow/lib/python3.8/site-packages/airflow/example_dags/example_nested_branch_dag.py
[2021-08-15 22:32:33,553] {logging_mixin.py:104} INFO - [2021-08-15 22:32:33,552] {dag.py:1833} INFO - Sync 1 DAGs
[2021-08-15 22:32:33,560] {logging_mixin.py:104} INFO - [2021-08-15 22:32:33,560] {dag.py:2306} INFO - Setting next_dagrun for example_nested_branch_dag to 2021-08-14 00:00:00+00:00
[2021-08-15 22:32:33,566] {scheduler_job.py:189} INFO - Processing /Users/kennethlau/airflow/airflow-tutorial/env_airflow/lib/python3.8/site-packages/airflow/example_dags/example_nested_branch_dag.py took 0.054 seconds
[2021-08-15 22:33:33,883] {scheduler_job.py:181} INFO - Started process (PID=72267) to work on /Users/kennethlau/airflow/airflow-tutorial/env_airflow/lib/python3.8/site-packages/airflow/example_dags/example_nested_branch_dag.py
[2021-08-15 22:33:33,884] {scheduler_job.py:632} INFO - Processing file /Users/kennethlau/airflow/airflow-tutorial/env_airflow/lib/python3.8/site-packages/airflow/example_dags/example_nested_branch_dag.py for tasks to queue
[2021-08-15 22:33:33,884] {logging_mixin.py:104} INFO - [2021-08-15 22:33:33,884] {dagbag.py:496} INFO - Filling up the DagBag from /Users/kennethlau/airflow/airflow-tutorial/env_airflow/lib/python3.8/site-packages/airflow/example_dags/example_nested_branch_dag.py
[2021-08-15 22:33:33,893] {scheduler_job.py:642} INFO - DAG(s) dict_keys(['example_nested_branch_dag']) retrieved from /Users/kennethlau/airflow/airflow-tutorial/env_airflow/lib/python3.8/site-packages/airflow/example_dags/example_nested_branch_dag.py
[2021-08-15 22:33:33,917] {logging_mixin.py:104} INFO - [2021-08-15 22:33:33,917] {dag.py:1833} INFO - Sync 1 DAGs
[2021-08-15 22:33:33,924] {logging_mixin.py:104} INFO - [2021-08-15 22:33:33,924] {dag.py:2306} INFO - Setting next_dagrun for example_nested_branch_dag to 2021-08-14 00:00:00+00:00
[2021-08-15 22:33:33,930] {scheduler_job.py:189} INFO - Processing /Users/kennethlau/airflow/airflow-tutorial/env_airflow/lib/python3.8/site-packages/airflow/example_dags/example_nested_branch_dag.py took 0.048 seconds
[2021-08-15 22:34:33,389] {scheduler_job.py:181} INFO - Started process (PID=72336) to work on /Users/kennethlau/airflow/airflow-tutorial/env_airflow/lib/python3.8/site-packages/airflow/example_dags/example_nested_branch_dag.py
[2021-08-15 22:34:33,389] {scheduler_job.py:632} INFO - Processing file /Users/kennethlau/airflow/airflow-tutorial/env_airflow/lib/python3.8/site-packages/airflow/example_dags/example_nested_branch_dag.py for tasks to queue
[2021-08-15 22:34:33,389] {logging_mixin.py:104} INFO - [2021-08-15 22:34:33,389] {dagbag.py:496} INFO - Filling up the DagBag from /Users/kennethlau/airflow/airflow-tutorial/env_airflow/lib/python3.8/site-packages/airflow/example_dags/example_nested_branch_dag.py
[2021-08-15 22:34:33,396] {scheduler_job.py:642} INFO - DAG(s) dict_keys(['example_nested_branch_dag']) retrieved from /Users/kennethlau/airflow/airflow-tutorial/env_airflow/lib/python3.8/site-packages/airflow/example_dags/example_nested_branch_dag.py
[2021-08-15 22:34:33,421] {logging_mixin.py:104} INFO - [2021-08-15 22:34:33,421] {dag.py:1833} INFO - Sync 1 DAGs
[2021-08-15 22:34:33,428] {logging_mixin.py:104} INFO - [2021-08-15 22:34:33,428] {dag.py:2306} INFO - Setting next_dagrun for example_nested_branch_dag to 2021-08-14 00:00:00+00:00
[2021-08-15 22:34:33,435] {scheduler_job.py:189} INFO - Processing /Users/kennethlau/airflow/airflow-tutorial/env_airflow/lib/python3.8/site-packages/airflow/example_dags/example_nested_branch_dag.py took 0.046 seconds
[2021-08-15 22:36:49,058] {scheduler_job.py:181} INFO - Started process (PID=72470) to work on /Users/kennethlau/airflow/airflow-tutorial/env_airflow/lib/python3.8/site-packages/airflow/example_dags/example_nested_branch_dag.py
[2021-08-15 22:36:49,058] {scheduler_job.py:632} INFO - Processing file /Users/kennethlau/airflow/airflow-tutorial/env_airflow/lib/python3.8/site-packages/airflow/example_dags/example_nested_branch_dag.py for tasks to queue
[2021-08-15 22:36:49,059] {logging_mixin.py:104} INFO - [2021-08-15 22:36:49,059] {dagbag.py:496} INFO - Filling up the DagBag from /Users/kennethlau/airflow/airflow-tutorial/env_airflow/lib/python3.8/site-packages/airflow/example_dags/example_nested_branch_dag.py
[2021-08-15 22:36:49,066] {scheduler_job.py:642} INFO - DAG(s) dict_keys(['example_nested_branch_dag']) retrieved from /Users/kennethlau/airflow/airflow-tutorial/env_airflow/lib/python3.8/site-packages/airflow/example_dags/example_nested_branch_dag.py
[2021-08-15 22:36:49,096] {logging_mixin.py:104} INFO - [2021-08-15 22:36:49,095] {dag.py:1833} INFO - Sync 1 DAGs
[2021-08-15 22:36:49,104] {logging_mixin.py:104} INFO - [2021-08-15 22:36:49,104] {dag.py:2306} INFO - Setting next_dagrun for example_nested_branch_dag to 2021-08-14 00:00:00+00:00
[2021-08-15 22:36:49,111] {scheduler_job.py:189} INFO - Processing /Users/kennethlau/airflow/airflow-tutorial/env_airflow/lib/python3.8/site-packages/airflow/example_dags/example_nested_branch_dag.py took 0.053 seconds
[2021-08-15 22:37:48,428] {scheduler_job.py:181} INFO - Started process (PID=72535) to work on /Users/kennethlau/airflow/airflow-tutorial/env_airflow/lib/python3.8/site-packages/airflow/example_dags/example_nested_branch_dag.py
[2021-08-15 22:37:48,429] {scheduler_job.py:632} INFO - Processing file /Users/kennethlau/airflow/airflow-tutorial/env_airflow/lib/python3.8/site-packages/airflow/example_dags/example_nested_branch_dag.py for tasks to queue
[2021-08-15 22:37:48,429] {logging_mixin.py:104} INFO - [2021-08-15 22:37:48,429] {dagbag.py:496} INFO - Filling up the DagBag from /Users/kennethlau/airflow/airflow-tutorial/env_airflow/lib/python3.8/site-packages/airflow/example_dags/example_nested_branch_dag.py
[2021-08-15 22:37:48,435] {scheduler_job.py:642} INFO - DAG(s) dict_keys(['example_nested_branch_dag']) retrieved from /Users/kennethlau/airflow/airflow-tutorial/env_airflow/lib/python3.8/site-packages/airflow/example_dags/example_nested_branch_dag.py
[2021-08-15 22:37:48,463] {logging_mixin.py:104} INFO - [2021-08-15 22:37:48,462] {dag.py:1833} INFO - Sync 1 DAGs
[2021-08-15 22:37:48,471] {logging_mixin.py:104} INFO - [2021-08-15 22:37:48,471] {dag.py:2306} INFO - Setting next_dagrun for example_nested_branch_dag to 2021-08-14 00:00:00+00:00
[2021-08-15 22:37:48,477] {scheduler_job.py:189} INFO - Processing /Users/kennethlau/airflow/airflow-tutorial/env_airflow/lib/python3.8/site-packages/airflow/example_dags/example_nested_branch_dag.py took 0.049 seconds
[2021-08-15 22:38:44,824] {scheduler_job.py:181} INFO - Started process (PID=72619) to work on /Users/kennethlau/airflow/airflow-tutorial/env_airflow/lib/python3.8/site-packages/airflow/example_dags/example_nested_branch_dag.py
[2021-08-15 22:38:44,825] {scheduler_job.py:632} INFO - Processing file /Users/kennethlau/airflow/airflow-tutorial/env_airflow/lib/python3.8/site-packages/airflow/example_dags/example_nested_branch_dag.py for tasks to queue
[2021-08-15 22:38:44,825] {logging_mixin.py:104} INFO - [2021-08-15 22:38:44,825] {dagbag.py:496} INFO - Filling up the DagBag from /Users/kennethlau/airflow/airflow-tutorial/env_airflow/lib/python3.8/site-packages/airflow/example_dags/example_nested_branch_dag.py
[2021-08-15 22:38:44,833] {scheduler_job.py:642} INFO - DAG(s) dict_keys(['example_nested_branch_dag']) retrieved from /Users/kennethlau/airflow/airflow-tutorial/env_airflow/lib/python3.8/site-packages/airflow/example_dags/example_nested_branch_dag.py
[2021-08-15 22:38:44,857] {logging_mixin.py:104} INFO - [2021-08-15 22:38:44,857] {dag.py:1833} INFO - Sync 1 DAGs
[2021-08-15 22:38:44,865] {logging_mixin.py:104} INFO - [2021-08-15 22:38:44,864] {dag.py:2306} INFO - Setting next_dagrun for example_nested_branch_dag to 2021-08-14 00:00:00+00:00
[2021-08-15 22:38:44,870] {scheduler_job.py:189} INFO - Processing /Users/kennethlau/airflow/airflow-tutorial/env_airflow/lib/python3.8/site-packages/airflow/example_dags/example_nested_branch_dag.py took 0.047 seconds
[2021-08-15 22:39:41,265] {scheduler_job.py:181} INFO - Started process (PID=72682) to work on /Users/kennethlau/airflow/airflow-tutorial/env_airflow/lib/python3.8/site-packages/airflow/example_dags/example_nested_branch_dag.py
[2021-08-15 22:39:41,266] {scheduler_job.py:632} INFO - Processing file /Users/kennethlau/airflow/airflow-tutorial/env_airflow/lib/python3.8/site-packages/airflow/example_dags/example_nested_branch_dag.py for tasks to queue
[2021-08-15 22:39:41,266] {logging_mixin.py:104} INFO - [2021-08-15 22:39:41,266] {dagbag.py:496} INFO - Filling up the DagBag from /Users/kennethlau/airflow/airflow-tutorial/env_airflow/lib/python3.8/site-packages/airflow/example_dags/example_nested_branch_dag.py
[2021-08-15 22:39:41,274] {scheduler_job.py:642} INFO - DAG(s) dict_keys(['example_nested_branch_dag']) retrieved from /Users/kennethlau/airflow/airflow-tutorial/env_airflow/lib/python3.8/site-packages/airflow/example_dags/example_nested_branch_dag.py
[2021-08-15 22:39:41,299] {logging_mixin.py:104} INFO - [2021-08-15 22:39:41,299] {dag.py:1833} INFO - Sync 1 DAGs
[2021-08-15 22:39:41,306] {logging_mixin.py:104} INFO - [2021-08-15 22:39:41,306] {dag.py:2306} INFO - Setting next_dagrun for example_nested_branch_dag to 2021-08-14 00:00:00+00:00
[2021-08-15 22:39:41,313] {scheduler_job.py:189} INFO - Processing /Users/kennethlau/airflow/airflow-tutorial/env_airflow/lib/python3.8/site-packages/airflow/example_dags/example_nested_branch_dag.py took 0.049 seconds
