[2021-08-15 22:30:18,140] {scheduler_job.py:181} INFO - Started process (PID=72038) to work on /Users/kennethlau/airflow/airflow-tutorial/env_airflow/lib/python3.8/site-packages/airflow/example_dags/example_branch_day_of_week_operator.py
[2021-08-15 22:30:18,141] {scheduler_job.py:632} INFO - Processing file /Users/kennethlau/airflow/airflow-tutorial/env_airflow/lib/python3.8/site-packages/airflow/example_dags/example_branch_day_of_week_operator.py for tasks to queue
[2021-08-15 22:30:18,141] {logging_mixin.py:104} INFO - [2021-08-15 22:30:18,141] {dagbag.py:496} INFO - Filling up the DagBag from /Users/kennethlau/airflow/airflow-tutorial/env_airflow/lib/python3.8/site-packages/airflow/example_dags/example_branch_day_of_week_operator.py
[2021-08-15 22:30:18,153] {scheduler_job.py:642} INFO - DAG(s) dict_keys(['example_weekday_branch_operator']) retrieved from /Users/kennethlau/airflow/airflow-tutorial/env_airflow/lib/python3.8/site-packages/airflow/example_dags/example_branch_day_of_week_operator.py
[2021-08-15 22:30:18,448] {logging_mixin.py:104} INFO - [2021-08-15 22:30:18,448] {dag.py:1833} INFO - Sync 1 DAGs
[2021-08-15 22:30:18,460] {logging_mixin.py:104} INFO - [2021-08-15 22:30:18,460] {dag.py:2306} INFO - Setting next_dagrun for example_weekday_branch_operator to 2021-08-14 00:00:00+00:00
[2021-08-15 22:30:18,468] {scheduler_job.py:189} INFO - Processing /Users/kennethlau/airflow/airflow-tutorial/env_airflow/lib/python3.8/site-packages/airflow/example_dags/example_branch_day_of_week_operator.py took 0.329 seconds
[2021-08-15 22:31:49,765] {scheduler_job.py:181} INFO - Started process (PID=72146) to work on /Users/kennethlau/airflow/airflow-tutorial/env_airflow/lib/python3.8/site-packages/airflow/example_dags/example_branch_day_of_week_operator.py
[2021-08-15 22:31:49,767] {scheduler_job.py:632} INFO - Processing file /Users/kennethlau/airflow/airflow-tutorial/env_airflow/lib/python3.8/site-packages/airflow/example_dags/example_branch_day_of_week_operator.py for tasks to queue
[2021-08-15 22:31:49,767] {logging_mixin.py:104} INFO - [2021-08-15 22:31:49,767] {dagbag.py:496} INFO - Filling up the DagBag from /Users/kennethlau/airflow/airflow-tutorial/env_airflow/lib/python3.8/site-packages/airflow/example_dags/example_branch_day_of_week_operator.py
[2021-08-15 22:31:49,775] {scheduler_job.py:642} INFO - DAG(s) dict_keys(['example_weekday_branch_operator']) retrieved from /Users/kennethlau/airflow/airflow-tutorial/env_airflow/lib/python3.8/site-packages/airflow/example_dags/example_branch_day_of_week_operator.py
[2021-08-15 22:31:49,800] {logging_mixin.py:104} INFO - [2021-08-15 22:31:49,800] {dag.py:1833} INFO - Sync 1 DAGs
[2021-08-15 22:31:49,808] {logging_mixin.py:104} INFO - [2021-08-15 22:31:49,808] {dag.py:2306} INFO - Setting next_dagrun for example_weekday_branch_operator to 2021-08-14 00:00:00+00:00
[2021-08-15 22:31:49,814] {scheduler_job.py:189} INFO - Processing /Users/kennethlau/airflow/airflow-tutorial/env_airflow/lib/python3.8/site-packages/airflow/example_dags/example_branch_day_of_week_operator.py took 0.050 seconds
[2021-08-15 22:32:54,423] {scheduler_job.py:181} INFO - Started process (PID=72224) to work on /Users/kennethlau/airflow/airflow-tutorial/env_airflow/lib/python3.8/site-packages/airflow/example_dags/example_branch_day_of_week_operator.py
[2021-08-15 22:32:54,424] {scheduler_job.py:632} INFO - Processing file /Users/kennethlau/airflow/airflow-tutorial/env_airflow/lib/python3.8/site-packages/airflow/example_dags/example_branch_day_of_week_operator.py for tasks to queue
[2021-08-15 22:32:54,424] {logging_mixin.py:104} INFO - [2021-08-15 22:32:54,424] {dagbag.py:496} INFO - Filling up the DagBag from /Users/kennethlau/airflow/airflow-tutorial/env_airflow/lib/python3.8/site-packages/airflow/example_dags/example_branch_day_of_week_operator.py
[2021-08-15 22:32:54,434] {scheduler_job.py:642} INFO - DAG(s) dict_keys(['example_weekday_branch_operator']) retrieved from /Users/kennethlau/airflow/airflow-tutorial/env_airflow/lib/python3.8/site-packages/airflow/example_dags/example_branch_day_of_week_operator.py
[2021-08-15 22:32:54,459] {logging_mixin.py:104} INFO - [2021-08-15 22:32:54,459] {dag.py:1833} INFO - Sync 1 DAGs
[2021-08-15 22:32:54,467] {logging_mixin.py:104} INFO - [2021-08-15 22:32:54,467] {dag.py:2306} INFO - Setting next_dagrun for example_weekday_branch_operator to 2021-08-14 00:00:00+00:00
[2021-08-15 22:32:54,473] {scheduler_job.py:189} INFO - Processing /Users/kennethlau/airflow/airflow-tutorial/env_airflow/lib/python3.8/site-packages/airflow/example_dags/example_branch_day_of_week_operator.py took 0.050 seconds
[2021-08-15 22:33:54,760] {scheduler_job.py:181} INFO - Started process (PID=72290) to work on /Users/kennethlau/airflow/airflow-tutorial/env_airflow/lib/python3.8/site-packages/airflow/example_dags/example_branch_day_of_week_operator.py
[2021-08-15 22:33:54,760] {scheduler_job.py:632} INFO - Processing file /Users/kennethlau/airflow/airflow-tutorial/env_airflow/lib/python3.8/site-packages/airflow/example_dags/example_branch_day_of_week_operator.py for tasks to queue
[2021-08-15 22:33:54,760] {logging_mixin.py:104} INFO - [2021-08-15 22:33:54,760] {dagbag.py:496} INFO - Filling up the DagBag from /Users/kennethlau/airflow/airflow-tutorial/env_airflow/lib/python3.8/site-packages/airflow/example_dags/example_branch_day_of_week_operator.py
[2021-08-15 22:33:54,766] {scheduler_job.py:642} INFO - DAG(s) dict_keys(['example_weekday_branch_operator']) retrieved from /Users/kennethlau/airflow/airflow-tutorial/env_airflow/lib/python3.8/site-packages/airflow/example_dags/example_branch_day_of_week_operator.py
[2021-08-15 22:33:54,791] {logging_mixin.py:104} INFO - [2021-08-15 22:33:54,791] {dag.py:1833} INFO - Sync 1 DAGs
[2021-08-15 22:33:54,800] {logging_mixin.py:104} INFO - [2021-08-15 22:33:54,800] {dag.py:2306} INFO - Setting next_dagrun for example_weekday_branch_operator to 2021-08-14 00:00:00+00:00
[2021-08-15 22:33:54,806] {scheduler_job.py:189} INFO - Processing /Users/kennethlau/airflow/airflow-tutorial/env_airflow/lib/python3.8/site-packages/airflow/example_dags/example_branch_day_of_week_operator.py took 0.047 seconds
[2021-08-15 22:34:54,238] {scheduler_job.py:181} INFO - Started process (PID=72361) to work on /Users/kennethlau/airflow/airflow-tutorial/env_airflow/lib/python3.8/site-packages/airflow/example_dags/example_branch_day_of_week_operator.py
[2021-08-15 22:34:54,239] {scheduler_job.py:632} INFO - Processing file /Users/kennethlau/airflow/airflow-tutorial/env_airflow/lib/python3.8/site-packages/airflow/example_dags/example_branch_day_of_week_operator.py for tasks to queue
[2021-08-15 22:34:54,240] {logging_mixin.py:104} INFO - [2021-08-15 22:34:54,240] {dagbag.py:496} INFO - Filling up the DagBag from /Users/kennethlau/airflow/airflow-tutorial/env_airflow/lib/python3.8/site-packages/airflow/example_dags/example_branch_day_of_week_operator.py
[2021-08-15 22:34:54,247] {scheduler_job.py:642} INFO - DAG(s) dict_keys(['example_weekday_branch_operator']) retrieved from /Users/kennethlau/airflow/airflow-tutorial/env_airflow/lib/python3.8/site-packages/airflow/example_dags/example_branch_day_of_week_operator.py
[2021-08-15 22:34:54,273] {logging_mixin.py:104} INFO - [2021-08-15 22:34:54,273] {dag.py:1833} INFO - Sync 1 DAGs
[2021-08-15 22:34:54,281] {logging_mixin.py:104} INFO - [2021-08-15 22:34:54,281] {dag.py:2306} INFO - Setting next_dagrun for example_weekday_branch_operator to 2021-08-14 00:00:00+00:00
[2021-08-15 22:34:54,287] {scheduler_job.py:189} INFO - Processing /Users/kennethlau/airflow/airflow-tutorial/env_airflow/lib/python3.8/site-packages/airflow/example_dags/example_branch_day_of_week_operator.py took 0.049 seconds
[2021-08-15 22:37:08,698] {scheduler_job.py:181} INFO - Started process (PID=72493) to work on /Users/kennethlau/airflow/airflow-tutorial/env_airflow/lib/python3.8/site-packages/airflow/example_dags/example_branch_day_of_week_operator.py
[2021-08-15 22:37:08,699] {scheduler_job.py:632} INFO - Processing file /Users/kennethlau/airflow/airflow-tutorial/env_airflow/lib/python3.8/site-packages/airflow/example_dags/example_branch_day_of_week_operator.py for tasks to queue
[2021-08-15 22:37:08,700] {logging_mixin.py:104} INFO - [2021-08-15 22:37:08,700] {dagbag.py:496} INFO - Filling up the DagBag from /Users/kennethlau/airflow/airflow-tutorial/env_airflow/lib/python3.8/site-packages/airflow/example_dags/example_branch_day_of_week_operator.py
[2021-08-15 22:37:08,709] {scheduler_job.py:642} INFO - DAG(s) dict_keys(['example_weekday_branch_operator']) retrieved from /Users/kennethlau/airflow/airflow-tutorial/env_airflow/lib/python3.8/site-packages/airflow/example_dags/example_branch_day_of_week_operator.py
[2021-08-15 22:37:08,733] {logging_mixin.py:104} INFO - [2021-08-15 22:37:08,733] {dag.py:1833} INFO - Sync 1 DAGs
[2021-08-15 22:37:08,740] {logging_mixin.py:104} INFO - [2021-08-15 22:37:08,740] {dag.py:2306} INFO - Setting next_dagrun for example_weekday_branch_operator to 2021-08-14 00:00:00+00:00
[2021-08-15 22:37:08,746] {scheduler_job.py:189} INFO - Processing /Users/kennethlau/airflow/airflow-tutorial/env_airflow/lib/python3.8/site-packages/airflow/example_dags/example_branch_day_of_week_operator.py took 0.049 seconds
[2021-08-15 22:38:07,209] {scheduler_job.py:181} INFO - Started process (PID=72564) to work on /Users/kennethlau/airflow/airflow-tutorial/env_airflow/lib/python3.8/site-packages/airflow/example_dags/example_branch_day_of_week_operator.py
[2021-08-15 22:38:07,210] {scheduler_job.py:632} INFO - Processing file /Users/kennethlau/airflow/airflow-tutorial/env_airflow/lib/python3.8/site-packages/airflow/example_dags/example_branch_day_of_week_operator.py for tasks to queue
[2021-08-15 22:38:07,210] {logging_mixin.py:104} INFO - [2021-08-15 22:38:07,210] {dagbag.py:496} INFO - Filling up the DagBag from /Users/kennethlau/airflow/airflow-tutorial/env_airflow/lib/python3.8/site-packages/airflow/example_dags/example_branch_day_of_week_operator.py
[2021-08-15 22:38:07,219] {scheduler_job.py:642} INFO - DAG(s) dict_keys(['example_weekday_branch_operator']) retrieved from /Users/kennethlau/airflow/airflow-tutorial/env_airflow/lib/python3.8/site-packages/airflow/example_dags/example_branch_day_of_week_operator.py
[2021-08-15 22:38:07,243] {logging_mixin.py:104} INFO - [2021-08-15 22:38:07,243] {dag.py:1833} INFO - Sync 1 DAGs
[2021-08-15 22:38:07,251] {logging_mixin.py:104} INFO - [2021-08-15 22:38:07,251] {dag.py:2306} INFO - Setting next_dagrun for example_weekday_branch_operator to 2021-08-14 00:00:00+00:00
[2021-08-15 22:38:07,257] {scheduler_job.py:189} INFO - Processing /Users/kennethlau/airflow/airflow-tutorial/env_airflow/lib/python3.8/site-packages/airflow/example_dags/example_branch_day_of_week_operator.py took 0.048 seconds
[2021-08-15 22:39:31,185] {scheduler_job.py:181} INFO - Started process (PID=72670) to work on /Users/kennethlau/airflow/airflow-tutorial/env_airflow/lib/python3.8/site-packages/airflow/example_dags/example_branch_day_of_week_operator.py
[2021-08-15 22:39:31,186] {scheduler_job.py:632} INFO - Processing file /Users/kennethlau/airflow/airflow-tutorial/env_airflow/lib/python3.8/site-packages/airflow/example_dags/example_branch_day_of_week_operator.py for tasks to queue
[2021-08-15 22:39:31,186] {logging_mixin.py:104} INFO - [2021-08-15 22:39:31,186] {dagbag.py:496} INFO - Filling up the DagBag from /Users/kennethlau/airflow/airflow-tutorial/env_airflow/lib/python3.8/site-packages/airflow/example_dags/example_branch_day_of_week_operator.py
[2021-08-15 22:39:31,195] {scheduler_job.py:642} INFO - DAG(s) dict_keys(['example_weekday_branch_operator']) retrieved from /Users/kennethlau/airflow/airflow-tutorial/env_airflow/lib/python3.8/site-packages/airflow/example_dags/example_branch_day_of_week_operator.py
[2021-08-15 22:39:31,219] {logging_mixin.py:104} INFO - [2021-08-15 22:39:31,218] {dag.py:1833} INFO - Sync 1 DAGs
[2021-08-15 22:39:31,226] {logging_mixin.py:104} INFO - [2021-08-15 22:39:31,226] {dag.py:2306} INFO - Setting next_dagrun for example_weekday_branch_operator to 2021-08-14 00:00:00+00:00
[2021-08-15 22:39:31,232] {scheduler_job.py:189} INFO - Processing /Users/kennethlau/airflow/airflow-tutorial/env_airflow/lib/python3.8/site-packages/airflow/example_dags/example_branch_day_of_week_operator.py took 0.048 seconds
