[2021-08-15 20:26:14,744] {scheduler_job.py:181} INFO - Started process (PID=70811) to work on /Users/kennethlau/airflow/airflow-tutorial/env_airflow/lib/python3.8/site-packages/airflow/example_dags/example_latest_only_with_trigger.py
[2021-08-15 20:26:14,745] {scheduler_job.py:632} INFO - Processing file /Users/kennethlau/airflow/airflow-tutorial/env_airflow/lib/python3.8/site-packages/airflow/example_dags/example_latest_only_with_trigger.py for tasks to queue
[2021-08-15 20:26:14,745] {logging_mixin.py:104} INFO - [2021-08-15 20:26:14,745] {dagbag.py:496} INFO - Filling up the DagBag from /Users/kennethlau/airflow/airflow-tutorial/env_airflow/lib/python3.8/site-packages/airflow/example_dags/example_latest_only_with_trigger.py
[2021-08-15 20:26:14,750] {scheduler_job.py:642} INFO - DAG(s) dict_keys(['latest_only_with_trigger']) retrieved from /Users/kennethlau/airflow/airflow-tutorial/env_airflow/lib/python3.8/site-packages/airflow/example_dags/example_latest_only_with_trigger.py
[2021-08-15 20:26:14,973] {logging_mixin.py:104} INFO - [2021-08-15 20:26:14,973] {dag.py:1833} INFO - Sync 1 DAGs
[2021-08-15 20:26:14,980] {logging_mixin.py:104} INFO - [2021-08-15 20:26:14,980] {dag.py:2306} INFO - Setting next_dagrun for latest_only_with_trigger to 2021-08-14 00:00:00+00:00
[2021-08-15 20:26:14,990] {scheduler_job.py:189} INFO - Processing /Users/kennethlau/airflow/airflow-tutorial/env_airflow/lib/python3.8/site-packages/airflow/example_dags/example_latest_only_with_trigger.py took 0.246 seconds
[2021-08-15 22:29:58,356] {scheduler_job.py:181} INFO - Started process (PID=72009) to work on /Users/kennethlau/airflow/airflow-tutorial/env_airflow/lib/python3.8/site-packages/airflow/example_dags/example_latest_only_with_trigger.py
[2021-08-15 22:29:58,356] {scheduler_job.py:632} INFO - Processing file /Users/kennethlau/airflow/airflow-tutorial/env_airflow/lib/python3.8/site-packages/airflow/example_dags/example_latest_only_with_trigger.py for tasks to queue
[2021-08-15 22:29:58,357] {logging_mixin.py:104} INFO - [2021-08-15 22:29:58,357] {dagbag.py:496} INFO - Filling up the DagBag from /Users/kennethlau/airflow/airflow-tutorial/env_airflow/lib/python3.8/site-packages/airflow/example_dags/example_latest_only_with_trigger.py
[2021-08-15 22:29:58,364] {scheduler_job.py:642} INFO - DAG(s) dict_keys(['latest_only_with_trigger']) retrieved from /Users/kennethlau/airflow/airflow-tutorial/env_airflow/lib/python3.8/site-packages/airflow/example_dags/example_latest_only_with_trigger.py
[2021-08-15 22:29:58,397] {logging_mixin.py:104} INFO - [2021-08-15 22:29:58,397] {dag.py:1833} INFO - Sync 1 DAGs
[2021-08-15 22:29:58,403] {logging_mixin.py:104} INFO - [2021-08-15 22:29:58,403] {dag.py:2306} INFO - Setting next_dagrun for latest_only_with_trigger to 2021-08-14 00:00:00+00:00
[2021-08-15 22:29:58,409] {scheduler_job.py:189} INFO - Processing /Users/kennethlau/airflow/airflow-tutorial/env_airflow/lib/python3.8/site-packages/airflow/example_dags/example_latest_only_with_trigger.py took 0.054 seconds
[2021-08-15 22:31:30,809] {scheduler_job.py:181} INFO - Started process (PID=72126) to work on /Users/kennethlau/airflow/airflow-tutorial/env_airflow/lib/python3.8/site-packages/airflow/example_dags/example_latest_only_with_trigger.py
[2021-08-15 22:31:30,810] {scheduler_job.py:632} INFO - Processing file /Users/kennethlau/airflow/airflow-tutorial/env_airflow/lib/python3.8/site-packages/airflow/example_dags/example_latest_only_with_trigger.py for tasks to queue
[2021-08-15 22:31:30,810] {logging_mixin.py:104} INFO - [2021-08-15 22:31:30,810] {dagbag.py:496} INFO - Filling up the DagBag from /Users/kennethlau/airflow/airflow-tutorial/env_airflow/lib/python3.8/site-packages/airflow/example_dags/example_latest_only_with_trigger.py
[2021-08-15 22:31:30,817] {scheduler_job.py:642} INFO - DAG(s) dict_keys(['latest_only_with_trigger']) retrieved from /Users/kennethlau/airflow/airflow-tutorial/env_airflow/lib/python3.8/site-packages/airflow/example_dags/example_latest_only_with_trigger.py
[2021-08-15 22:31:30,846] {logging_mixin.py:104} INFO - [2021-08-15 22:31:30,846] {dag.py:1833} INFO - Sync 1 DAGs
[2021-08-15 22:31:30,852] {logging_mixin.py:104} INFO - [2021-08-15 22:31:30,852] {dag.py:2306} INFO - Setting next_dagrun for latest_only_with_trigger to 2021-08-14 00:00:00+00:00
[2021-08-15 22:31:30,859] {scheduler_job.py:189} INFO - Processing /Users/kennethlau/airflow/airflow-tutorial/env_airflow/lib/python3.8/site-packages/airflow/example_dags/example_latest_only_with_trigger.py took 0.050 seconds
[2021-08-15 22:32:35,389] {scheduler_job.py:181} INFO - Started process (PID=72200) to work on /Users/kennethlau/airflow/airflow-tutorial/env_airflow/lib/python3.8/site-packages/airflow/example_dags/example_latest_only_with_trigger.py
[2021-08-15 22:32:35,390] {scheduler_job.py:632} INFO - Processing file /Users/kennethlau/airflow/airflow-tutorial/env_airflow/lib/python3.8/site-packages/airflow/example_dags/example_latest_only_with_trigger.py for tasks to queue
[2021-08-15 22:32:35,390] {logging_mixin.py:104} INFO - [2021-08-15 22:32:35,390] {dagbag.py:496} INFO - Filling up the DagBag from /Users/kennethlau/airflow/airflow-tutorial/env_airflow/lib/python3.8/site-packages/airflow/example_dags/example_latest_only_with_trigger.py
[2021-08-15 22:32:35,398] {scheduler_job.py:642} INFO - DAG(s) dict_keys(['latest_only_with_trigger']) retrieved from /Users/kennethlau/airflow/airflow-tutorial/env_airflow/lib/python3.8/site-packages/airflow/example_dags/example_latest_only_with_trigger.py
[2021-08-15 22:32:35,433] {logging_mixin.py:104} INFO - [2021-08-15 22:32:35,432] {dag.py:1833} INFO - Sync 1 DAGs
[2021-08-15 22:32:35,442] {logging_mixin.py:104} INFO - [2021-08-15 22:32:35,442] {dag.py:2306} INFO - Setting next_dagrun for latest_only_with_trigger to 2021-08-14 00:00:00+00:00
[2021-08-15 22:32:35,452] {scheduler_job.py:189} INFO - Processing /Users/kennethlau/airflow/airflow-tutorial/env_airflow/lib/python3.8/site-packages/airflow/example_dags/example_latest_only_with_trigger.py took 0.064 seconds
[2021-08-15 22:33:35,682] {scheduler_job.py:181} INFO - Started process (PID=72269) to work on /Users/kennethlau/airflow/airflow-tutorial/env_airflow/lib/python3.8/site-packages/airflow/example_dags/example_latest_only_with_trigger.py
[2021-08-15 22:33:35,683] {scheduler_job.py:632} INFO - Processing file /Users/kennethlau/airflow/airflow-tutorial/env_airflow/lib/python3.8/site-packages/airflow/example_dags/example_latest_only_with_trigger.py for tasks to queue
[2021-08-15 22:33:35,683] {logging_mixin.py:104} INFO - [2021-08-15 22:33:35,683] {dagbag.py:496} INFO - Filling up the DagBag from /Users/kennethlau/airflow/airflow-tutorial/env_airflow/lib/python3.8/site-packages/airflow/example_dags/example_latest_only_with_trigger.py
[2021-08-15 22:33:35,690] {scheduler_job.py:642} INFO - DAG(s) dict_keys(['latest_only_with_trigger']) retrieved from /Users/kennethlau/airflow/airflow-tutorial/env_airflow/lib/python3.8/site-packages/airflow/example_dags/example_latest_only_with_trigger.py
[2021-08-15 22:33:35,715] {logging_mixin.py:104} INFO - [2021-08-15 22:33:35,715] {dag.py:1833} INFO - Sync 1 DAGs
[2021-08-15 22:33:35,721] {logging_mixin.py:104} INFO - [2021-08-15 22:33:35,721] {dag.py:2306} INFO - Setting next_dagrun for latest_only_with_trigger to 2021-08-14 00:00:00+00:00
[2021-08-15 22:33:35,727] {scheduler_job.py:189} INFO - Processing /Users/kennethlau/airflow/airflow-tutorial/env_airflow/lib/python3.8/site-packages/airflow/example_dags/example_latest_only_with_trigger.py took 0.045 seconds
[2021-08-15 22:34:35,200] {scheduler_job.py:181} INFO - Started process (PID=72338) to work on /Users/kennethlau/airflow/airflow-tutorial/env_airflow/lib/python3.8/site-packages/airflow/example_dags/example_latest_only_with_trigger.py
[2021-08-15 22:34:35,200] {scheduler_job.py:632} INFO - Processing file /Users/kennethlau/airflow/airflow-tutorial/env_airflow/lib/python3.8/site-packages/airflow/example_dags/example_latest_only_with_trigger.py for tasks to queue
[2021-08-15 22:34:35,201] {logging_mixin.py:104} INFO - [2021-08-15 22:34:35,201] {dagbag.py:496} INFO - Filling up the DagBag from /Users/kennethlau/airflow/airflow-tutorial/env_airflow/lib/python3.8/site-packages/airflow/example_dags/example_latest_only_with_trigger.py
[2021-08-15 22:34:35,206] {scheduler_job.py:642} INFO - DAG(s) dict_keys(['latest_only_with_trigger']) retrieved from /Users/kennethlau/airflow/airflow-tutorial/env_airflow/lib/python3.8/site-packages/airflow/example_dags/example_latest_only_with_trigger.py
[2021-08-15 22:34:35,231] {logging_mixin.py:104} INFO - [2021-08-15 22:34:35,230] {dag.py:1833} INFO - Sync 1 DAGs
[2021-08-15 22:34:35,236] {logging_mixin.py:104} INFO - [2021-08-15 22:34:35,236] {dag.py:2306} INFO - Setting next_dagrun for latest_only_with_trigger to 2021-08-14 00:00:00+00:00
[2021-08-15 22:34:35,243] {scheduler_job.py:189} INFO - Processing /Users/kennethlau/airflow/airflow-tutorial/env_airflow/lib/python3.8/site-packages/airflow/example_dags/example_latest_only_with_trigger.py took 0.043 seconds
[2021-08-15 22:36:49,962] {scheduler_job.py:181} INFO - Started process (PID=72473) to work on /Users/kennethlau/airflow/airflow-tutorial/env_airflow/lib/python3.8/site-packages/airflow/example_dags/example_latest_only_with_trigger.py
[2021-08-15 22:36:49,962] {scheduler_job.py:632} INFO - Processing file /Users/kennethlau/airflow/airflow-tutorial/env_airflow/lib/python3.8/site-packages/airflow/example_dags/example_latest_only_with_trigger.py for tasks to queue
[2021-08-15 22:36:49,963] {logging_mixin.py:104} INFO - [2021-08-15 22:36:49,963] {dagbag.py:496} INFO - Filling up the DagBag from /Users/kennethlau/airflow/airflow-tutorial/env_airflow/lib/python3.8/site-packages/airflow/example_dags/example_latest_only_with_trigger.py
[2021-08-15 22:36:49,971] {scheduler_job.py:642} INFO - DAG(s) dict_keys(['latest_only_with_trigger']) retrieved from /Users/kennethlau/airflow/airflow-tutorial/env_airflow/lib/python3.8/site-packages/airflow/example_dags/example_latest_only_with_trigger.py
[2021-08-15 22:36:49,998] {logging_mixin.py:104} INFO - [2021-08-15 22:36:49,998] {dag.py:1833} INFO - Sync 1 DAGs
[2021-08-15 22:36:50,004] {logging_mixin.py:104} INFO - [2021-08-15 22:36:50,004] {dag.py:2306} INFO - Setting next_dagrun for latest_only_with_trigger to 2021-08-14 00:00:00+00:00
[2021-08-15 22:36:50,011] {scheduler_job.py:189} INFO - Processing /Users/kennethlau/airflow/airflow-tutorial/env_airflow/lib/python3.8/site-packages/airflow/example_dags/example_latest_only_with_trigger.py took 0.050 seconds
[2021-08-15 22:37:50,247] {scheduler_job.py:181} INFO - Started process (PID=72537) to work on /Users/kennethlau/airflow/airflow-tutorial/env_airflow/lib/python3.8/site-packages/airflow/example_dags/example_latest_only_with_trigger.py
[2021-08-15 22:37:50,247] {scheduler_job.py:632} INFO - Processing file /Users/kennethlau/airflow/airflow-tutorial/env_airflow/lib/python3.8/site-packages/airflow/example_dags/example_latest_only_with_trigger.py for tasks to queue
[2021-08-15 22:37:50,247] {logging_mixin.py:104} INFO - [2021-08-15 22:37:50,247] {dagbag.py:496} INFO - Filling up the DagBag from /Users/kennethlau/airflow/airflow-tutorial/env_airflow/lib/python3.8/site-packages/airflow/example_dags/example_latest_only_with_trigger.py
[2021-08-15 22:37:50,254] {scheduler_job.py:642} INFO - DAG(s) dict_keys(['latest_only_with_trigger']) retrieved from /Users/kennethlau/airflow/airflow-tutorial/env_airflow/lib/python3.8/site-packages/airflow/example_dags/example_latest_only_with_trigger.py
[2021-08-15 22:37:50,282] {logging_mixin.py:104} INFO - [2021-08-15 22:37:50,282] {dag.py:1833} INFO - Sync 1 DAGs
[2021-08-15 22:37:50,288] {logging_mixin.py:104} INFO - [2021-08-15 22:37:50,288] {dag.py:2306} INFO - Setting next_dagrun for latest_only_with_trigger to 2021-08-14 00:00:00+00:00
[2021-08-15 22:37:50,296] {scheduler_job.py:189} INFO - Processing /Users/kennethlau/airflow/airflow-tutorial/env_airflow/lib/python3.8/site-packages/airflow/example_dags/example_latest_only_with_trigger.py took 0.050 seconds
[2021-08-15 22:38:46,647] {scheduler_job.py:181} INFO - Started process (PID=72621) to work on /Users/kennethlau/airflow/airflow-tutorial/env_airflow/lib/python3.8/site-packages/airflow/example_dags/example_latest_only_with_trigger.py
[2021-08-15 22:38:46,648] {scheduler_job.py:632} INFO - Processing file /Users/kennethlau/airflow/airflow-tutorial/env_airflow/lib/python3.8/site-packages/airflow/example_dags/example_latest_only_with_trigger.py for tasks to queue
[2021-08-15 22:38:46,648] {logging_mixin.py:104} INFO - [2021-08-15 22:38:46,648] {dagbag.py:496} INFO - Filling up the DagBag from /Users/kennethlau/airflow/airflow-tutorial/env_airflow/lib/python3.8/site-packages/airflow/example_dags/example_latest_only_with_trigger.py
[2021-08-15 22:38:46,656] {scheduler_job.py:642} INFO - DAG(s) dict_keys(['latest_only_with_trigger']) retrieved from /Users/kennethlau/airflow/airflow-tutorial/env_airflow/lib/python3.8/site-packages/airflow/example_dags/example_latest_only_with_trigger.py
[2021-08-15 22:38:46,680] {logging_mixin.py:104} INFO - [2021-08-15 22:38:46,680] {dag.py:1833} INFO - Sync 1 DAGs
[2021-08-15 22:38:46,686] {logging_mixin.py:104} INFO - [2021-08-15 22:38:46,686] {dag.py:2306} INFO - Setting next_dagrun for latest_only_with_trigger to 2021-08-14 00:00:00+00:00
[2021-08-15 22:38:46,692] {scheduler_job.py:189} INFO - Processing /Users/kennethlau/airflow/airflow-tutorial/env_airflow/lib/python3.8/site-packages/airflow/example_dags/example_latest_only_with_trigger.py took 0.045 seconds
[2021-08-15 22:39:43,245] {scheduler_job.py:181} INFO - Started process (PID=72684) to work on /Users/kennethlau/airflow/airflow-tutorial/env_airflow/lib/python3.8/site-packages/airflow/example_dags/example_latest_only_with_trigger.py
[2021-08-15 22:39:43,247] {scheduler_job.py:632} INFO - Processing file /Users/kennethlau/airflow/airflow-tutorial/env_airflow/lib/python3.8/site-packages/airflow/example_dags/example_latest_only_with_trigger.py for tasks to queue
[2021-08-15 22:39:43,247] {logging_mixin.py:104} INFO - [2021-08-15 22:39:43,247] {dagbag.py:496} INFO - Filling up the DagBag from /Users/kennethlau/airflow/airflow-tutorial/env_airflow/lib/python3.8/site-packages/airflow/example_dags/example_latest_only_with_trigger.py
[2021-08-15 22:39:43,263] {scheduler_job.py:642} INFO - DAG(s) dict_keys(['latest_only_with_trigger']) retrieved from /Users/kennethlau/airflow/airflow-tutorial/env_airflow/lib/python3.8/site-packages/airflow/example_dags/example_latest_only_with_trigger.py
[2021-08-15 22:39:43,293] {logging_mixin.py:104} INFO - [2021-08-15 22:39:43,292] {dag.py:1833} INFO - Sync 1 DAGs
[2021-08-15 22:39:43,298] {logging_mixin.py:104} INFO - [2021-08-15 22:39:43,298] {dag.py:2306} INFO - Setting next_dagrun for latest_only_with_trigger to 2021-08-14 00:00:00+00:00
[2021-08-15 22:39:43,304] {scheduler_job.py:189} INFO - Processing /Users/kennethlau/airflow/airflow-tutorial/env_airflow/lib/python3.8/site-packages/airflow/example_dags/example_latest_only_with_trigger.py took 0.060 seconds
