[2021-08-15 20:26:22,415] {scheduler_job.py:181} INFO - Started process (PID=70819) to work on /Users/kennethlau/airflow/airflow-tutorial/env_airflow/lib/python3.8/site-packages/airflow/example_dags/example_external_task_marker_dag.py
[2021-08-15 20:26:22,415] {scheduler_job.py:632} INFO - Processing file /Users/kennethlau/airflow/airflow-tutorial/env_airflow/lib/python3.8/site-packages/airflow/example_dags/example_external_task_marker_dag.py for tasks to queue
[2021-08-15 20:26:22,415] {logging_mixin.py:104} INFO - [2021-08-15 20:26:22,415] {dagbag.py:496} INFO - Filling up the DagBag from /Users/kennethlau/airflow/airflow-tutorial/env_airflow/lib/python3.8/site-packages/airflow/example_dags/example_external_task_marker_dag.py
[2021-08-15 20:26:22,420] {scheduler_job.py:642} INFO - DAG(s) dict_keys(['example_external_task_marker_parent', 'example_external_task_marker_child']) retrieved from /Users/kennethlau/airflow/airflow-tutorial/env_airflow/lib/python3.8/site-packages/airflow/example_dags/example_external_task_marker_dag.py
[2021-08-15 20:26:22,649] {logging_mixin.py:104} INFO - [2021-08-15 20:26:22,649] {dag.py:1833} INFO - Sync 2 DAGs
[2021-08-15 20:26:22,656] {logging_mixin.py:104} INFO - [2021-08-15 20:26:22,656] {dag.py:2306} INFO - Setting next_dagrun for example_external_task_marker_child to None
[2021-08-15 20:26:22,656] {logging_mixin.py:104} INFO - [2021-08-15 20:26:22,656] {dag.py:2306} INFO - Setting next_dagrun for example_external_task_marker_parent to None
[2021-08-15 20:26:22,665] {scheduler_job.py:189} INFO - Processing /Users/kennethlau/airflow/airflow-tutorial/env_airflow/lib/python3.8/site-packages/airflow/example_dags/example_external_task_marker_dag.py took 0.250 seconds
[2021-08-15 22:30:05,613] {scheduler_job.py:181} INFO - Started process (PID=72023) to work on /Users/kennethlau/airflow/airflow-tutorial/env_airflow/lib/python3.8/site-packages/airflow/example_dags/example_external_task_marker_dag.py
[2021-08-15 22:30:05,614] {scheduler_job.py:632} INFO - Processing file /Users/kennethlau/airflow/airflow-tutorial/env_airflow/lib/python3.8/site-packages/airflow/example_dags/example_external_task_marker_dag.py for tasks to queue
[2021-08-15 22:30:05,614] {logging_mixin.py:104} INFO - [2021-08-15 22:30:05,614] {dagbag.py:496} INFO - Filling up the DagBag from /Users/kennethlau/airflow/airflow-tutorial/env_airflow/lib/python3.8/site-packages/airflow/example_dags/example_external_task_marker_dag.py
[2021-08-15 22:30:05,621] {scheduler_job.py:642} INFO - DAG(s) dict_keys(['example_external_task_marker_parent', 'example_external_task_marker_child']) retrieved from /Users/kennethlau/airflow/airflow-tutorial/env_airflow/lib/python3.8/site-packages/airflow/example_dags/example_external_task_marker_dag.py
[2021-08-15 22:30:05,986] {logging_mixin.py:104} INFO - [2021-08-15 22:30:05,986] {dag.py:1833} INFO - Sync 2 DAGs
[2021-08-15 22:30:05,998] {logging_mixin.py:104} INFO - [2021-08-15 22:30:05,998] {dag.py:2306} INFO - Setting next_dagrun for example_external_task_marker_child to None
[2021-08-15 22:30:05,998] {logging_mixin.py:104} INFO - [2021-08-15 22:30:05,998] {dag.py:2306} INFO - Setting next_dagrun for example_external_task_marker_parent to None
[2021-08-15 22:30:06,007] {scheduler_job.py:189} INFO - Processing /Users/kennethlau/airflow/airflow-tutorial/env_airflow/lib/python3.8/site-packages/airflow/example_dags/example_external_task_marker_dag.py took 0.394 seconds
[2021-08-15 22:31:38,309] {scheduler_job.py:181} INFO - Started process (PID=72134) to work on /Users/kennethlau/airflow/airflow-tutorial/env_airflow/lib/python3.8/site-packages/airflow/example_dags/example_external_task_marker_dag.py
[2021-08-15 22:31:38,310] {scheduler_job.py:632} INFO - Processing file /Users/kennethlau/airflow/airflow-tutorial/env_airflow/lib/python3.8/site-packages/airflow/example_dags/example_external_task_marker_dag.py for tasks to queue
[2021-08-15 22:31:38,310] {logging_mixin.py:104} INFO - [2021-08-15 22:31:38,310] {dagbag.py:496} INFO - Filling up the DagBag from /Users/kennethlau/airflow/airflow-tutorial/env_airflow/lib/python3.8/site-packages/airflow/example_dags/example_external_task_marker_dag.py
[2021-08-15 22:31:38,317] {scheduler_job.py:642} INFO - DAG(s) dict_keys(['example_external_task_marker_parent', 'example_external_task_marker_child']) retrieved from /Users/kennethlau/airflow/airflow-tutorial/env_airflow/lib/python3.8/site-packages/airflow/example_dags/example_external_task_marker_dag.py
[2021-08-15 22:31:38,600] {logging_mixin.py:104} INFO - [2021-08-15 22:31:38,600] {dag.py:1833} INFO - Sync 2 DAGs
[2021-08-15 22:31:38,609] {logging_mixin.py:104} INFO - [2021-08-15 22:31:38,609] {dag.py:2306} INFO - Setting next_dagrun for example_external_task_marker_child to None
[2021-08-15 22:31:38,610] {logging_mixin.py:104} INFO - [2021-08-15 22:31:38,610] {dag.py:2306} INFO - Setting next_dagrun for example_external_task_marker_parent to None
[2021-08-15 22:31:38,617] {scheduler_job.py:189} INFO - Processing /Users/kennethlau/airflow/airflow-tutorial/env_airflow/lib/python3.8/site-packages/airflow/example_dags/example_external_task_marker_dag.py took 0.309 seconds
[2021-08-15 22:32:43,238] {scheduler_job.py:181} INFO - Started process (PID=72209) to work on /Users/kennethlau/airflow/airflow-tutorial/env_airflow/lib/python3.8/site-packages/airflow/example_dags/example_external_task_marker_dag.py
[2021-08-15 22:32:43,239] {scheduler_job.py:632} INFO - Processing file /Users/kennethlau/airflow/airflow-tutorial/env_airflow/lib/python3.8/site-packages/airflow/example_dags/example_external_task_marker_dag.py for tasks to queue
[2021-08-15 22:32:43,239] {logging_mixin.py:104} INFO - [2021-08-15 22:32:43,239] {dagbag.py:496} INFO - Filling up the DagBag from /Users/kennethlau/airflow/airflow-tutorial/env_airflow/lib/python3.8/site-packages/airflow/example_dags/example_external_task_marker_dag.py
[2021-08-15 22:32:43,247] {scheduler_job.py:642} INFO - DAG(s) dict_keys(['example_external_task_marker_parent', 'example_external_task_marker_child']) retrieved from /Users/kennethlau/airflow/airflow-tutorial/env_airflow/lib/python3.8/site-packages/airflow/example_dags/example_external_task_marker_dag.py
[2021-08-15 22:32:43,561] {logging_mixin.py:104} INFO - [2021-08-15 22:32:43,561] {dag.py:1833} INFO - Sync 2 DAGs
[2021-08-15 22:32:43,572] {logging_mixin.py:104} INFO - [2021-08-15 22:32:43,572] {dag.py:2306} INFO - Setting next_dagrun for example_external_task_marker_child to None
[2021-08-15 22:32:43,573] {logging_mixin.py:104} INFO - [2021-08-15 22:32:43,573] {dag.py:2306} INFO - Setting next_dagrun for example_external_task_marker_parent to None
[2021-08-15 22:32:43,582] {scheduler_job.py:189} INFO - Processing /Users/kennethlau/airflow/airflow-tutorial/env_airflow/lib/python3.8/site-packages/airflow/example_dags/example_external_task_marker_dag.py took 0.345 seconds
[2021-08-15 22:33:43,080] {scheduler_job.py:181} INFO - Started process (PID=72278) to work on /Users/kennethlau/airflow/airflow-tutorial/env_airflow/lib/python3.8/site-packages/airflow/example_dags/example_external_task_marker_dag.py
[2021-08-15 22:33:43,082] {scheduler_job.py:632} INFO - Processing file /Users/kennethlau/airflow/airflow-tutorial/env_airflow/lib/python3.8/site-packages/airflow/example_dags/example_external_task_marker_dag.py for tasks to queue
[2021-08-15 22:33:43,082] {logging_mixin.py:104} INFO - [2021-08-15 22:33:43,082] {dagbag.py:496} INFO - Filling up the DagBag from /Users/kennethlau/airflow/airflow-tutorial/env_airflow/lib/python3.8/site-packages/airflow/example_dags/example_external_task_marker_dag.py
[2021-08-15 22:33:43,090] {scheduler_job.py:642} INFO - DAG(s) dict_keys(['example_external_task_marker_parent', 'example_external_task_marker_child']) retrieved from /Users/kennethlau/airflow/airflow-tutorial/env_airflow/lib/python3.8/site-packages/airflow/example_dags/example_external_task_marker_dag.py
[2021-08-15 22:33:43,363] {logging_mixin.py:104} INFO - [2021-08-15 22:33:43,363] {dag.py:1833} INFO - Sync 2 DAGs
[2021-08-15 22:33:43,370] {logging_mixin.py:104} INFO - [2021-08-15 22:33:43,370] {dag.py:2306} INFO - Setting next_dagrun for example_external_task_marker_child to None
[2021-08-15 22:33:43,370] {logging_mixin.py:104} INFO - [2021-08-15 22:33:43,370] {dag.py:2306} INFO - Setting next_dagrun for example_external_task_marker_parent to None
[2021-08-15 22:33:43,377] {scheduler_job.py:189} INFO - Processing /Users/kennethlau/airflow/airflow-tutorial/env_airflow/lib/python3.8/site-packages/airflow/example_dags/example_external_task_marker_dag.py took 0.297 seconds
[2021-08-15 22:34:42,695] {scheduler_job.py:181} INFO - Started process (PID=72346) to work on /Users/kennethlau/airflow/airflow-tutorial/env_airflow/lib/python3.8/site-packages/airflow/example_dags/example_external_task_marker_dag.py
[2021-08-15 22:34:42,696] {scheduler_job.py:632} INFO - Processing file /Users/kennethlau/airflow/airflow-tutorial/env_airflow/lib/python3.8/site-packages/airflow/example_dags/example_external_task_marker_dag.py for tasks to queue
[2021-08-15 22:34:42,697] {logging_mixin.py:104} INFO - [2021-08-15 22:34:42,697] {dagbag.py:496} INFO - Filling up the DagBag from /Users/kennethlau/airflow/airflow-tutorial/env_airflow/lib/python3.8/site-packages/airflow/example_dags/example_external_task_marker_dag.py
[2021-08-15 22:34:42,712] {scheduler_job.py:642} INFO - DAG(s) dict_keys(['example_external_task_marker_parent', 'example_external_task_marker_child']) retrieved from /Users/kennethlau/airflow/airflow-tutorial/env_airflow/lib/python3.8/site-packages/airflow/example_dags/example_external_task_marker_dag.py
[2021-08-15 22:34:43,194] {logging_mixin.py:104} INFO - [2021-08-15 22:34:43,194] {dag.py:1833} INFO - Sync 2 DAGs
[2021-08-15 22:34:43,205] {logging_mixin.py:104} INFO - [2021-08-15 22:34:43,205] {dag.py:2306} INFO - Setting next_dagrun for example_external_task_marker_child to None
[2021-08-15 22:34:43,206] {logging_mixin.py:104} INFO - [2021-08-15 22:34:43,206] {dag.py:2306} INFO - Setting next_dagrun for example_external_task_marker_parent to None
[2021-08-15 22:34:43,216] {scheduler_job.py:189} INFO - Processing /Users/kennethlau/airflow/airflow-tutorial/env_airflow/lib/python3.8/site-packages/airflow/example_dags/example_external_task_marker_dag.py took 0.522 seconds
[2021-08-15 22:36:57,668] {scheduler_job.py:181} INFO - Started process (PID=72481) to work on /Users/kennethlau/airflow/airflow-tutorial/env_airflow/lib/python3.8/site-packages/airflow/example_dags/example_external_task_marker_dag.py
[2021-08-15 22:36:57,672] {scheduler_job.py:632} INFO - Processing file /Users/kennethlau/airflow/airflow-tutorial/env_airflow/lib/python3.8/site-packages/airflow/example_dags/example_external_task_marker_dag.py for tasks to queue
[2021-08-15 22:36:57,672] {logging_mixin.py:104} INFO - [2021-08-15 22:36:57,672] {dagbag.py:496} INFO - Filling up the DagBag from /Users/kennethlau/airflow/airflow-tutorial/env_airflow/lib/python3.8/site-packages/airflow/example_dags/example_external_task_marker_dag.py
[2021-08-15 22:36:57,682] {scheduler_job.py:642} INFO - DAG(s) dict_keys(['example_external_task_marker_parent', 'example_external_task_marker_child']) retrieved from /Users/kennethlau/airflow/airflow-tutorial/env_airflow/lib/python3.8/site-packages/airflow/example_dags/example_external_task_marker_dag.py
[2021-08-15 22:36:58,065] {logging_mixin.py:104} INFO - [2021-08-15 22:36:58,065] {dag.py:1833} INFO - Sync 2 DAGs
[2021-08-15 22:36:58,072] {logging_mixin.py:104} INFO - [2021-08-15 22:36:58,072] {dag.py:2306} INFO - Setting next_dagrun for example_external_task_marker_child to None
[2021-08-15 22:36:58,072] {logging_mixin.py:104} INFO - [2021-08-15 22:36:58,072] {dag.py:2306} INFO - Setting next_dagrun for example_external_task_marker_parent to None
[2021-08-15 22:36:58,080] {scheduler_job.py:189} INFO - Processing /Users/kennethlau/airflow/airflow-tutorial/env_airflow/lib/python3.8/site-packages/airflow/example_dags/example_external_task_marker_dag.py took 0.412 seconds
[2021-08-15 22:37:56,284] {scheduler_job.py:181} INFO - Started process (PID=72548) to work on /Users/kennethlau/airflow/airflow-tutorial/env_airflow/lib/python3.8/site-packages/airflow/example_dags/example_external_task_marker_dag.py
[2021-08-15 22:37:56,284] {scheduler_job.py:632} INFO - Processing file /Users/kennethlau/airflow/airflow-tutorial/env_airflow/lib/python3.8/site-packages/airflow/example_dags/example_external_task_marker_dag.py for tasks to queue
[2021-08-15 22:37:56,285] {logging_mixin.py:104} INFO - [2021-08-15 22:37:56,285] {dagbag.py:496} INFO - Filling up the DagBag from /Users/kennethlau/airflow/airflow-tutorial/env_airflow/lib/python3.8/site-packages/airflow/example_dags/example_external_task_marker_dag.py
[2021-08-15 22:37:56,291] {scheduler_job.py:642} INFO - DAG(s) dict_keys(['example_external_task_marker_parent', 'example_external_task_marker_child']) retrieved from /Users/kennethlau/airflow/airflow-tutorial/env_airflow/lib/python3.8/site-packages/airflow/example_dags/example_external_task_marker_dag.py
[2021-08-15 22:37:56,891] {logging_mixin.py:104} INFO - [2021-08-15 22:37:56,890] {dag.py:1833} INFO - Sync 2 DAGs
[2021-08-15 22:37:56,897] {logging_mixin.py:104} INFO - [2021-08-15 22:37:56,897] {dag.py:2306} INFO - Setting next_dagrun for example_external_task_marker_child to None
[2021-08-15 22:37:56,898] {logging_mixin.py:104} INFO - [2021-08-15 22:37:56,898] {dag.py:2306} INFO - Setting next_dagrun for example_external_task_marker_parent to None
[2021-08-15 22:37:56,905] {scheduler_job.py:189} INFO - Processing /Users/kennethlau/airflow/airflow-tutorial/env_airflow/lib/python3.8/site-packages/airflow/example_dags/example_external_task_marker_dag.py took 0.622 seconds
[2021-08-15 22:38:53,885] {scheduler_job.py:181} INFO - Started process (PID=72630) to work on /Users/kennethlau/airflow/airflow-tutorial/env_airflow/lib/python3.8/site-packages/airflow/example_dags/example_external_task_marker_dag.py
[2021-08-15 22:38:53,886] {scheduler_job.py:632} INFO - Processing file /Users/kennethlau/airflow/airflow-tutorial/env_airflow/lib/python3.8/site-packages/airflow/example_dags/example_external_task_marker_dag.py for tasks to queue
[2021-08-15 22:38:53,886] {logging_mixin.py:104} INFO - [2021-08-15 22:38:53,886] {dagbag.py:496} INFO - Filling up the DagBag from /Users/kennethlau/airflow/airflow-tutorial/env_airflow/lib/python3.8/site-packages/airflow/example_dags/example_external_task_marker_dag.py
[2021-08-15 22:38:53,893] {scheduler_job.py:642} INFO - DAG(s) dict_keys(['example_external_task_marker_parent', 'example_external_task_marker_child']) retrieved from /Users/kennethlau/airflow/airflow-tutorial/env_airflow/lib/python3.8/site-packages/airflow/example_dags/example_external_task_marker_dag.py
[2021-08-15 22:38:54,212] {logging_mixin.py:104} INFO - [2021-08-15 22:38:54,212] {dag.py:1833} INFO - Sync 2 DAGs
[2021-08-15 22:38:54,219] {logging_mixin.py:104} INFO - [2021-08-15 22:38:54,219] {dag.py:2306} INFO - Setting next_dagrun for example_external_task_marker_child to None
[2021-08-15 22:38:54,220] {logging_mixin.py:104} INFO - [2021-08-15 22:38:54,220] {dag.py:2306} INFO - Setting next_dagrun for example_external_task_marker_parent to None
[2021-08-15 22:38:54,226] {scheduler_job.py:189} INFO - Processing /Users/kennethlau/airflow/airflow-tutorial/env_airflow/lib/python3.8/site-packages/airflow/example_dags/example_external_task_marker_dag.py took 0.341 seconds
[2021-08-15 22:39:49,773] {scheduler_job.py:181} INFO - Started process (PID=72693) to work on /Users/kennethlau/airflow/airflow-tutorial/env_airflow/lib/python3.8/site-packages/airflow/example_dags/example_external_task_marker_dag.py
[2021-08-15 22:39:49,774] {scheduler_job.py:632} INFO - Processing file /Users/kennethlau/airflow/airflow-tutorial/env_airflow/lib/python3.8/site-packages/airflow/example_dags/example_external_task_marker_dag.py for tasks to queue
[2021-08-15 22:39:49,775] {logging_mixin.py:104} INFO - [2021-08-15 22:39:49,775] {dagbag.py:496} INFO - Filling up the DagBag from /Users/kennethlau/airflow/airflow-tutorial/env_airflow/lib/python3.8/site-packages/airflow/example_dags/example_external_task_marker_dag.py
[2021-08-15 22:39:49,781] {scheduler_job.py:642} INFO - DAG(s) dict_keys(['example_external_task_marker_parent', 'example_external_task_marker_child']) retrieved from /Users/kennethlau/airflow/airflow-tutorial/env_airflow/lib/python3.8/site-packages/airflow/example_dags/example_external_task_marker_dag.py
[2021-08-15 22:39:50,156] {logging_mixin.py:104} INFO - [2021-08-15 22:39:50,156] {dag.py:1833} INFO - Sync 2 DAGs
[2021-08-15 22:39:50,163] {logging_mixin.py:104} INFO - [2021-08-15 22:39:50,163] {dag.py:2306} INFO - Setting next_dagrun for example_external_task_marker_child to None
[2021-08-15 22:39:50,164] {logging_mixin.py:104} INFO - [2021-08-15 22:39:50,164] {dag.py:2306} INFO - Setting next_dagrun for example_external_task_marker_parent to None
[2021-08-15 22:39:50,171] {scheduler_job.py:189} INFO - Processing /Users/kennethlau/airflow/airflow-tutorial/env_airflow/lib/python3.8/site-packages/airflow/example_dags/example_external_task_marker_dag.py took 0.399 seconds
