[2021-08-15 20:26:20,410] {scheduler_job.py:181} INFO - Started process (PID=70817) to work on /Users/kennethlau/airflow/airflow-tutorial/env_airflow/lib/python3.8/site-packages/airflow/example_dags/example_kubernetes_executor.py
[2021-08-15 20:26:20,411] {scheduler_job.py:632} INFO - Processing file /Users/kennethlau/airflow/airflow-tutorial/env_airflow/lib/python3.8/site-packages/airflow/example_dags/example_kubernetes_executor.py for tasks to queue
[2021-08-15 20:26:20,411] {logging_mixin.py:104} INFO - [2021-08-15 20:26:20,411] {dagbag.py:496} INFO - Filling up the DagBag from /Users/kennethlau/airflow/airflow-tutorial/env_airflow/lib/python3.8/site-packages/airflow/example_dags/example_kubernetes_executor.py
[2021-08-15 20:26:20,417] {scheduler_job.py:642} INFO - DAG(s) dict_keys(['example_kubernetes_executor']) retrieved from /Users/kennethlau/airflow/airflow-tutorial/env_airflow/lib/python3.8/site-packages/airflow/example_dags/example_kubernetes_executor.py
[2021-08-15 20:26:20,651] {logging_mixin.py:104} INFO - [2021-08-15 20:26:20,650] {dag.py:1833} INFO - Sync 1 DAGs
[2021-08-15 20:26:20,657] {logging_mixin.py:104} INFO - [2021-08-15 20:26:20,657] {dag.py:2306} INFO - Setting next_dagrun for example_kubernetes_executor to None
[2021-08-15 20:26:20,666] {scheduler_job.py:189} INFO - Processing /Users/kennethlau/airflow/airflow-tutorial/env_airflow/lib/python3.8/site-packages/airflow/example_dags/example_kubernetes_executor.py took 0.256 seconds
[2021-08-15 22:30:04,374] {scheduler_job.py:181} INFO - Started process (PID=72020) to work on /Users/kennethlau/airflow/airflow-tutorial/env_airflow/lib/python3.8/site-packages/airflow/example_dags/example_kubernetes_executor.py
[2021-08-15 22:30:04,377] {scheduler_job.py:632} INFO - Processing file /Users/kennethlau/airflow/airflow-tutorial/env_airflow/lib/python3.8/site-packages/airflow/example_dags/example_kubernetes_executor.py for tasks to queue
[2021-08-15 22:30:04,378] {logging_mixin.py:104} INFO - [2021-08-15 22:30:04,378] {dagbag.py:496} INFO - Filling up the DagBag from /Users/kennethlau/airflow/airflow-tutorial/env_airflow/lib/python3.8/site-packages/airflow/example_dags/example_kubernetes_executor.py
[2021-08-15 22:30:04,390] {scheduler_job.py:642} INFO - DAG(s) dict_keys(['example_kubernetes_executor']) retrieved from /Users/kennethlau/airflow/airflow-tutorial/env_airflow/lib/python3.8/site-packages/airflow/example_dags/example_kubernetes_executor.py
[2021-08-15 22:30:04,425] {logging_mixin.py:104} INFO - [2021-08-15 22:30:04,425] {dag.py:1833} INFO - Sync 1 DAGs
[2021-08-15 22:30:04,432] {logging_mixin.py:104} INFO - [2021-08-15 22:30:04,432] {dag.py:2306} INFO - Setting next_dagrun for example_kubernetes_executor to None
[2021-08-15 22:30:04,440] {scheduler_job.py:189} INFO - Processing /Users/kennethlau/airflow/airflow-tutorial/env_airflow/lib/python3.8/site-packages/airflow/example_dags/example_kubernetes_executor.py took 0.066 seconds
[2021-08-15 22:31:36,413] {scheduler_job.py:181} INFO - Started process (PID=72132) to work on /Users/kennethlau/airflow/airflow-tutorial/env_airflow/lib/python3.8/site-packages/airflow/example_dags/example_kubernetes_executor.py
[2021-08-15 22:31:36,414] {scheduler_job.py:632} INFO - Processing file /Users/kennethlau/airflow/airflow-tutorial/env_airflow/lib/python3.8/site-packages/airflow/example_dags/example_kubernetes_executor.py for tasks to queue
[2021-08-15 22:31:36,414] {logging_mixin.py:104} INFO - [2021-08-15 22:31:36,414] {dagbag.py:496} INFO - Filling up the DagBag from /Users/kennethlau/airflow/airflow-tutorial/env_airflow/lib/python3.8/site-packages/airflow/example_dags/example_kubernetes_executor.py
[2021-08-15 22:31:36,422] {scheduler_job.py:642} INFO - DAG(s) dict_keys(['example_kubernetes_executor']) retrieved from /Users/kennethlau/airflow/airflow-tutorial/env_airflow/lib/python3.8/site-packages/airflow/example_dags/example_kubernetes_executor.py
[2021-08-15 22:31:36,449] {logging_mixin.py:104} INFO - [2021-08-15 22:31:36,449] {dag.py:1833} INFO - Sync 1 DAGs
[2021-08-15 22:31:36,456] {logging_mixin.py:104} INFO - [2021-08-15 22:31:36,456] {dag.py:2306} INFO - Setting next_dagrun for example_kubernetes_executor to None
[2021-08-15 22:31:36,463] {scheduler_job.py:189} INFO - Processing /Users/kennethlau/airflow/airflow-tutorial/env_airflow/lib/python3.8/site-packages/airflow/example_dags/example_kubernetes_executor.py took 0.051 seconds
[2021-08-15 22:32:41,087] {scheduler_job.py:181} INFO - Started process (PID=72207) to work on /Users/kennethlau/airflow/airflow-tutorial/env_airflow/lib/python3.8/site-packages/airflow/example_dags/example_kubernetes_executor.py
[2021-08-15 22:32:41,088] {scheduler_job.py:632} INFO - Processing file /Users/kennethlau/airflow/airflow-tutorial/env_airflow/lib/python3.8/site-packages/airflow/example_dags/example_kubernetes_executor.py for tasks to queue
[2021-08-15 22:32:41,089] {logging_mixin.py:104} INFO - [2021-08-15 22:32:41,088] {dagbag.py:496} INFO - Filling up the DagBag from /Users/kennethlau/airflow/airflow-tutorial/env_airflow/lib/python3.8/site-packages/airflow/example_dags/example_kubernetes_executor.py
[2021-08-15 22:32:41,096] {scheduler_job.py:642} INFO - DAG(s) dict_keys(['example_kubernetes_executor']) retrieved from /Users/kennethlau/airflow/airflow-tutorial/env_airflow/lib/python3.8/site-packages/airflow/example_dags/example_kubernetes_executor.py
[2021-08-15 22:32:41,126] {logging_mixin.py:104} INFO - [2021-08-15 22:32:41,125] {dag.py:1833} INFO - Sync 1 DAGs
[2021-08-15 22:32:41,135] {logging_mixin.py:104} INFO - [2021-08-15 22:32:41,135] {dag.py:2306} INFO - Setting next_dagrun for example_kubernetes_executor to None
[2021-08-15 22:32:41,143] {scheduler_job.py:189} INFO - Processing /Users/kennethlau/airflow/airflow-tutorial/env_airflow/lib/python3.8/site-packages/airflow/example_dags/example_kubernetes_executor.py took 0.057 seconds
[2021-08-15 22:33:41,187] {scheduler_job.py:181} INFO - Started process (PID=72275) to work on /Users/kennethlau/airflow/airflow-tutorial/env_airflow/lib/python3.8/site-packages/airflow/example_dags/example_kubernetes_executor.py
[2021-08-15 22:33:41,188] {scheduler_job.py:632} INFO - Processing file /Users/kennethlau/airflow/airflow-tutorial/env_airflow/lib/python3.8/site-packages/airflow/example_dags/example_kubernetes_executor.py for tasks to queue
[2021-08-15 22:33:41,188] {logging_mixin.py:104} INFO - [2021-08-15 22:33:41,188] {dagbag.py:496} INFO - Filling up the DagBag from /Users/kennethlau/airflow/airflow-tutorial/env_airflow/lib/python3.8/site-packages/airflow/example_dags/example_kubernetes_executor.py
[2021-08-15 22:33:41,195] {scheduler_job.py:642} INFO - DAG(s) dict_keys(['example_kubernetes_executor']) retrieved from /Users/kennethlau/airflow/airflow-tutorial/env_airflow/lib/python3.8/site-packages/airflow/example_dags/example_kubernetes_executor.py
[2021-08-15 22:33:41,219] {logging_mixin.py:104} INFO - [2021-08-15 22:33:41,219] {dag.py:1833} INFO - Sync 1 DAGs
[2021-08-15 22:33:41,224] {logging_mixin.py:104} INFO - [2021-08-15 22:33:41,224] {dag.py:2306} INFO - Setting next_dagrun for example_kubernetes_executor to None
[2021-08-15 22:33:41,230] {scheduler_job.py:189} INFO - Processing /Users/kennethlau/airflow/airflow-tutorial/env_airflow/lib/python3.8/site-packages/airflow/example_dags/example_kubernetes_executor.py took 0.044 seconds
[2021-08-15 22:34:40,835] {scheduler_job.py:181} INFO - Started process (PID=72344) to work on /Users/kennethlau/airflow/airflow-tutorial/env_airflow/lib/python3.8/site-packages/airflow/example_dags/example_kubernetes_executor.py
[2021-08-15 22:34:40,835] {scheduler_job.py:632} INFO - Processing file /Users/kennethlau/airflow/airflow-tutorial/env_airflow/lib/python3.8/site-packages/airflow/example_dags/example_kubernetes_executor.py for tasks to queue
[2021-08-15 22:34:40,836] {logging_mixin.py:104} INFO - [2021-08-15 22:34:40,835] {dagbag.py:496} INFO - Filling up the DagBag from /Users/kennethlau/airflow/airflow-tutorial/env_airflow/lib/python3.8/site-packages/airflow/example_dags/example_kubernetes_executor.py
[2021-08-15 22:34:40,842] {scheduler_job.py:642} INFO - DAG(s) dict_keys(['example_kubernetes_executor']) retrieved from /Users/kennethlau/airflow/airflow-tutorial/env_airflow/lib/python3.8/site-packages/airflow/example_dags/example_kubernetes_executor.py
[2021-08-15 22:34:40,871] {logging_mixin.py:104} INFO - [2021-08-15 22:34:40,870] {dag.py:1833} INFO - Sync 1 DAGs
[2021-08-15 22:34:40,878] {logging_mixin.py:104} INFO - [2021-08-15 22:34:40,877] {dag.py:2306} INFO - Setting next_dagrun for example_kubernetes_executor to None
[2021-08-15 22:34:40,885] {scheduler_job.py:189} INFO - Processing /Users/kennethlau/airflow/airflow-tutorial/env_airflow/lib/python3.8/site-packages/airflow/example_dags/example_kubernetes_executor.py took 0.051 seconds
[2021-08-15 22:36:55,729] {scheduler_job.py:181} INFO - Started process (PID=72479) to work on /Users/kennethlau/airflow/airflow-tutorial/env_airflow/lib/python3.8/site-packages/airflow/example_dags/example_kubernetes_executor.py
[2021-08-15 22:36:55,730] {scheduler_job.py:632} INFO - Processing file /Users/kennethlau/airflow/airflow-tutorial/env_airflow/lib/python3.8/site-packages/airflow/example_dags/example_kubernetes_executor.py for tasks to queue
[2021-08-15 22:36:55,731] {logging_mixin.py:104} INFO - [2021-08-15 22:36:55,731] {dagbag.py:496} INFO - Filling up the DagBag from /Users/kennethlau/airflow/airflow-tutorial/env_airflow/lib/python3.8/site-packages/airflow/example_dags/example_kubernetes_executor.py
[2021-08-15 22:36:55,740] {scheduler_job.py:642} INFO - DAG(s) dict_keys(['example_kubernetes_executor']) retrieved from /Users/kennethlau/airflow/airflow-tutorial/env_airflow/lib/python3.8/site-packages/airflow/example_dags/example_kubernetes_executor.py
[2021-08-15 22:36:55,766] {logging_mixin.py:104} INFO - [2021-08-15 22:36:55,766] {dag.py:1833} INFO - Sync 1 DAGs
[2021-08-15 22:36:55,772] {logging_mixin.py:104} INFO - [2021-08-15 22:36:55,772] {dag.py:2306} INFO - Setting next_dagrun for example_kubernetes_executor to None
[2021-08-15 22:36:55,779] {scheduler_job.py:189} INFO - Processing /Users/kennethlau/airflow/airflow-tutorial/env_airflow/lib/python3.8/site-packages/airflow/example_dags/example_kubernetes_executor.py took 0.050 seconds
[2021-08-15 22:37:54,409] {scheduler_job.py:181} INFO - Started process (PID=72546) to work on /Users/kennethlau/airflow/airflow-tutorial/env_airflow/lib/python3.8/site-packages/airflow/example_dags/example_kubernetes_executor.py
[2021-08-15 22:37:54,411] {scheduler_job.py:632} INFO - Processing file /Users/kennethlau/airflow/airflow-tutorial/env_airflow/lib/python3.8/site-packages/airflow/example_dags/example_kubernetes_executor.py for tasks to queue
[2021-08-15 22:37:54,412] {logging_mixin.py:104} INFO - [2021-08-15 22:37:54,411] {dagbag.py:496} INFO - Filling up the DagBag from /Users/kennethlau/airflow/airflow-tutorial/env_airflow/lib/python3.8/site-packages/airflow/example_dags/example_kubernetes_executor.py
[2021-08-15 22:37:54,419] {scheduler_job.py:642} INFO - DAG(s) dict_keys(['example_kubernetes_executor']) retrieved from /Users/kennethlau/airflow/airflow-tutorial/env_airflow/lib/python3.8/site-packages/airflow/example_dags/example_kubernetes_executor.py
[2021-08-15 22:37:54,449] {logging_mixin.py:104} INFO - [2021-08-15 22:37:54,449] {dag.py:1833} INFO - Sync 1 DAGs
[2021-08-15 22:37:54,455] {logging_mixin.py:104} INFO - [2021-08-15 22:37:54,455] {dag.py:2306} INFO - Setting next_dagrun for example_kubernetes_executor to None
[2021-08-15 22:37:54,462] {scheduler_job.py:189} INFO - Processing /Users/kennethlau/airflow/airflow-tutorial/env_airflow/lib/python3.8/site-packages/airflow/example_dags/example_kubernetes_executor.py took 0.054 seconds
[2021-08-15 22:38:52,084] {scheduler_job.py:181} INFO - Started process (PID=72627) to work on /Users/kennethlau/airflow/airflow-tutorial/env_airflow/lib/python3.8/site-packages/airflow/example_dags/example_kubernetes_executor.py
[2021-08-15 22:38:52,085] {scheduler_job.py:632} INFO - Processing file /Users/kennethlau/airflow/airflow-tutorial/env_airflow/lib/python3.8/site-packages/airflow/example_dags/example_kubernetes_executor.py for tasks to queue
[2021-08-15 22:38:52,086] {logging_mixin.py:104} INFO - [2021-08-15 22:38:52,086] {dagbag.py:496} INFO - Filling up the DagBag from /Users/kennethlau/airflow/airflow-tutorial/env_airflow/lib/python3.8/site-packages/airflow/example_dags/example_kubernetes_executor.py
[2021-08-15 22:38:52,093] {scheduler_job.py:642} INFO - DAG(s) dict_keys(['example_kubernetes_executor']) retrieved from /Users/kennethlau/airflow/airflow-tutorial/env_airflow/lib/python3.8/site-packages/airflow/example_dags/example_kubernetes_executor.py
[2021-08-15 22:38:52,118] {logging_mixin.py:104} INFO - [2021-08-15 22:38:52,118] {dag.py:1833} INFO - Sync 1 DAGs
[2021-08-15 22:38:52,124] {logging_mixin.py:104} INFO - [2021-08-15 22:38:52,123] {dag.py:2306} INFO - Setting next_dagrun for example_kubernetes_executor to None
[2021-08-15 22:38:52,130] {scheduler_job.py:189} INFO - Processing /Users/kennethlau/airflow/airflow-tutorial/env_airflow/lib/python3.8/site-packages/airflow/example_dags/example_kubernetes_executor.py took 0.046 seconds
[2021-08-15 22:39:47,949] {scheduler_job.py:181} INFO - Started process (PID=72690) to work on /Users/kennethlau/airflow/airflow-tutorial/env_airflow/lib/python3.8/site-packages/airflow/example_dags/example_kubernetes_executor.py
[2021-08-15 22:39:47,950] {scheduler_job.py:632} INFO - Processing file /Users/kennethlau/airflow/airflow-tutorial/env_airflow/lib/python3.8/site-packages/airflow/example_dags/example_kubernetes_executor.py for tasks to queue
[2021-08-15 22:39:47,950] {logging_mixin.py:104} INFO - [2021-08-15 22:39:47,950] {dagbag.py:496} INFO - Filling up the DagBag from /Users/kennethlau/airflow/airflow-tutorial/env_airflow/lib/python3.8/site-packages/airflow/example_dags/example_kubernetes_executor.py
[2021-08-15 22:39:47,957] {scheduler_job.py:642} INFO - DAG(s) dict_keys(['example_kubernetes_executor']) retrieved from /Users/kennethlau/airflow/airflow-tutorial/env_airflow/lib/python3.8/site-packages/airflow/example_dags/example_kubernetes_executor.py
[2021-08-15 22:39:47,982] {logging_mixin.py:104} INFO - [2021-08-15 22:39:47,981] {dag.py:1833} INFO - Sync 1 DAGs
[2021-08-15 22:39:47,988] {logging_mixin.py:104} INFO - [2021-08-15 22:39:47,988] {dag.py:2306} INFO - Setting next_dagrun for example_kubernetes_executor to None
[2021-08-15 22:39:47,994] {scheduler_job.py:189} INFO - Processing /Users/kennethlau/airflow/airflow-tutorial/env_airflow/lib/python3.8/site-packages/airflow/example_dags/example_kubernetes_executor.py took 0.046 seconds
