[2021-08-15 20:25:56,684] {scheduler_job.py:181} INFO - Started process (PID=70793) to work on /Users/kennethlau/airflow/airflow-tutorial/env_airflow/lib/python3.8/site-packages/airflow/example_dags/example_trigger_controller_dag.py
[2021-08-15 20:25:56,685] {scheduler_job.py:632} INFO - Processing file /Users/kennethlau/airflow/airflow-tutorial/env_airflow/lib/python3.8/site-packages/airflow/example_dags/example_trigger_controller_dag.py for tasks to queue
[2021-08-15 20:25:56,685] {logging_mixin.py:104} INFO - [2021-08-15 20:25:56,685] {dagbag.py:496} INFO - Filling up the DagBag from /Users/kennethlau/airflow/airflow-tutorial/env_airflow/lib/python3.8/site-packages/airflow/example_dags/example_trigger_controller_dag.py
[2021-08-15 20:25:56,689] {scheduler_job.py:642} INFO - DAG(s) dict_keys(['example_trigger_controller_dag']) retrieved from /Users/kennethlau/airflow/airflow-tutorial/env_airflow/lib/python3.8/site-packages/airflow/example_dags/example_trigger_controller_dag.py
[2021-08-15 20:25:56,930] {logging_mixin.py:104} INFO - [2021-08-15 20:25:56,930] {dag.py:1833} INFO - Sync 1 DAGs
[2021-08-15 20:25:56,936] {logging_mixin.py:104} INFO - [2021-08-15 20:25:56,936] {dag.py:2306} INFO - Setting next_dagrun for example_trigger_controller_dag to 2021-08-14 00:00:00+00:00
[2021-08-15 20:25:56,944] {scheduler_job.py:189} INFO - Processing /Users/kennethlau/airflow/airflow-tutorial/env_airflow/lib/python3.8/site-packages/airflow/example_dags/example_trigger_controller_dag.py took 0.260 seconds
[2021-08-15 22:29:39,463] {scheduler_job.py:181} INFO - Started process (PID=71988) to work on /Users/kennethlau/airflow/airflow-tutorial/env_airflow/lib/python3.8/site-packages/airflow/example_dags/example_trigger_controller_dag.py
[2021-08-15 22:29:39,464] {scheduler_job.py:632} INFO - Processing file /Users/kennethlau/airflow/airflow-tutorial/env_airflow/lib/python3.8/site-packages/airflow/example_dags/example_trigger_controller_dag.py for tasks to queue
[2021-08-15 22:29:39,464] {logging_mixin.py:104} INFO - [2021-08-15 22:29:39,464] {dagbag.py:496} INFO - Filling up the DagBag from /Users/kennethlau/airflow/airflow-tutorial/env_airflow/lib/python3.8/site-packages/airflow/example_dags/example_trigger_controller_dag.py
[2021-08-15 22:29:39,471] {scheduler_job.py:642} INFO - DAG(s) dict_keys(['example_trigger_controller_dag']) retrieved from /Users/kennethlau/airflow/airflow-tutorial/env_airflow/lib/python3.8/site-packages/airflow/example_dags/example_trigger_controller_dag.py
[2021-08-15 22:29:39,499] {logging_mixin.py:104} INFO - [2021-08-15 22:29:39,499] {dag.py:1833} INFO - Sync 1 DAGs
[2021-08-15 22:29:39,505] {logging_mixin.py:104} INFO - [2021-08-15 22:29:39,505] {dag.py:2306} INFO - Setting next_dagrun for example_trigger_controller_dag to 2021-08-14 00:00:00+00:00
[2021-08-15 22:29:39,511] {scheduler_job.py:189} INFO - Processing /Users/kennethlau/airflow/airflow-tutorial/env_airflow/lib/python3.8/site-packages/airflow/example_dags/example_trigger_controller_dag.py took 0.049 seconds
[2021-08-15 22:30:56,661] {scheduler_job.py:181} INFO - Started process (PID=72088) to work on /Users/kennethlau/airflow/airflow-tutorial/env_airflow/lib/python3.8/site-packages/airflow/example_dags/example_trigger_controller_dag.py
[2021-08-15 22:30:56,662] {scheduler_job.py:632} INFO - Processing file /Users/kennethlau/airflow/airflow-tutorial/env_airflow/lib/python3.8/site-packages/airflow/example_dags/example_trigger_controller_dag.py for tasks to queue
[2021-08-15 22:30:56,662] {logging_mixin.py:104} INFO - [2021-08-15 22:30:56,662] {dagbag.py:496} INFO - Filling up the DagBag from /Users/kennethlau/airflow/airflow-tutorial/env_airflow/lib/python3.8/site-packages/airflow/example_dags/example_trigger_controller_dag.py
[2021-08-15 22:30:56,669] {scheduler_job.py:642} INFO - DAG(s) dict_keys(['example_trigger_controller_dag']) retrieved from /Users/kennethlau/airflow/airflow-tutorial/env_airflow/lib/python3.8/site-packages/airflow/example_dags/example_trigger_controller_dag.py
[2021-08-15 22:30:56,704] {logging_mixin.py:104} INFO - [2021-08-15 22:30:56,703] {dag.py:1833} INFO - Sync 1 DAGs
[2021-08-15 22:30:56,713] {logging_mixin.py:104} INFO - [2021-08-15 22:30:56,713] {dag.py:2306} INFO - Setting next_dagrun for example_trigger_controller_dag to 2021-08-14 00:00:00+00:00
[2021-08-15 22:30:56,720] {scheduler_job.py:189} INFO - Processing /Users/kennethlau/airflow/airflow-tutorial/env_airflow/lib/python3.8/site-packages/airflow/example_dags/example_trigger_controller_dag.py took 0.060 seconds
[2021-08-15 22:32:13,748] {scheduler_job.py:181} INFO - Started process (PID=72177) to work on /Users/kennethlau/airflow/airflow-tutorial/env_airflow/lib/python3.8/site-packages/airflow/example_dags/example_trigger_controller_dag.py
[2021-08-15 22:32:13,749] {scheduler_job.py:632} INFO - Processing file /Users/kennethlau/airflow/airflow-tutorial/env_airflow/lib/python3.8/site-packages/airflow/example_dags/example_trigger_controller_dag.py for tasks to queue
[2021-08-15 22:32:13,749] {logging_mixin.py:104} INFO - [2021-08-15 22:32:13,749] {dagbag.py:496} INFO - Filling up the DagBag from /Users/kennethlau/airflow/airflow-tutorial/env_airflow/lib/python3.8/site-packages/airflow/example_dags/example_trigger_controller_dag.py
[2021-08-15 22:32:13,756] {scheduler_job.py:642} INFO - DAG(s) dict_keys(['example_trigger_controller_dag']) retrieved from /Users/kennethlau/airflow/airflow-tutorial/env_airflow/lib/python3.8/site-packages/airflow/example_dags/example_trigger_controller_dag.py
[2021-08-15 22:32:13,782] {logging_mixin.py:104} INFO - [2021-08-15 22:32:13,781] {dag.py:1833} INFO - Sync 1 DAGs
[2021-08-15 22:32:13,788] {logging_mixin.py:104} INFO - [2021-08-15 22:32:13,788] {dag.py:2306} INFO - Setting next_dagrun for example_trigger_controller_dag to 2021-08-14 00:00:00+00:00
[2021-08-15 22:32:13,794] {scheduler_job.py:189} INFO - Processing /Users/kennethlau/airflow/airflow-tutorial/env_airflow/lib/python3.8/site-packages/airflow/example_dags/example_trigger_controller_dag.py took 0.047 seconds
[2021-08-15 22:33:16,790] {scheduler_job.py:181} INFO - Started process (PID=72248) to work on /Users/kennethlau/airflow/airflow-tutorial/env_airflow/lib/python3.8/site-packages/airflow/example_dags/example_trigger_controller_dag.py
[2021-08-15 22:33:16,791] {scheduler_job.py:632} INFO - Processing file /Users/kennethlau/airflow/airflow-tutorial/env_airflow/lib/python3.8/site-packages/airflow/example_dags/example_trigger_controller_dag.py for tasks to queue
[2021-08-15 22:33:16,792] {logging_mixin.py:104} INFO - [2021-08-15 22:33:16,792] {dagbag.py:496} INFO - Filling up the DagBag from /Users/kennethlau/airflow/airflow-tutorial/env_airflow/lib/python3.8/site-packages/airflow/example_dags/example_trigger_controller_dag.py
[2021-08-15 22:33:16,799] {scheduler_job.py:642} INFO - DAG(s) dict_keys(['example_trigger_controller_dag']) retrieved from /Users/kennethlau/airflow/airflow-tutorial/env_airflow/lib/python3.8/site-packages/airflow/example_dags/example_trigger_controller_dag.py
[2021-08-15 22:33:16,824] {logging_mixin.py:104} INFO - [2021-08-15 22:33:16,824] {dag.py:1833} INFO - Sync 1 DAGs
[2021-08-15 22:33:16,829] {logging_mixin.py:104} INFO - [2021-08-15 22:33:16,829] {dag.py:2306} INFO - Setting next_dagrun for example_trigger_controller_dag to 2021-08-14 00:00:00+00:00
[2021-08-15 22:33:16,835] {scheduler_job.py:189} INFO - Processing /Users/kennethlau/airflow/airflow-tutorial/env_airflow/lib/python3.8/site-packages/airflow/example_dags/example_trigger_controller_dag.py took 0.046 seconds
[2021-08-15 22:34:16,253] {scheduler_job.py:181} INFO - Started process (PID=72317) to work on /Users/kennethlau/airflow/airflow-tutorial/env_airflow/lib/python3.8/site-packages/airflow/example_dags/example_trigger_controller_dag.py
[2021-08-15 22:34:16,254] {scheduler_job.py:632} INFO - Processing file /Users/kennethlau/airflow/airflow-tutorial/env_airflow/lib/python3.8/site-packages/airflow/example_dags/example_trigger_controller_dag.py for tasks to queue
[2021-08-15 22:34:16,254] {logging_mixin.py:104} INFO - [2021-08-15 22:34:16,254] {dagbag.py:496} INFO - Filling up the DagBag from /Users/kennethlau/airflow/airflow-tutorial/env_airflow/lib/python3.8/site-packages/airflow/example_dags/example_trigger_controller_dag.py
[2021-08-15 22:34:16,259] {scheduler_job.py:642} INFO - DAG(s) dict_keys(['example_trigger_controller_dag']) retrieved from /Users/kennethlau/airflow/airflow-tutorial/env_airflow/lib/python3.8/site-packages/airflow/example_dags/example_trigger_controller_dag.py
[2021-08-15 22:34:16,282] {logging_mixin.py:104} INFO - [2021-08-15 22:34:16,282] {dag.py:1833} INFO - Sync 1 DAGs
[2021-08-15 22:34:16,287] {logging_mixin.py:104} INFO - [2021-08-15 22:34:16,287] {dag.py:2306} INFO - Setting next_dagrun for example_trigger_controller_dag to 2021-08-14 00:00:00+00:00
[2021-08-15 22:34:16,295] {scheduler_job.py:189} INFO - Processing /Users/kennethlau/airflow/airflow-tutorial/env_airflow/lib/python3.8/site-packages/airflow/example_dags/example_trigger_controller_dag.py took 0.042 seconds
[2021-08-15 22:36:33,187] {scheduler_job.py:181} INFO - Started process (PID=72436) to work on /Users/kennethlau/airflow/airflow-tutorial/env_airflow/lib/python3.8/site-packages/airflow/example_dags/example_trigger_controller_dag.py
[2021-08-15 22:36:33,188] {scheduler_job.py:632} INFO - Processing file /Users/kennethlau/airflow/airflow-tutorial/env_airflow/lib/python3.8/site-packages/airflow/example_dags/example_trigger_controller_dag.py for tasks to queue
[2021-08-15 22:36:33,188] {logging_mixin.py:104} INFO - [2021-08-15 22:36:33,188] {dagbag.py:496} INFO - Filling up the DagBag from /Users/kennethlau/airflow/airflow-tutorial/env_airflow/lib/python3.8/site-packages/airflow/example_dags/example_trigger_controller_dag.py
[2021-08-15 22:36:33,193] {scheduler_job.py:642} INFO - DAG(s) dict_keys(['example_trigger_controller_dag']) retrieved from /Users/kennethlau/airflow/airflow-tutorial/env_airflow/lib/python3.8/site-packages/airflow/example_dags/example_trigger_controller_dag.py
[2021-08-15 22:36:33,221] {logging_mixin.py:104} INFO - [2021-08-15 22:36:33,220] {dag.py:1833} INFO - Sync 1 DAGs
[2021-08-15 22:36:33,226] {logging_mixin.py:104} INFO - [2021-08-15 22:36:33,226] {dag.py:2306} INFO - Setting next_dagrun for example_trigger_controller_dag to 2021-08-14 00:00:00+00:00
[2021-08-15 22:36:33,232] {scheduler_job.py:189} INFO - Processing /Users/kennethlau/airflow/airflow-tutorial/env_airflow/lib/python3.8/site-packages/airflow/example_dags/example_trigger_controller_dag.py took 0.046 seconds
[2021-08-15 22:37:33,458] {scheduler_job.py:181} INFO - Started process (PID=72519) to work on /Users/kennethlau/airflow/airflow-tutorial/env_airflow/lib/python3.8/site-packages/airflow/example_dags/example_trigger_controller_dag.py
[2021-08-15 22:37:33,458] {scheduler_job.py:632} INFO - Processing file /Users/kennethlau/airflow/airflow-tutorial/env_airflow/lib/python3.8/site-packages/airflow/example_dags/example_trigger_controller_dag.py for tasks to queue
[2021-08-15 22:37:33,459] {logging_mixin.py:104} INFO - [2021-08-15 22:37:33,459] {dagbag.py:496} INFO - Filling up the DagBag from /Users/kennethlau/airflow/airflow-tutorial/env_airflow/lib/python3.8/site-packages/airflow/example_dags/example_trigger_controller_dag.py
[2021-08-15 22:37:33,466] {scheduler_job.py:642} INFO - DAG(s) dict_keys(['example_trigger_controller_dag']) retrieved from /Users/kennethlau/airflow/airflow-tutorial/env_airflow/lib/python3.8/site-packages/airflow/example_dags/example_trigger_controller_dag.py
[2021-08-15 22:37:33,495] {logging_mixin.py:104} INFO - [2021-08-15 22:37:33,495] {dag.py:1833} INFO - Sync 1 DAGs
[2021-08-15 22:37:33,501] {logging_mixin.py:104} INFO - [2021-08-15 22:37:33,501] {dag.py:2306} INFO - Setting next_dagrun for example_trigger_controller_dag to 2021-08-14 00:00:00+00:00
[2021-08-15 22:37:33,507] {scheduler_job.py:189} INFO - Processing /Users/kennethlau/airflow/airflow-tutorial/env_airflow/lib/python3.8/site-packages/airflow/example_dags/example_trigger_controller_dag.py took 0.050 seconds
[2021-08-15 22:38:27,794] {scheduler_job.py:181} INFO - Started process (PID=72592) to work on /Users/kennethlau/airflow/airflow-tutorial/env_airflow/lib/python3.8/site-packages/airflow/example_dags/example_trigger_controller_dag.py
[2021-08-15 22:38:27,795] {scheduler_job.py:632} INFO - Processing file /Users/kennethlau/airflow/airflow-tutorial/env_airflow/lib/python3.8/site-packages/airflow/example_dags/example_trigger_controller_dag.py for tasks to queue
[2021-08-15 22:38:27,795] {logging_mixin.py:104} INFO - [2021-08-15 22:38:27,795] {dagbag.py:496} INFO - Filling up the DagBag from /Users/kennethlau/airflow/airflow-tutorial/env_airflow/lib/python3.8/site-packages/airflow/example_dags/example_trigger_controller_dag.py
[2021-08-15 22:38:27,803] {scheduler_job.py:642} INFO - DAG(s) dict_keys(['example_trigger_controller_dag']) retrieved from /Users/kennethlau/airflow/airflow-tutorial/env_airflow/lib/python3.8/site-packages/airflow/example_dags/example_trigger_controller_dag.py
[2021-08-15 22:38:27,828] {logging_mixin.py:104} INFO - [2021-08-15 22:38:27,828] {dag.py:1833} INFO - Sync 1 DAGs
[2021-08-15 22:38:27,834] {logging_mixin.py:104} INFO - [2021-08-15 22:38:27,834] {dag.py:2306} INFO - Setting next_dagrun for example_trigger_controller_dag to 2021-08-14 00:00:00+00:00
[2021-08-15 22:38:27,840] {scheduler_job.py:189} INFO - Processing /Users/kennethlau/airflow/airflow-tutorial/env_airflow/lib/python3.8/site-packages/airflow/example_dags/example_trigger_controller_dag.py took 0.046 seconds
[2021-08-15 22:39:24,167] {scheduler_job.py:181} INFO - Started process (PID=72662) to work on /Users/kennethlau/airflow/airflow-tutorial/env_airflow/lib/python3.8/site-packages/airflow/example_dags/example_trigger_controller_dag.py
[2021-08-15 22:39:24,168] {scheduler_job.py:632} INFO - Processing file /Users/kennethlau/airflow/airflow-tutorial/env_airflow/lib/python3.8/site-packages/airflow/example_dags/example_trigger_controller_dag.py for tasks to queue
[2021-08-15 22:39:24,168] {logging_mixin.py:104} INFO - [2021-08-15 22:39:24,168] {dagbag.py:496} INFO - Filling up the DagBag from /Users/kennethlau/airflow/airflow-tutorial/env_airflow/lib/python3.8/site-packages/airflow/example_dags/example_trigger_controller_dag.py
[2021-08-15 22:39:24,176] {scheduler_job.py:642} INFO - DAG(s) dict_keys(['example_trigger_controller_dag']) retrieved from /Users/kennethlau/airflow/airflow-tutorial/env_airflow/lib/python3.8/site-packages/airflow/example_dags/example_trigger_controller_dag.py
[2021-08-15 22:39:24,200] {logging_mixin.py:104} INFO - [2021-08-15 22:39:24,200] {dag.py:1833} INFO - Sync 1 DAGs
[2021-08-15 22:39:24,206] {logging_mixin.py:104} INFO - [2021-08-15 22:39:24,206] {dag.py:2306} INFO - Setting next_dagrun for example_trigger_controller_dag to 2021-08-14 00:00:00+00:00
[2021-08-15 22:39:24,212] {scheduler_job.py:189} INFO - Processing /Users/kennethlau/airflow/airflow-tutorial/env_airflow/lib/python3.8/site-packages/airflow/example_dags/example_trigger_controller_dag.py took 0.046 seconds
[2021-08-15 22:40:21,952] {scheduler_job.py:181} INFO - Started process (PID=72730) to work on /Users/kennethlau/airflow/airflow-tutorial/env_airflow/lib/python3.8/site-packages/airflow/example_dags/example_trigger_controller_dag.py
[2021-08-15 22:40:21,952] {scheduler_job.py:632} INFO - Processing file /Users/kennethlau/airflow/airflow-tutorial/env_airflow/lib/python3.8/site-packages/airflow/example_dags/example_trigger_controller_dag.py for tasks to queue
[2021-08-15 22:40:21,953] {logging_mixin.py:104} INFO - [2021-08-15 22:40:21,953] {dagbag.py:496} INFO - Filling up the DagBag from /Users/kennethlau/airflow/airflow-tutorial/env_airflow/lib/python3.8/site-packages/airflow/example_dags/example_trigger_controller_dag.py
[2021-08-15 22:40:21,959] {scheduler_job.py:642} INFO - DAG(s) dict_keys(['example_trigger_controller_dag']) retrieved from /Users/kennethlau/airflow/airflow-tutorial/env_airflow/lib/python3.8/site-packages/airflow/example_dags/example_trigger_controller_dag.py
[2021-08-15 22:40:21,983] {logging_mixin.py:104} INFO - [2021-08-15 22:40:21,983] {dag.py:1833} INFO - Sync 1 DAGs
[2021-08-15 22:40:21,990] {logging_mixin.py:104} INFO - [2021-08-15 22:40:21,989] {dag.py:2306} INFO - Setting next_dagrun for example_trigger_controller_dag to 2021-08-14 00:00:00+00:00
[2021-08-15 22:40:21,995] {scheduler_job.py:189} INFO - Processing /Users/kennethlau/airflow/airflow-tutorial/env_airflow/lib/python3.8/site-packages/airflow/example_dags/example_trigger_controller_dag.py took 0.044 seconds
