[2021-08-15 22:30:21,966] {scheduler_job.py:181} INFO - Started process (PID=72042) to work on /Users/kennethlau/airflow/airflow-tutorial/env_airflow/lib/python3.8/site-packages/airflow/example_dags/example_bash_operator.py
[2021-08-15 22:30:21,966] {scheduler_job.py:632} INFO - Processing file /Users/kennethlau/airflow/airflow-tutorial/env_airflow/lib/python3.8/site-packages/airflow/example_dags/example_bash_operator.py for tasks to queue
[2021-08-15 22:30:21,966] {logging_mixin.py:104} INFO - [2021-08-15 22:30:21,966] {dagbag.py:496} INFO - Filling up the DagBag from /Users/kennethlau/airflow/airflow-tutorial/env_airflow/lib/python3.8/site-packages/airflow/example_dags/example_bash_operator.py
[2021-08-15 22:30:21,974] {scheduler_job.py:642} INFO - DAG(s) dict_keys(['example_bash_operator']) retrieved from /Users/kennethlau/airflow/airflow-tutorial/env_airflow/lib/python3.8/site-packages/airflow/example_dags/example_bash_operator.py
[2021-08-15 22:30:22,243] {logging_mixin.py:104} INFO - [2021-08-15 22:30:22,243] {dag.py:1833} INFO - Sync 1 DAGs
[2021-08-15 22:30:22,253] {logging_mixin.py:104} INFO - [2021-08-15 22:30:22,253] {dag.py:2306} INFO - Setting next_dagrun for example_bash_operator to 2021-08-14 00:00:00+00:00
[2021-08-15 22:30:22,261] {scheduler_job.py:189} INFO - Processing /Users/kennethlau/airflow/airflow-tutorial/env_airflow/lib/python3.8/site-packages/airflow/example_dags/example_bash_operator.py took 0.296 seconds
[2021-08-15 22:31:53,704] {scheduler_job.py:181} INFO - Started process (PID=72151) to work on /Users/kennethlau/airflow/airflow-tutorial/env_airflow/lib/python3.8/site-packages/airflow/example_dags/example_bash_operator.py
[2021-08-15 22:31:53,705] {scheduler_job.py:632} INFO - Processing file /Users/kennethlau/airflow/airflow-tutorial/env_airflow/lib/python3.8/site-packages/airflow/example_dags/example_bash_operator.py for tasks to queue
[2021-08-15 22:31:53,705] {logging_mixin.py:104} INFO - [2021-08-15 22:31:53,705] {dagbag.py:496} INFO - Filling up the DagBag from /Users/kennethlau/airflow/airflow-tutorial/env_airflow/lib/python3.8/site-packages/airflow/example_dags/example_bash_operator.py
[2021-08-15 22:31:53,716] {scheduler_job.py:642} INFO - DAG(s) dict_keys(['example_bash_operator']) retrieved from /Users/kennethlau/airflow/airflow-tutorial/env_airflow/lib/python3.8/site-packages/airflow/example_dags/example_bash_operator.py
[2021-08-15 22:31:53,758] {logging_mixin.py:104} INFO - [2021-08-15 22:31:53,757] {dag.py:1833} INFO - Sync 1 DAGs
[2021-08-15 22:31:53,766] {logging_mixin.py:104} INFO - [2021-08-15 22:31:53,766] {dag.py:2306} INFO - Setting next_dagrun for example_bash_operator to 2021-08-14 00:00:00+00:00
[2021-08-15 22:31:53,776] {scheduler_job.py:189} INFO - Processing /Users/kennethlau/airflow/airflow-tutorial/env_airflow/lib/python3.8/site-packages/airflow/example_dags/example_bash_operator.py took 0.072 seconds
[2021-08-15 22:32:58,137] {scheduler_job.py:181} INFO - Started process (PID=72228) to work on /Users/kennethlau/airflow/airflow-tutorial/env_airflow/lib/python3.8/site-packages/airflow/example_dags/example_bash_operator.py
[2021-08-15 22:32:58,138] {scheduler_job.py:632} INFO - Processing file /Users/kennethlau/airflow/airflow-tutorial/env_airflow/lib/python3.8/site-packages/airflow/example_dags/example_bash_operator.py for tasks to queue
[2021-08-15 22:32:58,138] {logging_mixin.py:104} INFO - [2021-08-15 22:32:58,138] {dagbag.py:496} INFO - Filling up the DagBag from /Users/kennethlau/airflow/airflow-tutorial/env_airflow/lib/python3.8/site-packages/airflow/example_dags/example_bash_operator.py
[2021-08-15 22:32:58,146] {scheduler_job.py:642} INFO - DAG(s) dict_keys(['example_bash_operator']) retrieved from /Users/kennethlau/airflow/airflow-tutorial/env_airflow/lib/python3.8/site-packages/airflow/example_dags/example_bash_operator.py
[2021-08-15 22:32:58,170] {logging_mixin.py:104} INFO - [2021-08-15 22:32:58,170] {dag.py:1833} INFO - Sync 1 DAGs
[2021-08-15 22:32:58,178] {logging_mixin.py:104} INFO - [2021-08-15 22:32:58,177] {dag.py:2306} INFO - Setting next_dagrun for example_bash_operator to 2021-08-14 00:00:00+00:00
[2021-08-15 22:32:58,184] {scheduler_job.py:189} INFO - Processing /Users/kennethlau/airflow/airflow-tutorial/env_airflow/lib/python3.8/site-packages/airflow/example_dags/example_bash_operator.py took 0.047 seconds
[2021-08-15 22:33:58,464] {scheduler_job.py:181} INFO - Started process (PID=72294) to work on /Users/kennethlau/airflow/airflow-tutorial/env_airflow/lib/python3.8/site-packages/airflow/example_dags/example_bash_operator.py
[2021-08-15 22:33:58,464] {scheduler_job.py:632} INFO - Processing file /Users/kennethlau/airflow/airflow-tutorial/env_airflow/lib/python3.8/site-packages/airflow/example_dags/example_bash_operator.py for tasks to queue
[2021-08-15 22:33:58,465] {logging_mixin.py:104} INFO - [2021-08-15 22:33:58,465] {dagbag.py:496} INFO - Filling up the DagBag from /Users/kennethlau/airflow/airflow-tutorial/env_airflow/lib/python3.8/site-packages/airflow/example_dags/example_bash_operator.py
[2021-08-15 22:33:58,471] {scheduler_job.py:642} INFO - DAG(s) dict_keys(['example_bash_operator']) retrieved from /Users/kennethlau/airflow/airflow-tutorial/env_airflow/lib/python3.8/site-packages/airflow/example_dags/example_bash_operator.py
[2021-08-15 22:33:58,495] {logging_mixin.py:104} INFO - [2021-08-15 22:33:58,495] {dag.py:1833} INFO - Sync 1 DAGs
[2021-08-15 22:33:58,502] {logging_mixin.py:104} INFO - [2021-08-15 22:33:58,502] {dag.py:2306} INFO - Setting next_dagrun for example_bash_operator to 2021-08-14 00:00:00+00:00
[2021-08-15 22:33:58,509] {scheduler_job.py:189} INFO - Processing /Users/kennethlau/airflow/airflow-tutorial/env_airflow/lib/python3.8/site-packages/airflow/example_dags/example_bash_operator.py took 0.046 seconds
[2021-08-15 22:34:57,927] {scheduler_job.py:181} INFO - Started process (PID=72366) to work on /Users/kennethlau/airflow/airflow-tutorial/env_airflow/lib/python3.8/site-packages/airflow/example_dags/example_bash_operator.py
[2021-08-15 22:34:57,927] {scheduler_job.py:632} INFO - Processing file /Users/kennethlau/airflow/airflow-tutorial/env_airflow/lib/python3.8/site-packages/airflow/example_dags/example_bash_operator.py for tasks to queue
[2021-08-15 22:34:57,928] {logging_mixin.py:104} INFO - [2021-08-15 22:34:57,928] {dagbag.py:496} INFO - Filling up the DagBag from /Users/kennethlau/airflow/airflow-tutorial/env_airflow/lib/python3.8/site-packages/airflow/example_dags/example_bash_operator.py
[2021-08-15 22:34:57,938] {scheduler_job.py:642} INFO - DAG(s) dict_keys(['example_bash_operator']) retrieved from /Users/kennethlau/airflow/airflow-tutorial/env_airflow/lib/python3.8/site-packages/airflow/example_dags/example_bash_operator.py
[2021-08-15 22:34:57,966] {logging_mixin.py:104} INFO - [2021-08-15 22:34:57,966] {dag.py:1833} INFO - Sync 1 DAGs
[2021-08-15 22:34:57,976] {logging_mixin.py:104} INFO - [2021-08-15 22:34:57,976] {dag.py:2306} INFO - Setting next_dagrun for example_bash_operator to 2021-08-14 00:00:00+00:00
[2021-08-15 22:34:57,983] {scheduler_job.py:189} INFO - Processing /Users/kennethlau/airflow/airflow-tutorial/env_airflow/lib/python3.8/site-packages/airflow/example_dags/example_bash_operator.py took 0.057 seconds
[2021-08-15 22:37:12,385] {scheduler_job.py:181} INFO - Started process (PID=72497) to work on /Users/kennethlau/airflow/airflow-tutorial/env_airflow/lib/python3.8/site-packages/airflow/example_dags/example_bash_operator.py
[2021-08-15 22:37:12,386] {scheduler_job.py:632} INFO - Processing file /Users/kennethlau/airflow/airflow-tutorial/env_airflow/lib/python3.8/site-packages/airflow/example_dags/example_bash_operator.py for tasks to queue
[2021-08-15 22:37:12,387] {logging_mixin.py:104} INFO - [2021-08-15 22:37:12,386] {dagbag.py:496} INFO - Filling up the DagBag from /Users/kennethlau/airflow/airflow-tutorial/env_airflow/lib/python3.8/site-packages/airflow/example_dags/example_bash_operator.py
[2021-08-15 22:37:12,394] {scheduler_job.py:642} INFO - DAG(s) dict_keys(['example_bash_operator']) retrieved from /Users/kennethlau/airflow/airflow-tutorial/env_airflow/lib/python3.8/site-packages/airflow/example_dags/example_bash_operator.py
[2021-08-15 22:37:12,419] {logging_mixin.py:104} INFO - [2021-08-15 22:37:12,419] {dag.py:1833} INFO - Sync 1 DAGs
[2021-08-15 22:37:12,426] {logging_mixin.py:104} INFO - [2021-08-15 22:37:12,426] {dag.py:2306} INFO - Setting next_dagrun for example_bash_operator to 2021-08-14 00:00:00+00:00
[2021-08-15 22:37:12,433] {scheduler_job.py:189} INFO - Processing /Users/kennethlau/airflow/airflow-tutorial/env_airflow/lib/python3.8/site-packages/airflow/example_dags/example_bash_operator.py took 0.048 seconds
[2021-08-15 22:38:35,593] {scheduler_job.py:181} INFO - Started process (PID=72607) to work on /Users/kennethlau/airflow/airflow-tutorial/env_airflow/lib/python3.8/site-packages/airflow/example_dags/example_bash_operator.py
[2021-08-15 22:38:35,593] {scheduler_job.py:632} INFO - Processing file /Users/kennethlau/airflow/airflow-tutorial/env_airflow/lib/python3.8/site-packages/airflow/example_dags/example_bash_operator.py for tasks to queue
[2021-08-15 22:38:35,594] {logging_mixin.py:104} INFO - [2021-08-15 22:38:35,594] {dagbag.py:496} INFO - Filling up the DagBag from /Users/kennethlau/airflow/airflow-tutorial/env_airflow/lib/python3.8/site-packages/airflow/example_dags/example_bash_operator.py
[2021-08-15 22:38:35,601] {scheduler_job.py:642} INFO - DAG(s) dict_keys(['example_bash_operator']) retrieved from /Users/kennethlau/airflow/airflow-tutorial/env_airflow/lib/python3.8/site-packages/airflow/example_dags/example_bash_operator.py
[2021-08-15 22:38:35,627] {logging_mixin.py:104} INFO - [2021-08-15 22:38:35,627] {dag.py:1833} INFO - Sync 1 DAGs
[2021-08-15 22:38:35,635] {logging_mixin.py:104} INFO - [2021-08-15 22:38:35,635] {dag.py:2306} INFO - Setting next_dagrun for example_bash_operator to 2021-08-14 00:00:00+00:00
[2021-08-15 22:38:35,641] {scheduler_job.py:189} INFO - Processing /Users/kennethlau/airflow/airflow-tutorial/env_airflow/lib/python3.8/site-packages/airflow/example_dags/example_bash_operator.py took 0.049 seconds
[2021-08-15 22:39:59,924] {scheduler_job.py:181} INFO - Started process (PID=72705) to work on /Users/kennethlau/airflow/airflow-tutorial/env_airflow/lib/python3.8/site-packages/airflow/example_dags/example_bash_operator.py
[2021-08-15 22:39:59,925] {scheduler_job.py:632} INFO - Processing file /Users/kennethlau/airflow/airflow-tutorial/env_airflow/lib/python3.8/site-packages/airflow/example_dags/example_bash_operator.py for tasks to queue
[2021-08-15 22:39:59,925] {logging_mixin.py:104} INFO - [2021-08-15 22:39:59,925] {dagbag.py:496} INFO - Filling up the DagBag from /Users/kennethlau/airflow/airflow-tutorial/env_airflow/lib/python3.8/site-packages/airflow/example_dags/example_bash_operator.py
[2021-08-15 22:39:59,934] {scheduler_job.py:642} INFO - DAG(s) dict_keys(['example_bash_operator']) retrieved from /Users/kennethlau/airflow/airflow-tutorial/env_airflow/lib/python3.8/site-packages/airflow/example_dags/example_bash_operator.py
[2021-08-15 22:39:59,959] {logging_mixin.py:104} INFO - [2021-08-15 22:39:59,959] {dag.py:1833} INFO - Sync 1 DAGs
[2021-08-15 22:39:59,966] {logging_mixin.py:104} INFO - [2021-08-15 22:39:59,966] {dag.py:2306} INFO - Setting next_dagrun for example_bash_operator to 2021-08-14 00:00:00+00:00
[2021-08-15 22:39:59,972] {scheduler_job.py:189} INFO - Processing /Users/kennethlau/airflow/airflow-tutorial/env_airflow/lib/python3.8/site-packages/airflow/example_dags/example_bash_operator.py took 0.048 seconds
