[2021-08-15 20:26:00,652] {scheduler_job.py:181} INFO - Started process (PID=70797) to work on /Users/kennethlau/airflow/airflow-tutorial/env_airflow/lib/python3.8/site-packages/airflow/example_dags/example_task_group.py
[2021-08-15 20:26:00,652] {scheduler_job.py:632} INFO - Processing file /Users/kennethlau/airflow/airflow-tutorial/env_airflow/lib/python3.8/site-packages/airflow/example_dags/example_task_group.py for tasks to queue
[2021-08-15 20:26:00,652] {logging_mixin.py:104} INFO - [2021-08-15 20:26:00,652] {dagbag.py:496} INFO - Filling up the DagBag from /Users/kennethlau/airflow/airflow-tutorial/env_airflow/lib/python3.8/site-packages/airflow/example_dags/example_task_group.py
[2021-08-15 20:26:00,658] {scheduler_job.py:642} INFO - DAG(s) dict_keys(['example_task_group']) retrieved from /Users/kennethlau/airflow/airflow-tutorial/env_airflow/lib/python3.8/site-packages/airflow/example_dags/example_task_group.py
[2021-08-15 20:26:00,897] {logging_mixin.py:104} INFO - [2021-08-15 20:26:00,897] {dag.py:1833} INFO - Sync 1 DAGs
[2021-08-15 20:26:00,905] {logging_mixin.py:104} INFO - [2021-08-15 20:26:00,905] {dag.py:2306} INFO - Setting next_dagrun for example_task_group to 2021-08-14 00:00:00+00:00
[2021-08-15 20:26:00,913] {scheduler_job.py:189} INFO - Processing /Users/kennethlau/airflow/airflow-tutorial/env_airflow/lib/python3.8/site-packages/airflow/example_dags/example_task_group.py took 0.262 seconds
[2021-08-15 22:29:43,759] {scheduler_job.py:181} INFO - Started process (PID=71992) to work on /Users/kennethlau/airflow/airflow-tutorial/env_airflow/lib/python3.8/site-packages/airflow/example_dags/example_task_group.py
[2021-08-15 22:29:43,762] {scheduler_job.py:632} INFO - Processing file /Users/kennethlau/airflow/airflow-tutorial/env_airflow/lib/python3.8/site-packages/airflow/example_dags/example_task_group.py for tasks to queue
[2021-08-15 22:29:43,763] {logging_mixin.py:104} INFO - [2021-08-15 22:29:43,763] {dagbag.py:496} INFO - Filling up the DagBag from /Users/kennethlau/airflow/airflow-tutorial/env_airflow/lib/python3.8/site-packages/airflow/example_dags/example_task_group.py
[2021-08-15 22:29:43,773] {scheduler_job.py:642} INFO - DAG(s) dict_keys(['example_task_group']) retrieved from /Users/kennethlau/airflow/airflow-tutorial/env_airflow/lib/python3.8/site-packages/airflow/example_dags/example_task_group.py
[2021-08-15 22:29:44,094] {logging_mixin.py:104} INFO - [2021-08-15 22:29:44,094] {dag.py:1833} INFO - Sync 1 DAGs
[2021-08-15 22:29:44,102] {logging_mixin.py:104} INFO - [2021-08-15 22:29:44,102] {dag.py:2306} INFO - Setting next_dagrun for example_task_group to 2021-08-14 00:00:00+00:00
[2021-08-15 22:29:44,111] {scheduler_job.py:189} INFO - Processing /Users/kennethlau/airflow/airflow-tutorial/env_airflow/lib/python3.8/site-packages/airflow/example_dags/example_task_group.py took 0.353 seconds
[2021-08-15 22:31:01,268] {scheduler_job.py:181} INFO - Started process (PID=72096) to work on /Users/kennethlau/airflow/airflow-tutorial/env_airflow/lib/python3.8/site-packages/airflow/example_dags/example_task_group.py
[2021-08-15 22:31:01,270] {scheduler_job.py:632} INFO - Processing file /Users/kennethlau/airflow/airflow-tutorial/env_airflow/lib/python3.8/site-packages/airflow/example_dags/example_task_group.py for tasks to queue
[2021-08-15 22:31:01,271] {logging_mixin.py:104} INFO - [2021-08-15 22:31:01,271] {dagbag.py:496} INFO - Filling up the DagBag from /Users/kennethlau/airflow/airflow-tutorial/env_airflow/lib/python3.8/site-packages/airflow/example_dags/example_task_group.py
[2021-08-15 22:31:01,279] {scheduler_job.py:642} INFO - DAG(s) dict_keys(['example_task_group']) retrieved from /Users/kennethlau/airflow/airflow-tutorial/env_airflow/lib/python3.8/site-packages/airflow/example_dags/example_task_group.py
[2021-08-15 22:31:01,553] {logging_mixin.py:104} INFO - [2021-08-15 22:31:01,553] {dag.py:1833} INFO - Sync 1 DAGs
[2021-08-15 22:31:01,562] {logging_mixin.py:104} INFO - [2021-08-15 22:31:01,562] {dag.py:2306} INFO - Setting next_dagrun for example_task_group to 2021-08-14 00:00:00+00:00
[2021-08-15 22:31:01,569] {scheduler_job.py:189} INFO - Processing /Users/kennethlau/airflow/airflow-tutorial/env_airflow/lib/python3.8/site-packages/airflow/example_dags/example_task_group.py took 0.301 seconds
[2021-08-15 22:32:17,701] {scheduler_job.py:181} INFO - Started process (PID=72181) to work on /Users/kennethlau/airflow/airflow-tutorial/env_airflow/lib/python3.8/site-packages/airflow/example_dags/example_task_group.py
[2021-08-15 22:32:17,702] {scheduler_job.py:632} INFO - Processing file /Users/kennethlau/airflow/airflow-tutorial/env_airflow/lib/python3.8/site-packages/airflow/example_dags/example_task_group.py for tasks to queue
[2021-08-15 22:32:17,702] {logging_mixin.py:104} INFO - [2021-08-15 22:32:17,702] {dagbag.py:496} INFO - Filling up the DagBag from /Users/kennethlau/airflow/airflow-tutorial/env_airflow/lib/python3.8/site-packages/airflow/example_dags/example_task_group.py
[2021-08-15 22:32:17,710] {scheduler_job.py:642} INFO - DAG(s) dict_keys(['example_task_group']) retrieved from /Users/kennethlau/airflow/airflow-tutorial/env_airflow/lib/python3.8/site-packages/airflow/example_dags/example_task_group.py
[2021-08-15 22:32:17,739] {logging_mixin.py:104} INFO - [2021-08-15 22:32:17,739] {dag.py:1833} INFO - Sync 1 DAGs
[2021-08-15 22:32:17,745] {logging_mixin.py:104} INFO - [2021-08-15 22:32:17,745] {dag.py:2306} INFO - Setting next_dagrun for example_task_group to 2021-08-14 00:00:00+00:00
[2021-08-15 22:32:17,752] {scheduler_job.py:189} INFO - Processing /Users/kennethlau/airflow/airflow-tutorial/env_airflow/lib/python3.8/site-packages/airflow/example_dags/example_task_group.py took 0.051 seconds
[2021-08-15 22:33:20,691] {scheduler_job.py:181} INFO - Started process (PID=72252) to work on /Users/kennethlau/airflow/airflow-tutorial/env_airflow/lib/python3.8/site-packages/airflow/example_dags/example_task_group.py
[2021-08-15 22:33:20,692] {scheduler_job.py:632} INFO - Processing file /Users/kennethlau/airflow/airflow-tutorial/env_airflow/lib/python3.8/site-packages/airflow/example_dags/example_task_group.py for tasks to queue
[2021-08-15 22:33:20,692] {logging_mixin.py:104} INFO - [2021-08-15 22:33:20,692] {dagbag.py:496} INFO - Filling up the DagBag from /Users/kennethlau/airflow/airflow-tutorial/env_airflow/lib/python3.8/site-packages/airflow/example_dags/example_task_group.py
[2021-08-15 22:33:20,701] {scheduler_job.py:642} INFO - DAG(s) dict_keys(['example_task_group']) retrieved from /Users/kennethlau/airflow/airflow-tutorial/env_airflow/lib/python3.8/site-packages/airflow/example_dags/example_task_group.py
[2021-08-15 22:33:20,726] {logging_mixin.py:104} INFO - [2021-08-15 22:33:20,726] {dag.py:1833} INFO - Sync 1 DAGs
[2021-08-15 22:33:20,733] {logging_mixin.py:104} INFO - [2021-08-15 22:33:20,733] {dag.py:2306} INFO - Setting next_dagrun for example_task_group to 2021-08-14 00:00:00+00:00
[2021-08-15 22:33:20,739] {scheduler_job.py:189} INFO - Processing /Users/kennethlau/airflow/airflow-tutorial/env_airflow/lib/python3.8/site-packages/airflow/example_dags/example_task_group.py took 0.049 seconds
[2021-08-15 22:34:20,219] {scheduler_job.py:181} INFO - Started process (PID=72321) to work on /Users/kennethlau/airflow/airflow-tutorial/env_airflow/lib/python3.8/site-packages/airflow/example_dags/example_task_group.py
[2021-08-15 22:34:20,220] {scheduler_job.py:632} INFO - Processing file /Users/kennethlau/airflow/airflow-tutorial/env_airflow/lib/python3.8/site-packages/airflow/example_dags/example_task_group.py for tasks to queue
[2021-08-15 22:34:20,220] {logging_mixin.py:104} INFO - [2021-08-15 22:34:20,220] {dagbag.py:496} INFO - Filling up the DagBag from /Users/kennethlau/airflow/airflow-tutorial/env_airflow/lib/python3.8/site-packages/airflow/example_dags/example_task_group.py
[2021-08-15 22:34:20,227] {scheduler_job.py:642} INFO - DAG(s) dict_keys(['example_task_group']) retrieved from /Users/kennethlau/airflow/airflow-tutorial/env_airflow/lib/python3.8/site-packages/airflow/example_dags/example_task_group.py
[2021-08-15 22:34:20,476] {logging_mixin.py:104} INFO - [2021-08-15 22:34:20,476] {dag.py:1833} INFO - Sync 1 DAGs
[2021-08-15 22:34:20,484] {logging_mixin.py:104} INFO - [2021-08-15 22:34:20,484] {dag.py:2306} INFO - Setting next_dagrun for example_task_group to 2021-08-14 00:00:00+00:00
[2021-08-15 22:34:20,491] {scheduler_job.py:189} INFO - Processing /Users/kennethlau/airflow/airflow-tutorial/env_airflow/lib/python3.8/site-packages/airflow/example_dags/example_task_group.py took 0.273 seconds
[2021-08-15 22:36:37,663] {scheduler_job.py:181} INFO - Started process (PID=72443) to work on /Users/kennethlau/airflow/airflow-tutorial/env_airflow/lib/python3.8/site-packages/airflow/example_dags/example_task_group.py
[2021-08-15 22:36:37,663] {scheduler_job.py:632} INFO - Processing file /Users/kennethlau/airflow/airflow-tutorial/env_airflow/lib/python3.8/site-packages/airflow/example_dags/example_task_group.py for tasks to queue
[2021-08-15 22:36:37,664] {logging_mixin.py:104} INFO - [2021-08-15 22:36:37,664] {dagbag.py:496} INFO - Filling up the DagBag from /Users/kennethlau/airflow/airflow-tutorial/env_airflow/lib/python3.8/site-packages/airflow/example_dags/example_task_group.py
[2021-08-15 22:36:37,672] {scheduler_job.py:642} INFO - DAG(s) dict_keys(['example_task_group']) retrieved from /Users/kennethlau/airflow/airflow-tutorial/env_airflow/lib/python3.8/site-packages/airflow/example_dags/example_task_group.py
[2021-08-15 22:36:37,699] {logging_mixin.py:104} INFO - [2021-08-15 22:36:37,699] {dag.py:1833} INFO - Sync 1 DAGs
[2021-08-15 22:36:37,705] {logging_mixin.py:104} INFO - [2021-08-15 22:36:37,705] {dag.py:2306} INFO - Setting next_dagrun for example_task_group to 2021-08-14 00:00:00+00:00
[2021-08-15 22:36:37,711] {scheduler_job.py:189} INFO - Processing /Users/kennethlau/airflow/airflow-tutorial/env_airflow/lib/python3.8/site-packages/airflow/example_dags/example_task_group.py took 0.048 seconds
[2021-08-15 22:37:37,356] {scheduler_job.py:181} INFO - Started process (PID=72523) to work on /Users/kennethlau/airflow/airflow-tutorial/env_airflow/lib/python3.8/site-packages/airflow/example_dags/example_task_group.py
[2021-08-15 22:37:37,357] {scheduler_job.py:632} INFO - Processing file /Users/kennethlau/airflow/airflow-tutorial/env_airflow/lib/python3.8/site-packages/airflow/example_dags/example_task_group.py for tasks to queue
[2021-08-15 22:37:37,357] {logging_mixin.py:104} INFO - [2021-08-15 22:37:37,357] {dagbag.py:496} INFO - Filling up the DagBag from /Users/kennethlau/airflow/airflow-tutorial/env_airflow/lib/python3.8/site-packages/airflow/example_dags/example_task_group.py
[2021-08-15 22:37:37,365] {scheduler_job.py:642} INFO - DAG(s) dict_keys(['example_task_group']) retrieved from /Users/kennethlau/airflow/airflow-tutorial/env_airflow/lib/python3.8/site-packages/airflow/example_dags/example_task_group.py
[2021-08-15 22:37:37,390] {logging_mixin.py:104} INFO - [2021-08-15 22:37:37,390] {dag.py:1833} INFO - Sync 1 DAGs
[2021-08-15 22:37:37,395] {logging_mixin.py:104} INFO - [2021-08-15 22:37:37,395] {dag.py:2306} INFO - Setting next_dagrun for example_task_group to 2021-08-14 00:00:00+00:00
[2021-08-15 22:37:37,401] {scheduler_job.py:189} INFO - Processing /Users/kennethlau/airflow/airflow-tutorial/env_airflow/lib/python3.8/site-packages/airflow/example_dags/example_task_group.py took 0.046 seconds
[2021-08-15 22:38:31,763] {scheduler_job.py:181} INFO - Started process (PID=72599) to work on /Users/kennethlau/airflow/airflow-tutorial/env_airflow/lib/python3.8/site-packages/airflow/example_dags/example_task_group.py
[2021-08-15 22:38:31,764] {scheduler_job.py:632} INFO - Processing file /Users/kennethlau/airflow/airflow-tutorial/env_airflow/lib/python3.8/site-packages/airflow/example_dags/example_task_group.py for tasks to queue
[2021-08-15 22:38:31,764] {logging_mixin.py:104} INFO - [2021-08-15 22:38:31,764] {dagbag.py:496} INFO - Filling up the DagBag from /Users/kennethlau/airflow/airflow-tutorial/env_airflow/lib/python3.8/site-packages/airflow/example_dags/example_task_group.py
[2021-08-15 22:38:31,773] {scheduler_job.py:642} INFO - DAG(s) dict_keys(['example_task_group']) retrieved from /Users/kennethlau/airflow/airflow-tutorial/env_airflow/lib/python3.8/site-packages/airflow/example_dags/example_task_group.py
[2021-08-15 22:38:32,036] {logging_mixin.py:104} INFO - [2021-08-15 22:38:32,036] {dag.py:1833} INFO - Sync 1 DAGs
[2021-08-15 22:38:32,043] {logging_mixin.py:104} INFO - [2021-08-15 22:38:32,043] {dag.py:2306} INFO - Setting next_dagrun for example_task_group to 2021-08-14 00:00:00+00:00
[2021-08-15 22:38:32,051] {scheduler_job.py:189} INFO - Processing /Users/kennethlau/airflow/airflow-tutorial/env_airflow/lib/python3.8/site-packages/airflow/example_dags/example_task_group.py took 0.289 seconds
[2021-08-15 22:39:27,254] {scheduler_job.py:181} INFO - Started process (PID=72666) to work on /Users/kennethlau/airflow/airflow-tutorial/env_airflow/lib/python3.8/site-packages/airflow/example_dags/example_task_group.py
[2021-08-15 22:39:27,256] {scheduler_job.py:632} INFO - Processing file /Users/kennethlau/airflow/airflow-tutorial/env_airflow/lib/python3.8/site-packages/airflow/example_dags/example_task_group.py for tasks to queue
[2021-08-15 22:39:27,256] {logging_mixin.py:104} INFO - [2021-08-15 22:39:27,256] {dagbag.py:496} INFO - Filling up the DagBag from /Users/kennethlau/airflow/airflow-tutorial/env_airflow/lib/python3.8/site-packages/airflow/example_dags/example_task_group.py
[2021-08-15 22:39:27,264] {scheduler_job.py:642} INFO - DAG(s) dict_keys(['example_task_group']) retrieved from /Users/kennethlau/airflow/airflow-tutorial/env_airflow/lib/python3.8/site-packages/airflow/example_dags/example_task_group.py
[2021-08-15 22:39:27,525] {logging_mixin.py:104} INFO - [2021-08-15 22:39:27,524] {dag.py:1833} INFO - Sync 1 DAGs
[2021-08-15 22:39:27,535] {logging_mixin.py:104} INFO - [2021-08-15 22:39:27,534] {dag.py:2306} INFO - Setting next_dagrun for example_task_group to 2021-08-14 00:00:00+00:00
[2021-08-15 22:39:27,544] {scheduler_job.py:189} INFO - Processing /Users/kennethlau/airflow/airflow-tutorial/env_airflow/lib/python3.8/site-packages/airflow/example_dags/example_task_group.py took 0.290 seconds
