[2021-08-15 20:26:08,682] {scheduler_job.py:181} INFO - Started process (PID=70805) to work on /Users/kennethlau/airflow/airflow-tutorial/env_airflow/lib/python3.8/site-packages/airflow/example_dags/example_python_operator.py
[2021-08-15 20:26:08,682] {scheduler_job.py:632} INFO - Processing file /Users/kennethlau/airflow/airflow-tutorial/env_airflow/lib/python3.8/site-packages/airflow/example_dags/example_python_operator.py for tasks to queue
[2021-08-15 20:26:08,683] {logging_mixin.py:104} INFO - [2021-08-15 20:26:08,682] {dagbag.py:496} INFO - Filling up the DagBag from /Users/kennethlau/airflow/airflow-tutorial/env_airflow/lib/python3.8/site-packages/airflow/example_dags/example_python_operator.py
[2021-08-15 20:26:08,689] {scheduler_job.py:642} INFO - DAG(s) dict_keys(['example_python_operator']) retrieved from /Users/kennethlau/airflow/airflow-tutorial/env_airflow/lib/python3.8/site-packages/airflow/example_dags/example_python_operator.py
[2021-08-15 20:26:08,933] {logging_mixin.py:104} INFO - [2021-08-15 20:26:08,933] {dag.py:1833} INFO - Sync 1 DAGs
[2021-08-15 20:26:08,940] {logging_mixin.py:104} INFO - [2021-08-15 20:26:08,940] {dag.py:2306} INFO - Setting next_dagrun for example_python_operator to None
[2021-08-15 20:26:08,948] {scheduler_job.py:189} INFO - Processing /Users/kennethlau/airflow/airflow-tutorial/env_airflow/lib/python3.8/site-packages/airflow/example_dags/example_python_operator.py took 0.267 seconds
[2021-08-15 22:29:51,703] {scheduler_job.py:181} INFO - Started process (PID=72002) to work on /Users/kennethlau/airflow/airflow-tutorial/env_airflow/lib/python3.8/site-packages/airflow/example_dags/example_python_operator.py
[2021-08-15 22:29:51,704] {scheduler_job.py:632} INFO - Processing file /Users/kennethlau/airflow/airflow-tutorial/env_airflow/lib/python3.8/site-packages/airflow/example_dags/example_python_operator.py for tasks to queue
[2021-08-15 22:29:51,704] {logging_mixin.py:104} INFO - [2021-08-15 22:29:51,704] {dagbag.py:496} INFO - Filling up the DagBag from /Users/kennethlau/airflow/airflow-tutorial/env_airflow/lib/python3.8/site-packages/airflow/example_dags/example_python_operator.py
[2021-08-15 22:29:51,712] {scheduler_job.py:642} INFO - DAG(s) dict_keys(['example_python_operator']) retrieved from /Users/kennethlau/airflow/airflow-tutorial/env_airflow/lib/python3.8/site-packages/airflow/example_dags/example_python_operator.py
[2021-08-15 22:29:51,746] {logging_mixin.py:104} INFO - [2021-08-15 22:29:51,746] {dag.py:1833} INFO - Sync 1 DAGs
[2021-08-15 22:29:51,754] {logging_mixin.py:104} INFO - [2021-08-15 22:29:51,754] {dag.py:2306} INFO - Setting next_dagrun for example_python_operator to None
[2021-08-15 22:29:51,763] {scheduler_job.py:189} INFO - Processing /Users/kennethlau/airflow/airflow-tutorial/env_airflow/lib/python3.8/site-packages/airflow/example_dags/example_python_operator.py took 0.061 seconds
[2021-08-15 22:31:09,479] {scheduler_job.py:181} INFO - Started process (PID=72104) to work on /Users/kennethlau/airflow/airflow-tutorial/env_airflow/lib/python3.8/site-packages/airflow/example_dags/example_python_operator.py
[2021-08-15 22:31:09,480] {scheduler_job.py:632} INFO - Processing file /Users/kennethlau/airflow/airflow-tutorial/env_airflow/lib/python3.8/site-packages/airflow/example_dags/example_python_operator.py for tasks to queue
[2021-08-15 22:31:09,480] {logging_mixin.py:104} INFO - [2021-08-15 22:31:09,480] {dagbag.py:496} INFO - Filling up the DagBag from /Users/kennethlau/airflow/airflow-tutorial/env_airflow/lib/python3.8/site-packages/airflow/example_dags/example_python_operator.py
[2021-08-15 22:31:09,488] {scheduler_job.py:642} INFO - DAG(s) dict_keys(['example_python_operator']) retrieved from /Users/kennethlau/airflow/airflow-tutorial/env_airflow/lib/python3.8/site-packages/airflow/example_dags/example_python_operator.py
[2021-08-15 22:31:09,526] {logging_mixin.py:104} INFO - [2021-08-15 22:31:09,525] {dag.py:1833} INFO - Sync 1 DAGs
[2021-08-15 22:31:09,534] {logging_mixin.py:104} INFO - [2021-08-15 22:31:09,534] {dag.py:2306} INFO - Setting next_dagrun for example_python_operator to None
[2021-08-15 22:31:09,544] {scheduler_job.py:189} INFO - Processing /Users/kennethlau/airflow/airflow-tutorial/env_airflow/lib/python3.8/site-packages/airflow/example_dags/example_python_operator.py took 0.065 seconds
[2021-08-15 22:32:25,611] {scheduler_job.py:181} INFO - Started process (PID=72189) to work on /Users/kennethlau/airflow/airflow-tutorial/env_airflow/lib/python3.8/site-packages/airflow/example_dags/example_python_operator.py
[2021-08-15 22:32:25,613] {scheduler_job.py:632} INFO - Processing file /Users/kennethlau/airflow/airflow-tutorial/env_airflow/lib/python3.8/site-packages/airflow/example_dags/example_python_operator.py for tasks to queue
[2021-08-15 22:32:25,613] {logging_mixin.py:104} INFO - [2021-08-15 22:32:25,613] {dagbag.py:496} INFO - Filling up the DagBag from /Users/kennethlau/airflow/airflow-tutorial/env_airflow/lib/python3.8/site-packages/airflow/example_dags/example_python_operator.py
[2021-08-15 22:32:25,622] {scheduler_job.py:642} INFO - DAG(s) dict_keys(['example_python_operator']) retrieved from /Users/kennethlau/airflow/airflow-tutorial/env_airflow/lib/python3.8/site-packages/airflow/example_dags/example_python_operator.py
[2021-08-15 22:32:25,656] {logging_mixin.py:104} INFO - [2021-08-15 22:32:25,656] {dag.py:1833} INFO - Sync 1 DAGs
[2021-08-15 22:32:25,665] {logging_mixin.py:104} INFO - [2021-08-15 22:32:25,665] {dag.py:2306} INFO - Setting next_dagrun for example_python_operator to None
[2021-08-15 22:32:25,672] {scheduler_job.py:189} INFO - Processing /Users/kennethlau/airflow/airflow-tutorial/env_airflow/lib/python3.8/site-packages/airflow/example_dags/example_python_operator.py took 0.062 seconds
[2021-08-15 22:33:28,089] {scheduler_job.py:181} INFO - Started process (PID=72260) to work on /Users/kennethlau/airflow/airflow-tutorial/env_airflow/lib/python3.8/site-packages/airflow/example_dags/example_python_operator.py
[2021-08-15 22:33:28,090] {scheduler_job.py:632} INFO - Processing file /Users/kennethlau/airflow/airflow-tutorial/env_airflow/lib/python3.8/site-packages/airflow/example_dags/example_python_operator.py for tasks to queue
[2021-08-15 22:33:28,090] {logging_mixin.py:104} INFO - [2021-08-15 22:33:28,090] {dagbag.py:496} INFO - Filling up the DagBag from /Users/kennethlau/airflow/airflow-tutorial/env_airflow/lib/python3.8/site-packages/airflow/example_dags/example_python_operator.py
[2021-08-15 22:33:28,097] {scheduler_job.py:642} INFO - DAG(s) dict_keys(['example_python_operator']) retrieved from /Users/kennethlau/airflow/airflow-tutorial/env_airflow/lib/python3.8/site-packages/airflow/example_dags/example_python_operator.py
[2021-08-15 22:33:28,121] {logging_mixin.py:104} INFO - [2021-08-15 22:33:28,121] {dag.py:1833} INFO - Sync 1 DAGs
[2021-08-15 22:33:28,126] {logging_mixin.py:104} INFO - [2021-08-15 22:33:28,126] {dag.py:2306} INFO - Setting next_dagrun for example_python_operator to None
[2021-08-15 22:33:28,132] {scheduler_job.py:189} INFO - Processing /Users/kennethlau/airflow/airflow-tutorial/env_airflow/lib/python3.8/site-packages/airflow/example_dags/example_python_operator.py took 0.043 seconds
[2021-08-15 22:34:27,621] {scheduler_job.py:181} INFO - Started process (PID=72330) to work on /Users/kennethlau/airflow/airflow-tutorial/env_airflow/lib/python3.8/site-packages/airflow/example_dags/example_python_operator.py
[2021-08-15 22:34:27,621] {scheduler_job.py:632} INFO - Processing file /Users/kennethlau/airflow/airflow-tutorial/env_airflow/lib/python3.8/site-packages/airflow/example_dags/example_python_operator.py for tasks to queue
[2021-08-15 22:34:27,621] {logging_mixin.py:104} INFO - [2021-08-15 22:34:27,621] {dagbag.py:496} INFO - Filling up the DagBag from /Users/kennethlau/airflow/airflow-tutorial/env_airflow/lib/python3.8/site-packages/airflow/example_dags/example_python_operator.py
[2021-08-15 22:34:27,627] {scheduler_job.py:642} INFO - DAG(s) dict_keys(['example_python_operator']) retrieved from /Users/kennethlau/airflow/airflow-tutorial/env_airflow/lib/python3.8/site-packages/airflow/example_dags/example_python_operator.py
[2021-08-15 22:34:27,653] {logging_mixin.py:104} INFO - [2021-08-15 22:34:27,653] {dag.py:1833} INFO - Sync 1 DAGs
[2021-08-15 22:34:27,658] {logging_mixin.py:104} INFO - [2021-08-15 22:34:27,658] {dag.py:2306} INFO - Setting next_dagrun for example_python_operator to None
[2021-08-15 22:34:27,664] {scheduler_job.py:189} INFO - Processing /Users/kennethlau/airflow/airflow-tutorial/env_airflow/lib/python3.8/site-packages/airflow/example_dags/example_python_operator.py took 0.044 seconds
[2021-08-15 22:36:45,993] {scheduler_job.py:181} INFO - Started process (PID=72457) to work on /Users/kennethlau/airflow/airflow-tutorial/env_airflow/lib/python3.8/site-packages/airflow/example_dags/example_python_operator.py
[2021-08-15 22:36:45,994] {scheduler_job.py:632} INFO - Processing file /Users/kennethlau/airflow/airflow-tutorial/env_airflow/lib/python3.8/site-packages/airflow/example_dags/example_python_operator.py for tasks to queue
[2021-08-15 22:36:45,994] {logging_mixin.py:104} INFO - [2021-08-15 22:36:45,994] {dagbag.py:496} INFO - Filling up the DagBag from /Users/kennethlau/airflow/airflow-tutorial/env_airflow/lib/python3.8/site-packages/airflow/example_dags/example_python_operator.py
[2021-08-15 22:36:46,001] {scheduler_job.py:642} INFO - DAG(s) dict_keys(['example_python_operator']) retrieved from /Users/kennethlau/airflow/airflow-tutorial/env_airflow/lib/python3.8/site-packages/airflow/example_dags/example_python_operator.py
[2021-08-15 22:36:46,028] {logging_mixin.py:104} INFO - [2021-08-15 22:36:46,028] {dag.py:1833} INFO - Sync 1 DAGs
[2021-08-15 22:36:46,034] {logging_mixin.py:104} INFO - [2021-08-15 22:36:46,034] {dag.py:2306} INFO - Setting next_dagrun for example_python_operator to None
[2021-08-15 22:36:46,043] {scheduler_job.py:189} INFO - Processing /Users/kennethlau/airflow/airflow-tutorial/env_airflow/lib/python3.8/site-packages/airflow/example_dags/example_python_operator.py took 0.050 seconds
[2021-08-15 22:37:44,715] {scheduler_job.py:181} INFO - Started process (PID=72531) to work on /Users/kennethlau/airflow/airflow-tutorial/env_airflow/lib/python3.8/site-packages/airflow/example_dags/example_python_operator.py
[2021-08-15 22:37:44,716] {scheduler_job.py:632} INFO - Processing file /Users/kennethlau/airflow/airflow-tutorial/env_airflow/lib/python3.8/site-packages/airflow/example_dags/example_python_operator.py for tasks to queue
[2021-08-15 22:37:44,716] {logging_mixin.py:104} INFO - [2021-08-15 22:37:44,716] {dagbag.py:496} INFO - Filling up the DagBag from /Users/kennethlau/airflow/airflow-tutorial/env_airflow/lib/python3.8/site-packages/airflow/example_dags/example_python_operator.py
[2021-08-15 22:37:44,722] {scheduler_job.py:642} INFO - DAG(s) dict_keys(['example_python_operator']) retrieved from /Users/kennethlau/airflow/airflow-tutorial/env_airflow/lib/python3.8/site-packages/airflow/example_dags/example_python_operator.py
[2021-08-15 22:37:44,746] {logging_mixin.py:104} INFO - [2021-08-15 22:37:44,746] {dag.py:1833} INFO - Sync 1 DAGs
[2021-08-15 22:37:44,752] {logging_mixin.py:104} INFO - [2021-08-15 22:37:44,751] {dag.py:2306} INFO - Setting next_dagrun for example_python_operator to None
[2021-08-15 22:37:44,757] {scheduler_job.py:189} INFO - Processing /Users/kennethlau/airflow/airflow-tutorial/env_airflow/lib/python3.8/site-packages/airflow/example_dags/example_python_operator.py took 0.042 seconds
[2021-08-15 22:38:40,939] {scheduler_job.py:181} INFO - Started process (PID=72613) to work on /Users/kennethlau/airflow/airflow-tutorial/env_airflow/lib/python3.8/site-packages/airflow/example_dags/example_python_operator.py
[2021-08-15 22:38:40,940] {scheduler_job.py:632} INFO - Processing file /Users/kennethlau/airflow/airflow-tutorial/env_airflow/lib/python3.8/site-packages/airflow/example_dags/example_python_operator.py for tasks to queue
[2021-08-15 22:38:40,940] {logging_mixin.py:104} INFO - [2021-08-15 22:38:40,940] {dagbag.py:496} INFO - Filling up the DagBag from /Users/kennethlau/airflow/airflow-tutorial/env_airflow/lib/python3.8/site-packages/airflow/example_dags/example_python_operator.py
[2021-08-15 22:38:40,947] {scheduler_job.py:642} INFO - DAG(s) dict_keys(['example_python_operator']) retrieved from /Users/kennethlau/airflow/airflow-tutorial/env_airflow/lib/python3.8/site-packages/airflow/example_dags/example_python_operator.py
[2021-08-15 22:38:40,971] {logging_mixin.py:104} INFO - [2021-08-15 22:38:40,971] {dag.py:1833} INFO - Sync 1 DAGs
[2021-08-15 22:38:40,977] {logging_mixin.py:104} INFO - [2021-08-15 22:38:40,976] {dag.py:2306} INFO - Setting next_dagrun for example_python_operator to None
[2021-08-15 22:38:40,983] {scheduler_job.py:189} INFO - Processing /Users/kennethlau/airflow/airflow-tutorial/env_airflow/lib/python3.8/site-packages/airflow/example_dags/example_python_operator.py took 0.044 seconds
[2021-08-15 22:39:38,478] {scheduler_job.py:181} INFO - Started process (PID=72678) to work on /Users/kennethlau/airflow/airflow-tutorial/env_airflow/lib/python3.8/site-packages/airflow/example_dags/example_python_operator.py
[2021-08-15 22:39:38,479] {scheduler_job.py:632} INFO - Processing file /Users/kennethlau/airflow/airflow-tutorial/env_airflow/lib/python3.8/site-packages/airflow/example_dags/example_python_operator.py for tasks to queue
[2021-08-15 22:39:38,479] {logging_mixin.py:104} INFO - [2021-08-15 22:39:38,479] {dagbag.py:496} INFO - Filling up the DagBag from /Users/kennethlau/airflow/airflow-tutorial/env_airflow/lib/python3.8/site-packages/airflow/example_dags/example_python_operator.py
[2021-08-15 22:39:38,486] {scheduler_job.py:642} INFO - DAG(s) dict_keys(['example_python_operator']) retrieved from /Users/kennethlau/airflow/airflow-tutorial/env_airflow/lib/python3.8/site-packages/airflow/example_dags/example_python_operator.py
[2021-08-15 22:39:38,512] {logging_mixin.py:104} INFO - [2021-08-15 22:39:38,512] {dag.py:1833} INFO - Sync 1 DAGs
[2021-08-15 22:39:38,517] {logging_mixin.py:104} INFO - [2021-08-15 22:39:38,517] {dag.py:2306} INFO - Setting next_dagrun for example_python_operator to None
[2021-08-15 22:39:38,523] {scheduler_job.py:189} INFO - Processing /Users/kennethlau/airflow/airflow-tutorial/env_airflow/lib/python3.8/site-packages/airflow/example_dags/example_python_operator.py took 0.046 seconds
