[2021-08-15 22:30:14,186] {scheduler_job.py:181} INFO - Started process (PID=72032) to work on /Users/kennethlau/airflow/airflow-tutorial/env_airflow/lib/python3.8/site-packages/airflow/example_dags/example_branch_operator.py
[2021-08-15 22:30:14,187] {scheduler_job.py:632} INFO - Processing file /Users/kennethlau/airflow/airflow-tutorial/env_airflow/lib/python3.8/site-packages/airflow/example_dags/example_branch_operator.py for tasks to queue
[2021-08-15 22:30:14,187] {logging_mixin.py:104} INFO - [2021-08-15 22:30:14,187] {dagbag.py:496} INFO - Filling up the DagBag from /Users/kennethlau/airflow/airflow-tutorial/env_airflow/lib/python3.8/site-packages/airflow/example_dags/example_branch_operator.py
[2021-08-15 22:30:14,198] {scheduler_job.py:642} INFO - DAG(s) dict_keys(['example_branch_operator']) retrieved from /Users/kennethlau/airflow/airflow-tutorial/env_airflow/lib/python3.8/site-packages/airflow/example_dags/example_branch_operator.py
[2021-08-15 22:30:14,491] {logging_mixin.py:104} INFO - [2021-08-15 22:30:14,491] {dag.py:1833} INFO - Sync 1 DAGs
[2021-08-15 22:30:14,501] {logging_mixin.py:104} INFO - [2021-08-15 22:30:14,501] {dag.py:2306} INFO - Setting next_dagrun for example_branch_operator to 2021-08-14 00:00:00+00:00
[2021-08-15 22:30:14,511] {scheduler_job.py:189} INFO - Processing /Users/kennethlau/airflow/airflow-tutorial/env_airflow/lib/python3.8/site-packages/airflow/example_dags/example_branch_operator.py took 0.325 seconds
[2021-08-15 22:31:46,052] {scheduler_job.py:181} INFO - Started process (PID=72142) to work on /Users/kennethlau/airflow/airflow-tutorial/env_airflow/lib/python3.8/site-packages/airflow/example_dags/example_branch_operator.py
[2021-08-15 22:31:46,053] {scheduler_job.py:632} INFO - Processing file /Users/kennethlau/airflow/airflow-tutorial/env_airflow/lib/python3.8/site-packages/airflow/example_dags/example_branch_operator.py for tasks to queue
[2021-08-15 22:31:46,053] {logging_mixin.py:104} INFO - [2021-08-15 22:31:46,053] {dagbag.py:496} INFO - Filling up the DagBag from /Users/kennethlau/airflow/airflow-tutorial/env_airflow/lib/python3.8/site-packages/airflow/example_dags/example_branch_operator.py
[2021-08-15 22:31:46,061] {scheduler_job.py:642} INFO - DAG(s) dict_keys(['example_branch_operator']) retrieved from /Users/kennethlau/airflow/airflow-tutorial/env_airflow/lib/python3.8/site-packages/airflow/example_dags/example_branch_operator.py
[2021-08-15 22:31:46,088] {logging_mixin.py:104} INFO - [2021-08-15 22:31:46,087] {dag.py:1833} INFO - Sync 1 DAGs
[2021-08-15 22:31:46,096] {logging_mixin.py:104} INFO - [2021-08-15 22:31:46,096] {dag.py:2306} INFO - Setting next_dagrun for example_branch_operator to 2021-08-14 00:00:00+00:00
[2021-08-15 22:31:46,102] {scheduler_job.py:189} INFO - Processing /Users/kennethlau/airflow/airflow-tutorial/env_airflow/lib/python3.8/site-packages/airflow/example_dags/example_branch_operator.py took 0.051 seconds
[2021-08-15 22:32:50,739] {scheduler_job.py:181} INFO - Started process (PID=72220) to work on /Users/kennethlau/airflow/airflow-tutorial/env_airflow/lib/python3.8/site-packages/airflow/example_dags/example_branch_operator.py
[2021-08-15 22:32:50,740] {scheduler_job.py:632} INFO - Processing file /Users/kennethlau/airflow/airflow-tutorial/env_airflow/lib/python3.8/site-packages/airflow/example_dags/example_branch_operator.py for tasks to queue
[2021-08-15 22:32:50,740] {logging_mixin.py:104} INFO - [2021-08-15 22:32:50,740] {dagbag.py:496} INFO - Filling up the DagBag from /Users/kennethlau/airflow/airflow-tutorial/env_airflow/lib/python3.8/site-packages/airflow/example_dags/example_branch_operator.py
[2021-08-15 22:32:50,748] {scheduler_job.py:642} INFO - DAG(s) dict_keys(['example_branch_operator']) retrieved from /Users/kennethlau/airflow/airflow-tutorial/env_airflow/lib/python3.8/site-packages/airflow/example_dags/example_branch_operator.py
[2021-08-15 22:32:50,773] {logging_mixin.py:104} INFO - [2021-08-15 22:32:50,773] {dag.py:1833} INFO - Sync 1 DAGs
[2021-08-15 22:32:50,781] {logging_mixin.py:104} INFO - [2021-08-15 22:32:50,781] {dag.py:2306} INFO - Setting next_dagrun for example_branch_operator to 2021-08-14 00:00:00+00:00
[2021-08-15 22:32:50,787] {scheduler_job.py:189} INFO - Processing /Users/kennethlau/airflow/airflow-tutorial/env_airflow/lib/python3.8/site-packages/airflow/example_dags/example_branch_operator.py took 0.049 seconds
[2021-08-15 22:33:50,882] {scheduler_job.py:181} INFO - Started process (PID=72286) to work on /Users/kennethlau/airflow/airflow-tutorial/env_airflow/lib/python3.8/site-packages/airflow/example_dags/example_branch_operator.py
[2021-08-15 22:33:50,883] {scheduler_job.py:632} INFO - Processing file /Users/kennethlau/airflow/airflow-tutorial/env_airflow/lib/python3.8/site-packages/airflow/example_dags/example_branch_operator.py for tasks to queue
[2021-08-15 22:33:50,883] {logging_mixin.py:104} INFO - [2021-08-15 22:33:50,883] {dagbag.py:496} INFO - Filling up the DagBag from /Users/kennethlau/airflow/airflow-tutorial/env_airflow/lib/python3.8/site-packages/airflow/example_dags/example_branch_operator.py
[2021-08-15 22:33:50,890] {scheduler_job.py:642} INFO - DAG(s) dict_keys(['example_branch_operator']) retrieved from /Users/kennethlau/airflow/airflow-tutorial/env_airflow/lib/python3.8/site-packages/airflow/example_dags/example_branch_operator.py
[2021-08-15 22:33:50,915] {logging_mixin.py:104} INFO - [2021-08-15 22:33:50,915] {dag.py:1833} INFO - Sync 1 DAGs
[2021-08-15 22:33:50,923] {logging_mixin.py:104} INFO - [2021-08-15 22:33:50,923] {dag.py:2306} INFO - Setting next_dagrun for example_branch_operator to 2021-08-14 00:00:00+00:00
[2021-08-15 22:33:50,930] {scheduler_job.py:189} INFO - Processing /Users/kennethlau/airflow/airflow-tutorial/env_airflow/lib/python3.8/site-packages/airflow/example_dags/example_branch_operator.py took 0.048 seconds
[2021-08-15 22:34:50,591] {scheduler_job.py:181} INFO - Started process (PID=72354) to work on /Users/kennethlau/airflow/airflow-tutorial/env_airflow/lib/python3.8/site-packages/airflow/example_dags/example_branch_operator.py
[2021-08-15 22:34:50,592] {scheduler_job.py:632} INFO - Processing file /Users/kennethlau/airflow/airflow-tutorial/env_airflow/lib/python3.8/site-packages/airflow/example_dags/example_branch_operator.py for tasks to queue
[2021-08-15 22:34:50,592] {logging_mixin.py:104} INFO - [2021-08-15 22:34:50,592] {dagbag.py:496} INFO - Filling up the DagBag from /Users/kennethlau/airflow/airflow-tutorial/env_airflow/lib/python3.8/site-packages/airflow/example_dags/example_branch_operator.py
[2021-08-15 22:34:50,601] {scheduler_job.py:642} INFO - DAG(s) dict_keys(['example_branch_operator']) retrieved from /Users/kennethlau/airflow/airflow-tutorial/env_airflow/lib/python3.8/site-packages/airflow/example_dags/example_branch_operator.py
[2021-08-15 22:34:50,627] {logging_mixin.py:104} INFO - [2021-08-15 22:34:50,627] {dag.py:1833} INFO - Sync 1 DAGs
[2021-08-15 22:34:50,634] {logging_mixin.py:104} INFO - [2021-08-15 22:34:50,634] {dag.py:2306} INFO - Setting next_dagrun for example_branch_operator to 2021-08-14 00:00:00+00:00
[2021-08-15 22:34:50,640] {scheduler_job.py:189} INFO - Processing /Users/kennethlau/airflow/airflow-tutorial/env_airflow/lib/python3.8/site-packages/airflow/example_dags/example_branch_operator.py took 0.050 seconds
[2021-08-15 22:37:04,877] {scheduler_job.py:181} INFO - Started process (PID=72489) to work on /Users/kennethlau/airflow/airflow-tutorial/env_airflow/lib/python3.8/site-packages/airflow/example_dags/example_branch_operator.py
[2021-08-15 22:37:04,878] {scheduler_job.py:632} INFO - Processing file /Users/kennethlau/airflow/airflow-tutorial/env_airflow/lib/python3.8/site-packages/airflow/example_dags/example_branch_operator.py for tasks to queue
[2021-08-15 22:37:04,878] {logging_mixin.py:104} INFO - [2021-08-15 22:37:04,878] {dagbag.py:496} INFO - Filling up the DagBag from /Users/kennethlau/airflow/airflow-tutorial/env_airflow/lib/python3.8/site-packages/airflow/example_dags/example_branch_operator.py
[2021-08-15 22:37:04,886] {scheduler_job.py:642} INFO - DAG(s) dict_keys(['example_branch_operator']) retrieved from /Users/kennethlau/airflow/airflow-tutorial/env_airflow/lib/python3.8/site-packages/airflow/example_dags/example_branch_operator.py
[2021-08-15 22:37:04,912] {logging_mixin.py:104} INFO - [2021-08-15 22:37:04,912] {dag.py:1833} INFO - Sync 1 DAGs
[2021-08-15 22:37:04,919] {logging_mixin.py:104} INFO - [2021-08-15 22:37:04,919] {dag.py:2306} INFO - Setting next_dagrun for example_branch_operator to 2021-08-14 00:00:00+00:00
[2021-08-15 22:37:04,925] {scheduler_job.py:189} INFO - Processing /Users/kennethlau/airflow/airflow-tutorial/env_airflow/lib/python3.8/site-packages/airflow/example_dags/example_branch_operator.py took 0.049 seconds
[2021-08-15 22:38:04,170] {scheduler_job.py:181} INFO - Started process (PID=72560) to work on /Users/kennethlau/airflow/airflow-tutorial/env_airflow/lib/python3.8/site-packages/airflow/example_dags/example_branch_operator.py
[2021-08-15 22:38:04,171] {scheduler_job.py:632} INFO - Processing file /Users/kennethlau/airflow/airflow-tutorial/env_airflow/lib/python3.8/site-packages/airflow/example_dags/example_branch_operator.py for tasks to queue
[2021-08-15 22:38:04,171] {logging_mixin.py:104} INFO - [2021-08-15 22:38:04,171] {dagbag.py:496} INFO - Filling up the DagBag from /Users/kennethlau/airflow/airflow-tutorial/env_airflow/lib/python3.8/site-packages/airflow/example_dags/example_branch_operator.py
[2021-08-15 22:38:04,180] {scheduler_job.py:642} INFO - DAG(s) dict_keys(['example_branch_operator']) retrieved from /Users/kennethlau/airflow/airflow-tutorial/env_airflow/lib/python3.8/site-packages/airflow/example_dags/example_branch_operator.py
[2021-08-15 22:38:04,205] {logging_mixin.py:104} INFO - [2021-08-15 22:38:04,205] {dag.py:1833} INFO - Sync 1 DAGs
[2021-08-15 22:38:04,212] {logging_mixin.py:104} INFO - [2021-08-15 22:38:04,212] {dag.py:2306} INFO - Setting next_dagrun for example_branch_operator to 2021-08-14 00:00:00+00:00
[2021-08-15 22:38:04,218] {scheduler_job.py:189} INFO - Processing /Users/kennethlau/airflow/airflow-tutorial/env_airflow/lib/python3.8/site-packages/airflow/example_dags/example_branch_operator.py took 0.048 seconds
[2021-08-15 22:39:01,609] {scheduler_job.py:181} INFO - Started process (PID=72638) to work on /Users/kennethlau/airflow/airflow-tutorial/env_airflow/lib/python3.8/site-packages/airflow/example_dags/example_branch_operator.py
[2021-08-15 22:39:01,610] {scheduler_job.py:632} INFO - Processing file /Users/kennethlau/airflow/airflow-tutorial/env_airflow/lib/python3.8/site-packages/airflow/example_dags/example_branch_operator.py for tasks to queue
[2021-08-15 22:39:01,610] {logging_mixin.py:104} INFO - [2021-08-15 22:39:01,610] {dagbag.py:496} INFO - Filling up the DagBag from /Users/kennethlau/airflow/airflow-tutorial/env_airflow/lib/python3.8/site-packages/airflow/example_dags/example_branch_operator.py
[2021-08-15 22:39:01,618] {scheduler_job.py:642} INFO - DAG(s) dict_keys(['example_branch_operator']) retrieved from /Users/kennethlau/airflow/airflow-tutorial/env_airflow/lib/python3.8/site-packages/airflow/example_dags/example_branch_operator.py
[2021-08-15 22:39:01,646] {logging_mixin.py:104} INFO - [2021-08-15 22:39:01,646] {dag.py:1833} INFO - Sync 1 DAGs
[2021-08-15 22:39:01,654] {logging_mixin.py:104} INFO - [2021-08-15 22:39:01,654] {dag.py:2306} INFO - Setting next_dagrun for example_branch_operator to 2021-08-14 00:00:00+00:00
[2021-08-15 22:39:01,661] {scheduler_job.py:189} INFO - Processing /Users/kennethlau/airflow/airflow-tutorial/env_airflow/lib/python3.8/site-packages/airflow/example_dags/example_branch_operator.py took 0.053 seconds
[2021-08-15 22:39:57,095] {scheduler_job.py:181} INFO - Started process (PID=72701) to work on /Users/kennethlau/airflow/airflow-tutorial/env_airflow/lib/python3.8/site-packages/airflow/example_dags/example_branch_operator.py
[2021-08-15 22:39:57,095] {scheduler_job.py:632} INFO - Processing file /Users/kennethlau/airflow/airflow-tutorial/env_airflow/lib/python3.8/site-packages/airflow/example_dags/example_branch_operator.py for tasks to queue
[2021-08-15 22:39:57,095] {logging_mixin.py:104} INFO - [2021-08-15 22:39:57,095] {dagbag.py:496} INFO - Filling up the DagBag from /Users/kennethlau/airflow/airflow-tutorial/env_airflow/lib/python3.8/site-packages/airflow/example_dags/example_branch_operator.py
[2021-08-15 22:39:57,104] {scheduler_job.py:642} INFO - DAG(s) dict_keys(['example_branch_operator']) retrieved from /Users/kennethlau/airflow/airflow-tutorial/env_airflow/lib/python3.8/site-packages/airflow/example_dags/example_branch_operator.py
[2021-08-15 22:39:57,129] {logging_mixin.py:104} INFO - [2021-08-15 22:39:57,129] {dag.py:1833} INFO - Sync 1 DAGs
[2021-08-15 22:39:57,136] {logging_mixin.py:104} INFO - [2021-08-15 22:39:57,136] {dag.py:2306} INFO - Setting next_dagrun for example_branch_operator to 2021-08-14 00:00:00+00:00
[2021-08-15 22:39:57,142] {scheduler_job.py:189} INFO - Processing /Users/kennethlau/airflow/airflow-tutorial/env_airflow/lib/python3.8/site-packages/airflow/example_dags/example_branch_operator.py took 0.048 seconds
