[2021-08-15 20:26:04,645] {scheduler_job.py:181} INFO - Started process (PID=70801) to work on /Users/kennethlau/airflow/airflow-tutorial/env_airflow/lib/python3.8/site-packages/airflow/example_dags/example_skip_dag.py
[2021-08-15 20:26:04,645] {scheduler_job.py:632} INFO - Processing file /Users/kennethlau/airflow/airflow-tutorial/env_airflow/lib/python3.8/site-packages/airflow/example_dags/example_skip_dag.py for tasks to queue
[2021-08-15 20:26:04,645] {logging_mixin.py:104} INFO - [2021-08-15 20:26:04,645] {dagbag.py:496} INFO - Filling up the DagBag from /Users/kennethlau/airflow/airflow-tutorial/env_airflow/lib/python3.8/site-packages/airflow/example_dags/example_skip_dag.py
[2021-08-15 20:26:04,650] {scheduler_job.py:642} INFO - DAG(s) dict_keys(['example_skip_dag']) retrieved from /Users/kennethlau/airflow/airflow-tutorial/env_airflow/lib/python3.8/site-packages/airflow/example_dags/example_skip_dag.py
[2021-08-15 20:26:04,891] {logging_mixin.py:104} INFO - [2021-08-15 20:26:04,890] {dag.py:1833} INFO - Sync 1 DAGs
[2021-08-15 20:26:04,897] {logging_mixin.py:104} INFO - [2021-08-15 20:26:04,897] {dag.py:2306} INFO - Setting next_dagrun for example_skip_dag to 2021-08-14 00:00:00+00:00
[2021-08-15 20:26:04,904] {scheduler_job.py:189} INFO - Processing /Users/kennethlau/airflow/airflow-tutorial/env_airflow/lib/python3.8/site-packages/airflow/example_dags/example_skip_dag.py took 0.260 seconds
[2021-08-15 22:29:47,928] {scheduler_job.py:181} INFO - Started process (PID=71997) to work on /Users/kennethlau/airflow/airflow-tutorial/env_airflow/lib/python3.8/site-packages/airflow/example_dags/example_skip_dag.py
[2021-08-15 22:29:47,929] {scheduler_job.py:632} INFO - Processing file /Users/kennethlau/airflow/airflow-tutorial/env_airflow/lib/python3.8/site-packages/airflow/example_dags/example_skip_dag.py for tasks to queue
[2021-08-15 22:29:47,930] {logging_mixin.py:104} INFO - [2021-08-15 22:29:47,930] {dagbag.py:496} INFO - Filling up the DagBag from /Users/kennethlau/airflow/airflow-tutorial/env_airflow/lib/python3.8/site-packages/airflow/example_dags/example_skip_dag.py
[2021-08-15 22:29:47,938] {scheduler_job.py:642} INFO - DAG(s) dict_keys(['example_skip_dag']) retrieved from /Users/kennethlau/airflow/airflow-tutorial/env_airflow/lib/python3.8/site-packages/airflow/example_dags/example_skip_dag.py
[2021-08-15 22:29:47,970] {logging_mixin.py:104} INFO - [2021-08-15 22:29:47,969] {dag.py:1833} INFO - Sync 1 DAGs
[2021-08-15 22:29:47,976] {logging_mixin.py:104} INFO - [2021-08-15 22:29:47,976] {dag.py:2306} INFO - Setting next_dagrun for example_skip_dag to 2021-08-14 00:00:00+00:00
[2021-08-15 22:29:47,982] {scheduler_job.py:189} INFO - Processing /Users/kennethlau/airflow/airflow-tutorial/env_airflow/lib/python3.8/site-packages/airflow/example_dags/example_skip_dag.py took 0.055 seconds
[2021-08-15 22:31:05,330] {scheduler_job.py:181} INFO - Started process (PID=72100) to work on /Users/kennethlau/airflow/airflow-tutorial/env_airflow/lib/python3.8/site-packages/airflow/example_dags/example_skip_dag.py
[2021-08-15 22:31:05,331] {scheduler_job.py:632} INFO - Processing file /Users/kennethlau/airflow/airflow-tutorial/env_airflow/lib/python3.8/site-packages/airflow/example_dags/example_skip_dag.py for tasks to queue
[2021-08-15 22:31:05,331] {logging_mixin.py:104} INFO - [2021-08-15 22:31:05,331] {dagbag.py:496} INFO - Filling up the DagBag from /Users/kennethlau/airflow/airflow-tutorial/env_airflow/lib/python3.8/site-packages/airflow/example_dags/example_skip_dag.py
[2021-08-15 22:31:05,337] {scheduler_job.py:642} INFO - DAG(s) dict_keys(['example_skip_dag']) retrieved from /Users/kennethlau/airflow/airflow-tutorial/env_airflow/lib/python3.8/site-packages/airflow/example_dags/example_skip_dag.py
[2021-08-15 22:31:05,364] {logging_mixin.py:104} INFO - [2021-08-15 22:31:05,364] {dag.py:1833} INFO - Sync 1 DAGs
[2021-08-15 22:31:05,370] {logging_mixin.py:104} INFO - [2021-08-15 22:31:05,370] {dag.py:2306} INFO - Setting next_dagrun for example_skip_dag to 2021-08-14 00:00:00+00:00
[2021-08-15 22:31:05,377] {scheduler_job.py:189} INFO - Processing /Users/kennethlau/airflow/airflow-tutorial/env_airflow/lib/python3.8/site-packages/airflow/example_dags/example_skip_dag.py took 0.048 seconds
[2021-08-15 22:32:21,488] {scheduler_job.py:181} INFO - Started process (PID=72185) to work on /Users/kennethlau/airflow/airflow-tutorial/env_airflow/lib/python3.8/site-packages/airflow/example_dags/example_skip_dag.py
[2021-08-15 22:32:21,489] {scheduler_job.py:632} INFO - Processing file /Users/kennethlau/airflow/airflow-tutorial/env_airflow/lib/python3.8/site-packages/airflow/example_dags/example_skip_dag.py for tasks to queue
[2021-08-15 22:32:21,489] {logging_mixin.py:104} INFO - [2021-08-15 22:32:21,489] {dagbag.py:496} INFO - Filling up the DagBag from /Users/kennethlau/airflow/airflow-tutorial/env_airflow/lib/python3.8/site-packages/airflow/example_dags/example_skip_dag.py
[2021-08-15 22:32:21,495] {scheduler_job.py:642} INFO - DAG(s) dict_keys(['example_skip_dag']) retrieved from /Users/kennethlau/airflow/airflow-tutorial/env_airflow/lib/python3.8/site-packages/airflow/example_dags/example_skip_dag.py
[2021-08-15 22:32:21,521] {logging_mixin.py:104} INFO - [2021-08-15 22:32:21,520] {dag.py:1833} INFO - Sync 1 DAGs
[2021-08-15 22:32:21,527] {logging_mixin.py:104} INFO - [2021-08-15 22:32:21,527] {dag.py:2306} INFO - Setting next_dagrun for example_skip_dag to 2021-08-14 00:00:00+00:00
[2021-08-15 22:32:21,533] {scheduler_job.py:189} INFO - Processing /Users/kennethlau/airflow/airflow-tutorial/env_airflow/lib/python3.8/site-packages/airflow/example_dags/example_skip_dag.py took 0.045 seconds
[2021-08-15 22:33:24,383] {scheduler_job.py:181} INFO - Started process (PID=72256) to work on /Users/kennethlau/airflow/airflow-tutorial/env_airflow/lib/python3.8/site-packages/airflow/example_dags/example_skip_dag.py
[2021-08-15 22:33:24,383] {scheduler_job.py:632} INFO - Processing file /Users/kennethlau/airflow/airflow-tutorial/env_airflow/lib/python3.8/site-packages/airflow/example_dags/example_skip_dag.py for tasks to queue
[2021-08-15 22:33:24,384] {logging_mixin.py:104} INFO - [2021-08-15 22:33:24,384] {dagbag.py:496} INFO - Filling up the DagBag from /Users/kennethlau/airflow/airflow-tutorial/env_airflow/lib/python3.8/site-packages/airflow/example_dags/example_skip_dag.py
[2021-08-15 22:33:24,389] {scheduler_job.py:642} INFO - DAG(s) dict_keys(['example_skip_dag']) retrieved from /Users/kennethlau/airflow/airflow-tutorial/env_airflow/lib/python3.8/site-packages/airflow/example_dags/example_skip_dag.py
[2021-08-15 22:33:24,414] {logging_mixin.py:104} INFO - [2021-08-15 22:33:24,414] {dag.py:1833} INFO - Sync 1 DAGs
[2021-08-15 22:33:24,419] {logging_mixin.py:104} INFO - [2021-08-15 22:33:24,419] {dag.py:2306} INFO - Setting next_dagrun for example_skip_dag to 2021-08-14 00:00:00+00:00
[2021-08-15 22:33:24,425] {scheduler_job.py:189} INFO - Processing /Users/kennethlau/airflow/airflow-tutorial/env_airflow/lib/python3.8/site-packages/airflow/example_dags/example_skip_dag.py took 0.043 seconds
[2021-08-15 22:34:23,978] {scheduler_job.py:181} INFO - Started process (PID=72325) to work on /Users/kennethlau/airflow/airflow-tutorial/env_airflow/lib/python3.8/site-packages/airflow/example_dags/example_skip_dag.py
[2021-08-15 22:34:23,978] {scheduler_job.py:632} INFO - Processing file /Users/kennethlau/airflow/airflow-tutorial/env_airflow/lib/python3.8/site-packages/airflow/example_dags/example_skip_dag.py for tasks to queue
[2021-08-15 22:34:23,978] {logging_mixin.py:104} INFO - [2021-08-15 22:34:23,978] {dagbag.py:496} INFO - Filling up the DagBag from /Users/kennethlau/airflow/airflow-tutorial/env_airflow/lib/python3.8/site-packages/airflow/example_dags/example_skip_dag.py
[2021-08-15 22:34:23,983] {scheduler_job.py:642} INFO - DAG(s) dict_keys(['example_skip_dag']) retrieved from /Users/kennethlau/airflow/airflow-tutorial/env_airflow/lib/python3.8/site-packages/airflow/example_dags/example_skip_dag.py
[2021-08-15 22:34:24,007] {logging_mixin.py:104} INFO - [2021-08-15 22:34:24,007] {dag.py:1833} INFO - Sync 1 DAGs
[2021-08-15 22:34:24,013] {logging_mixin.py:104} INFO - [2021-08-15 22:34:24,013] {dag.py:2306} INFO - Setting next_dagrun for example_skip_dag to 2021-08-14 00:00:00+00:00
[2021-08-15 22:34:24,018] {scheduler_job.py:189} INFO - Processing /Users/kennethlau/airflow/airflow-tutorial/env_airflow/lib/python3.8/site-packages/airflow/example_dags/example_skip_dag.py took 0.041 seconds
[2021-08-15 22:36:41,897] {scheduler_job.py:181} INFO - Started process (PID=72449) to work on /Users/kennethlau/airflow/airflow-tutorial/env_airflow/lib/python3.8/site-packages/airflow/example_dags/example_skip_dag.py
[2021-08-15 22:36:41,898] {scheduler_job.py:632} INFO - Processing file /Users/kennethlau/airflow/airflow-tutorial/env_airflow/lib/python3.8/site-packages/airflow/example_dags/example_skip_dag.py for tasks to queue
[2021-08-15 22:36:41,898] {logging_mixin.py:104} INFO - [2021-08-15 22:36:41,898] {dagbag.py:496} INFO - Filling up the DagBag from /Users/kennethlau/airflow/airflow-tutorial/env_airflow/lib/python3.8/site-packages/airflow/example_dags/example_skip_dag.py
[2021-08-15 22:36:41,904] {scheduler_job.py:642} INFO - DAG(s) dict_keys(['example_skip_dag']) retrieved from /Users/kennethlau/airflow/airflow-tutorial/env_airflow/lib/python3.8/site-packages/airflow/example_dags/example_skip_dag.py
[2021-08-15 22:36:41,934] {logging_mixin.py:104} INFO - [2021-08-15 22:36:41,933] {dag.py:1833} INFO - Sync 1 DAGs
[2021-08-15 22:36:41,940] {logging_mixin.py:104} INFO - [2021-08-15 22:36:41,940] {dag.py:2306} INFO - Setting next_dagrun for example_skip_dag to 2021-08-14 00:00:00+00:00
[2021-08-15 22:36:41,949] {scheduler_job.py:189} INFO - Processing /Users/kennethlau/airflow/airflow-tutorial/env_airflow/lib/python3.8/site-packages/airflow/example_dags/example_skip_dag.py took 0.052 seconds
[2021-08-15 22:37:41,015] {scheduler_job.py:181} INFO - Started process (PID=72527) to work on /Users/kennethlau/airflow/airflow-tutorial/env_airflow/lib/python3.8/site-packages/airflow/example_dags/example_skip_dag.py
[2021-08-15 22:37:41,016] {scheduler_job.py:632} INFO - Processing file /Users/kennethlau/airflow/airflow-tutorial/env_airflow/lib/python3.8/site-packages/airflow/example_dags/example_skip_dag.py for tasks to queue
[2021-08-15 22:37:41,016] {logging_mixin.py:104} INFO - [2021-08-15 22:37:41,016] {dagbag.py:496} INFO - Filling up the DagBag from /Users/kennethlau/airflow/airflow-tutorial/env_airflow/lib/python3.8/site-packages/airflow/example_dags/example_skip_dag.py
[2021-08-15 22:37:41,023] {scheduler_job.py:642} INFO - DAG(s) dict_keys(['example_skip_dag']) retrieved from /Users/kennethlau/airflow/airflow-tutorial/env_airflow/lib/python3.8/site-packages/airflow/example_dags/example_skip_dag.py
[2021-08-15 22:37:41,047] {logging_mixin.py:104} INFO - [2021-08-15 22:37:41,046] {dag.py:1833} INFO - Sync 1 DAGs
[2021-08-15 22:37:41,052] {logging_mixin.py:104} INFO - [2021-08-15 22:37:41,052] {dag.py:2306} INFO - Setting next_dagrun for example_skip_dag to 2021-08-14 00:00:00+00:00
[2021-08-15 22:37:41,058] {scheduler_job.py:189} INFO - Processing /Users/kennethlau/airflow/airflow-tutorial/env_airflow/lib/python3.8/site-packages/airflow/example_dags/example_skip_dag.py took 0.044 seconds
[2021-08-15 22:38:37,427] {scheduler_job.py:181} INFO - Started process (PID=72609) to work on /Users/kennethlau/airflow/airflow-tutorial/env_airflow/lib/python3.8/site-packages/airflow/example_dags/example_skip_dag.py
[2021-08-15 22:38:37,427] {scheduler_job.py:632} INFO - Processing file /Users/kennethlau/airflow/airflow-tutorial/env_airflow/lib/python3.8/site-packages/airflow/example_dags/example_skip_dag.py for tasks to queue
[2021-08-15 22:38:37,428] {logging_mixin.py:104} INFO - [2021-08-15 22:38:37,428] {dagbag.py:496} INFO - Filling up the DagBag from /Users/kennethlau/airflow/airflow-tutorial/env_airflow/lib/python3.8/site-packages/airflow/example_dags/example_skip_dag.py
[2021-08-15 22:38:37,433] {scheduler_job.py:642} INFO - DAG(s) dict_keys(['example_skip_dag']) retrieved from /Users/kennethlau/airflow/airflow-tutorial/env_airflow/lib/python3.8/site-packages/airflow/example_dags/example_skip_dag.py
[2021-08-15 22:38:37,458] {logging_mixin.py:104} INFO - [2021-08-15 22:38:37,458] {dag.py:1833} INFO - Sync 1 DAGs
[2021-08-15 22:38:37,464] {logging_mixin.py:104} INFO - [2021-08-15 22:38:37,464] {dag.py:2306} INFO - Setting next_dagrun for example_skip_dag to 2021-08-14 00:00:00+00:00
[2021-08-15 22:38:37,470] {scheduler_job.py:189} INFO - Processing /Users/kennethlau/airflow/airflow-tutorial/env_airflow/lib/python3.8/site-packages/airflow/example_dags/example_skip_dag.py took 0.043 seconds
[2021-08-15 22:39:34,858] {scheduler_job.py:181} INFO - Started process (PID=72674) to work on /Users/kennethlau/airflow/airflow-tutorial/env_airflow/lib/python3.8/site-packages/airflow/example_dags/example_skip_dag.py
[2021-08-15 22:39:34,859] {scheduler_job.py:632} INFO - Processing file /Users/kennethlau/airflow/airflow-tutorial/env_airflow/lib/python3.8/site-packages/airflow/example_dags/example_skip_dag.py for tasks to queue
[2021-08-15 22:39:34,859] {logging_mixin.py:104} INFO - [2021-08-15 22:39:34,859] {dagbag.py:496} INFO - Filling up the DagBag from /Users/kennethlau/airflow/airflow-tutorial/env_airflow/lib/python3.8/site-packages/airflow/example_dags/example_skip_dag.py
[2021-08-15 22:39:34,865] {scheduler_job.py:642} INFO - DAG(s) dict_keys(['example_skip_dag']) retrieved from /Users/kennethlau/airflow/airflow-tutorial/env_airflow/lib/python3.8/site-packages/airflow/example_dags/example_skip_dag.py
[2021-08-15 22:39:34,889] {logging_mixin.py:104} INFO - [2021-08-15 22:39:34,889] {dag.py:1833} INFO - Sync 1 DAGs
[2021-08-15 22:39:34,895] {logging_mixin.py:104} INFO - [2021-08-15 22:39:34,895] {dag.py:2306} INFO - Setting next_dagrun for example_skip_dag to 2021-08-14 00:00:00+00:00
[2021-08-15 22:39:34,901] {scheduler_job.py:189} INFO - Processing /Users/kennethlau/airflow/airflow-tutorial/env_airflow/lib/python3.8/site-packages/airflow/example_dags/example_skip_dag.py took 0.044 seconds
