[2021-08-15 20:26:02,686] {scheduler_job.py:181} INFO - Started process (PID=70799) to work on /Users/kennethlau/airflow/airflow-tutorial/env_airflow/lib/python3.8/site-packages/airflow/example_dags/example_subdag_operator.py
[2021-08-15 20:26:02,686] {scheduler_job.py:632} INFO - Processing file /Users/kennethlau/airflow/airflow-tutorial/env_airflow/lib/python3.8/site-packages/airflow/example_dags/example_subdag_operator.py for tasks to queue
[2021-08-15 20:26:02,686] {logging_mixin.py:104} INFO - [2021-08-15 20:26:02,686] {dagbag.py:496} INFO - Filling up the DagBag from /Users/kennethlau/airflow/airflow-tutorial/env_airflow/lib/python3.8/site-packages/airflow/example_dags/example_subdag_operator.py
[2021-08-15 20:26:02,713] {scheduler_job.py:642} INFO - DAG(s) dict_keys(['example_subdag_operator.section-1', 'example_subdag_operator.section-2', 'example_subdag_operator']) retrieved from /Users/kennethlau/airflow/airflow-tutorial/env_airflow/lib/python3.8/site-packages/airflow/example_dags/example_subdag_operator.py
[2021-08-15 20:26:02,936] {logging_mixin.py:104} INFO - [2021-08-15 20:26:02,935] {dag.py:1833} INFO - Sync 3 DAGs
[2021-08-15 20:26:02,943] {logging_mixin.py:104} INFO - [2021-08-15 20:26:02,942] {dag.py:2306} INFO - Setting next_dagrun for example_subdag_operator to 2021-08-14 00:00:00+00:00
[2021-08-15 20:26:02,943] {logging_mixin.py:104} INFO - [2021-08-15 20:26:02,943] {dag.py:2306} INFO - Setting next_dagrun for example_subdag_operator.section-1 to None
[2021-08-15 20:26:02,943] {logging_mixin.py:104} INFO - [2021-08-15 20:26:02,943] {dag.py:2306} INFO - Setting next_dagrun for example_subdag_operator.section-2 to None
[2021-08-15 20:26:02,949] {logging_mixin.py:104} INFO - [2021-08-15 20:26:02,949] {dag.py:1833} INFO - Sync 2 DAGs
[2021-08-15 20:26:02,954] {logging_mixin.py:104} INFO - [2021-08-15 20:26:02,954] {dag.py:2306} INFO - Setting next_dagrun for example_subdag_operator.section-1 to None
[2021-08-15 20:26:02,954] {logging_mixin.py:104} INFO - [2021-08-15 20:26:02,954] {dag.py:2306} INFO - Setting next_dagrun for example_subdag_operator.section-2 to None
[2021-08-15 20:26:02,958] {scheduler_job.py:189} INFO - Processing /Users/kennethlau/airflow/airflow-tutorial/env_airflow/lib/python3.8/site-packages/airflow/example_dags/example_subdag_operator.py took 0.273 seconds
[2021-08-15 22:29:45,989] {scheduler_job.py:181} INFO - Started process (PID=71995) to work on /Users/kennethlau/airflow/airflow-tutorial/env_airflow/lib/python3.8/site-packages/airflow/example_dags/example_subdag_operator.py
[2021-08-15 22:29:45,991] {scheduler_job.py:632} INFO - Processing file /Users/kennethlau/airflow/airflow-tutorial/env_airflow/lib/python3.8/site-packages/airflow/example_dags/example_subdag_operator.py for tasks to queue
[2021-08-15 22:29:45,991] {logging_mixin.py:104} INFO - [2021-08-15 22:29:45,991] {dagbag.py:496} INFO - Filling up the DagBag from /Users/kennethlau/airflow/airflow-tutorial/env_airflow/lib/python3.8/site-packages/airflow/example_dags/example_subdag_operator.py
[2021-08-15 22:29:46,026] {scheduler_job.py:642} INFO - DAG(s) dict_keys(['example_subdag_operator.section-1', 'example_subdag_operator.section-2', 'example_subdag_operator']) retrieved from /Users/kennethlau/airflow/airflow-tutorial/env_airflow/lib/python3.8/site-packages/airflow/example_dags/example_subdag_operator.py
[2021-08-15 22:29:46,033] {logging_mixin.py:104} INFO - [2021-08-15 22:29:46,033] {dag.py:1833} INFO - Sync 3 DAGs
[2021-08-15 22:29:46,039] {logging_mixin.py:104} INFO - [2021-08-15 22:29:46,039] {dag.py:2306} INFO - Setting next_dagrun for example_subdag_operator to 2021-08-14 00:00:00+00:00
[2021-08-15 22:29:46,039] {logging_mixin.py:104} INFO - [2021-08-15 22:29:46,039] {dag.py:2306} INFO - Setting next_dagrun for example_subdag_operator.section-1 to None
[2021-08-15 22:29:46,039] {logging_mixin.py:104} INFO - [2021-08-15 22:29:46,039] {dag.py:2306} INFO - Setting next_dagrun for example_subdag_operator.section-2 to None
[2021-08-15 22:29:46,044] {logging_mixin.py:104} INFO - [2021-08-15 22:29:46,044] {dag.py:1833} INFO - Sync 2 DAGs
[2021-08-15 22:29:46,048] {logging_mixin.py:104} INFO - [2021-08-15 22:29:46,048] {dag.py:2306} INFO - Setting next_dagrun for example_subdag_operator.section-1 to None
[2021-08-15 22:29:46,049] {logging_mixin.py:104} INFO - [2021-08-15 22:29:46,049] {dag.py:2306} INFO - Setting next_dagrun for example_subdag_operator.section-2 to None
[2021-08-15 22:29:46,052] {scheduler_job.py:189} INFO - Processing /Users/kennethlau/airflow/airflow-tutorial/env_airflow/lib/python3.8/site-packages/airflow/example_dags/example_subdag_operator.py took 0.064 seconds
[2021-08-15 22:31:03,439] {scheduler_job.py:181} INFO - Started process (PID=72098) to work on /Users/kennethlau/airflow/airflow-tutorial/env_airflow/lib/python3.8/site-packages/airflow/example_dags/example_subdag_operator.py
[2021-08-15 22:31:03,440] {scheduler_job.py:632} INFO - Processing file /Users/kennethlau/airflow/airflow-tutorial/env_airflow/lib/python3.8/site-packages/airflow/example_dags/example_subdag_operator.py for tasks to queue
[2021-08-15 22:31:03,440] {logging_mixin.py:104} INFO - [2021-08-15 22:31:03,440] {dagbag.py:496} INFO - Filling up the DagBag from /Users/kennethlau/airflow/airflow-tutorial/env_airflow/lib/python3.8/site-packages/airflow/example_dags/example_subdag_operator.py
[2021-08-15 22:31:03,479] {scheduler_job.py:642} INFO - DAG(s) dict_keys(['example_subdag_operator.section-1', 'example_subdag_operator.section-2', 'example_subdag_operator']) retrieved from /Users/kennethlau/airflow/airflow-tutorial/env_airflow/lib/python3.8/site-packages/airflow/example_dags/example_subdag_operator.py
[2021-08-15 22:31:03,487] {logging_mixin.py:104} INFO - [2021-08-15 22:31:03,487] {dag.py:1833} INFO - Sync 3 DAGs
[2021-08-15 22:31:03,495] {logging_mixin.py:104} INFO - [2021-08-15 22:31:03,495] {dag.py:2306} INFO - Setting next_dagrun for example_subdag_operator to 2021-08-14 00:00:00+00:00
[2021-08-15 22:31:03,496] {logging_mixin.py:104} INFO - [2021-08-15 22:31:03,496] {dag.py:2306} INFO - Setting next_dagrun for example_subdag_operator.section-1 to None
[2021-08-15 22:31:03,496] {logging_mixin.py:104} INFO - [2021-08-15 22:31:03,496] {dag.py:2306} INFO - Setting next_dagrun for example_subdag_operator.section-2 to None
[2021-08-15 22:31:03,501] {logging_mixin.py:104} INFO - [2021-08-15 22:31:03,501] {dag.py:1833} INFO - Sync 2 DAGs
[2021-08-15 22:31:03,506] {logging_mixin.py:104} INFO - [2021-08-15 22:31:03,506] {dag.py:2306} INFO - Setting next_dagrun for example_subdag_operator.section-1 to None
[2021-08-15 22:31:03,506] {logging_mixin.py:104} INFO - [2021-08-15 22:31:03,506] {dag.py:2306} INFO - Setting next_dagrun for example_subdag_operator.section-2 to None
[2021-08-15 22:31:03,512] {scheduler_job.py:189} INFO - Processing /Users/kennethlau/airflow/airflow-tutorial/env_airflow/lib/python3.8/site-packages/airflow/example_dags/example_subdag_operator.py took 0.074 seconds
[2021-08-15 22:32:19,613] {scheduler_job.py:181} INFO - Started process (PID=72183) to work on /Users/kennethlau/airflow/airflow-tutorial/env_airflow/lib/python3.8/site-packages/airflow/example_dags/example_subdag_operator.py
[2021-08-15 22:32:19,614] {scheduler_job.py:632} INFO - Processing file /Users/kennethlau/airflow/airflow-tutorial/env_airflow/lib/python3.8/site-packages/airflow/example_dags/example_subdag_operator.py for tasks to queue
[2021-08-15 22:32:19,615] {logging_mixin.py:104} INFO - [2021-08-15 22:32:19,615] {dagbag.py:496} INFO - Filling up the DagBag from /Users/kennethlau/airflow/airflow-tutorial/env_airflow/lib/python3.8/site-packages/airflow/example_dags/example_subdag_operator.py
[2021-08-15 22:32:19,648] {scheduler_job.py:642} INFO - DAG(s) dict_keys(['example_subdag_operator.section-1', 'example_subdag_operator.section-2', 'example_subdag_operator']) retrieved from /Users/kennethlau/airflow/airflow-tutorial/env_airflow/lib/python3.8/site-packages/airflow/example_dags/example_subdag_operator.py
[2021-08-15 22:32:19,654] {logging_mixin.py:104} INFO - [2021-08-15 22:32:19,654] {dag.py:1833} INFO - Sync 3 DAGs
[2021-08-15 22:32:19,660] {logging_mixin.py:104} INFO - [2021-08-15 22:32:19,660] {dag.py:2306} INFO - Setting next_dagrun for example_subdag_operator to 2021-08-14 00:00:00+00:00
[2021-08-15 22:32:19,660] {logging_mixin.py:104} INFO - [2021-08-15 22:32:19,660] {dag.py:2306} INFO - Setting next_dagrun for example_subdag_operator.section-1 to None
[2021-08-15 22:32:19,660] {logging_mixin.py:104} INFO - [2021-08-15 22:32:19,660] {dag.py:2306} INFO - Setting next_dagrun for example_subdag_operator.section-2 to None
[2021-08-15 22:32:19,665] {logging_mixin.py:104} INFO - [2021-08-15 22:32:19,665] {dag.py:1833} INFO - Sync 2 DAGs
[2021-08-15 22:32:19,669] {logging_mixin.py:104} INFO - [2021-08-15 22:32:19,669] {dag.py:2306} INFO - Setting next_dagrun for example_subdag_operator.section-1 to None
[2021-08-15 22:32:19,669] {logging_mixin.py:104} INFO - [2021-08-15 22:32:19,669] {dag.py:2306} INFO - Setting next_dagrun for example_subdag_operator.section-2 to None
[2021-08-15 22:32:19,673] {scheduler_job.py:189} INFO - Processing /Users/kennethlau/airflow/airflow-tutorial/env_airflow/lib/python3.8/site-packages/airflow/example_dags/example_subdag_operator.py took 0.061 seconds
[2021-08-15 22:33:22,534] {scheduler_job.py:181} INFO - Started process (PID=72254) to work on /Users/kennethlau/airflow/airflow-tutorial/env_airflow/lib/python3.8/site-packages/airflow/example_dags/example_subdag_operator.py
[2021-08-15 22:33:22,535] {scheduler_job.py:632} INFO - Processing file /Users/kennethlau/airflow/airflow-tutorial/env_airflow/lib/python3.8/site-packages/airflow/example_dags/example_subdag_operator.py for tasks to queue
[2021-08-15 22:33:22,535] {logging_mixin.py:104} INFO - [2021-08-15 22:33:22,535] {dagbag.py:496} INFO - Filling up the DagBag from /Users/kennethlau/airflow/airflow-tutorial/env_airflow/lib/python3.8/site-packages/airflow/example_dags/example_subdag_operator.py
[2021-08-15 22:33:22,566] {scheduler_job.py:642} INFO - DAG(s) dict_keys(['example_subdag_operator.section-1', 'example_subdag_operator.section-2', 'example_subdag_operator']) retrieved from /Users/kennethlau/airflow/airflow-tutorial/env_airflow/lib/python3.8/site-packages/airflow/example_dags/example_subdag_operator.py
[2021-08-15 22:33:22,572] {logging_mixin.py:104} INFO - [2021-08-15 22:33:22,572] {dag.py:1833} INFO - Sync 3 DAGs
[2021-08-15 22:33:22,578] {logging_mixin.py:104} INFO - [2021-08-15 22:33:22,578] {dag.py:2306} INFO - Setting next_dagrun for example_subdag_operator to 2021-08-14 00:00:00+00:00
[2021-08-15 22:33:22,578] {logging_mixin.py:104} INFO - [2021-08-15 22:33:22,578] {dag.py:2306} INFO - Setting next_dagrun for example_subdag_operator.section-1 to None
[2021-08-15 22:33:22,579] {logging_mixin.py:104} INFO - [2021-08-15 22:33:22,579] {dag.py:2306} INFO - Setting next_dagrun for example_subdag_operator.section-2 to None
[2021-08-15 22:33:22,583] {logging_mixin.py:104} INFO - [2021-08-15 22:33:22,583] {dag.py:1833} INFO - Sync 2 DAGs
[2021-08-15 22:33:22,587] {logging_mixin.py:104} INFO - [2021-08-15 22:33:22,587] {dag.py:2306} INFO - Setting next_dagrun for example_subdag_operator.section-1 to None
[2021-08-15 22:33:22,587] {logging_mixin.py:104} INFO - [2021-08-15 22:33:22,587] {dag.py:2306} INFO - Setting next_dagrun for example_subdag_operator.section-2 to None
[2021-08-15 22:33:22,592] {scheduler_job.py:189} INFO - Processing /Users/kennethlau/airflow/airflow-tutorial/env_airflow/lib/python3.8/site-packages/airflow/example_dags/example_subdag_operator.py took 0.058 seconds
[2021-08-15 22:34:22,081] {scheduler_job.py:181} INFO - Started process (PID=72323) to work on /Users/kennethlau/airflow/airflow-tutorial/env_airflow/lib/python3.8/site-packages/airflow/example_dags/example_subdag_operator.py
[2021-08-15 22:34:22,081] {scheduler_job.py:632} INFO - Processing file /Users/kennethlau/airflow/airflow-tutorial/env_airflow/lib/python3.8/site-packages/airflow/example_dags/example_subdag_operator.py for tasks to queue
[2021-08-15 22:34:22,082] {logging_mixin.py:104} INFO - [2021-08-15 22:34:22,082] {dagbag.py:496} INFO - Filling up the DagBag from /Users/kennethlau/airflow/airflow-tutorial/env_airflow/lib/python3.8/site-packages/airflow/example_dags/example_subdag_operator.py
[2021-08-15 22:34:22,112] {scheduler_job.py:642} INFO - DAG(s) dict_keys(['example_subdag_operator.section-1', 'example_subdag_operator.section-2', 'example_subdag_operator']) retrieved from /Users/kennethlau/airflow/airflow-tutorial/env_airflow/lib/python3.8/site-packages/airflow/example_dags/example_subdag_operator.py
[2021-08-15 22:34:22,118] {logging_mixin.py:104} INFO - [2021-08-15 22:34:22,118] {dag.py:1833} INFO - Sync 3 DAGs
[2021-08-15 22:34:22,124] {logging_mixin.py:104} INFO - [2021-08-15 22:34:22,124] {dag.py:2306} INFO - Setting next_dagrun for example_subdag_operator to 2021-08-14 00:00:00+00:00
[2021-08-15 22:34:22,125] {logging_mixin.py:104} INFO - [2021-08-15 22:34:22,125] {dag.py:2306} INFO - Setting next_dagrun for example_subdag_operator.section-1 to None
[2021-08-15 22:34:22,125] {logging_mixin.py:104} INFO - [2021-08-15 22:34:22,125] {dag.py:2306} INFO - Setting next_dagrun for example_subdag_operator.section-2 to None
[2021-08-15 22:34:22,130] {logging_mixin.py:104} INFO - [2021-08-15 22:34:22,130] {dag.py:1833} INFO - Sync 2 DAGs
[2021-08-15 22:34:22,134] {logging_mixin.py:104} INFO - [2021-08-15 22:34:22,134] {dag.py:2306} INFO - Setting next_dagrun for example_subdag_operator.section-1 to None
[2021-08-15 22:34:22,135] {logging_mixin.py:104} INFO - [2021-08-15 22:34:22,135] {dag.py:2306} INFO - Setting next_dagrun for example_subdag_operator.section-2 to None
[2021-08-15 22:34:22,139] {scheduler_job.py:189} INFO - Processing /Users/kennethlau/airflow/airflow-tutorial/env_airflow/lib/python3.8/site-packages/airflow/example_dags/example_subdag_operator.py took 0.059 seconds
[2021-08-15 22:36:39,902] {scheduler_job.py:181} INFO - Started process (PID=72445) to work on /Users/kennethlau/airflow/airflow-tutorial/env_airflow/lib/python3.8/site-packages/airflow/example_dags/example_subdag_operator.py
[2021-08-15 22:36:39,903] {scheduler_job.py:632} INFO - Processing file /Users/kennethlau/airflow/airflow-tutorial/env_airflow/lib/python3.8/site-packages/airflow/example_dags/example_subdag_operator.py for tasks to queue
[2021-08-15 22:36:39,903] {logging_mixin.py:104} INFO - [2021-08-15 22:36:39,903] {dagbag.py:496} INFO - Filling up the DagBag from /Users/kennethlau/airflow/airflow-tutorial/env_airflow/lib/python3.8/site-packages/airflow/example_dags/example_subdag_operator.py
[2021-08-15 22:36:39,940] {scheduler_job.py:642} INFO - DAG(s) dict_keys(['example_subdag_operator.section-1', 'example_subdag_operator.section-2', 'example_subdag_operator']) retrieved from /Users/kennethlau/airflow/airflow-tutorial/env_airflow/lib/python3.8/site-packages/airflow/example_dags/example_subdag_operator.py
[2021-08-15 22:36:39,946] {logging_mixin.py:104} INFO - [2021-08-15 22:36:39,946] {dag.py:1833} INFO - Sync 3 DAGs
[2021-08-15 22:36:39,953] {logging_mixin.py:104} INFO - [2021-08-15 22:36:39,953] {dag.py:2306} INFO - Setting next_dagrun for example_subdag_operator to 2021-08-14 00:00:00+00:00
[2021-08-15 22:36:39,953] {logging_mixin.py:104} INFO - [2021-08-15 22:36:39,953] {dag.py:2306} INFO - Setting next_dagrun for example_subdag_operator.section-1 to None
[2021-08-15 22:36:39,953] {logging_mixin.py:104} INFO - [2021-08-15 22:36:39,953] {dag.py:2306} INFO - Setting next_dagrun for example_subdag_operator.section-2 to None
[2021-08-15 22:36:39,957] {logging_mixin.py:104} INFO - [2021-08-15 22:36:39,957] {dag.py:1833} INFO - Sync 2 DAGs
[2021-08-15 22:36:39,961] {logging_mixin.py:104} INFO - [2021-08-15 22:36:39,961] {dag.py:2306} INFO - Setting next_dagrun for example_subdag_operator.section-1 to None
[2021-08-15 22:36:39,962] {logging_mixin.py:104} INFO - [2021-08-15 22:36:39,962] {dag.py:2306} INFO - Setting next_dagrun for example_subdag_operator.section-2 to None
[2021-08-15 22:36:39,966] {scheduler_job.py:189} INFO - Processing /Users/kennethlau/airflow/airflow-tutorial/env_airflow/lib/python3.8/site-packages/airflow/example_dags/example_subdag_operator.py took 0.065 seconds
[2021-08-15 22:37:39,196] {scheduler_job.py:181} INFO - Started process (PID=72525) to work on /Users/kennethlau/airflow/airflow-tutorial/env_airflow/lib/python3.8/site-packages/airflow/example_dags/example_subdag_operator.py
[2021-08-15 22:37:39,197] {scheduler_job.py:632} INFO - Processing file /Users/kennethlau/airflow/airflow-tutorial/env_airflow/lib/python3.8/site-packages/airflow/example_dags/example_subdag_operator.py for tasks to queue
[2021-08-15 22:37:39,197] {logging_mixin.py:104} INFO - [2021-08-15 22:37:39,197] {dagbag.py:496} INFO - Filling up the DagBag from /Users/kennethlau/airflow/airflow-tutorial/env_airflow/lib/python3.8/site-packages/airflow/example_dags/example_subdag_operator.py
[2021-08-15 22:37:39,229] {scheduler_job.py:642} INFO - DAG(s) dict_keys(['example_subdag_operator.section-1', 'example_subdag_operator.section-2', 'example_subdag_operator']) retrieved from /Users/kennethlau/airflow/airflow-tutorial/env_airflow/lib/python3.8/site-packages/airflow/example_dags/example_subdag_operator.py
[2021-08-15 22:37:39,234] {logging_mixin.py:104} INFO - [2021-08-15 22:37:39,234] {dag.py:1833} INFO - Sync 3 DAGs
[2021-08-15 22:37:39,240] {logging_mixin.py:104} INFO - [2021-08-15 22:37:39,240] {dag.py:2306} INFO - Setting next_dagrun for example_subdag_operator to 2021-08-14 00:00:00+00:00
[2021-08-15 22:37:39,240] {logging_mixin.py:104} INFO - [2021-08-15 22:37:39,240] {dag.py:2306} INFO - Setting next_dagrun for example_subdag_operator.section-1 to None
[2021-08-15 22:37:39,240] {logging_mixin.py:104} INFO - [2021-08-15 22:37:39,240] {dag.py:2306} INFO - Setting next_dagrun for example_subdag_operator.section-2 to None
[2021-08-15 22:37:39,244] {logging_mixin.py:104} INFO - [2021-08-15 22:37:39,244] {dag.py:1833} INFO - Sync 2 DAGs
[2021-08-15 22:37:39,248] {logging_mixin.py:104} INFO - [2021-08-15 22:37:39,248] {dag.py:2306} INFO - Setting next_dagrun for example_subdag_operator.section-1 to None
[2021-08-15 22:37:39,248] {logging_mixin.py:104} INFO - [2021-08-15 22:37:39,248] {dag.py:2306} INFO - Setting next_dagrun for example_subdag_operator.section-2 to None
[2021-08-15 22:37:39,252] {scheduler_job.py:189} INFO - Processing /Users/kennethlau/airflow/airflow-tutorial/env_airflow/lib/python3.8/site-packages/airflow/example_dags/example_subdag_operator.py took 0.056 seconds
[2021-08-15 22:38:33,735] {scheduler_job.py:181} INFO - Started process (PID=72601) to work on /Users/kennethlau/airflow/airflow-tutorial/env_airflow/lib/python3.8/site-packages/airflow/example_dags/example_subdag_operator.py
[2021-08-15 22:38:33,736] {scheduler_job.py:632} INFO - Processing file /Users/kennethlau/airflow/airflow-tutorial/env_airflow/lib/python3.8/site-packages/airflow/example_dags/example_subdag_operator.py for tasks to queue
[2021-08-15 22:38:33,736] {logging_mixin.py:104} INFO - [2021-08-15 22:38:33,736] {dagbag.py:496} INFO - Filling up the DagBag from /Users/kennethlau/airflow/airflow-tutorial/env_airflow/lib/python3.8/site-packages/airflow/example_dags/example_subdag_operator.py
[2021-08-15 22:38:33,771] {scheduler_job.py:642} INFO - DAG(s) dict_keys(['example_subdag_operator.section-1', 'example_subdag_operator.section-2', 'example_subdag_operator']) retrieved from /Users/kennethlau/airflow/airflow-tutorial/env_airflow/lib/python3.8/site-packages/airflow/example_dags/example_subdag_operator.py
[2021-08-15 22:38:33,777] {logging_mixin.py:104} INFO - [2021-08-15 22:38:33,777] {dag.py:1833} INFO - Sync 3 DAGs
[2021-08-15 22:38:33,783] {logging_mixin.py:104} INFO - [2021-08-15 22:38:33,783] {dag.py:2306} INFO - Setting next_dagrun for example_subdag_operator to 2021-08-14 00:00:00+00:00
[2021-08-15 22:38:33,784] {logging_mixin.py:104} INFO - [2021-08-15 22:38:33,784] {dag.py:2306} INFO - Setting next_dagrun for example_subdag_operator.section-1 to None
[2021-08-15 22:38:33,784] {logging_mixin.py:104} INFO - [2021-08-15 22:38:33,784] {dag.py:2306} INFO - Setting next_dagrun for example_subdag_operator.section-2 to None
[2021-08-15 22:38:33,788] {logging_mixin.py:104} INFO - [2021-08-15 22:38:33,788] {dag.py:1833} INFO - Sync 2 DAGs
[2021-08-15 22:38:33,792] {logging_mixin.py:104} INFO - [2021-08-15 22:38:33,792] {dag.py:2306} INFO - Setting next_dagrun for example_subdag_operator.section-1 to None
[2021-08-15 22:38:33,792] {logging_mixin.py:104} INFO - [2021-08-15 22:38:33,792] {dag.py:2306} INFO - Setting next_dagrun for example_subdag_operator.section-2 to None
[2021-08-15 22:38:33,797] {scheduler_job.py:189} INFO - Processing /Users/kennethlau/airflow/airflow-tutorial/env_airflow/lib/python3.8/site-packages/airflow/example_dags/example_subdag_operator.py took 0.063 seconds
[2021-08-15 22:39:29,352] {scheduler_job.py:181} INFO - Started process (PID=72668) to work on /Users/kennethlau/airflow/airflow-tutorial/env_airflow/lib/python3.8/site-packages/airflow/example_dags/example_subdag_operator.py
[2021-08-15 22:39:29,353] {scheduler_job.py:632} INFO - Processing file /Users/kennethlau/airflow/airflow-tutorial/env_airflow/lib/python3.8/site-packages/airflow/example_dags/example_subdag_operator.py for tasks to queue
[2021-08-15 22:39:29,353] {logging_mixin.py:104} INFO - [2021-08-15 22:39:29,353] {dagbag.py:496} INFO - Filling up the DagBag from /Users/kennethlau/airflow/airflow-tutorial/env_airflow/lib/python3.8/site-packages/airflow/example_dags/example_subdag_operator.py
[2021-08-15 22:39:29,387] {scheduler_job.py:642} INFO - DAG(s) dict_keys(['example_subdag_operator.section-1', 'example_subdag_operator.section-2', 'example_subdag_operator']) retrieved from /Users/kennethlau/airflow/airflow-tutorial/env_airflow/lib/python3.8/site-packages/airflow/example_dags/example_subdag_operator.py
[2021-08-15 22:39:29,394] {logging_mixin.py:104} INFO - [2021-08-15 22:39:29,394] {dag.py:1833} INFO - Sync 3 DAGs
[2021-08-15 22:39:29,400] {logging_mixin.py:104} INFO - [2021-08-15 22:39:29,400] {dag.py:2306} INFO - Setting next_dagrun for example_subdag_operator to 2021-08-14 00:00:00+00:00
[2021-08-15 22:39:29,401] {logging_mixin.py:104} INFO - [2021-08-15 22:39:29,401] {dag.py:2306} INFO - Setting next_dagrun for example_subdag_operator.section-1 to None
[2021-08-15 22:39:29,401] {logging_mixin.py:104} INFO - [2021-08-15 22:39:29,401] {dag.py:2306} INFO - Setting next_dagrun for example_subdag_operator.section-2 to None
[2021-08-15 22:39:29,405] {logging_mixin.py:104} INFO - [2021-08-15 22:39:29,405] {dag.py:1833} INFO - Sync 2 DAGs
[2021-08-15 22:39:29,410] {logging_mixin.py:104} INFO - [2021-08-15 22:39:29,410] {dag.py:2306} INFO - Setting next_dagrun for example_subdag_operator.section-1 to None
[2021-08-15 22:39:29,410] {logging_mixin.py:104} INFO - [2021-08-15 22:39:29,410] {dag.py:2306} INFO - Setting next_dagrun for example_subdag_operator.section-2 to None
[2021-08-15 22:39:29,414] {scheduler_job.py:189} INFO - Processing /Users/kennethlau/airflow/airflow-tutorial/env_airflow/lib/python3.8/site-packages/airflow/example_dags/example_subdag_operator.py took 0.063 seconds
