[2021-08-15 20:26:06,676] {scheduler_job.py:181} INFO - Started process (PID=70803) to work on /Users/kennethlau/airflow/airflow-tutorial/env_airflow/lib/python3.8/site-packages/airflow/example_dags/example_short_circuit_operator.py
[2021-08-15 20:26:06,676] {scheduler_job.py:632} INFO - Processing file /Users/kennethlau/airflow/airflow-tutorial/env_airflow/lib/python3.8/site-packages/airflow/example_dags/example_short_circuit_operator.py for tasks to queue
[2021-08-15 20:26:06,676] {logging_mixin.py:104} INFO - [2021-08-15 20:26:06,676] {dagbag.py:496} INFO - Filling up the DagBag from /Users/kennethlau/airflow/airflow-tutorial/env_airflow/lib/python3.8/site-packages/airflow/example_dags/example_short_circuit_operator.py
[2021-08-15 20:26:06,682] {scheduler_job.py:642} INFO - DAG(s) dict_keys(['example_short_circuit_operator']) retrieved from /Users/kennethlau/airflow/airflow-tutorial/env_airflow/lib/python3.8/site-packages/airflow/example_dags/example_short_circuit_operator.py
[2021-08-15 20:26:06,904] {logging_mixin.py:104} INFO - [2021-08-15 20:26:06,904] {dag.py:1833} INFO - Sync 1 DAGs
[2021-08-15 20:26:06,910] {logging_mixin.py:104} INFO - [2021-08-15 20:26:06,910] {dag.py:2306} INFO - Setting next_dagrun for example_short_circuit_operator to 2021-08-14 00:00:00+00:00
[2021-08-15 20:26:06,918] {scheduler_job.py:189} INFO - Processing /Users/kennethlau/airflow/airflow-tutorial/env_airflow/lib/python3.8/site-packages/airflow/example_dags/example_short_circuit_operator.py took 0.243 seconds
[2021-08-15 22:29:49,738] {scheduler_job.py:181} INFO - Started process (PID=71999) to work on /Users/kennethlau/airflow/airflow-tutorial/env_airflow/lib/python3.8/site-packages/airflow/example_dags/example_short_circuit_operator.py
[2021-08-15 22:29:49,739] {scheduler_job.py:632} INFO - Processing file /Users/kennethlau/airflow/airflow-tutorial/env_airflow/lib/python3.8/site-packages/airflow/example_dags/example_short_circuit_operator.py for tasks to queue
[2021-08-15 22:29:49,739] {logging_mixin.py:104} INFO - [2021-08-15 22:29:49,739] {dagbag.py:496} INFO - Filling up the DagBag from /Users/kennethlau/airflow/airflow-tutorial/env_airflow/lib/python3.8/site-packages/airflow/example_dags/example_short_circuit_operator.py
[2021-08-15 22:29:49,748] {scheduler_job.py:642} INFO - DAG(s) dict_keys(['example_short_circuit_operator']) retrieved from /Users/kennethlau/airflow/airflow-tutorial/env_airflow/lib/python3.8/site-packages/airflow/example_dags/example_short_circuit_operator.py
[2021-08-15 22:29:49,776] {logging_mixin.py:104} INFO - [2021-08-15 22:29:49,776] {dag.py:1833} INFO - Sync 1 DAGs
[2021-08-15 22:29:49,783] {logging_mixin.py:104} INFO - [2021-08-15 22:29:49,783] {dag.py:2306} INFO - Setting next_dagrun for example_short_circuit_operator to 2021-08-14 00:00:00+00:00
[2021-08-15 22:29:49,789] {scheduler_job.py:189} INFO - Processing /Users/kennethlau/airflow/airflow-tutorial/env_airflow/lib/python3.8/site-packages/airflow/example_dags/example_short_circuit_operator.py took 0.052 seconds
[2021-08-15 22:31:07,199] {scheduler_job.py:181} INFO - Started process (PID=72102) to work on /Users/kennethlau/airflow/airflow-tutorial/env_airflow/lib/python3.8/site-packages/airflow/example_dags/example_short_circuit_operator.py
[2021-08-15 22:31:07,200] {scheduler_job.py:632} INFO - Processing file /Users/kennethlau/airflow/airflow-tutorial/env_airflow/lib/python3.8/site-packages/airflow/example_dags/example_short_circuit_operator.py for tasks to queue
[2021-08-15 22:31:07,200] {logging_mixin.py:104} INFO - [2021-08-15 22:31:07,200] {dagbag.py:496} INFO - Filling up the DagBag from /Users/kennethlau/airflow/airflow-tutorial/env_airflow/lib/python3.8/site-packages/airflow/example_dags/example_short_circuit_operator.py
[2021-08-15 22:31:07,207] {scheduler_job.py:642} INFO - DAG(s) dict_keys(['example_short_circuit_operator']) retrieved from /Users/kennethlau/airflow/airflow-tutorial/env_airflow/lib/python3.8/site-packages/airflow/example_dags/example_short_circuit_operator.py
[2021-08-15 22:31:07,232] {logging_mixin.py:104} INFO - [2021-08-15 22:31:07,232] {dag.py:1833} INFO - Sync 1 DAGs
[2021-08-15 22:31:07,238] {logging_mixin.py:104} INFO - [2021-08-15 22:31:07,238] {dag.py:2306} INFO - Setting next_dagrun for example_short_circuit_operator to 2021-08-14 00:00:00+00:00
[2021-08-15 22:31:07,245] {scheduler_job.py:189} INFO - Processing /Users/kennethlau/airflow/airflow-tutorial/env_airflow/lib/python3.8/site-packages/airflow/example_dags/example_short_circuit_operator.py took 0.046 seconds
[2021-08-15 22:32:23,410] {scheduler_job.py:181} INFO - Started process (PID=72187) to work on /Users/kennethlau/airflow/airflow-tutorial/env_airflow/lib/python3.8/site-packages/airflow/example_dags/example_short_circuit_operator.py
[2021-08-15 22:32:23,410] {scheduler_job.py:632} INFO - Processing file /Users/kennethlau/airflow/airflow-tutorial/env_airflow/lib/python3.8/site-packages/airflow/example_dags/example_short_circuit_operator.py for tasks to queue
[2021-08-15 22:32:23,411] {logging_mixin.py:104} INFO - [2021-08-15 22:32:23,411] {dagbag.py:496} INFO - Filling up the DagBag from /Users/kennethlau/airflow/airflow-tutorial/env_airflow/lib/python3.8/site-packages/airflow/example_dags/example_short_circuit_operator.py
[2021-08-15 22:32:23,421] {scheduler_job.py:642} INFO - DAG(s) dict_keys(['example_short_circuit_operator']) retrieved from /Users/kennethlau/airflow/airflow-tutorial/env_airflow/lib/python3.8/site-packages/airflow/example_dags/example_short_circuit_operator.py
[2021-08-15 22:32:23,463] {logging_mixin.py:104} INFO - [2021-08-15 22:32:23,463] {dag.py:1833} INFO - Sync 1 DAGs
[2021-08-15 22:32:23,473] {logging_mixin.py:104} INFO - [2021-08-15 22:32:23,473] {dag.py:2306} INFO - Setting next_dagrun for example_short_circuit_operator to 2021-08-14 00:00:00+00:00
[2021-08-15 22:32:23,481] {scheduler_job.py:189} INFO - Processing /Users/kennethlau/airflow/airflow-tutorial/env_airflow/lib/python3.8/site-packages/airflow/example_dags/example_short_circuit_operator.py took 0.073 seconds
[2021-08-15 22:33:26,227] {scheduler_job.py:181} INFO - Started process (PID=72258) to work on /Users/kennethlau/airflow/airflow-tutorial/env_airflow/lib/python3.8/site-packages/airflow/example_dags/example_short_circuit_operator.py
[2021-08-15 22:33:26,228] {scheduler_job.py:632} INFO - Processing file /Users/kennethlau/airflow/airflow-tutorial/env_airflow/lib/python3.8/site-packages/airflow/example_dags/example_short_circuit_operator.py for tasks to queue
[2021-08-15 22:33:26,228] {logging_mixin.py:104} INFO - [2021-08-15 22:33:26,228] {dagbag.py:496} INFO - Filling up the DagBag from /Users/kennethlau/airflow/airflow-tutorial/env_airflow/lib/python3.8/site-packages/airflow/example_dags/example_short_circuit_operator.py
[2021-08-15 22:33:26,235] {scheduler_job.py:642} INFO - DAG(s) dict_keys(['example_short_circuit_operator']) retrieved from /Users/kennethlau/airflow/airflow-tutorial/env_airflow/lib/python3.8/site-packages/airflow/example_dags/example_short_circuit_operator.py
[2021-08-15 22:33:26,260] {logging_mixin.py:104} INFO - [2021-08-15 22:33:26,259] {dag.py:1833} INFO - Sync 1 DAGs
[2021-08-15 22:33:26,265] {logging_mixin.py:104} INFO - [2021-08-15 22:33:26,265] {dag.py:2306} INFO - Setting next_dagrun for example_short_circuit_operator to 2021-08-14 00:00:00+00:00
[2021-08-15 22:33:26,271] {scheduler_job.py:189} INFO - Processing /Users/kennethlau/airflow/airflow-tutorial/env_airflow/lib/python3.8/site-packages/airflow/example_dags/example_short_circuit_operator.py took 0.045 seconds
[2021-08-15 22:34:25,814] {scheduler_job.py:181} INFO - Started process (PID=72328) to work on /Users/kennethlau/airflow/airflow-tutorial/env_airflow/lib/python3.8/site-packages/airflow/example_dags/example_short_circuit_operator.py
[2021-08-15 22:34:25,815] {scheduler_job.py:632} INFO - Processing file /Users/kennethlau/airflow/airflow-tutorial/env_airflow/lib/python3.8/site-packages/airflow/example_dags/example_short_circuit_operator.py for tasks to queue
[2021-08-15 22:34:25,815] {logging_mixin.py:104} INFO - [2021-08-15 22:34:25,815] {dagbag.py:496} INFO - Filling up the DagBag from /Users/kennethlau/airflow/airflow-tutorial/env_airflow/lib/python3.8/site-packages/airflow/example_dags/example_short_circuit_operator.py
[2021-08-15 22:34:25,821] {scheduler_job.py:642} INFO - DAG(s) dict_keys(['example_short_circuit_operator']) retrieved from /Users/kennethlau/airflow/airflow-tutorial/env_airflow/lib/python3.8/site-packages/airflow/example_dags/example_short_circuit_operator.py
[2021-08-15 22:34:25,845] {logging_mixin.py:104} INFO - [2021-08-15 22:34:25,845] {dag.py:1833} INFO - Sync 1 DAGs
[2021-08-15 22:34:25,852] {logging_mixin.py:104} INFO - [2021-08-15 22:34:25,851] {dag.py:2306} INFO - Setting next_dagrun for example_short_circuit_operator to 2021-08-14 00:00:00+00:00
[2021-08-15 22:34:25,858] {scheduler_job.py:189} INFO - Processing /Users/kennethlau/airflow/airflow-tutorial/env_airflow/lib/python3.8/site-packages/airflow/example_dags/example_short_circuit_operator.py took 0.044 seconds
[2021-08-15 22:36:44,063] {scheduler_job.py:181} INFO - Started process (PID=72451) to work on /Users/kennethlau/airflow/airflow-tutorial/env_airflow/lib/python3.8/site-packages/airflow/example_dags/example_short_circuit_operator.py
[2021-08-15 22:36:44,065] {scheduler_job.py:632} INFO - Processing file /Users/kennethlau/airflow/airflow-tutorial/env_airflow/lib/python3.8/site-packages/airflow/example_dags/example_short_circuit_operator.py for tasks to queue
[2021-08-15 22:36:44,065] {logging_mixin.py:104} INFO - [2021-08-15 22:36:44,065] {dagbag.py:496} INFO - Filling up the DagBag from /Users/kennethlau/airflow/airflow-tutorial/env_airflow/lib/python3.8/site-packages/airflow/example_dags/example_short_circuit_operator.py
[2021-08-15 22:36:44,075] {scheduler_job.py:642} INFO - DAG(s) dict_keys(['example_short_circuit_operator']) retrieved from /Users/kennethlau/airflow/airflow-tutorial/env_airflow/lib/python3.8/site-packages/airflow/example_dags/example_short_circuit_operator.py
[2021-08-15 22:36:44,110] {logging_mixin.py:104} INFO - [2021-08-15 22:36:44,109] {dag.py:1833} INFO - Sync 1 DAGs
[2021-08-15 22:36:44,118] {logging_mixin.py:104} INFO - [2021-08-15 22:36:44,118] {dag.py:2306} INFO - Setting next_dagrun for example_short_circuit_operator to 2021-08-14 00:00:00+00:00
[2021-08-15 22:36:44,125] {scheduler_job.py:189} INFO - Processing /Users/kennethlau/airflow/airflow-tutorial/env_airflow/lib/python3.8/site-packages/airflow/example_dags/example_short_circuit_operator.py took 0.063 seconds
[2021-08-15 22:37:42,881] {scheduler_job.py:181} INFO - Started process (PID=72529) to work on /Users/kennethlau/airflow/airflow-tutorial/env_airflow/lib/python3.8/site-packages/airflow/example_dags/example_short_circuit_operator.py
[2021-08-15 22:37:42,882] {scheduler_job.py:632} INFO - Processing file /Users/kennethlau/airflow/airflow-tutorial/env_airflow/lib/python3.8/site-packages/airflow/example_dags/example_short_circuit_operator.py for tasks to queue
[2021-08-15 22:37:42,883] {logging_mixin.py:104} INFO - [2021-08-15 22:37:42,882] {dagbag.py:496} INFO - Filling up the DagBag from /Users/kennethlau/airflow/airflow-tutorial/env_airflow/lib/python3.8/site-packages/airflow/example_dags/example_short_circuit_operator.py
[2021-08-15 22:37:42,890] {scheduler_job.py:642} INFO - DAG(s) dict_keys(['example_short_circuit_operator']) retrieved from /Users/kennethlau/airflow/airflow-tutorial/env_airflow/lib/python3.8/site-packages/airflow/example_dags/example_short_circuit_operator.py
[2021-08-15 22:37:42,914] {logging_mixin.py:104} INFO - [2021-08-15 22:37:42,914] {dag.py:1833} INFO - Sync 1 DAGs
[2021-08-15 22:37:42,920] {logging_mixin.py:104} INFO - [2021-08-15 22:37:42,920] {dag.py:2306} INFO - Setting next_dagrun for example_short_circuit_operator to 2021-08-14 00:00:00+00:00
[2021-08-15 22:37:42,926] {scheduler_job.py:189} INFO - Processing /Users/kennethlau/airflow/airflow-tutorial/env_airflow/lib/python3.8/site-packages/airflow/example_dags/example_short_circuit_operator.py took 0.046 seconds
[2021-08-15 22:38:39,105] {scheduler_job.py:181} INFO - Started process (PID=72611) to work on /Users/kennethlau/airflow/airflow-tutorial/env_airflow/lib/python3.8/site-packages/airflow/example_dags/example_short_circuit_operator.py
[2021-08-15 22:38:39,106] {scheduler_job.py:632} INFO - Processing file /Users/kennethlau/airflow/airflow-tutorial/env_airflow/lib/python3.8/site-packages/airflow/example_dags/example_short_circuit_operator.py for tasks to queue
[2021-08-15 22:38:39,106] {logging_mixin.py:104} INFO - [2021-08-15 22:38:39,106] {dagbag.py:496} INFO - Filling up the DagBag from /Users/kennethlau/airflow/airflow-tutorial/env_airflow/lib/python3.8/site-packages/airflow/example_dags/example_short_circuit_operator.py
[2021-08-15 22:38:39,113] {scheduler_job.py:642} INFO - DAG(s) dict_keys(['example_short_circuit_operator']) retrieved from /Users/kennethlau/airflow/airflow-tutorial/env_airflow/lib/python3.8/site-packages/airflow/example_dags/example_short_circuit_operator.py
[2021-08-15 22:38:39,139] {logging_mixin.py:104} INFO - [2021-08-15 22:38:39,139] {dag.py:1833} INFO - Sync 1 DAGs
[2021-08-15 22:38:39,144] {logging_mixin.py:104} INFO - [2021-08-15 22:38:39,144] {dag.py:2306} INFO - Setting next_dagrun for example_short_circuit_operator to 2021-08-14 00:00:00+00:00
[2021-08-15 22:38:39,151] {scheduler_job.py:189} INFO - Processing /Users/kennethlau/airflow/airflow-tutorial/env_airflow/lib/python3.8/site-packages/airflow/example_dags/example_short_circuit_operator.py took 0.047 seconds
[2021-08-15 22:39:36,670] {scheduler_job.py:181} INFO - Started process (PID=72676) to work on /Users/kennethlau/airflow/airflow-tutorial/env_airflow/lib/python3.8/site-packages/airflow/example_dags/example_short_circuit_operator.py
[2021-08-15 22:39:36,672] {scheduler_job.py:632} INFO - Processing file /Users/kennethlau/airflow/airflow-tutorial/env_airflow/lib/python3.8/site-packages/airflow/example_dags/example_short_circuit_operator.py for tasks to queue
[2021-08-15 22:39:36,672] {logging_mixin.py:104} INFO - [2021-08-15 22:39:36,672] {dagbag.py:496} INFO - Filling up the DagBag from /Users/kennethlau/airflow/airflow-tutorial/env_airflow/lib/python3.8/site-packages/airflow/example_dags/example_short_circuit_operator.py
[2021-08-15 22:39:36,679] {scheduler_job.py:642} INFO - DAG(s) dict_keys(['example_short_circuit_operator']) retrieved from /Users/kennethlau/airflow/airflow-tutorial/env_airflow/lib/python3.8/site-packages/airflow/example_dags/example_short_circuit_operator.py
[2021-08-15 22:39:36,703] {logging_mixin.py:104} INFO - [2021-08-15 22:39:36,703] {dag.py:1833} INFO - Sync 1 DAGs
[2021-08-15 22:39:36,709] {logging_mixin.py:104} INFO - [2021-08-15 22:39:36,709] {dag.py:2306} INFO - Setting next_dagrun for example_short_circuit_operator to 2021-08-14 00:00:00+00:00
[2021-08-15 22:39:36,715] {scheduler_job.py:189} INFO - Processing /Users/kennethlau/airflow/airflow-tutorial/env_airflow/lib/python3.8/site-packages/airflow/example_dags/example_short_circuit_operator.py took 0.045 seconds
