[2021-08-15 20:26:16,732] {scheduler_job.py:181} INFO - Started process (PID=70813) to work on /Users/kennethlau/airflow/airflow-tutorial/env_airflow/lib/python3.8/site-packages/airflow/example_dags/example_latest_only.py
[2021-08-15 20:26:16,732] {scheduler_job.py:632} INFO - Processing file /Users/kennethlau/airflow/airflow-tutorial/env_airflow/lib/python3.8/site-packages/airflow/example_dags/example_latest_only.py for tasks to queue
[2021-08-15 20:26:16,732] {logging_mixin.py:104} INFO - [2021-08-15 20:26:16,732] {dagbag.py:496} INFO - Filling up the DagBag from /Users/kennethlau/airflow/airflow-tutorial/env_airflow/lib/python3.8/site-packages/airflow/example_dags/example_latest_only.py
[2021-08-15 20:26:16,738] {scheduler_job.py:642} INFO - DAG(s) dict_keys(['latest_only']) retrieved from /Users/kennethlau/airflow/airflow-tutorial/env_airflow/lib/python3.8/site-packages/airflow/example_dags/example_latest_only.py
[2021-08-15 20:26:16,962] {logging_mixin.py:104} INFO - [2021-08-15 20:26:16,962] {dag.py:1833} INFO - Sync 1 DAGs
[2021-08-15 20:26:16,968] {logging_mixin.py:104} INFO - [2021-08-15 20:26:16,968] {dag.py:2306} INFO - Setting next_dagrun for latest_only to 2021-08-14 00:00:00+00:00
[2021-08-15 20:26:16,975] {scheduler_job.py:189} INFO - Processing /Users/kennethlau/airflow/airflow-tutorial/env_airflow/lib/python3.8/site-packages/airflow/example_dags/example_latest_only.py took 0.244 seconds
[2021-08-15 22:30:00,402] {scheduler_job.py:181} INFO - Started process (PID=72011) to work on /Users/kennethlau/airflow/airflow-tutorial/env_airflow/lib/python3.8/site-packages/airflow/example_dags/example_latest_only.py
[2021-08-15 22:30:00,403] {scheduler_job.py:632} INFO - Processing file /Users/kennethlau/airflow/airflow-tutorial/env_airflow/lib/python3.8/site-packages/airflow/example_dags/example_latest_only.py for tasks to queue
[2021-08-15 22:30:00,404] {logging_mixin.py:104} INFO - [2021-08-15 22:30:00,404] {dagbag.py:496} INFO - Filling up the DagBag from /Users/kennethlau/airflow/airflow-tutorial/env_airflow/lib/python3.8/site-packages/airflow/example_dags/example_latest_only.py
[2021-08-15 22:30:00,413] {scheduler_job.py:642} INFO - DAG(s) dict_keys(['latest_only']) retrieved from /Users/kennethlau/airflow/airflow-tutorial/env_airflow/lib/python3.8/site-packages/airflow/example_dags/example_latest_only.py
[2021-08-15 22:30:00,449] {logging_mixin.py:104} INFO - [2021-08-15 22:30:00,449] {dag.py:1833} INFO - Sync 1 DAGs
[2021-08-15 22:30:00,457] {logging_mixin.py:104} INFO - [2021-08-15 22:30:00,457] {dag.py:2306} INFO - Setting next_dagrun for latest_only to 2021-08-14 00:00:00+00:00
[2021-08-15 22:30:00,466] {scheduler_job.py:189} INFO - Processing /Users/kennethlau/airflow/airflow-tutorial/env_airflow/lib/python3.8/site-packages/airflow/example_dags/example_latest_only.py took 0.065 seconds
[2021-08-15 22:31:32,696] {scheduler_job.py:181} INFO - Started process (PID=72128) to work on /Users/kennethlau/airflow/airflow-tutorial/env_airflow/lib/python3.8/site-packages/airflow/example_dags/example_latest_only.py
[2021-08-15 22:31:32,697] {scheduler_job.py:632} INFO - Processing file /Users/kennethlau/airflow/airflow-tutorial/env_airflow/lib/python3.8/site-packages/airflow/example_dags/example_latest_only.py for tasks to queue
[2021-08-15 22:31:32,698] {logging_mixin.py:104} INFO - [2021-08-15 22:31:32,697] {dagbag.py:496} INFO - Filling up the DagBag from /Users/kennethlau/airflow/airflow-tutorial/env_airflow/lib/python3.8/site-packages/airflow/example_dags/example_latest_only.py
[2021-08-15 22:31:32,705] {scheduler_job.py:642} INFO - DAG(s) dict_keys(['latest_only']) retrieved from /Users/kennethlau/airflow/airflow-tutorial/env_airflow/lib/python3.8/site-packages/airflow/example_dags/example_latest_only.py
[2021-08-15 22:31:32,735] {logging_mixin.py:104} INFO - [2021-08-15 22:31:32,735] {dag.py:1833} INFO - Sync 1 DAGs
[2021-08-15 22:31:32,743] {logging_mixin.py:104} INFO - [2021-08-15 22:31:32,743] {dag.py:2306} INFO - Setting next_dagrun for latest_only to 2021-08-14 00:00:00+00:00
[2021-08-15 22:31:32,750] {scheduler_job.py:189} INFO - Processing /Users/kennethlau/airflow/airflow-tutorial/env_airflow/lib/python3.8/site-packages/airflow/example_dags/example_latest_only.py took 0.055 seconds
[2021-08-15 22:32:37,302] {scheduler_job.py:181} INFO - Started process (PID=72202) to work on /Users/kennethlau/airflow/airflow-tutorial/env_airflow/lib/python3.8/site-packages/airflow/example_dags/example_latest_only.py
[2021-08-15 22:32:37,303] {scheduler_job.py:632} INFO - Processing file /Users/kennethlau/airflow/airflow-tutorial/env_airflow/lib/python3.8/site-packages/airflow/example_dags/example_latest_only.py for tasks to queue
[2021-08-15 22:32:37,304] {logging_mixin.py:104} INFO - [2021-08-15 22:32:37,304] {dagbag.py:496} INFO - Filling up the DagBag from /Users/kennethlau/airflow/airflow-tutorial/env_airflow/lib/python3.8/site-packages/airflow/example_dags/example_latest_only.py
[2021-08-15 22:32:37,312] {scheduler_job.py:642} INFO - DAG(s) dict_keys(['latest_only']) retrieved from /Users/kennethlau/airflow/airflow-tutorial/env_airflow/lib/python3.8/site-packages/airflow/example_dags/example_latest_only.py
[2021-08-15 22:32:37,344] {logging_mixin.py:104} INFO - [2021-08-15 22:32:37,343] {dag.py:1833} INFO - Sync 1 DAGs
[2021-08-15 22:32:37,350] {logging_mixin.py:104} INFO - [2021-08-15 22:32:37,350] {dag.py:2306} INFO - Setting next_dagrun for latest_only to 2021-08-14 00:00:00+00:00
[2021-08-15 22:32:37,357] {scheduler_job.py:189} INFO - Processing /Users/kennethlau/airflow/airflow-tutorial/env_airflow/lib/python3.8/site-packages/airflow/example_dags/example_latest_only.py took 0.056 seconds
[2021-08-15 22:33:37,515] {scheduler_job.py:181} INFO - Started process (PID=72271) to work on /Users/kennethlau/airflow/airflow-tutorial/env_airflow/lib/python3.8/site-packages/airflow/example_dags/example_latest_only.py
[2021-08-15 22:33:37,515] {scheduler_job.py:632} INFO - Processing file /Users/kennethlau/airflow/airflow-tutorial/env_airflow/lib/python3.8/site-packages/airflow/example_dags/example_latest_only.py for tasks to queue
[2021-08-15 22:33:37,516] {logging_mixin.py:104} INFO - [2021-08-15 22:33:37,516] {dagbag.py:496} INFO - Filling up the DagBag from /Users/kennethlau/airflow/airflow-tutorial/env_airflow/lib/python3.8/site-packages/airflow/example_dags/example_latest_only.py
[2021-08-15 22:33:37,523] {scheduler_job.py:642} INFO - DAG(s) dict_keys(['latest_only']) retrieved from /Users/kennethlau/airflow/airflow-tutorial/env_airflow/lib/python3.8/site-packages/airflow/example_dags/example_latest_only.py
[2021-08-15 22:33:37,551] {logging_mixin.py:104} INFO - [2021-08-15 22:33:37,551] {dag.py:1833} INFO - Sync 1 DAGs
[2021-08-15 22:33:37,558] {logging_mixin.py:104} INFO - [2021-08-15 22:33:37,558] {dag.py:2306} INFO - Setting next_dagrun for latest_only to 2021-08-14 00:00:00+00:00
[2021-08-15 22:33:37,564] {scheduler_job.py:189} INFO - Processing /Users/kennethlau/airflow/airflow-tutorial/env_airflow/lib/python3.8/site-packages/airflow/example_dags/example_latest_only.py took 0.050 seconds
[2021-08-15 22:34:37,023] {scheduler_job.py:181} INFO - Started process (PID=72340) to work on /Users/kennethlau/airflow/airflow-tutorial/env_airflow/lib/python3.8/site-packages/airflow/example_dags/example_latest_only.py
[2021-08-15 22:34:37,024] {scheduler_job.py:632} INFO - Processing file /Users/kennethlau/airflow/airflow-tutorial/env_airflow/lib/python3.8/site-packages/airflow/example_dags/example_latest_only.py for tasks to queue
[2021-08-15 22:34:37,024] {logging_mixin.py:104} INFO - [2021-08-15 22:34:37,024] {dagbag.py:496} INFO - Filling up the DagBag from /Users/kennethlau/airflow/airflow-tutorial/env_airflow/lib/python3.8/site-packages/airflow/example_dags/example_latest_only.py
[2021-08-15 22:34:37,029] {scheduler_job.py:642} INFO - DAG(s) dict_keys(['latest_only']) retrieved from /Users/kennethlau/airflow/airflow-tutorial/env_airflow/lib/python3.8/site-packages/airflow/example_dags/example_latest_only.py
[2021-08-15 22:34:37,053] {logging_mixin.py:104} INFO - [2021-08-15 22:34:37,053] {dag.py:1833} INFO - Sync 1 DAGs
[2021-08-15 22:34:37,059] {logging_mixin.py:104} INFO - [2021-08-15 22:34:37,059] {dag.py:2306} INFO - Setting next_dagrun for latest_only to 2021-08-14 00:00:00+00:00
[2021-08-15 22:34:37,065] {scheduler_job.py:189} INFO - Processing /Users/kennethlau/airflow/airflow-tutorial/env_airflow/lib/python3.8/site-packages/airflow/example_dags/example_latest_only.py took 0.042 seconds
[2021-08-15 22:36:51,812] {scheduler_job.py:181} INFO - Started process (PID=72475) to work on /Users/kennethlau/airflow/airflow-tutorial/env_airflow/lib/python3.8/site-packages/airflow/example_dags/example_latest_only.py
[2021-08-15 22:36:51,813] {scheduler_job.py:632} INFO - Processing file /Users/kennethlau/airflow/airflow-tutorial/env_airflow/lib/python3.8/site-packages/airflow/example_dags/example_latest_only.py for tasks to queue
[2021-08-15 22:36:51,813] {logging_mixin.py:104} INFO - [2021-08-15 22:36:51,813] {dagbag.py:496} INFO - Filling up the DagBag from /Users/kennethlau/airflow/airflow-tutorial/env_airflow/lib/python3.8/site-packages/airflow/example_dags/example_latest_only.py
[2021-08-15 22:36:51,819] {scheduler_job.py:642} INFO - DAG(s) dict_keys(['latest_only']) retrieved from /Users/kennethlau/airflow/airflow-tutorial/env_airflow/lib/python3.8/site-packages/airflow/example_dags/example_latest_only.py
[2021-08-15 22:36:51,845] {logging_mixin.py:104} INFO - [2021-08-15 22:36:51,844] {dag.py:1833} INFO - Sync 1 DAGs
[2021-08-15 22:36:51,850] {logging_mixin.py:104} INFO - [2021-08-15 22:36:51,850] {dag.py:2306} INFO - Setting next_dagrun for latest_only to 2021-08-14 00:00:00+00:00
[2021-08-15 22:36:51,856] {scheduler_job.py:189} INFO - Processing /Users/kennethlau/airflow/airflow-tutorial/env_airflow/lib/python3.8/site-packages/airflow/example_dags/example_latest_only.py took 0.045 seconds
[2021-08-15 22:37:51,389] {scheduler_job.py:181} INFO - Started process (PID=72539) to work on /Users/kennethlau/airflow/airflow-tutorial/env_airflow/lib/python3.8/site-packages/airflow/example_dags/example_latest_only.py
[2021-08-15 22:37:51,389] {scheduler_job.py:632} INFO - Processing file /Users/kennethlau/airflow/airflow-tutorial/env_airflow/lib/python3.8/site-packages/airflow/example_dags/example_latest_only.py for tasks to queue
[2021-08-15 22:37:51,390] {logging_mixin.py:104} INFO - [2021-08-15 22:37:51,390] {dagbag.py:496} INFO - Filling up the DagBag from /Users/kennethlau/airflow/airflow-tutorial/env_airflow/lib/python3.8/site-packages/airflow/example_dags/example_latest_only.py
[2021-08-15 22:37:51,395] {scheduler_job.py:642} INFO - DAG(s) dict_keys(['latest_only']) retrieved from /Users/kennethlau/airflow/airflow-tutorial/env_airflow/lib/python3.8/site-packages/airflow/example_dags/example_latest_only.py
[2021-08-15 22:37:51,424] {logging_mixin.py:104} INFO - [2021-08-15 22:37:51,424] {dag.py:1833} INFO - Sync 1 DAGs
[2021-08-15 22:37:51,431] {logging_mixin.py:104} INFO - [2021-08-15 22:37:51,431] {dag.py:2306} INFO - Setting next_dagrun for latest_only to 2021-08-14 00:00:00+00:00
[2021-08-15 22:37:51,437] {scheduler_job.py:189} INFO - Processing /Users/kennethlau/airflow/airflow-tutorial/env_airflow/lib/python3.8/site-packages/airflow/example_dags/example_latest_only.py took 0.049 seconds
[2021-08-15 22:38:48,475] {scheduler_job.py:181} INFO - Started process (PID=72623) to work on /Users/kennethlau/airflow/airflow-tutorial/env_airflow/lib/python3.8/site-packages/airflow/example_dags/example_latest_only.py
[2021-08-15 22:38:48,476] {scheduler_job.py:632} INFO - Processing file /Users/kennethlau/airflow/airflow-tutorial/env_airflow/lib/python3.8/site-packages/airflow/example_dags/example_latest_only.py for tasks to queue
[2021-08-15 22:38:48,476] {logging_mixin.py:104} INFO - [2021-08-15 22:38:48,476] {dagbag.py:496} INFO - Filling up the DagBag from /Users/kennethlau/airflow/airflow-tutorial/env_airflow/lib/python3.8/site-packages/airflow/example_dags/example_latest_only.py
[2021-08-15 22:38:48,483] {scheduler_job.py:642} INFO - DAG(s) dict_keys(['latest_only']) retrieved from /Users/kennethlau/airflow/airflow-tutorial/env_airflow/lib/python3.8/site-packages/airflow/example_dags/example_latest_only.py
[2021-08-15 22:38:48,510] {logging_mixin.py:104} INFO - [2021-08-15 22:38:48,510] {dag.py:1833} INFO - Sync 1 DAGs
[2021-08-15 22:38:48,517] {logging_mixin.py:104} INFO - [2021-08-15 22:38:48,517] {dag.py:2306} INFO - Setting next_dagrun for latest_only to 2021-08-14 00:00:00+00:00
[2021-08-15 22:38:48,523] {scheduler_job.py:189} INFO - Processing /Users/kennethlau/airflow/airflow-tutorial/env_airflow/lib/python3.8/site-packages/airflow/example_dags/example_latest_only.py took 0.048 seconds
[2021-08-15 22:39:45,089] {scheduler_job.py:181} INFO - Started process (PID=72686) to work on /Users/kennethlau/airflow/airflow-tutorial/env_airflow/lib/python3.8/site-packages/airflow/example_dags/example_latest_only.py
[2021-08-15 22:39:45,090] {scheduler_job.py:632} INFO - Processing file /Users/kennethlau/airflow/airflow-tutorial/env_airflow/lib/python3.8/site-packages/airflow/example_dags/example_latest_only.py for tasks to queue
[2021-08-15 22:39:45,090] {logging_mixin.py:104} INFO - [2021-08-15 22:39:45,090] {dagbag.py:496} INFO - Filling up the DagBag from /Users/kennethlau/airflow/airflow-tutorial/env_airflow/lib/python3.8/site-packages/airflow/example_dags/example_latest_only.py
[2021-08-15 22:39:45,097] {scheduler_job.py:642} INFO - DAG(s) dict_keys(['latest_only']) retrieved from /Users/kennethlau/airflow/airflow-tutorial/env_airflow/lib/python3.8/site-packages/airflow/example_dags/example_latest_only.py
[2021-08-15 22:39:45,121] {logging_mixin.py:104} INFO - [2021-08-15 22:39:45,121] {dag.py:1833} INFO - Sync 1 DAGs
[2021-08-15 22:39:45,126] {logging_mixin.py:104} INFO - [2021-08-15 22:39:45,126] {dag.py:2306} INFO - Setting next_dagrun for latest_only to 2021-08-14 00:00:00+00:00
[2021-08-15 22:39:45,136] {scheduler_job.py:189} INFO - Processing /Users/kennethlau/airflow/airflow-tutorial/env_airflow/lib/python3.8/site-packages/airflow/example_dags/example_latest_only.py took 0.047 seconds
