[2021-08-15 22:30:20,332] {scheduler_job.py:181} INFO - Started process (PID=72040) to work on /Users/kennethlau/airflow/airflow-tutorial/env_airflow/lib/python3.8/site-packages/airflow/example_dags/example_branch_datetime_operator.py
[2021-08-15 22:30:20,332] {scheduler_job.py:632} INFO - Processing file /Users/kennethlau/airflow/airflow-tutorial/env_airflow/lib/python3.8/site-packages/airflow/example_dags/example_branch_datetime_operator.py for tasks to queue
[2021-08-15 22:30:20,333] {logging_mixin.py:104} INFO - [2021-08-15 22:30:20,333] {dagbag.py:496} INFO - Filling up the DagBag from /Users/kennethlau/airflow/airflow-tutorial/env_airflow/lib/python3.8/site-packages/airflow/example_dags/example_branch_datetime_operator.py
[2021-08-15 22:30:20,340] {scheduler_job.py:642} INFO - DAG(s) dict_keys(['example_branch_datetime_operator_2']) retrieved from /Users/kennethlau/airflow/airflow-tutorial/env_airflow/lib/python3.8/site-packages/airflow/example_dags/example_branch_datetime_operator.py
[2021-08-15 22:30:20,617] {logging_mixin.py:104} INFO - [2021-08-15 22:30:20,617] {dag.py:1833} INFO - Sync 1 DAGs
[2021-08-15 22:30:20,633] {logging_mixin.py:104} INFO - [2021-08-15 22:30:20,633] {dag.py:2306} INFO - Setting next_dagrun for example_branch_datetime_operator_2 to 2021-08-14 00:00:00+00:00
[2021-08-15 22:30:20,645] {scheduler_job.py:189} INFO - Processing /Users/kennethlau/airflow/airflow-tutorial/env_airflow/lib/python3.8/site-packages/airflow/example_dags/example_branch_datetime_operator.py took 0.313 seconds
[2021-08-15 22:31:51,699] {scheduler_job.py:181} INFO - Started process (PID=72148) to work on /Users/kennethlau/airflow/airflow-tutorial/env_airflow/lib/python3.8/site-packages/airflow/example_dags/example_branch_datetime_operator.py
[2021-08-15 22:31:51,700] {scheduler_job.py:632} INFO - Processing file /Users/kennethlau/airflow/airflow-tutorial/env_airflow/lib/python3.8/site-packages/airflow/example_dags/example_branch_datetime_operator.py for tasks to queue
[2021-08-15 22:31:51,700] {logging_mixin.py:104} INFO - [2021-08-15 22:31:51,700] {dagbag.py:496} INFO - Filling up the DagBag from /Users/kennethlau/airflow/airflow-tutorial/env_airflow/lib/python3.8/site-packages/airflow/example_dags/example_branch_datetime_operator.py
[2021-08-15 22:31:51,710] {scheduler_job.py:642} INFO - DAG(s) dict_keys(['example_branch_datetime_operator_2']) retrieved from /Users/kennethlau/airflow/airflow-tutorial/env_airflow/lib/python3.8/site-packages/airflow/example_dags/example_branch_datetime_operator.py
[2021-08-15 22:31:51,745] {logging_mixin.py:104} INFO - [2021-08-15 22:31:51,745] {dag.py:1833} INFO - Sync 1 DAGs
[2021-08-15 22:31:51,755] {logging_mixin.py:104} INFO - [2021-08-15 22:31:51,755] {dag.py:2306} INFO - Setting next_dagrun for example_branch_datetime_operator_2 to 2021-08-14 00:00:00+00:00
[2021-08-15 22:31:51,763] {scheduler_job.py:189} INFO - Processing /Users/kennethlau/airflow/airflow-tutorial/env_airflow/lib/python3.8/site-packages/airflow/example_dags/example_branch_datetime_operator.py took 0.064 seconds
[2021-08-15 22:32:56,294] {scheduler_job.py:181} INFO - Started process (PID=72226) to work on /Users/kennethlau/airflow/airflow-tutorial/env_airflow/lib/python3.8/site-packages/airflow/example_dags/example_branch_datetime_operator.py
[2021-08-15 22:32:56,297] {scheduler_job.py:632} INFO - Processing file /Users/kennethlau/airflow/airflow-tutorial/env_airflow/lib/python3.8/site-packages/airflow/example_dags/example_branch_datetime_operator.py for tasks to queue
[2021-08-15 22:32:56,297] {logging_mixin.py:104} INFO - [2021-08-15 22:32:56,297] {dagbag.py:496} INFO - Filling up the DagBag from /Users/kennethlau/airflow/airflow-tutorial/env_airflow/lib/python3.8/site-packages/airflow/example_dags/example_branch_datetime_operator.py
[2021-08-15 22:32:56,305] {scheduler_job.py:642} INFO - DAG(s) dict_keys(['example_branch_datetime_operator_2']) retrieved from /Users/kennethlau/airflow/airflow-tutorial/env_airflow/lib/python3.8/site-packages/airflow/example_dags/example_branch_datetime_operator.py
[2021-08-15 22:32:56,331] {logging_mixin.py:104} INFO - [2021-08-15 22:32:56,331] {dag.py:1833} INFO - Sync 1 DAGs
[2021-08-15 22:32:56,339] {logging_mixin.py:104} INFO - [2021-08-15 22:32:56,339] {dag.py:2306} INFO - Setting next_dagrun for example_branch_datetime_operator_2 to 2021-08-14 00:00:00+00:00
[2021-08-15 22:32:56,345] {scheduler_job.py:189} INFO - Processing /Users/kennethlau/airflow/airflow-tutorial/env_airflow/lib/python3.8/site-packages/airflow/example_dags/example_branch_datetime_operator.py took 0.051 seconds
[2021-08-15 22:33:56,615] {scheduler_job.py:181} INFO - Started process (PID=72292) to work on /Users/kennethlau/airflow/airflow-tutorial/env_airflow/lib/python3.8/site-packages/airflow/example_dags/example_branch_datetime_operator.py
[2021-08-15 22:33:56,615] {scheduler_job.py:632} INFO - Processing file /Users/kennethlau/airflow/airflow-tutorial/env_airflow/lib/python3.8/site-packages/airflow/example_dags/example_branch_datetime_operator.py for tasks to queue
[2021-08-15 22:33:56,616] {logging_mixin.py:104} INFO - [2021-08-15 22:33:56,616] {dagbag.py:496} INFO - Filling up the DagBag from /Users/kennethlau/airflow/airflow-tutorial/env_airflow/lib/python3.8/site-packages/airflow/example_dags/example_branch_datetime_operator.py
[2021-08-15 22:33:56,622] {scheduler_job.py:642} INFO - DAG(s) dict_keys(['example_branch_datetime_operator_2']) retrieved from /Users/kennethlau/airflow/airflow-tutorial/env_airflow/lib/python3.8/site-packages/airflow/example_dags/example_branch_datetime_operator.py
[2021-08-15 22:33:56,650] {logging_mixin.py:104} INFO - [2021-08-15 22:33:56,650] {dag.py:1833} INFO - Sync 1 DAGs
[2021-08-15 22:33:56,658] {logging_mixin.py:104} INFO - [2021-08-15 22:33:56,658] {dag.py:2306} INFO - Setting next_dagrun for example_branch_datetime_operator_2 to 2021-08-14 00:00:00+00:00
[2021-08-15 22:33:56,664] {scheduler_job.py:189} INFO - Processing /Users/kennethlau/airflow/airflow-tutorial/env_airflow/lib/python3.8/site-packages/airflow/example_dags/example_branch_datetime_operator.py took 0.050 seconds
[2021-08-15 22:34:56,086] {scheduler_job.py:181} INFO - Started process (PID=72364) to work on /Users/kennethlau/airflow/airflow-tutorial/env_airflow/lib/python3.8/site-packages/airflow/example_dags/example_branch_datetime_operator.py
[2021-08-15 22:34:56,089] {scheduler_job.py:632} INFO - Processing file /Users/kennethlau/airflow/airflow-tutorial/env_airflow/lib/python3.8/site-packages/airflow/example_dags/example_branch_datetime_operator.py for tasks to queue
[2021-08-15 22:34:56,089] {logging_mixin.py:104} INFO - [2021-08-15 22:34:56,089] {dagbag.py:496} INFO - Filling up the DagBag from /Users/kennethlau/airflow/airflow-tutorial/env_airflow/lib/python3.8/site-packages/airflow/example_dags/example_branch_datetime_operator.py
[2021-08-15 22:34:56,096] {scheduler_job.py:642} INFO - DAG(s) dict_keys(['example_branch_datetime_operator_2']) retrieved from /Users/kennethlau/airflow/airflow-tutorial/env_airflow/lib/python3.8/site-packages/airflow/example_dags/example_branch_datetime_operator.py
[2021-08-15 22:34:56,121] {logging_mixin.py:104} INFO - [2021-08-15 22:34:56,121] {dag.py:1833} INFO - Sync 1 DAGs
[2021-08-15 22:34:56,129] {logging_mixin.py:104} INFO - [2021-08-15 22:34:56,128] {dag.py:2306} INFO - Setting next_dagrun for example_branch_datetime_operator_2 to 2021-08-14 00:00:00+00:00
[2021-08-15 22:34:56,139] {scheduler_job.py:189} INFO - Processing /Users/kennethlau/airflow/airflow-tutorial/env_airflow/lib/python3.8/site-packages/airflow/example_dags/example_branch_datetime_operator.py took 0.053 seconds
[2021-08-15 22:37:10,569] {scheduler_job.py:181} INFO - Started process (PID=72495) to work on /Users/kennethlau/airflow/airflow-tutorial/env_airflow/lib/python3.8/site-packages/airflow/example_dags/example_branch_datetime_operator.py
[2021-08-15 22:37:10,570] {scheduler_job.py:632} INFO - Processing file /Users/kennethlau/airflow/airflow-tutorial/env_airflow/lib/python3.8/site-packages/airflow/example_dags/example_branch_datetime_operator.py for tasks to queue
[2021-08-15 22:37:10,571] {logging_mixin.py:104} INFO - [2021-08-15 22:37:10,571] {dagbag.py:496} INFO - Filling up the DagBag from /Users/kennethlau/airflow/airflow-tutorial/env_airflow/lib/python3.8/site-packages/airflow/example_dags/example_branch_datetime_operator.py
[2021-08-15 22:37:10,579] {scheduler_job.py:642} INFO - DAG(s) dict_keys(['example_branch_datetime_operator_2']) retrieved from /Users/kennethlau/airflow/airflow-tutorial/env_airflow/lib/python3.8/site-packages/airflow/example_dags/example_branch_datetime_operator.py
[2021-08-15 22:37:10,604] {logging_mixin.py:104} INFO - [2021-08-15 22:37:10,604] {dag.py:1833} INFO - Sync 1 DAGs
[2021-08-15 22:37:10,612] {logging_mixin.py:104} INFO - [2021-08-15 22:37:10,612] {dag.py:2306} INFO - Setting next_dagrun for example_branch_datetime_operator_2 to 2021-08-14 00:00:00+00:00
[2021-08-15 22:37:10,618] {scheduler_job.py:189} INFO - Processing /Users/kennethlau/airflow/airflow-tutorial/env_airflow/lib/python3.8/site-packages/airflow/example_dags/example_branch_datetime_operator.py took 0.049 seconds
[2021-08-15 22:38:09,006] {scheduler_job.py:181} INFO - Started process (PID=72566) to work on /Users/kennethlau/airflow/airflow-tutorial/env_airflow/lib/python3.8/site-packages/airflow/example_dags/example_branch_datetime_operator.py
[2021-08-15 22:38:09,007] {scheduler_job.py:632} INFO - Processing file /Users/kennethlau/airflow/airflow-tutorial/env_airflow/lib/python3.8/site-packages/airflow/example_dags/example_branch_datetime_operator.py for tasks to queue
[2021-08-15 22:38:09,007] {logging_mixin.py:104} INFO - [2021-08-15 22:38:09,007] {dagbag.py:496} INFO - Filling up the DagBag from /Users/kennethlau/airflow/airflow-tutorial/env_airflow/lib/python3.8/site-packages/airflow/example_dags/example_branch_datetime_operator.py
[2021-08-15 22:38:09,015] {scheduler_job.py:642} INFO - DAG(s) dict_keys(['example_branch_datetime_operator_2']) retrieved from /Users/kennethlau/airflow/airflow-tutorial/env_airflow/lib/python3.8/site-packages/airflow/example_dags/example_branch_datetime_operator.py
[2021-08-15 22:38:09,040] {logging_mixin.py:104} INFO - [2021-08-15 22:38:09,040] {dag.py:1833} INFO - Sync 1 DAGs
[2021-08-15 22:38:09,047] {logging_mixin.py:104} INFO - [2021-08-15 22:38:09,047] {dag.py:2306} INFO - Setting next_dagrun for example_branch_datetime_operator_2 to 2021-08-14 00:00:00+00:00
[2021-08-15 22:38:09,053] {scheduler_job.py:189} INFO - Processing /Users/kennethlau/airflow/airflow-tutorial/env_airflow/lib/python3.8/site-packages/airflow/example_dags/example_branch_datetime_operator.py took 0.047 seconds
[2021-08-15 22:39:33,004] {scheduler_job.py:181} INFO - Started process (PID=72672) to work on /Users/kennethlau/airflow/airflow-tutorial/env_airflow/lib/python3.8/site-packages/airflow/example_dags/example_branch_datetime_operator.py
[2021-08-15 22:39:33,006] {scheduler_job.py:632} INFO - Processing file /Users/kennethlau/airflow/airflow-tutorial/env_airflow/lib/python3.8/site-packages/airflow/example_dags/example_branch_datetime_operator.py for tasks to queue
[2021-08-15 22:39:33,006] {logging_mixin.py:104} INFO - [2021-08-15 22:39:33,006] {dagbag.py:496} INFO - Filling up the DagBag from /Users/kennethlau/airflow/airflow-tutorial/env_airflow/lib/python3.8/site-packages/airflow/example_dags/example_branch_datetime_operator.py
[2021-08-15 22:39:33,014] {scheduler_job.py:642} INFO - DAG(s) dict_keys(['example_branch_datetime_operator_2']) retrieved from /Users/kennethlau/airflow/airflow-tutorial/env_airflow/lib/python3.8/site-packages/airflow/example_dags/example_branch_datetime_operator.py
[2021-08-15 22:39:33,039] {logging_mixin.py:104} INFO - [2021-08-15 22:39:33,039] {dag.py:1833} INFO - Sync 1 DAGs
[2021-08-15 22:39:33,046] {logging_mixin.py:104} INFO - [2021-08-15 22:39:33,046] {dag.py:2306} INFO - Setting next_dagrun for example_branch_datetime_operator_2 to 2021-08-14 00:00:00+00:00
[2021-08-15 22:39:33,052] {scheduler_job.py:189} INFO - Processing /Users/kennethlau/airflow/airflow-tutorial/env_airflow/lib/python3.8/site-packages/airflow/example_dags/example_branch_datetime_operator.py took 0.049 seconds
