[2021-08-15 20:26:18,701] {scheduler_job.py:181} INFO - Started process (PID=70815) to work on /Users/kennethlau/airflow/airflow-tutorial/env_airflow/lib/python3.8/site-packages/airflow/example_dags/example_kubernetes_executor_config.py
[2021-08-15 20:26:18,701] {scheduler_job.py:632} INFO - Processing file /Users/kennethlau/airflow/airflow-tutorial/env_airflow/lib/python3.8/site-packages/airflow/example_dags/example_kubernetes_executor_config.py for tasks to queue
[2021-08-15 20:26:18,702] {logging_mixin.py:104} INFO - [2021-08-15 20:26:18,702] {dagbag.py:496} INFO - Filling up the DagBag from /Users/kennethlau/airflow/airflow-tutorial/env_airflow/lib/python3.8/site-packages/airflow/example_dags/example_kubernetes_executor_config.py
[2021-08-15 20:26:18,704] {logging_mixin.py:104} INFO - [2021-08-15 20:26:18,704] {example_kubernetes_executor_config.py:175} WARNING - Could not import DAGs in example_kubernetes_executor_config.py: No module named 'kubernetes'
[2021-08-15 20:26:18,704] {logging_mixin.py:104} INFO - [2021-08-15 20:26:18,704] {example_kubernetes_executor_config.py:176} WARNING - Install kubernetes dependencies with: pip install apache-airflow['cncf.kubernetes']
[2021-08-15 20:26:18,704] {scheduler_job.py:644} WARNING - No viable dags retrieved from /Users/kennethlau/airflow/airflow-tutorial/env_airflow/lib/python3.8/site-packages/airflow/example_dags/example_kubernetes_executor_config.py
[2021-08-15 20:26:18,725] {scheduler_job.py:189} INFO - Processing /Users/kennethlau/airflow/airflow-tutorial/env_airflow/lib/python3.8/site-packages/airflow/example_dags/example_kubernetes_executor_config.py took 0.024 seconds
[2021-08-15 22:30:02,445] {scheduler_job.py:181} INFO - Started process (PID=72016) to work on /Users/kennethlau/airflow/airflow-tutorial/env_airflow/lib/python3.8/site-packages/airflow/example_dags/example_kubernetes_executor_config.py
[2021-08-15 22:30:02,446] {scheduler_job.py:632} INFO - Processing file /Users/kennethlau/airflow/airflow-tutorial/env_airflow/lib/python3.8/site-packages/airflow/example_dags/example_kubernetes_executor_config.py for tasks to queue
[2021-08-15 22:30:02,446] {logging_mixin.py:104} INFO - [2021-08-15 22:30:02,446] {dagbag.py:496} INFO - Filling up the DagBag from /Users/kennethlau/airflow/airflow-tutorial/env_airflow/lib/python3.8/site-packages/airflow/example_dags/example_kubernetes_executor_config.py
[2021-08-15 22:30:02,452] {logging_mixin.py:104} INFO - [2021-08-15 22:30:02,452] {example_kubernetes_executor_config.py:175} WARNING - Could not import DAGs in example_kubernetes_executor_config.py: No module named 'kubernetes'
[2021-08-15 22:30:02,452] {logging_mixin.py:104} INFO - [2021-08-15 22:30:02,452] {example_kubernetes_executor_config.py:176} WARNING - Install kubernetes dependencies with: pip install apache-airflow['cncf.kubernetes']
[2021-08-15 22:30:02,452] {scheduler_job.py:644} WARNING - No viable dags retrieved from /Users/kennethlau/airflow/airflow-tutorial/env_airflow/lib/python3.8/site-packages/airflow/example_dags/example_kubernetes_executor_config.py
[2021-08-15 22:30:02,474] {scheduler_job.py:189} INFO - Processing /Users/kennethlau/airflow/airflow-tutorial/env_airflow/lib/python3.8/site-packages/airflow/example_dags/example_kubernetes_executor_config.py took 0.030 seconds
[2021-08-15 22:31:34,554] {scheduler_job.py:181} INFO - Started process (PID=72130) to work on /Users/kennethlau/airflow/airflow-tutorial/env_airflow/lib/python3.8/site-packages/airflow/example_dags/example_kubernetes_executor_config.py
[2021-08-15 22:31:34,555] {scheduler_job.py:632} INFO - Processing file /Users/kennethlau/airflow/airflow-tutorial/env_airflow/lib/python3.8/site-packages/airflow/example_dags/example_kubernetes_executor_config.py for tasks to queue
[2021-08-15 22:31:34,556] {logging_mixin.py:104} INFO - [2021-08-15 22:31:34,556] {dagbag.py:496} INFO - Filling up the DagBag from /Users/kennethlau/airflow/airflow-tutorial/env_airflow/lib/python3.8/site-packages/airflow/example_dags/example_kubernetes_executor_config.py
[2021-08-15 22:31:34,560] {logging_mixin.py:104} INFO - [2021-08-15 22:31:34,560] {example_kubernetes_executor_config.py:175} WARNING - Could not import DAGs in example_kubernetes_executor_config.py: No module named 'kubernetes'
[2021-08-15 22:31:34,560] {logging_mixin.py:104} INFO - [2021-08-15 22:31:34,560] {example_kubernetes_executor_config.py:176} WARNING - Install kubernetes dependencies with: pip install apache-airflow['cncf.kubernetes']
[2021-08-15 22:31:34,561] {scheduler_job.py:644} WARNING - No viable dags retrieved from /Users/kennethlau/airflow/airflow-tutorial/env_airflow/lib/python3.8/site-packages/airflow/example_dags/example_kubernetes_executor_config.py
[2021-08-15 22:31:34,589] {scheduler_job.py:189} INFO - Processing /Users/kennethlau/airflow/airflow-tutorial/env_airflow/lib/python3.8/site-packages/airflow/example_dags/example_kubernetes_executor_config.py took 0.035 seconds
[2021-08-15 22:32:39,181] {scheduler_job.py:181} INFO - Started process (PID=72205) to work on /Users/kennethlau/airflow/airflow-tutorial/env_airflow/lib/python3.8/site-packages/airflow/example_dags/example_kubernetes_executor_config.py
[2021-08-15 22:32:39,182] {scheduler_job.py:632} INFO - Processing file /Users/kennethlau/airflow/airflow-tutorial/env_airflow/lib/python3.8/site-packages/airflow/example_dags/example_kubernetes_executor_config.py for tasks to queue
[2021-08-15 22:32:39,182] {logging_mixin.py:104} INFO - [2021-08-15 22:32:39,182] {dagbag.py:496} INFO - Filling up the DagBag from /Users/kennethlau/airflow/airflow-tutorial/env_airflow/lib/python3.8/site-packages/airflow/example_dags/example_kubernetes_executor_config.py
[2021-08-15 22:32:39,186] {logging_mixin.py:104} INFO - [2021-08-15 22:32:39,186] {example_kubernetes_executor_config.py:175} WARNING - Could not import DAGs in example_kubernetes_executor_config.py: No module named 'kubernetes'
[2021-08-15 22:32:39,187] {logging_mixin.py:104} INFO - [2021-08-15 22:32:39,187] {example_kubernetes_executor_config.py:176} WARNING - Install kubernetes dependencies with: pip install apache-airflow['cncf.kubernetes']
[2021-08-15 22:32:39,187] {scheduler_job.py:644} WARNING - No viable dags retrieved from /Users/kennethlau/airflow/airflow-tutorial/env_airflow/lib/python3.8/site-packages/airflow/example_dags/example_kubernetes_executor_config.py
[2021-08-15 22:32:39,210] {scheduler_job.py:189} INFO - Processing /Users/kennethlau/airflow/airflow-tutorial/env_airflow/lib/python3.8/site-packages/airflow/example_dags/example_kubernetes_executor_config.py took 0.029 seconds
[2021-08-15 22:33:39,359] {scheduler_job.py:181} INFO - Started process (PID=72273) to work on /Users/kennethlau/airflow/airflow-tutorial/env_airflow/lib/python3.8/site-packages/airflow/example_dags/example_kubernetes_executor_config.py
[2021-08-15 22:33:39,360] {scheduler_job.py:632} INFO - Processing file /Users/kennethlau/airflow/airflow-tutorial/env_airflow/lib/python3.8/site-packages/airflow/example_dags/example_kubernetes_executor_config.py for tasks to queue
[2021-08-15 22:33:39,361] {logging_mixin.py:104} INFO - [2021-08-15 22:33:39,361] {dagbag.py:496} INFO - Filling up the DagBag from /Users/kennethlau/airflow/airflow-tutorial/env_airflow/lib/python3.8/site-packages/airflow/example_dags/example_kubernetes_executor_config.py
[2021-08-15 22:33:39,365] {logging_mixin.py:104} INFO - [2021-08-15 22:33:39,365] {example_kubernetes_executor_config.py:175} WARNING - Could not import DAGs in example_kubernetes_executor_config.py: No module named 'kubernetes'
[2021-08-15 22:33:39,365] {logging_mixin.py:104} INFO - [2021-08-15 22:33:39,365] {example_kubernetes_executor_config.py:176} WARNING - Install kubernetes dependencies with: pip install apache-airflow['cncf.kubernetes']
[2021-08-15 22:33:39,365] {scheduler_job.py:644} WARNING - No viable dags retrieved from /Users/kennethlau/airflow/airflow-tutorial/env_airflow/lib/python3.8/site-packages/airflow/example_dags/example_kubernetes_executor_config.py
[2021-08-15 22:33:39,391] {scheduler_job.py:189} INFO - Processing /Users/kennethlau/airflow/airflow-tutorial/env_airflow/lib/python3.8/site-packages/airflow/example_dags/example_kubernetes_executor_config.py took 0.032 seconds
[2021-08-15 22:34:38,989] {scheduler_job.py:181} INFO - Started process (PID=72342) to work on /Users/kennethlau/airflow/airflow-tutorial/env_airflow/lib/python3.8/site-packages/airflow/example_dags/example_kubernetes_executor_config.py
[2021-08-15 22:34:38,989] {scheduler_job.py:632} INFO - Processing file /Users/kennethlau/airflow/airflow-tutorial/env_airflow/lib/python3.8/site-packages/airflow/example_dags/example_kubernetes_executor_config.py for tasks to queue
[2021-08-15 22:34:38,990] {logging_mixin.py:104} INFO - [2021-08-15 22:34:38,990] {dagbag.py:496} INFO - Filling up the DagBag from /Users/kennethlau/airflow/airflow-tutorial/env_airflow/lib/python3.8/site-packages/airflow/example_dags/example_kubernetes_executor_config.py
[2021-08-15 22:34:38,993] {logging_mixin.py:104} INFO - [2021-08-15 22:34:38,993] {example_kubernetes_executor_config.py:175} WARNING - Could not import DAGs in example_kubernetes_executor_config.py: No module named 'kubernetes'
[2021-08-15 22:34:38,993] {logging_mixin.py:104} INFO - [2021-08-15 22:34:38,993] {example_kubernetes_executor_config.py:176} WARNING - Install kubernetes dependencies with: pip install apache-airflow['cncf.kubernetes']
[2021-08-15 22:34:38,993] {scheduler_job.py:644} WARNING - No viable dags retrieved from /Users/kennethlau/airflow/airflow-tutorial/env_airflow/lib/python3.8/site-packages/airflow/example_dags/example_kubernetes_executor_config.py
[2021-08-15 22:34:39,018] {scheduler_job.py:189} INFO - Processing /Users/kennethlau/airflow/airflow-tutorial/env_airflow/lib/python3.8/site-packages/airflow/example_dags/example_kubernetes_executor_config.py took 0.030 seconds
[2021-08-15 22:36:53,811] {scheduler_job.py:181} INFO - Started process (PID=72477) to work on /Users/kennethlau/airflow/airflow-tutorial/env_airflow/lib/python3.8/site-packages/airflow/example_dags/example_kubernetes_executor_config.py
[2021-08-15 22:36:53,812] {scheduler_job.py:632} INFO - Processing file /Users/kennethlau/airflow/airflow-tutorial/env_airflow/lib/python3.8/site-packages/airflow/example_dags/example_kubernetes_executor_config.py for tasks to queue
[2021-08-15 22:36:53,813] {logging_mixin.py:104} INFO - [2021-08-15 22:36:53,813] {dagbag.py:496} INFO - Filling up the DagBag from /Users/kennethlau/airflow/airflow-tutorial/env_airflow/lib/python3.8/site-packages/airflow/example_dags/example_kubernetes_executor_config.py
[2021-08-15 22:36:53,818] {logging_mixin.py:104} INFO - [2021-08-15 22:36:53,818] {example_kubernetes_executor_config.py:175} WARNING - Could not import DAGs in example_kubernetes_executor_config.py: No module named 'kubernetes'
[2021-08-15 22:36:53,818] {logging_mixin.py:104} INFO - [2021-08-15 22:36:53,818] {example_kubernetes_executor_config.py:176} WARNING - Install kubernetes dependencies with: pip install apache-airflow['cncf.kubernetes']
[2021-08-15 22:36:53,818] {scheduler_job.py:644} WARNING - No viable dags retrieved from /Users/kennethlau/airflow/airflow-tutorial/env_airflow/lib/python3.8/site-packages/airflow/example_dags/example_kubernetes_executor_config.py
[2021-08-15 22:36:53,851] {scheduler_job.py:189} INFO - Processing /Users/kennethlau/airflow/airflow-tutorial/env_airflow/lib/python3.8/site-packages/airflow/example_dags/example_kubernetes_executor_config.py took 0.041 seconds
[2021-08-15 22:37:52,456] {scheduler_job.py:181} INFO - Started process (PID=72542) to work on /Users/kennethlau/airflow/airflow-tutorial/env_airflow/lib/python3.8/site-packages/airflow/example_dags/example_kubernetes_executor_config.py
[2021-08-15 22:37:52,456] {scheduler_job.py:632} INFO - Processing file /Users/kennethlau/airflow/airflow-tutorial/env_airflow/lib/python3.8/site-packages/airflow/example_dags/example_kubernetes_executor_config.py for tasks to queue
[2021-08-15 22:37:52,457] {logging_mixin.py:104} INFO - [2021-08-15 22:37:52,457] {dagbag.py:496} INFO - Filling up the DagBag from /Users/kennethlau/airflow/airflow-tutorial/env_airflow/lib/python3.8/site-packages/airflow/example_dags/example_kubernetes_executor_config.py
[2021-08-15 22:37:52,460] {logging_mixin.py:104} INFO - [2021-08-15 22:37:52,460] {example_kubernetes_executor_config.py:175} WARNING - Could not import DAGs in example_kubernetes_executor_config.py: No module named 'kubernetes'
[2021-08-15 22:37:52,460] {logging_mixin.py:104} INFO - [2021-08-15 22:37:52,460] {example_kubernetes_executor_config.py:176} WARNING - Install kubernetes dependencies with: pip install apache-airflow['cncf.kubernetes']
[2021-08-15 22:37:52,461] {scheduler_job.py:644} WARNING - No viable dags retrieved from /Users/kennethlau/airflow/airflow-tutorial/env_airflow/lib/python3.8/site-packages/airflow/example_dags/example_kubernetes_executor_config.py
[2021-08-15 22:37:52,485] {scheduler_job.py:189} INFO - Processing /Users/kennethlau/airflow/airflow-tutorial/env_airflow/lib/python3.8/site-packages/airflow/example_dags/example_kubernetes_executor_config.py took 0.029 seconds
[2021-08-15 22:38:50,268] {scheduler_job.py:181} INFO - Started process (PID=72625) to work on /Users/kennethlau/airflow/airflow-tutorial/env_airflow/lib/python3.8/site-packages/airflow/example_dags/example_kubernetes_executor_config.py
[2021-08-15 22:38:50,269] {scheduler_job.py:632} INFO - Processing file /Users/kennethlau/airflow/airflow-tutorial/env_airflow/lib/python3.8/site-packages/airflow/example_dags/example_kubernetes_executor_config.py for tasks to queue
[2021-08-15 22:38:50,269] {logging_mixin.py:104} INFO - [2021-08-15 22:38:50,269] {dagbag.py:496} INFO - Filling up the DagBag from /Users/kennethlau/airflow/airflow-tutorial/env_airflow/lib/python3.8/site-packages/airflow/example_dags/example_kubernetes_executor_config.py
[2021-08-15 22:38:50,274] {logging_mixin.py:104} INFO - [2021-08-15 22:38:50,274] {example_kubernetes_executor_config.py:175} WARNING - Could not import DAGs in example_kubernetes_executor_config.py: No module named 'kubernetes'
[2021-08-15 22:38:50,274] {logging_mixin.py:104} INFO - [2021-08-15 22:38:50,274] {example_kubernetes_executor_config.py:176} WARNING - Install kubernetes dependencies with: pip install apache-airflow['cncf.kubernetes']
[2021-08-15 22:38:50,274] {scheduler_job.py:644} WARNING - No viable dags retrieved from /Users/kennethlau/airflow/airflow-tutorial/env_airflow/lib/python3.8/site-packages/airflow/example_dags/example_kubernetes_executor_config.py
[2021-08-15 22:38:50,295] {scheduler_job.py:189} INFO - Processing /Users/kennethlau/airflow/airflow-tutorial/env_airflow/lib/python3.8/site-packages/airflow/example_dags/example_kubernetes_executor_config.py took 0.028 seconds
[2021-08-15 22:39:46,124] {scheduler_job.py:181} INFO - Started process (PID=72688) to work on /Users/kennethlau/airflow/airflow-tutorial/env_airflow/lib/python3.8/site-packages/airflow/example_dags/example_kubernetes_executor_config.py
[2021-08-15 22:39:46,127] {scheduler_job.py:632} INFO - Processing file /Users/kennethlau/airflow/airflow-tutorial/env_airflow/lib/python3.8/site-packages/airflow/example_dags/example_kubernetes_executor_config.py for tasks to queue
[2021-08-15 22:39:46,127] {logging_mixin.py:104} INFO - [2021-08-15 22:39:46,127] {dagbag.py:496} INFO - Filling up the DagBag from /Users/kennethlau/airflow/airflow-tutorial/env_airflow/lib/python3.8/site-packages/airflow/example_dags/example_kubernetes_executor_config.py
[2021-08-15 22:39:46,135] {logging_mixin.py:104} INFO - [2021-08-15 22:39:46,134] {example_kubernetes_executor_config.py:175} WARNING - Could not import DAGs in example_kubernetes_executor_config.py: No module named 'kubernetes'
[2021-08-15 22:39:46,135] {logging_mixin.py:104} INFO - [2021-08-15 22:39:46,135] {example_kubernetes_executor_config.py:176} WARNING - Install kubernetes dependencies with: pip install apache-airflow['cncf.kubernetes']
[2021-08-15 22:39:46,135] {scheduler_job.py:644} WARNING - No viable dags retrieved from /Users/kennethlau/airflow/airflow-tutorial/env_airflow/lib/python3.8/site-packages/airflow/example_dags/example_kubernetes_executor_config.py
[2021-08-15 22:39:46,159] {scheduler_job.py:189} INFO - Processing /Users/kennethlau/airflow/airflow-tutorial/env_airflow/lib/python3.8/site-packages/airflow/example_dags/example_kubernetes_executor_config.py took 0.036 seconds
