[2021-08-15 22:30:16,350] {scheduler_job.py:181} INFO - Started process (PID=72036) to work on /Users/kennethlau/airflow/airflow-tutorial/env_airflow/lib/python3.8/site-packages/airflow/example_dags/example_branch_labels.py
[2021-08-15 22:30:16,351] {scheduler_job.py:632} INFO - Processing file /Users/kennethlau/airflow/airflow-tutorial/env_airflow/lib/python3.8/site-packages/airflow/example_dags/example_branch_labels.py for tasks to queue
[2021-08-15 22:30:16,351] {logging_mixin.py:104} INFO - [2021-08-15 22:30:16,351] {dagbag.py:496} INFO - Filling up the DagBag from /Users/kennethlau/airflow/airflow-tutorial/env_airflow/lib/python3.8/site-packages/airflow/example_dags/example_branch_labels.py
[2021-08-15 22:30:16,359] {scheduler_job.py:642} INFO - DAG(s) dict_keys(['example_branch_labels']) retrieved from /Users/kennethlau/airflow/airflow-tutorial/env_airflow/lib/python3.8/site-packages/airflow/example_dags/example_branch_labels.py
[2021-08-15 22:30:16,641] {logging_mixin.py:104} INFO - [2021-08-15 22:30:16,640] {dag.py:1833} INFO - Sync 1 DAGs
[2021-08-15 22:30:16,653] {logging_mixin.py:104} INFO - [2021-08-15 22:30:16,653] {dag.py:2306} INFO - Setting next_dagrun for example_branch_labels to 2021-08-14 00:00:00+00:00
[2021-08-15 22:30:16,662] {scheduler_job.py:189} INFO - Processing /Users/kennethlau/airflow/airflow-tutorial/env_airflow/lib/python3.8/site-packages/airflow/example_dags/example_branch_labels.py took 0.312 seconds
[2021-08-15 22:31:47,895] {scheduler_job.py:181} INFO - Started process (PID=72144) to work on /Users/kennethlau/airflow/airflow-tutorial/env_airflow/lib/python3.8/site-packages/airflow/example_dags/example_branch_labels.py
[2021-08-15 22:31:47,896] {scheduler_job.py:632} INFO - Processing file /Users/kennethlau/airflow/airflow-tutorial/env_airflow/lib/python3.8/site-packages/airflow/example_dags/example_branch_labels.py for tasks to queue
[2021-08-15 22:31:47,896] {logging_mixin.py:104} INFO - [2021-08-15 22:31:47,896] {dagbag.py:496} INFO - Filling up the DagBag from /Users/kennethlau/airflow/airflow-tutorial/env_airflow/lib/python3.8/site-packages/airflow/example_dags/example_branch_labels.py
[2021-08-15 22:31:47,902] {scheduler_job.py:642} INFO - DAG(s) dict_keys(['example_branch_labels']) retrieved from /Users/kennethlau/airflow/airflow-tutorial/env_airflow/lib/python3.8/site-packages/airflow/example_dags/example_branch_labels.py
[2021-08-15 22:31:47,929] {logging_mixin.py:104} INFO - [2021-08-15 22:31:47,929] {dag.py:1833} INFO - Sync 1 DAGs
[2021-08-15 22:31:47,936] {logging_mixin.py:104} INFO - [2021-08-15 22:31:47,936] {dag.py:2306} INFO - Setting next_dagrun for example_branch_labels to 2021-08-14 00:00:00+00:00
[2021-08-15 22:31:47,941] {scheduler_job.py:189} INFO - Processing /Users/kennethlau/airflow/airflow-tutorial/env_airflow/lib/python3.8/site-packages/airflow/example_dags/example_branch_labels.py took 0.047 seconds
[2021-08-15 22:32:52,582] {scheduler_job.py:181} INFO - Started process (PID=72222) to work on /Users/kennethlau/airflow/airflow-tutorial/env_airflow/lib/python3.8/site-packages/airflow/example_dags/example_branch_labels.py
[2021-08-15 22:32:52,583] {scheduler_job.py:632} INFO - Processing file /Users/kennethlau/airflow/airflow-tutorial/env_airflow/lib/python3.8/site-packages/airflow/example_dags/example_branch_labels.py for tasks to queue
[2021-08-15 22:32:52,583] {logging_mixin.py:104} INFO - [2021-08-15 22:32:52,583] {dagbag.py:496} INFO - Filling up the DagBag from /Users/kennethlau/airflow/airflow-tutorial/env_airflow/lib/python3.8/site-packages/airflow/example_dags/example_branch_labels.py
[2021-08-15 22:32:52,590] {scheduler_job.py:642} INFO - DAG(s) dict_keys(['example_branch_labels']) retrieved from /Users/kennethlau/airflow/airflow-tutorial/env_airflow/lib/python3.8/site-packages/airflow/example_dags/example_branch_labels.py
[2021-08-15 22:32:52,614] {logging_mixin.py:104} INFO - [2021-08-15 22:32:52,614] {dag.py:1833} INFO - Sync 1 DAGs
[2021-08-15 22:32:52,621] {logging_mixin.py:104} INFO - [2021-08-15 22:32:52,621] {dag.py:2306} INFO - Setting next_dagrun for example_branch_labels to 2021-08-14 00:00:00+00:00
[2021-08-15 22:32:52,627] {scheduler_job.py:189} INFO - Processing /Users/kennethlau/airflow/airflow-tutorial/env_airflow/lib/python3.8/site-packages/airflow/example_dags/example_branch_labels.py took 0.045 seconds
[2021-08-15 22:33:52,793] {scheduler_job.py:181} INFO - Started process (PID=72288) to work on /Users/kennethlau/airflow/airflow-tutorial/env_airflow/lib/python3.8/site-packages/airflow/example_dags/example_branch_labels.py
[2021-08-15 22:33:52,793] {scheduler_job.py:632} INFO - Processing file /Users/kennethlau/airflow/airflow-tutorial/env_airflow/lib/python3.8/site-packages/airflow/example_dags/example_branch_labels.py for tasks to queue
[2021-08-15 22:33:52,794] {logging_mixin.py:104} INFO - [2021-08-15 22:33:52,794] {dagbag.py:496} INFO - Filling up the DagBag from /Users/kennethlau/airflow/airflow-tutorial/env_airflow/lib/python3.8/site-packages/airflow/example_dags/example_branch_labels.py
[2021-08-15 22:33:52,802] {scheduler_job.py:642} INFO - DAG(s) dict_keys(['example_branch_labels']) retrieved from /Users/kennethlau/airflow/airflow-tutorial/env_airflow/lib/python3.8/site-packages/airflow/example_dags/example_branch_labels.py
[2021-08-15 22:33:52,834] {logging_mixin.py:104} INFO - [2021-08-15 22:33:52,834] {dag.py:1833} INFO - Sync 1 DAGs
[2021-08-15 22:33:52,844] {logging_mixin.py:104} INFO - [2021-08-15 22:33:52,844] {dag.py:2306} INFO - Setting next_dagrun for example_branch_labels to 2021-08-14 00:00:00+00:00
[2021-08-15 22:33:52,851] {scheduler_job.py:189} INFO - Processing /Users/kennethlau/airflow/airflow-tutorial/env_airflow/lib/python3.8/site-packages/airflow/example_dags/example_branch_labels.py took 0.058 seconds
[2021-08-15 22:34:52,434] {scheduler_job.py:181} INFO - Started process (PID=72359) to work on /Users/kennethlau/airflow/airflow-tutorial/env_airflow/lib/python3.8/site-packages/airflow/example_dags/example_branch_labels.py
[2021-08-15 22:34:52,435] {scheduler_job.py:632} INFO - Processing file /Users/kennethlau/airflow/airflow-tutorial/env_airflow/lib/python3.8/site-packages/airflow/example_dags/example_branch_labels.py for tasks to queue
[2021-08-15 22:34:52,435] {logging_mixin.py:104} INFO - [2021-08-15 22:34:52,435] {dagbag.py:496} INFO - Filling up the DagBag from /Users/kennethlau/airflow/airflow-tutorial/env_airflow/lib/python3.8/site-packages/airflow/example_dags/example_branch_labels.py
[2021-08-15 22:34:52,441] {scheduler_job.py:642} INFO - DAG(s) dict_keys(['example_branch_labels']) retrieved from /Users/kennethlau/airflow/airflow-tutorial/env_airflow/lib/python3.8/site-packages/airflow/example_dags/example_branch_labels.py
[2021-08-15 22:34:52,466] {logging_mixin.py:104} INFO - [2021-08-15 22:34:52,466] {dag.py:1833} INFO - Sync 1 DAGs
[2021-08-15 22:34:52,474] {logging_mixin.py:104} INFO - [2021-08-15 22:34:52,473] {dag.py:2306} INFO - Setting next_dagrun for example_branch_labels to 2021-08-14 00:00:00+00:00
[2021-08-15 22:34:52,479] {scheduler_job.py:189} INFO - Processing /Users/kennethlau/airflow/airflow-tutorial/env_airflow/lib/python3.8/site-packages/airflow/example_dags/example_branch_labels.py took 0.045 seconds
[2021-08-15 22:37:06,822] {scheduler_job.py:181} INFO - Started process (PID=72491) to work on /Users/kennethlau/airflow/airflow-tutorial/env_airflow/lib/python3.8/site-packages/airflow/example_dags/example_branch_labels.py
[2021-08-15 22:37:06,823] {scheduler_job.py:632} INFO - Processing file /Users/kennethlau/airflow/airflow-tutorial/env_airflow/lib/python3.8/site-packages/airflow/example_dags/example_branch_labels.py for tasks to queue
[2021-08-15 22:37:06,824] {logging_mixin.py:104} INFO - [2021-08-15 22:37:06,823] {dagbag.py:496} INFO - Filling up the DagBag from /Users/kennethlau/airflow/airflow-tutorial/env_airflow/lib/python3.8/site-packages/airflow/example_dags/example_branch_labels.py
[2021-08-15 22:37:06,830] {scheduler_job.py:642} INFO - DAG(s) dict_keys(['example_branch_labels']) retrieved from /Users/kennethlau/airflow/airflow-tutorial/env_airflow/lib/python3.8/site-packages/airflow/example_dags/example_branch_labels.py
[2021-08-15 22:37:06,858] {logging_mixin.py:104} INFO - [2021-08-15 22:37:06,857] {dag.py:1833} INFO - Sync 1 DAGs
[2021-08-15 22:37:06,866] {logging_mixin.py:104} INFO - [2021-08-15 22:37:06,866] {dag.py:2306} INFO - Setting next_dagrun for example_branch_labels to 2021-08-14 00:00:00+00:00
[2021-08-15 22:37:06,872] {scheduler_job.py:189} INFO - Processing /Users/kennethlau/airflow/airflow-tutorial/env_airflow/lib/python3.8/site-packages/airflow/example_dags/example_branch_labels.py took 0.050 seconds
[2021-08-15 22:38:05,982] {scheduler_job.py:181} INFO - Started process (PID=72562) to work on /Users/kennethlau/airflow/airflow-tutorial/env_airflow/lib/python3.8/site-packages/airflow/example_dags/example_branch_labels.py
[2021-08-15 22:38:05,983] {scheduler_job.py:632} INFO - Processing file /Users/kennethlau/airflow/airflow-tutorial/env_airflow/lib/python3.8/site-packages/airflow/example_dags/example_branch_labels.py for tasks to queue
[2021-08-15 22:38:05,983] {logging_mixin.py:104} INFO - [2021-08-15 22:38:05,983] {dagbag.py:496} INFO - Filling up the DagBag from /Users/kennethlau/airflow/airflow-tutorial/env_airflow/lib/python3.8/site-packages/airflow/example_dags/example_branch_labels.py
[2021-08-15 22:38:05,990] {scheduler_job.py:642} INFO - DAG(s) dict_keys(['example_branch_labels']) retrieved from /Users/kennethlau/airflow/airflow-tutorial/env_airflow/lib/python3.8/site-packages/airflow/example_dags/example_branch_labels.py
[2021-08-15 22:38:06,015] {logging_mixin.py:104} INFO - [2021-08-15 22:38:06,015] {dag.py:1833} INFO - Sync 1 DAGs
[2021-08-15 22:38:06,022] {logging_mixin.py:104} INFO - [2021-08-15 22:38:06,022] {dag.py:2306} INFO - Setting next_dagrun for example_branch_labels to 2021-08-14 00:00:00+00:00
[2021-08-15 22:38:06,027] {scheduler_job.py:189} INFO - Processing /Users/kennethlau/airflow/airflow-tutorial/env_airflow/lib/python3.8/site-packages/airflow/example_dags/example_branch_labels.py took 0.045 seconds
[2021-08-15 22:39:03,541] {scheduler_job.py:181} INFO - Started process (PID=72640) to work on /Users/kennethlau/airflow/airflow-tutorial/env_airflow/lib/python3.8/site-packages/airflow/example_dags/example_branch_labels.py
[2021-08-15 22:39:03,542] {scheduler_job.py:632} INFO - Processing file /Users/kennethlau/airflow/airflow-tutorial/env_airflow/lib/python3.8/site-packages/airflow/example_dags/example_branch_labels.py for tasks to queue
[2021-08-15 22:39:03,542] {logging_mixin.py:104} INFO - [2021-08-15 22:39:03,542] {dagbag.py:496} INFO - Filling up the DagBag from /Users/kennethlau/airflow/airflow-tutorial/env_airflow/lib/python3.8/site-packages/airflow/example_dags/example_branch_labels.py
[2021-08-15 22:39:03,551] {scheduler_job.py:642} INFO - DAG(s) dict_keys(['example_branch_labels']) retrieved from /Users/kennethlau/airflow/airflow-tutorial/env_airflow/lib/python3.8/site-packages/airflow/example_dags/example_branch_labels.py
[2021-08-15 22:39:03,577] {logging_mixin.py:104} INFO - [2021-08-15 22:39:03,577] {dag.py:1833} INFO - Sync 1 DAGs
[2021-08-15 22:39:03,584] {logging_mixin.py:104} INFO - [2021-08-15 22:39:03,584] {dag.py:2306} INFO - Setting next_dagrun for example_branch_labels to 2021-08-14 00:00:00+00:00
[2021-08-15 22:39:03,589] {scheduler_job.py:189} INFO - Processing /Users/kennethlau/airflow/airflow-tutorial/env_airflow/lib/python3.8/site-packages/airflow/example_dags/example_branch_labels.py took 0.049 seconds
[2021-08-15 22:39:58,109] {scheduler_job.py:181} INFO - Started process (PID=72703) to work on /Users/kennethlau/airflow/airflow-tutorial/env_airflow/lib/python3.8/site-packages/airflow/example_dags/example_branch_labels.py
[2021-08-15 22:39:58,110] {scheduler_job.py:632} INFO - Processing file /Users/kennethlau/airflow/airflow-tutorial/env_airflow/lib/python3.8/site-packages/airflow/example_dags/example_branch_labels.py for tasks to queue
[2021-08-15 22:39:58,111] {logging_mixin.py:104} INFO - [2021-08-15 22:39:58,111] {dagbag.py:496} INFO - Filling up the DagBag from /Users/kennethlau/airflow/airflow-tutorial/env_airflow/lib/python3.8/site-packages/airflow/example_dags/example_branch_labels.py
[2021-08-15 22:39:58,118] {scheduler_job.py:642} INFO - DAG(s) dict_keys(['example_branch_labels']) retrieved from /Users/kennethlau/airflow/airflow-tutorial/env_airflow/lib/python3.8/site-packages/airflow/example_dags/example_branch_labels.py
[2021-08-15 22:39:58,142] {logging_mixin.py:104} INFO - [2021-08-15 22:39:58,142] {dag.py:1833} INFO - Sync 1 DAGs
[2021-08-15 22:39:58,149] {logging_mixin.py:104} INFO - [2021-08-15 22:39:58,149] {dag.py:2306} INFO - Setting next_dagrun for example_branch_labels to 2021-08-14 00:00:00+00:00
[2021-08-15 22:39:58,155] {scheduler_job.py:189} INFO - Processing /Users/kennethlau/airflow/airflow-tutorial/env_airflow/lib/python3.8/site-packages/airflow/example_dags/example_branch_labels.py took 0.046 seconds
