[2021-08-15 20:25:58,647] {scheduler_job.py:181} INFO - Started process (PID=70795) to work on /Users/kennethlau/airflow/airflow-tutorial/env_airflow/lib/python3.8/site-packages/airflow/example_dags/example_task_group_decorator.py
[2021-08-15 20:25:58,647] {scheduler_job.py:632} INFO - Processing file /Users/kennethlau/airflow/airflow-tutorial/env_airflow/lib/python3.8/site-packages/airflow/example_dags/example_task_group_decorator.py for tasks to queue
[2021-08-15 20:25:58,648] {logging_mixin.py:104} INFO - [2021-08-15 20:25:58,648] {dagbag.py:496} INFO - Filling up the DagBag from /Users/kennethlau/airflow/airflow-tutorial/env_airflow/lib/python3.8/site-packages/airflow/example_dags/example_task_group_decorator.py
[2021-08-15 20:25:58,660] {scheduler_job.py:642} INFO - DAG(s) dict_keys(['example_task_group_decorator']) retrieved from /Users/kennethlau/airflow/airflow-tutorial/env_airflow/lib/python3.8/site-packages/airflow/example_dags/example_task_group_decorator.py
[2021-08-15 20:25:58,888] {logging_mixin.py:104} INFO - [2021-08-15 20:25:58,888] {dag.py:1833} INFO - Sync 1 DAGs
[2021-08-15 20:25:58,893] {logging_mixin.py:104} INFO - [2021-08-15 20:25:58,893] {dag.py:2306} INFO - Setting next_dagrun for example_task_group_decorator to 2021-08-14 00:00:00+00:00
[2021-08-15 20:25:58,900] {scheduler_job.py:189} INFO - Processing /Users/kennethlau/airflow/airflow-tutorial/env_airflow/lib/python3.8/site-packages/airflow/example_dags/example_task_group_decorator.py took 0.254 seconds
[2021-08-15 22:29:41,422] {scheduler_job.py:181} INFO - Started process (PID=71990) to work on /Users/kennethlau/airflow/airflow-tutorial/env_airflow/lib/python3.8/site-packages/airflow/example_dags/example_task_group_decorator.py
[2021-08-15 22:29:41,426] {scheduler_job.py:632} INFO - Processing file /Users/kennethlau/airflow/airflow-tutorial/env_airflow/lib/python3.8/site-packages/airflow/example_dags/example_task_group_decorator.py for tasks to queue
[2021-08-15 22:29:41,426] {logging_mixin.py:104} INFO - [2021-08-15 22:29:41,426] {dagbag.py:496} INFO - Filling up the DagBag from /Users/kennethlau/airflow/airflow-tutorial/env_airflow/lib/python3.8/site-packages/airflow/example_dags/example_task_group_decorator.py
[2021-08-15 22:29:41,441] {scheduler_job.py:642} INFO - DAG(s) dict_keys(['example_task_group_decorator']) retrieved from /Users/kennethlau/airflow/airflow-tutorial/env_airflow/lib/python3.8/site-packages/airflow/example_dags/example_task_group_decorator.py
[2021-08-15 22:29:41,709] {logging_mixin.py:104} INFO - [2021-08-15 22:29:41,708] {dag.py:1833} INFO - Sync 1 DAGs
[2021-08-15 22:29:41,715] {logging_mixin.py:104} INFO - [2021-08-15 22:29:41,715] {dag.py:2306} INFO - Setting next_dagrun for example_task_group_decorator to 2021-08-14 00:00:00+00:00
[2021-08-15 22:29:41,723] {scheduler_job.py:189} INFO - Processing /Users/kennethlau/airflow/airflow-tutorial/env_airflow/lib/python3.8/site-packages/airflow/example_dags/example_task_group_decorator.py took 0.301 seconds
[2021-08-15 22:30:58,981] {scheduler_job.py:181} INFO - Started process (PID=72094) to work on /Users/kennethlau/airflow/airflow-tutorial/env_airflow/lib/python3.8/site-packages/airflow/example_dags/example_task_group_decorator.py
[2021-08-15 22:30:58,982] {scheduler_job.py:632} INFO - Processing file /Users/kennethlau/airflow/airflow-tutorial/env_airflow/lib/python3.8/site-packages/airflow/example_dags/example_task_group_decorator.py for tasks to queue
[2021-08-15 22:30:58,982] {logging_mixin.py:104} INFO - [2021-08-15 22:30:58,982] {dagbag.py:496} INFO - Filling up the DagBag from /Users/kennethlau/airflow/airflow-tutorial/env_airflow/lib/python3.8/site-packages/airflow/example_dags/example_task_group_decorator.py
[2021-08-15 22:30:58,998] {scheduler_job.py:642} INFO - DAG(s) dict_keys(['example_task_group_decorator']) retrieved from /Users/kennethlau/airflow/airflow-tutorial/env_airflow/lib/python3.8/site-packages/airflow/example_dags/example_task_group_decorator.py
[2021-08-15 22:30:59,364] {logging_mixin.py:104} INFO - [2021-08-15 22:30:59,364] {dag.py:1833} INFO - Sync 1 DAGs
[2021-08-15 22:30:59,371] {logging_mixin.py:104} INFO - [2021-08-15 22:30:59,370] {dag.py:2306} INFO - Setting next_dagrun for example_task_group_decorator to 2021-08-14 00:00:00+00:00
[2021-08-15 22:30:59,380] {scheduler_job.py:189} INFO - Processing /Users/kennethlau/airflow/airflow-tutorial/env_airflow/lib/python3.8/site-packages/airflow/example_dags/example_task_group_decorator.py took 0.399 seconds
[2021-08-15 22:32:15,628] {scheduler_job.py:181} INFO - Started process (PID=72179) to work on /Users/kennethlau/airflow/airflow-tutorial/env_airflow/lib/python3.8/site-packages/airflow/example_dags/example_task_group_decorator.py
[2021-08-15 22:32:15,629] {scheduler_job.py:632} INFO - Processing file /Users/kennethlau/airflow/airflow-tutorial/env_airflow/lib/python3.8/site-packages/airflow/example_dags/example_task_group_decorator.py for tasks to queue
[2021-08-15 22:32:15,629] {logging_mixin.py:104} INFO - [2021-08-15 22:32:15,629] {dagbag.py:496} INFO - Filling up the DagBag from /Users/kennethlau/airflow/airflow-tutorial/env_airflow/lib/python3.8/site-packages/airflow/example_dags/example_task_group_decorator.py
[2021-08-15 22:32:15,646] {scheduler_job.py:642} INFO - DAG(s) dict_keys(['example_task_group_decorator']) retrieved from /Users/kennethlau/airflow/airflow-tutorial/env_airflow/lib/python3.8/site-packages/airflow/example_dags/example_task_group_decorator.py
[2021-08-15 22:32:15,933] {logging_mixin.py:104} INFO - [2021-08-15 22:32:15,933] {dag.py:1833} INFO - Sync 1 DAGs
[2021-08-15 22:32:15,939] {logging_mixin.py:104} INFO - [2021-08-15 22:32:15,939] {dag.py:2306} INFO - Setting next_dagrun for example_task_group_decorator to 2021-08-14 00:00:00+00:00
[2021-08-15 22:32:15,947] {scheduler_job.py:189} INFO - Processing /Users/kennethlau/airflow/airflow-tutorial/env_airflow/lib/python3.8/site-packages/airflow/example_dags/example_task_group_decorator.py took 0.320 seconds
[2021-08-15 22:33:18,638] {scheduler_job.py:181} INFO - Started process (PID=72250) to work on /Users/kennethlau/airflow/airflow-tutorial/env_airflow/lib/python3.8/site-packages/airflow/example_dags/example_task_group_decorator.py
[2021-08-15 22:33:18,639] {scheduler_job.py:632} INFO - Processing file /Users/kennethlau/airflow/airflow-tutorial/env_airflow/lib/python3.8/site-packages/airflow/example_dags/example_task_group_decorator.py for tasks to queue
[2021-08-15 22:33:18,639] {logging_mixin.py:104} INFO - [2021-08-15 22:33:18,639] {dagbag.py:496} INFO - Filling up the DagBag from /Users/kennethlau/airflow/airflow-tutorial/env_airflow/lib/python3.8/site-packages/airflow/example_dags/example_task_group_decorator.py
[2021-08-15 22:33:18,653] {scheduler_job.py:642} INFO - DAG(s) dict_keys(['example_task_group_decorator']) retrieved from /Users/kennethlau/airflow/airflow-tutorial/env_airflow/lib/python3.8/site-packages/airflow/example_dags/example_task_group_decorator.py
[2021-08-15 22:33:18,898] {logging_mixin.py:104} INFO - [2021-08-15 22:33:18,898] {dag.py:1833} INFO - Sync 1 DAGs
[2021-08-15 22:33:18,904] {logging_mixin.py:104} INFO - [2021-08-15 22:33:18,904] {dag.py:2306} INFO - Setting next_dagrun for example_task_group_decorator to 2021-08-14 00:00:00+00:00
[2021-08-15 22:33:18,911] {scheduler_job.py:189} INFO - Processing /Users/kennethlau/airflow/airflow-tutorial/env_airflow/lib/python3.8/site-packages/airflow/example_dags/example_task_group_decorator.py took 0.274 seconds
[2021-08-15 22:34:18,086] {scheduler_job.py:181} INFO - Started process (PID=72319) to work on /Users/kennethlau/airflow/airflow-tutorial/env_airflow/lib/python3.8/site-packages/airflow/example_dags/example_task_group_decorator.py
[2021-08-15 22:34:18,086] {scheduler_job.py:632} INFO - Processing file /Users/kennethlau/airflow/airflow-tutorial/env_airflow/lib/python3.8/site-packages/airflow/example_dags/example_task_group_decorator.py for tasks to queue
[2021-08-15 22:34:18,086] {logging_mixin.py:104} INFO - [2021-08-15 22:34:18,086] {dagbag.py:496} INFO - Filling up the DagBag from /Users/kennethlau/airflow/airflow-tutorial/env_airflow/lib/python3.8/site-packages/airflow/example_dags/example_task_group_decorator.py
[2021-08-15 22:34:18,100] {scheduler_job.py:642} INFO - DAG(s) dict_keys(['example_task_group_decorator']) retrieved from /Users/kennethlau/airflow/airflow-tutorial/env_airflow/lib/python3.8/site-packages/airflow/example_dags/example_task_group_decorator.py
[2021-08-15 22:34:18,350] {logging_mixin.py:104} INFO - [2021-08-15 22:34:18,350] {dag.py:1833} INFO - Sync 1 DAGs
[2021-08-15 22:34:18,356] {logging_mixin.py:104} INFO - [2021-08-15 22:34:18,356] {dag.py:2306} INFO - Setting next_dagrun for example_task_group_decorator to 2021-08-14 00:00:00+00:00
[2021-08-15 22:34:18,363] {scheduler_job.py:189} INFO - Processing /Users/kennethlau/airflow/airflow-tutorial/env_airflow/lib/python3.8/site-packages/airflow/example_dags/example_task_group_decorator.py took 0.278 seconds
[2021-08-15 22:36:35,281] {scheduler_job.py:181} INFO - Started process (PID=72438) to work on /Users/kennethlau/airflow/airflow-tutorial/env_airflow/lib/python3.8/site-packages/airflow/example_dags/example_task_group_decorator.py
[2021-08-15 22:36:35,281] {scheduler_job.py:632} INFO - Processing file /Users/kennethlau/airflow/airflow-tutorial/env_airflow/lib/python3.8/site-packages/airflow/example_dags/example_task_group_decorator.py for tasks to queue
[2021-08-15 22:36:35,282] {logging_mixin.py:104} INFO - [2021-08-15 22:36:35,282] {dagbag.py:496} INFO - Filling up the DagBag from /Users/kennethlau/airflow/airflow-tutorial/env_airflow/lib/python3.8/site-packages/airflow/example_dags/example_task_group_decorator.py
[2021-08-15 22:36:35,296] {scheduler_job.py:642} INFO - DAG(s) dict_keys(['example_task_group_decorator']) retrieved from /Users/kennethlau/airflow/airflow-tutorial/env_airflow/lib/python3.8/site-packages/airflow/example_dags/example_task_group_decorator.py
[2021-08-15 22:36:35,680] {logging_mixin.py:104} INFO - [2021-08-15 22:36:35,680] {dag.py:1833} INFO - Sync 1 DAGs
[2021-08-15 22:36:35,686] {logging_mixin.py:104} INFO - [2021-08-15 22:36:35,686] {dag.py:2306} INFO - Setting next_dagrun for example_task_group_decorator to 2021-08-14 00:00:00+00:00
[2021-08-15 22:36:35,694] {scheduler_job.py:189} INFO - Processing /Users/kennethlau/airflow/airflow-tutorial/env_airflow/lib/python3.8/site-packages/airflow/example_dags/example_task_group_decorator.py took 0.414 seconds
[2021-08-15 22:37:35,266] {scheduler_job.py:181} INFO - Started process (PID=72521) to work on /Users/kennethlau/airflow/airflow-tutorial/env_airflow/lib/python3.8/site-packages/airflow/example_dags/example_task_group_decorator.py
[2021-08-15 22:37:35,268] {scheduler_job.py:632} INFO - Processing file /Users/kennethlau/airflow/airflow-tutorial/env_airflow/lib/python3.8/site-packages/airflow/example_dags/example_task_group_decorator.py for tasks to queue
[2021-08-15 22:37:35,268] {logging_mixin.py:104} INFO - [2021-08-15 22:37:35,268] {dagbag.py:496} INFO - Filling up the DagBag from /Users/kennethlau/airflow/airflow-tutorial/env_airflow/lib/python3.8/site-packages/airflow/example_dags/example_task_group_decorator.py
[2021-08-15 22:37:35,282] {scheduler_job.py:642} INFO - DAG(s) dict_keys(['example_task_group_decorator']) retrieved from /Users/kennethlau/airflow/airflow-tutorial/env_airflow/lib/python3.8/site-packages/airflow/example_dags/example_task_group_decorator.py
[2021-08-15 22:37:35,535] {logging_mixin.py:104} INFO - [2021-08-15 22:37:35,535] {dag.py:1833} INFO - Sync 1 DAGs
[2021-08-15 22:37:35,541] {logging_mixin.py:104} INFO - [2021-08-15 22:37:35,541] {dag.py:2306} INFO - Setting next_dagrun for example_task_group_decorator to 2021-08-14 00:00:00+00:00
[2021-08-15 22:37:35,549] {scheduler_job.py:189} INFO - Processing /Users/kennethlau/airflow/airflow-tutorial/env_airflow/lib/python3.8/site-packages/airflow/example_dags/example_task_group_decorator.py took 0.283 seconds
[2021-08-15 22:38:29,690] {scheduler_job.py:181} INFO - Started process (PID=72597) to work on /Users/kennethlau/airflow/airflow-tutorial/env_airflow/lib/python3.8/site-packages/airflow/example_dags/example_task_group_decorator.py
[2021-08-15 22:38:29,691] {scheduler_job.py:632} INFO - Processing file /Users/kennethlau/airflow/airflow-tutorial/env_airflow/lib/python3.8/site-packages/airflow/example_dags/example_task_group_decorator.py for tasks to queue
[2021-08-15 22:38:29,692] {logging_mixin.py:104} INFO - [2021-08-15 22:38:29,691] {dagbag.py:496} INFO - Filling up the DagBag from /Users/kennethlau/airflow/airflow-tutorial/env_airflow/lib/python3.8/site-packages/airflow/example_dags/example_task_group_decorator.py
[2021-08-15 22:38:29,710] {scheduler_job.py:642} INFO - DAG(s) dict_keys(['example_task_group_decorator']) retrieved from /Users/kennethlau/airflow/airflow-tutorial/env_airflow/lib/python3.8/site-packages/airflow/example_dags/example_task_group_decorator.py
[2021-08-15 22:38:29,969] {logging_mixin.py:104} INFO - [2021-08-15 22:38:29,969] {dag.py:1833} INFO - Sync 1 DAGs
[2021-08-15 22:38:29,977] {logging_mixin.py:104} INFO - [2021-08-15 22:38:29,977] {dag.py:2306} INFO - Setting next_dagrun for example_task_group_decorator to 2021-08-14 00:00:00+00:00
[2021-08-15 22:38:29,986] {scheduler_job.py:189} INFO - Processing /Users/kennethlau/airflow/airflow-tutorial/env_airflow/lib/python3.8/site-packages/airflow/example_dags/example_task_group_decorator.py took 0.296 seconds
[2021-08-15 22:39:25,173] {scheduler_job.py:181} INFO - Started process (PID=72664) to work on /Users/kennethlau/airflow/airflow-tutorial/env_airflow/lib/python3.8/site-packages/airflow/example_dags/example_task_group_decorator.py
[2021-08-15 22:39:25,174] {scheduler_job.py:632} INFO - Processing file /Users/kennethlau/airflow/airflow-tutorial/env_airflow/lib/python3.8/site-packages/airflow/example_dags/example_task_group_decorator.py for tasks to queue
[2021-08-15 22:39:25,174] {logging_mixin.py:104} INFO - [2021-08-15 22:39:25,174] {dagbag.py:496} INFO - Filling up the DagBag from /Users/kennethlau/airflow/airflow-tutorial/env_airflow/lib/python3.8/site-packages/airflow/example_dags/example_task_group_decorator.py
[2021-08-15 22:39:25,189] {scheduler_job.py:642} INFO - DAG(s) dict_keys(['example_task_group_decorator']) retrieved from /Users/kennethlau/airflow/airflow-tutorial/env_airflow/lib/python3.8/site-packages/airflow/example_dags/example_task_group_decorator.py
[2021-08-15 22:39:25,438] {logging_mixin.py:104} INFO - [2021-08-15 22:39:25,438] {dag.py:1833} INFO - Sync 1 DAGs
[2021-08-15 22:39:25,444] {logging_mixin.py:104} INFO - [2021-08-15 22:39:25,444] {dag.py:2306} INFO - Setting next_dagrun for example_task_group_decorator to 2021-08-14 00:00:00+00:00
[2021-08-15 22:39:25,452] {scheduler_job.py:189} INFO - Processing /Users/kennethlau/airflow/airflow-tutorial/env_airflow/lib/python3.8/site-packages/airflow/example_dags/example_task_group_decorator.py took 0.279 seconds
[2021-08-15 22:40:23,814] {scheduler_job.py:181} INFO - Started process (PID=72732) to work on /Users/kennethlau/airflow/airflow-tutorial/env_airflow/lib/python3.8/site-packages/airflow/example_dags/example_task_group_decorator.py
[2021-08-15 22:40:23,815] {scheduler_job.py:632} INFO - Processing file /Users/kennethlau/airflow/airflow-tutorial/env_airflow/lib/python3.8/site-packages/airflow/example_dags/example_task_group_decorator.py for tasks to queue
[2021-08-15 22:40:23,816] {logging_mixin.py:104} INFO - [2021-08-15 22:40:23,816] {dagbag.py:496} INFO - Filling up the DagBag from /Users/kennethlau/airflow/airflow-tutorial/env_airflow/lib/python3.8/site-packages/airflow/example_dags/example_task_group_decorator.py
[2021-08-15 22:40:23,829] {scheduler_job.py:642} INFO - DAG(s) dict_keys(['example_task_group_decorator']) retrieved from /Users/kennethlau/airflow/airflow-tutorial/env_airflow/lib/python3.8/site-packages/airflow/example_dags/example_task_group_decorator.py
[2021-08-15 22:40:24,074] {logging_mixin.py:104} INFO - [2021-08-15 22:40:24,074] {dag.py:1833} INFO - Sync 1 DAGs
[2021-08-15 22:40:24,080] {logging_mixin.py:104} INFO - [2021-08-15 22:40:24,080] {dag.py:2306} INFO - Setting next_dagrun for example_task_group_decorator to 2021-08-14 00:00:00+00:00
[2021-08-15 22:40:24,087] {scheduler_job.py:189} INFO - Processing /Users/kennethlau/airflow/airflow-tutorial/env_airflow/lib/python3.8/site-packages/airflow/example_dags/example_task_group_decorator.py took 0.273 seconds
