[2021-08-15 22:30:11,915] {scheduler_job.py:181} INFO - Started process (PID=72030) to work on /Users/kennethlau/airflow/airflow-tutorial/env_airflow/lib/python3.8/site-packages/airflow/example_dags/example_branch_python_dop_operator_3.py
[2021-08-15 22:30:11,915] {scheduler_job.py:632} INFO - Processing file /Users/kennethlau/airflow/airflow-tutorial/env_airflow/lib/python3.8/site-packages/airflow/example_dags/example_branch_python_dop_operator_3.py for tasks to queue
[2021-08-15 22:30:11,916] {logging_mixin.py:104} INFO - [2021-08-15 22:30:11,916] {dagbag.py:496} INFO - Filling up the DagBag from /Users/kennethlau/airflow/airflow-tutorial/env_airflow/lib/python3.8/site-packages/airflow/example_dags/example_branch_python_dop_operator_3.py
[2021-08-15 22:30:11,926] {scheduler_job.py:642} INFO - DAG(s) dict_keys(['example_branch_dop_operator_v3']) retrieved from /Users/kennethlau/airflow/airflow-tutorial/env_airflow/lib/python3.8/site-packages/airflow/example_dags/example_branch_python_dop_operator_3.py
[2021-08-15 22:30:12,213] {logging_mixin.py:104} INFO - [2021-08-15 22:30:12,213] {dag.py:1833} INFO - Sync 1 DAGs
[2021-08-15 22:30:12,228] {logging_mixin.py:104} INFO - [2021-08-15 22:30:12,228] {dag.py:2306} INFO - Setting next_dagrun for example_branch_dop_operator_v3 to 2021-08-14 00:00:00+00:00
[2021-08-15 22:30:12,236] {scheduler_job.py:189} INFO - Processing /Users/kennethlau/airflow/airflow-tutorial/env_airflow/lib/python3.8/site-packages/airflow/example_dags/example_branch_python_dop_operator_3.py took 0.322 seconds
[2021-08-15 22:31:44,189] {scheduler_job.py:181} INFO - Started process (PID=72140) to work on /Users/kennethlau/airflow/airflow-tutorial/env_airflow/lib/python3.8/site-packages/airflow/example_dags/example_branch_python_dop_operator_3.py
[2021-08-15 22:31:44,191] {scheduler_job.py:632} INFO - Processing file /Users/kennethlau/airflow/airflow-tutorial/env_airflow/lib/python3.8/site-packages/airflow/example_dags/example_branch_python_dop_operator_3.py for tasks to queue
[2021-08-15 22:31:44,191] {logging_mixin.py:104} INFO - [2021-08-15 22:31:44,191] {dagbag.py:496} INFO - Filling up the DagBag from /Users/kennethlau/airflow/airflow-tutorial/env_airflow/lib/python3.8/site-packages/airflow/example_dags/example_branch_python_dop_operator_3.py
[2021-08-15 22:31:44,198] {scheduler_job.py:642} INFO - DAG(s) dict_keys(['example_branch_dop_operator_v3']) retrieved from /Users/kennethlau/airflow/airflow-tutorial/env_airflow/lib/python3.8/site-packages/airflow/example_dags/example_branch_python_dop_operator_3.py
[2021-08-15 22:31:44,224] {logging_mixin.py:104} INFO - [2021-08-15 22:31:44,224] {dag.py:1833} INFO - Sync 1 DAGs
[2021-08-15 22:31:44,236] {logging_mixin.py:104} INFO - [2021-08-15 22:31:44,236] {dag.py:2306} INFO - Setting next_dagrun for example_branch_dop_operator_v3 to 2021-08-14 00:00:00+00:00
[2021-08-15 22:31:44,242] {scheduler_job.py:189} INFO - Processing /Users/kennethlau/airflow/airflow-tutorial/env_airflow/lib/python3.8/site-packages/airflow/example_dags/example_branch_python_dop_operator_3.py took 0.054 seconds
[2021-08-15 22:32:48,890] {scheduler_job.py:181} INFO - Started process (PID=72218) to work on /Users/kennethlau/airflow/airflow-tutorial/env_airflow/lib/python3.8/site-packages/airflow/example_dags/example_branch_python_dop_operator_3.py
[2021-08-15 22:32:48,891] {scheduler_job.py:632} INFO - Processing file /Users/kennethlau/airflow/airflow-tutorial/env_airflow/lib/python3.8/site-packages/airflow/example_dags/example_branch_python_dop_operator_3.py for tasks to queue
[2021-08-15 22:32:48,892] {logging_mixin.py:104} INFO - [2021-08-15 22:32:48,892] {dagbag.py:496} INFO - Filling up the DagBag from /Users/kennethlau/airflow/airflow-tutorial/env_airflow/lib/python3.8/site-packages/airflow/example_dags/example_branch_python_dop_operator_3.py
[2021-08-15 22:32:48,900] {scheduler_job.py:642} INFO - DAG(s) dict_keys(['example_branch_dop_operator_v3']) retrieved from /Users/kennethlau/airflow/airflow-tutorial/env_airflow/lib/python3.8/site-packages/airflow/example_dags/example_branch_python_dop_operator_3.py
[2021-08-15 22:32:48,929] {logging_mixin.py:104} INFO - [2021-08-15 22:32:48,929] {dag.py:1833} INFO - Sync 1 DAGs
[2021-08-15 22:32:48,942] {logging_mixin.py:104} INFO - [2021-08-15 22:32:48,942] {dag.py:2306} INFO - Setting next_dagrun for example_branch_dop_operator_v3 to 2021-08-14 00:00:00+00:00
[2021-08-15 22:32:48,949] {scheduler_job.py:189} INFO - Processing /Users/kennethlau/airflow/airflow-tutorial/env_airflow/lib/python3.8/site-packages/airflow/example_dags/example_branch_python_dop_operator_3.py took 0.059 seconds
[2021-08-15 22:33:49,059] {scheduler_job.py:181} INFO - Started process (PID=72284) to work on /Users/kennethlau/airflow/airflow-tutorial/env_airflow/lib/python3.8/site-packages/airflow/example_dags/example_branch_python_dop_operator_3.py
[2021-08-15 22:33:49,060] {scheduler_job.py:632} INFO - Processing file /Users/kennethlau/airflow/airflow-tutorial/env_airflow/lib/python3.8/site-packages/airflow/example_dags/example_branch_python_dop_operator_3.py for tasks to queue
[2021-08-15 22:33:49,060] {logging_mixin.py:104} INFO - [2021-08-15 22:33:49,060] {dagbag.py:496} INFO - Filling up the DagBag from /Users/kennethlau/airflow/airflow-tutorial/env_airflow/lib/python3.8/site-packages/airflow/example_dags/example_branch_python_dop_operator_3.py
[2021-08-15 22:33:49,066] {scheduler_job.py:642} INFO - DAG(s) dict_keys(['example_branch_dop_operator_v3']) retrieved from /Users/kennethlau/airflow/airflow-tutorial/env_airflow/lib/python3.8/site-packages/airflow/example_dags/example_branch_python_dop_operator_3.py
[2021-08-15 22:33:49,090] {logging_mixin.py:104} INFO - [2021-08-15 22:33:49,090] {dag.py:1833} INFO - Sync 1 DAGs
[2021-08-15 22:33:49,101] {logging_mixin.py:104} INFO - [2021-08-15 22:33:49,101] {dag.py:2306} INFO - Setting next_dagrun for example_branch_dop_operator_v3 to 2021-08-14 00:00:00+00:00
[2021-08-15 22:33:49,107] {scheduler_job.py:189} INFO - Processing /Users/kennethlau/airflow/airflow-tutorial/env_airflow/lib/python3.8/site-packages/airflow/example_dags/example_branch_python_dop_operator_3.py took 0.048 seconds
[2021-08-15 22:34:48,771] {scheduler_job.py:181} INFO - Started process (PID=72352) to work on /Users/kennethlau/airflow/airflow-tutorial/env_airflow/lib/python3.8/site-packages/airflow/example_dags/example_branch_python_dop_operator_3.py
[2021-08-15 22:34:48,772] {scheduler_job.py:632} INFO - Processing file /Users/kennethlau/airflow/airflow-tutorial/env_airflow/lib/python3.8/site-packages/airflow/example_dags/example_branch_python_dop_operator_3.py for tasks to queue
[2021-08-15 22:34:48,773] {logging_mixin.py:104} INFO - [2021-08-15 22:34:48,773] {dagbag.py:496} INFO - Filling up the DagBag from /Users/kennethlau/airflow/airflow-tutorial/env_airflow/lib/python3.8/site-packages/airflow/example_dags/example_branch_python_dop_operator_3.py
[2021-08-15 22:34:48,780] {scheduler_job.py:642} INFO - DAG(s) dict_keys(['example_branch_dop_operator_v3']) retrieved from /Users/kennethlau/airflow/airflow-tutorial/env_airflow/lib/python3.8/site-packages/airflow/example_dags/example_branch_python_dop_operator_3.py
[2021-08-15 22:34:48,804] {logging_mixin.py:104} INFO - [2021-08-15 22:34:48,804] {dag.py:1833} INFO - Sync 1 DAGs
[2021-08-15 22:34:48,816] {logging_mixin.py:104} INFO - [2021-08-15 22:34:48,816] {dag.py:2306} INFO - Setting next_dagrun for example_branch_dop_operator_v3 to 2021-08-14 00:00:00+00:00
[2021-08-15 22:34:48,822] {scheduler_job.py:189} INFO - Processing /Users/kennethlau/airflow/airflow-tutorial/env_airflow/lib/python3.8/site-packages/airflow/example_dags/example_branch_python_dop_operator_3.py took 0.051 seconds
[2021-08-15 22:37:03,434] {scheduler_job.py:181} INFO - Started process (PID=72487) to work on /Users/kennethlau/airflow/airflow-tutorial/env_airflow/lib/python3.8/site-packages/airflow/example_dags/example_branch_python_dop_operator_3.py
[2021-08-15 22:37:03,435] {scheduler_job.py:632} INFO - Processing file /Users/kennethlau/airflow/airflow-tutorial/env_airflow/lib/python3.8/site-packages/airflow/example_dags/example_branch_python_dop_operator_3.py for tasks to queue
[2021-08-15 22:37:03,435] {logging_mixin.py:104} INFO - [2021-08-15 22:37:03,435] {dagbag.py:496} INFO - Filling up the DagBag from /Users/kennethlau/airflow/airflow-tutorial/env_airflow/lib/python3.8/site-packages/airflow/example_dags/example_branch_python_dop_operator_3.py
[2021-08-15 22:37:03,444] {scheduler_job.py:642} INFO - DAG(s) dict_keys(['example_branch_dop_operator_v3']) retrieved from /Users/kennethlau/airflow/airflow-tutorial/env_airflow/lib/python3.8/site-packages/airflow/example_dags/example_branch_python_dop_operator_3.py
[2021-08-15 22:37:03,473] {logging_mixin.py:104} INFO - [2021-08-15 22:37:03,473] {dag.py:1833} INFO - Sync 1 DAGs
[2021-08-15 22:37:03,485] {logging_mixin.py:104} INFO - [2021-08-15 22:37:03,485] {dag.py:2306} INFO - Setting next_dagrun for example_branch_dop_operator_v3 to 2021-08-14 00:00:00+00:00
[2021-08-15 22:37:03,491] {scheduler_job.py:189} INFO - Processing /Users/kennethlau/airflow/airflow-tutorial/env_airflow/lib/python3.8/site-packages/airflow/example_dags/example_branch_python_dop_operator_3.py took 0.058 seconds
[2021-08-15 22:38:02,294] {scheduler_job.py:181} INFO - Started process (PID=72558) to work on /Users/kennethlau/airflow/airflow-tutorial/env_airflow/lib/python3.8/site-packages/airflow/example_dags/example_branch_python_dop_operator_3.py
[2021-08-15 22:38:02,296] {scheduler_job.py:632} INFO - Processing file /Users/kennethlau/airflow/airflow-tutorial/env_airflow/lib/python3.8/site-packages/airflow/example_dags/example_branch_python_dop_operator_3.py for tasks to queue
[2021-08-15 22:38:02,296] {logging_mixin.py:104} INFO - [2021-08-15 22:38:02,296] {dagbag.py:496} INFO - Filling up the DagBag from /Users/kennethlau/airflow/airflow-tutorial/env_airflow/lib/python3.8/site-packages/airflow/example_dags/example_branch_python_dop_operator_3.py
[2021-08-15 22:38:02,304] {scheduler_job.py:642} INFO - DAG(s) dict_keys(['example_branch_dop_operator_v3']) retrieved from /Users/kennethlau/airflow/airflow-tutorial/env_airflow/lib/python3.8/site-packages/airflow/example_dags/example_branch_python_dop_operator_3.py
[2021-08-15 22:38:02,330] {logging_mixin.py:104} INFO - [2021-08-15 22:38:02,330] {dag.py:1833} INFO - Sync 1 DAGs
[2021-08-15 22:38:02,341] {logging_mixin.py:104} INFO - [2021-08-15 22:38:02,341] {dag.py:2306} INFO - Setting next_dagrun for example_branch_dop_operator_v3 to 2021-08-14 00:00:00+00:00
[2021-08-15 22:38:02,348] {scheduler_job.py:189} INFO - Processing /Users/kennethlau/airflow/airflow-tutorial/env_airflow/lib/python3.8/site-packages/airflow/example_dags/example_branch_python_dop_operator_3.py took 0.054 seconds
[2021-08-15 22:38:59,793] {scheduler_job.py:181} INFO - Started process (PID=72636) to work on /Users/kennethlau/airflow/airflow-tutorial/env_airflow/lib/python3.8/site-packages/airflow/example_dags/example_branch_python_dop_operator_3.py
[2021-08-15 22:38:59,794] {scheduler_job.py:632} INFO - Processing file /Users/kennethlau/airflow/airflow-tutorial/env_airflow/lib/python3.8/site-packages/airflow/example_dags/example_branch_python_dop_operator_3.py for tasks to queue
[2021-08-15 22:38:59,794] {logging_mixin.py:104} INFO - [2021-08-15 22:38:59,794] {dagbag.py:496} INFO - Filling up the DagBag from /Users/kennethlau/airflow/airflow-tutorial/env_airflow/lib/python3.8/site-packages/airflow/example_dags/example_branch_python_dop_operator_3.py
[2021-08-15 22:38:59,802] {scheduler_job.py:642} INFO - DAG(s) dict_keys(['example_branch_dop_operator_v3']) retrieved from /Users/kennethlau/airflow/airflow-tutorial/env_airflow/lib/python3.8/site-packages/airflow/example_dags/example_branch_python_dop_operator_3.py
[2021-08-15 22:38:59,825] {logging_mixin.py:104} INFO - [2021-08-15 22:38:59,825] {dag.py:1833} INFO - Sync 1 DAGs
[2021-08-15 22:38:59,836] {logging_mixin.py:104} INFO - [2021-08-15 22:38:59,836] {dag.py:2306} INFO - Setting next_dagrun for example_branch_dop_operator_v3 to 2021-08-14 00:00:00+00:00
[2021-08-15 22:38:59,842] {scheduler_job.py:189} INFO - Processing /Users/kennethlau/airflow/airflow-tutorial/env_airflow/lib/python3.8/site-packages/airflow/example_dags/example_branch_python_dop_operator_3.py took 0.050 seconds
[2021-08-15 22:39:55,830] {scheduler_job.py:181} INFO - Started process (PID=72699) to work on /Users/kennethlau/airflow/airflow-tutorial/env_airflow/lib/python3.8/site-packages/airflow/example_dags/example_branch_python_dop_operator_3.py
[2021-08-15 22:39:55,830] {scheduler_job.py:632} INFO - Processing file /Users/kennethlau/airflow/airflow-tutorial/env_airflow/lib/python3.8/site-packages/airflow/example_dags/example_branch_python_dop_operator_3.py for tasks to queue
[2021-08-15 22:39:55,831] {logging_mixin.py:104} INFO - [2021-08-15 22:39:55,831] {dagbag.py:496} INFO - Filling up the DagBag from /Users/kennethlau/airflow/airflow-tutorial/env_airflow/lib/python3.8/site-packages/airflow/example_dags/example_branch_python_dop_operator_3.py
[2021-08-15 22:39:55,839] {scheduler_job.py:642} INFO - DAG(s) dict_keys(['example_branch_dop_operator_v3']) retrieved from /Users/kennethlau/airflow/airflow-tutorial/env_airflow/lib/python3.8/site-packages/airflow/example_dags/example_branch_python_dop_operator_3.py
[2021-08-15 22:39:55,862] {logging_mixin.py:104} INFO - [2021-08-15 22:39:55,862] {dag.py:1833} INFO - Sync 1 DAGs
[2021-08-15 22:39:55,873] {logging_mixin.py:104} INFO - [2021-08-15 22:39:55,873] {dag.py:2306} INFO - Setting next_dagrun for example_branch_dop_operator_v3 to 2021-08-14 00:00:00+00:00
[2021-08-15 22:39:55,879] {scheduler_job.py:189} INFO - Processing /Users/kennethlau/airflow/airflow-tutorial/env_airflow/lib/python3.8/site-packages/airflow/example_dags/example_branch_python_dop_operator_3.py took 0.050 seconds
