[2021-08-15 20:26:24,420] {scheduler_job.py:181} INFO - Started process (PID=70821) to work on /Users/kennethlau/airflow/airflow-tutorial/env_airflow/lib/python3.8/site-packages/airflow/example_dags/example_dag_decorator.py
[2021-08-15 20:26:24,420] {scheduler_job.py:632} INFO - Processing file /Users/kennethlau/airflow/airflow-tutorial/env_airflow/lib/python3.8/site-packages/airflow/example_dags/example_dag_decorator.py for tasks to queue
[2021-08-15 20:26:24,421] {logging_mixin.py:104} INFO - [2021-08-15 20:26:24,421] {dagbag.py:496} INFO - Filling up the DagBag from /Users/kennethlau/airflow/airflow-tutorial/env_airflow/lib/python3.8/site-packages/airflow/example_dags/example_dag_decorator.py
[2021-08-15 20:26:24,429] {scheduler_job.py:642} INFO - DAG(s) dict_keys(['example_dag_decorator']) retrieved from /Users/kennethlau/airflow/airflow-tutorial/env_airflow/lib/python3.8/site-packages/airflow/example_dags/example_dag_decorator.py
[2021-08-15 20:26:24,657] {logging_mixin.py:104} INFO - [2021-08-15 20:26:24,657] {dag.py:1833} INFO - Sync 1 DAGs
[2021-08-15 20:26:24,662] {logging_mixin.py:104} INFO - [2021-08-15 20:26:24,661] {dag.py:2306} INFO - Setting next_dagrun for example_dag_decorator to None
[2021-08-15 20:26:24,669] {scheduler_job.py:189} INFO - Processing /Users/kennethlau/airflow/airflow-tutorial/env_airflow/lib/python3.8/site-packages/airflow/example_dags/example_dag_decorator.py took 0.249 seconds
[2021-08-15 22:30:07,921] {scheduler_job.py:181} INFO - Started process (PID=72026) to work on /Users/kennethlau/airflow/airflow-tutorial/env_airflow/lib/python3.8/site-packages/airflow/example_dags/example_dag_decorator.py
[2021-08-15 22:30:07,922] {scheduler_job.py:632} INFO - Processing file /Users/kennethlau/airflow/airflow-tutorial/env_airflow/lib/python3.8/site-packages/airflow/example_dags/example_dag_decorator.py for tasks to queue
[2021-08-15 22:30:07,923] {logging_mixin.py:104} INFO - [2021-08-15 22:30:07,922] {dagbag.py:496} INFO - Filling up the DagBag from /Users/kennethlau/airflow/airflow-tutorial/env_airflow/lib/python3.8/site-packages/airflow/example_dags/example_dag_decorator.py
[2021-08-15 22:30:07,934] {scheduler_job.py:642} INFO - DAG(s) dict_keys(['example_dag_decorator']) retrieved from /Users/kennethlau/airflow/airflow-tutorial/env_airflow/lib/python3.8/site-packages/airflow/example_dags/example_dag_decorator.py
[2021-08-15 22:30:08,197] {logging_mixin.py:104} INFO - [2021-08-15 22:30:08,197] {dag.py:1833} INFO - Sync 1 DAGs
[2021-08-15 22:30:08,203] {logging_mixin.py:104} INFO - [2021-08-15 22:30:08,203] {dag.py:2306} INFO - Setting next_dagrun for example_dag_decorator to None
[2021-08-15 22:30:08,211] {scheduler_job.py:189} INFO - Processing /Users/kennethlau/airflow/airflow-tutorial/env_airflow/lib/python3.8/site-packages/airflow/example_dags/example_dag_decorator.py took 0.290 seconds
[2021-08-15 22:31:40,491] {scheduler_job.py:181} INFO - Started process (PID=72136) to work on /Users/kennethlau/airflow/airflow-tutorial/env_airflow/lib/python3.8/site-packages/airflow/example_dags/example_dag_decorator.py
[2021-08-15 22:31:40,492] {scheduler_job.py:632} INFO - Processing file /Users/kennethlau/airflow/airflow-tutorial/env_airflow/lib/python3.8/site-packages/airflow/example_dags/example_dag_decorator.py for tasks to queue
[2021-08-15 22:31:40,493] {logging_mixin.py:104} INFO - [2021-08-15 22:31:40,492] {dagbag.py:496} INFO - Filling up the DagBag from /Users/kennethlau/airflow/airflow-tutorial/env_airflow/lib/python3.8/site-packages/airflow/example_dags/example_dag_decorator.py
[2021-08-15 22:31:40,504] {scheduler_job.py:642} INFO - DAG(s) dict_keys(['example_dag_decorator']) retrieved from /Users/kennethlau/airflow/airflow-tutorial/env_airflow/lib/python3.8/site-packages/airflow/example_dags/example_dag_decorator.py
[2021-08-15 22:31:40,780] {logging_mixin.py:104} INFO - [2021-08-15 22:31:40,779] {dag.py:1833} INFO - Sync 1 DAGs
[2021-08-15 22:31:40,787] {logging_mixin.py:104} INFO - [2021-08-15 22:31:40,787] {dag.py:2306} INFO - Setting next_dagrun for example_dag_decorator to None
[2021-08-15 22:31:40,795] {scheduler_job.py:189} INFO - Processing /Users/kennethlau/airflow/airflow-tutorial/env_airflow/lib/python3.8/site-packages/airflow/example_dags/example_dag_decorator.py took 0.305 seconds
[2021-08-15 22:32:45,542] {scheduler_job.py:181} INFO - Started process (PID=72211) to work on /Users/kennethlau/airflow/airflow-tutorial/env_airflow/lib/python3.8/site-packages/airflow/example_dags/example_dag_decorator.py
[2021-08-15 22:32:45,543] {scheduler_job.py:632} INFO - Processing file /Users/kennethlau/airflow/airflow-tutorial/env_airflow/lib/python3.8/site-packages/airflow/example_dags/example_dag_decorator.py for tasks to queue
[2021-08-15 22:32:45,543] {logging_mixin.py:104} INFO - [2021-08-15 22:32:45,543] {dagbag.py:496} INFO - Filling up the DagBag from /Users/kennethlau/airflow/airflow-tutorial/env_airflow/lib/python3.8/site-packages/airflow/example_dags/example_dag_decorator.py
[2021-08-15 22:32:45,555] {scheduler_job.py:642} INFO - DAG(s) dict_keys(['example_dag_decorator']) retrieved from /Users/kennethlau/airflow/airflow-tutorial/env_airflow/lib/python3.8/site-packages/airflow/example_dags/example_dag_decorator.py
[2021-08-15 22:32:45,834] {logging_mixin.py:104} INFO - [2021-08-15 22:32:45,834] {dag.py:1833} INFO - Sync 1 DAGs
[2021-08-15 22:32:45,840] {logging_mixin.py:104} INFO - [2021-08-15 22:32:45,840] {dag.py:2306} INFO - Setting next_dagrun for example_dag_decorator to None
[2021-08-15 22:32:45,848] {scheduler_job.py:189} INFO - Processing /Users/kennethlau/airflow/airflow-tutorial/env_airflow/lib/python3.8/site-packages/airflow/example_dags/example_dag_decorator.py took 0.306 seconds
[2021-08-15 22:33:45,212] {scheduler_job.py:181} INFO - Started process (PID=72280) to work on /Users/kennethlau/airflow/airflow-tutorial/env_airflow/lib/python3.8/site-packages/airflow/example_dags/example_dag_decorator.py
[2021-08-15 22:33:45,213] {scheduler_job.py:632} INFO - Processing file /Users/kennethlau/airflow/airflow-tutorial/env_airflow/lib/python3.8/site-packages/airflow/example_dags/example_dag_decorator.py for tasks to queue
[2021-08-15 22:33:45,213] {logging_mixin.py:104} INFO - [2021-08-15 22:33:45,213] {dagbag.py:496} INFO - Filling up the DagBag from /Users/kennethlau/airflow/airflow-tutorial/env_airflow/lib/python3.8/site-packages/airflow/example_dags/example_dag_decorator.py
[2021-08-15 22:33:45,222] {scheduler_job.py:642} INFO - DAG(s) dict_keys(['example_dag_decorator']) retrieved from /Users/kennethlau/airflow/airflow-tutorial/env_airflow/lib/python3.8/site-packages/airflow/example_dags/example_dag_decorator.py
[2021-08-15 22:33:45,460] {logging_mixin.py:104} INFO - [2021-08-15 22:33:45,460] {dag.py:1833} INFO - Sync 1 DAGs
[2021-08-15 22:33:45,465] {logging_mixin.py:104} INFO - [2021-08-15 22:33:45,465] {dag.py:2306} INFO - Setting next_dagrun for example_dag_decorator to None
[2021-08-15 22:33:45,473] {scheduler_job.py:189} INFO - Processing /Users/kennethlau/airflow/airflow-tutorial/env_airflow/lib/python3.8/site-packages/airflow/example_dags/example_dag_decorator.py took 0.261 seconds
[2021-08-15 22:34:44,843] {scheduler_job.py:181} INFO - Started process (PID=72348) to work on /Users/kennethlau/airflow/airflow-tutorial/env_airflow/lib/python3.8/site-packages/airflow/example_dags/example_dag_decorator.py
[2021-08-15 22:34:44,844] {scheduler_job.py:632} INFO - Processing file /Users/kennethlau/airflow/airflow-tutorial/env_airflow/lib/python3.8/site-packages/airflow/example_dags/example_dag_decorator.py for tasks to queue
[2021-08-15 22:34:44,844] {logging_mixin.py:104} INFO - [2021-08-15 22:34:44,844] {dagbag.py:496} INFO - Filling up the DagBag from /Users/kennethlau/airflow/airflow-tutorial/env_airflow/lib/python3.8/site-packages/airflow/example_dags/example_dag_decorator.py
[2021-08-15 22:34:44,857] {scheduler_job.py:642} INFO - DAG(s) dict_keys(['example_dag_decorator']) retrieved from /Users/kennethlau/airflow/airflow-tutorial/env_airflow/lib/python3.8/site-packages/airflow/example_dags/example_dag_decorator.py
[2021-08-15 22:34:45,108] {logging_mixin.py:104} INFO - [2021-08-15 22:34:45,108] {dag.py:1833} INFO - Sync 1 DAGs
[2021-08-15 22:34:45,114] {logging_mixin.py:104} INFO - [2021-08-15 22:34:45,114] {dag.py:2306} INFO - Setting next_dagrun for example_dag_decorator to None
[2021-08-15 22:34:45,121] {scheduler_job.py:189} INFO - Processing /Users/kennethlau/airflow/airflow-tutorial/env_airflow/lib/python3.8/site-packages/airflow/example_dags/example_dag_decorator.py took 0.279 seconds
[2021-08-15 22:36:59,907] {scheduler_job.py:181} INFO - Started process (PID=72483) to work on /Users/kennethlau/airflow/airflow-tutorial/env_airflow/lib/python3.8/site-packages/airflow/example_dags/example_dag_decorator.py
[2021-08-15 22:36:59,907] {scheduler_job.py:632} INFO - Processing file /Users/kennethlau/airflow/airflow-tutorial/env_airflow/lib/python3.8/site-packages/airflow/example_dags/example_dag_decorator.py for tasks to queue
[2021-08-15 22:36:59,908] {logging_mixin.py:104} INFO - [2021-08-15 22:36:59,908] {dagbag.py:496} INFO - Filling up the DagBag from /Users/kennethlau/airflow/airflow-tutorial/env_airflow/lib/python3.8/site-packages/airflow/example_dags/example_dag_decorator.py
[2021-08-15 22:36:59,920] {scheduler_job.py:642} INFO - DAG(s) dict_keys(['example_dag_decorator']) retrieved from /Users/kennethlau/airflow/airflow-tutorial/env_airflow/lib/python3.8/site-packages/airflow/example_dags/example_dag_decorator.py
[2021-08-15 22:37:00,164] {logging_mixin.py:104} INFO - [2021-08-15 22:37:00,163] {dag.py:1833} INFO - Sync 1 DAGs
[2021-08-15 22:37:00,169] {logging_mixin.py:104} INFO - [2021-08-15 22:37:00,169] {dag.py:2306} INFO - Setting next_dagrun for example_dag_decorator to None
[2021-08-15 22:37:00,175] {scheduler_job.py:189} INFO - Processing /Users/kennethlau/airflow/airflow-tutorial/env_airflow/lib/python3.8/site-packages/airflow/example_dags/example_dag_decorator.py took 0.269 seconds
[2021-08-15 22:37:58,336] {scheduler_job.py:181} INFO - Started process (PID=72550) to work on /Users/kennethlau/airflow/airflow-tutorial/env_airflow/lib/python3.8/site-packages/airflow/example_dags/example_dag_decorator.py
[2021-08-15 22:37:58,337] {scheduler_job.py:632} INFO - Processing file /Users/kennethlau/airflow/airflow-tutorial/env_airflow/lib/python3.8/site-packages/airflow/example_dags/example_dag_decorator.py for tasks to queue
[2021-08-15 22:37:58,337] {logging_mixin.py:104} INFO - [2021-08-15 22:37:58,337] {dagbag.py:496} INFO - Filling up the DagBag from /Users/kennethlau/airflow/airflow-tutorial/env_airflow/lib/python3.8/site-packages/airflow/example_dags/example_dag_decorator.py
[2021-08-15 22:37:58,349] {scheduler_job.py:642} INFO - DAG(s) dict_keys(['example_dag_decorator']) retrieved from /Users/kennethlau/airflow/airflow-tutorial/env_airflow/lib/python3.8/site-packages/airflow/example_dags/example_dag_decorator.py
[2021-08-15 22:37:58,596] {logging_mixin.py:104} INFO - [2021-08-15 22:37:58,596] {dag.py:1833} INFO - Sync 1 DAGs
[2021-08-15 22:37:58,602] {logging_mixin.py:104} INFO - [2021-08-15 22:37:58,602] {dag.py:2306} INFO - Setting next_dagrun for example_dag_decorator to None
[2021-08-15 22:37:58,609] {scheduler_job.py:189} INFO - Processing /Users/kennethlau/airflow/airflow-tutorial/env_airflow/lib/python3.8/site-packages/airflow/example_dags/example_dag_decorator.py took 0.274 seconds
[2021-08-15 22:38:55,975] {scheduler_job.py:181} INFO - Started process (PID=72632) to work on /Users/kennethlau/airflow/airflow-tutorial/env_airflow/lib/python3.8/site-packages/airflow/example_dags/example_dag_decorator.py
[2021-08-15 22:38:55,975] {scheduler_job.py:632} INFO - Processing file /Users/kennethlau/airflow/airflow-tutorial/env_airflow/lib/python3.8/site-packages/airflow/example_dags/example_dag_decorator.py for tasks to queue
[2021-08-15 22:38:55,976] {logging_mixin.py:104} INFO - [2021-08-15 22:38:55,975] {dagbag.py:496} INFO - Filling up the DagBag from /Users/kennethlau/airflow/airflow-tutorial/env_airflow/lib/python3.8/site-packages/airflow/example_dags/example_dag_decorator.py
[2021-08-15 22:38:55,987] {scheduler_job.py:642} INFO - DAG(s) dict_keys(['example_dag_decorator']) retrieved from /Users/kennethlau/airflow/airflow-tutorial/env_airflow/lib/python3.8/site-packages/airflow/example_dags/example_dag_decorator.py
[2021-08-15 22:38:56,231] {logging_mixin.py:104} INFO - [2021-08-15 22:38:56,231] {dag.py:1833} INFO - Sync 1 DAGs
[2021-08-15 22:38:56,237] {logging_mixin.py:104} INFO - [2021-08-15 22:38:56,237] {dag.py:2306} INFO - Setting next_dagrun for example_dag_decorator to None
[2021-08-15 22:38:56,243] {scheduler_job.py:189} INFO - Processing /Users/kennethlau/airflow/airflow-tutorial/env_airflow/lib/python3.8/site-packages/airflow/example_dags/example_dag_decorator.py took 0.269 seconds
[2021-08-15 22:39:51,916] {scheduler_job.py:181} INFO - Started process (PID=72695) to work on /Users/kennethlau/airflow/airflow-tutorial/env_airflow/lib/python3.8/site-packages/airflow/example_dags/example_dag_decorator.py
[2021-08-15 22:39:51,917] {scheduler_job.py:632} INFO - Processing file /Users/kennethlau/airflow/airflow-tutorial/env_airflow/lib/python3.8/site-packages/airflow/example_dags/example_dag_decorator.py for tasks to queue
[2021-08-15 22:39:51,917] {logging_mixin.py:104} INFO - [2021-08-15 22:39:51,917] {dagbag.py:496} INFO - Filling up the DagBag from /Users/kennethlau/airflow/airflow-tutorial/env_airflow/lib/python3.8/site-packages/airflow/example_dags/example_dag_decorator.py
[2021-08-15 22:39:51,929] {scheduler_job.py:642} INFO - DAG(s) dict_keys(['example_dag_decorator']) retrieved from /Users/kennethlau/airflow/airflow-tutorial/env_airflow/lib/python3.8/site-packages/airflow/example_dags/example_dag_decorator.py
[2021-08-15 22:39:52,182] {logging_mixin.py:104} INFO - [2021-08-15 22:39:52,182] {dag.py:1833} INFO - Sync 1 DAGs
[2021-08-15 22:39:52,189] {logging_mixin.py:104} INFO - [2021-08-15 22:39:52,189] {dag.py:2306} INFO - Setting next_dagrun for example_dag_decorator to None
[2021-08-15 22:39:52,196] {scheduler_job.py:189} INFO - Processing /Users/kennethlau/airflow/airflow-tutorial/env_airflow/lib/python3.8/site-packages/airflow/example_dags/example_dag_decorator.py took 0.281 seconds
