[2021-08-15 20:25:41,721] {scheduler_job.py:181} INFO - Started process (PID=70768) to work on /Users/kennethlau/airflow/airflow-tutorial/env_airflow/lib/python3.8/site-packages/airflow/example_dags/tutorial_taskflow_api_etl.py
[2021-08-15 20:25:41,721] {scheduler_job.py:632} INFO - Processing file /Users/kennethlau/airflow/airflow-tutorial/env_airflow/lib/python3.8/site-packages/airflow/example_dags/tutorial_taskflow_api_etl.py for tasks to queue
[2021-08-15 20:25:41,721] {logging_mixin.py:104} INFO - [2021-08-15 20:25:41,721] {dagbag.py:496} INFO - Filling up the DagBag from /Users/kennethlau/airflow/airflow-tutorial/env_airflow/lib/python3.8/site-packages/airflow/example_dags/tutorial_taskflow_api_etl.py
[2021-08-15 20:25:41,729] {scheduler_job.py:642} INFO - DAG(s) dict_keys(['tutorial_taskflow_api_etl']) retrieved from /Users/kennethlau/airflow/airflow-tutorial/env_airflow/lib/python3.8/site-packages/airflow/example_dags/tutorial_taskflow_api_etl.py
[2021-08-15 20:25:42,178] {logging_mixin.py:104} INFO - [2021-08-15 20:25:42,178] {dag.py:1833} INFO - Sync 1 DAGs
[2021-08-15 20:25:42,185] {logging_mixin.py:104} INFO - [2021-08-15 20:25:42,185] {dag.py:2306} INFO - Setting next_dagrun for tutorial_taskflow_api_etl to None
[2021-08-15 20:25:42,192] {scheduler_job.py:189} INFO - Processing /Users/kennethlau/airflow/airflow-tutorial/env_airflow/lib/python3.8/site-packages/airflow/example_dags/tutorial_taskflow_api_etl.py took 0.472 seconds
[2021-08-15 22:29:25,795] {scheduler_job.py:181} INFO - Started process (PID=71974) to work on /Users/kennethlau/airflow/airflow-tutorial/env_airflow/lib/python3.8/site-packages/airflow/example_dags/tutorial_taskflow_api_etl.py
[2021-08-15 22:29:25,796] {scheduler_job.py:632} INFO - Processing file /Users/kennethlau/airflow/airflow-tutorial/env_airflow/lib/python3.8/site-packages/airflow/example_dags/tutorial_taskflow_api_etl.py for tasks to queue
[2021-08-15 22:29:25,796] {logging_mixin.py:104} INFO - [2021-08-15 22:29:25,796] {dagbag.py:496} INFO - Filling up the DagBag from /Users/kennethlau/airflow/airflow-tutorial/env_airflow/lib/python3.8/site-packages/airflow/example_dags/tutorial_taskflow_api_etl.py
[2021-08-15 22:29:25,805] {scheduler_job.py:642} INFO - DAG(s) dict_keys(['tutorial_taskflow_api_etl']) retrieved from /Users/kennethlau/airflow/airflow-tutorial/env_airflow/lib/python3.8/site-packages/airflow/example_dags/tutorial_taskflow_api_etl.py
[2021-08-15 22:29:26,081] {logging_mixin.py:104} INFO - [2021-08-15 22:29:26,081] {dag.py:1833} INFO - Sync 1 DAGs
[2021-08-15 22:29:26,086] {logging_mixin.py:104} INFO - [2021-08-15 22:29:26,086] {dag.py:2306} INFO - Setting next_dagrun for tutorial_taskflow_api_etl to None
[2021-08-15 22:29:26,095] {scheduler_job.py:189} INFO - Processing /Users/kennethlau/airflow/airflow-tutorial/env_airflow/lib/python3.8/site-packages/airflow/example_dags/tutorial_taskflow_api_etl.py took 0.301 seconds
[2021-08-15 22:30:30,220] {scheduler_job.py:181} INFO - Started process (PID=72050) to work on /Users/kennethlau/airflow/airflow-tutorial/env_airflow/lib/python3.8/site-packages/airflow/example_dags/tutorial_taskflow_api_etl.py
[2021-08-15 22:30:30,221] {scheduler_job.py:632} INFO - Processing file /Users/kennethlau/airflow/airflow-tutorial/env_airflow/lib/python3.8/site-packages/airflow/example_dags/tutorial_taskflow_api_etl.py for tasks to queue
[2021-08-15 22:30:30,221] {logging_mixin.py:104} INFO - [2021-08-15 22:30:30,221] {dagbag.py:496} INFO - Filling up the DagBag from /Users/kennethlau/airflow/airflow-tutorial/env_airflow/lib/python3.8/site-packages/airflow/example_dags/tutorial_taskflow_api_etl.py
[2021-08-15 22:30:30,231] {scheduler_job.py:642} INFO - DAG(s) dict_keys(['tutorial_taskflow_api_etl']) retrieved from /Users/kennethlau/airflow/airflow-tutorial/env_airflow/lib/python3.8/site-packages/airflow/example_dags/tutorial_taskflow_api_etl.py
[2021-08-15 22:30:30,512] {logging_mixin.py:104} INFO - [2021-08-15 22:30:30,512] {dag.py:1833} INFO - Sync 1 DAGs
[2021-08-15 22:30:30,519] {logging_mixin.py:104} INFO - [2021-08-15 22:30:30,519] {dag.py:2306} INFO - Setting next_dagrun for tutorial_taskflow_api_etl to None
[2021-08-15 22:30:30,528] {scheduler_job.py:189} INFO - Processing /Users/kennethlau/airflow/airflow-tutorial/env_airflow/lib/python3.8/site-packages/airflow/example_dags/tutorial_taskflow_api_etl.py took 0.309 seconds
[2021-08-15 22:31:17,174] {scheduler_job.py:181} INFO - Started process (PID=72112) to work on /Users/kennethlau/airflow/airflow-tutorial/env_airflow/lib/python3.8/site-packages/airflow/example_dags/tutorial_taskflow_api_etl.py
[2021-08-15 22:31:17,174] {scheduler_job.py:632} INFO - Processing file /Users/kennethlau/airflow/airflow-tutorial/env_airflow/lib/python3.8/site-packages/airflow/example_dags/tutorial_taskflow_api_etl.py for tasks to queue
[2021-08-15 22:31:17,175] {logging_mixin.py:104} INFO - [2021-08-15 22:31:17,175] {dagbag.py:496} INFO - Filling up the DagBag from /Users/kennethlau/airflow/airflow-tutorial/env_airflow/lib/python3.8/site-packages/airflow/example_dags/tutorial_taskflow_api_etl.py
[2021-08-15 22:31:17,184] {scheduler_job.py:642} INFO - DAG(s) dict_keys(['tutorial_taskflow_api_etl']) retrieved from /Users/kennethlau/airflow/airflow-tutorial/env_airflow/lib/python3.8/site-packages/airflow/example_dags/tutorial_taskflow_api_etl.py
[2021-08-15 22:31:17,487] {logging_mixin.py:104} INFO - [2021-08-15 22:31:17,486] {dag.py:1833} INFO - Sync 1 DAGs
[2021-08-15 22:31:17,497] {logging_mixin.py:104} INFO - [2021-08-15 22:31:17,497] {dag.py:2306} INFO - Setting next_dagrun for tutorial_taskflow_api_etl to None
[2021-08-15 22:31:17,506] {scheduler_job.py:189} INFO - Processing /Users/kennethlau/airflow/airflow-tutorial/env_airflow/lib/python3.8/site-packages/airflow/example_dags/tutorial_taskflow_api_etl.py took 0.333 seconds
[2021-08-15 22:32:01,893] {scheduler_job.py:181} INFO - Started process (PID=72165) to work on /Users/kennethlau/airflow/airflow-tutorial/env_airflow/lib/python3.8/site-packages/airflow/example_dags/tutorial_taskflow_api_etl.py
[2021-08-15 22:32:01,894] {scheduler_job.py:632} INFO - Processing file /Users/kennethlau/airflow/airflow-tutorial/env_airflow/lib/python3.8/site-packages/airflow/example_dags/tutorial_taskflow_api_etl.py for tasks to queue
[2021-08-15 22:32:01,894] {logging_mixin.py:104} INFO - [2021-08-15 22:32:01,894] {dagbag.py:496} INFO - Filling up the DagBag from /Users/kennethlau/airflow/airflow-tutorial/env_airflow/lib/python3.8/site-packages/airflow/example_dags/tutorial_taskflow_api_etl.py
[2021-08-15 22:32:01,903] {scheduler_job.py:642} INFO - DAG(s) dict_keys(['tutorial_taskflow_api_etl']) retrieved from /Users/kennethlau/airflow/airflow-tutorial/env_airflow/lib/python3.8/site-packages/airflow/example_dags/tutorial_taskflow_api_etl.py
[2021-08-15 22:32:02,195] {logging_mixin.py:104} INFO - [2021-08-15 22:32:02,194] {dag.py:1833} INFO - Sync 1 DAGs
[2021-08-15 22:32:02,202] {logging_mixin.py:104} INFO - [2021-08-15 22:32:02,202] {dag.py:2306} INFO - Setting next_dagrun for tutorial_taskflow_api_etl to None
[2021-08-15 22:32:02,210] {scheduler_job.py:189} INFO - Processing /Users/kennethlau/airflow/airflow-tutorial/env_airflow/lib/python3.8/site-packages/airflow/example_dags/tutorial_taskflow_api_etl.py took 0.317 seconds
[2021-08-15 22:33:05,562] {scheduler_job.py:181} INFO - Started process (PID=72236) to work on /Users/kennethlau/airflow/airflow-tutorial/env_airflow/lib/python3.8/site-packages/airflow/example_dags/tutorial_taskflow_api_etl.py
[2021-08-15 22:33:05,563] {scheduler_job.py:632} INFO - Processing file /Users/kennethlau/airflow/airflow-tutorial/env_airflow/lib/python3.8/site-packages/airflow/example_dags/tutorial_taskflow_api_etl.py for tasks to queue
[2021-08-15 22:33:05,563] {logging_mixin.py:104} INFO - [2021-08-15 22:33:05,563] {dagbag.py:496} INFO - Filling up the DagBag from /Users/kennethlau/airflow/airflow-tutorial/env_airflow/lib/python3.8/site-packages/airflow/example_dags/tutorial_taskflow_api_etl.py
[2021-08-15 22:33:05,571] {scheduler_job.py:642} INFO - DAG(s) dict_keys(['tutorial_taskflow_api_etl']) retrieved from /Users/kennethlau/airflow/airflow-tutorial/env_airflow/lib/python3.8/site-packages/airflow/example_dags/tutorial_taskflow_api_etl.py
[2021-08-15 22:33:05,817] {logging_mixin.py:104} INFO - [2021-08-15 22:33:05,816] {dag.py:1833} INFO - Sync 1 DAGs
[2021-08-15 22:33:05,823] {logging_mixin.py:104} INFO - [2021-08-15 22:33:05,823] {dag.py:2306} INFO - Setting next_dagrun for tutorial_taskflow_api_etl to None
[2021-08-15 22:33:05,831] {scheduler_job.py:189} INFO - Processing /Users/kennethlau/airflow/airflow-tutorial/env_airflow/lib/python3.8/site-packages/airflow/example_dags/tutorial_taskflow_api_etl.py took 0.270 seconds
[2021-08-15 22:34:05,119] {scheduler_job.py:181} INFO - Started process (PID=72304) to work on /Users/kennethlau/airflow/airflow-tutorial/env_airflow/lib/python3.8/site-packages/airflow/example_dags/tutorial_taskflow_api_etl.py
[2021-08-15 22:34:05,119] {scheduler_job.py:632} INFO - Processing file /Users/kennethlau/airflow/airflow-tutorial/env_airflow/lib/python3.8/site-packages/airflow/example_dags/tutorial_taskflow_api_etl.py for tasks to queue
[2021-08-15 22:34:05,119] {logging_mixin.py:104} INFO - [2021-08-15 22:34:05,119] {dagbag.py:496} INFO - Filling up the DagBag from /Users/kennethlau/airflow/airflow-tutorial/env_airflow/lib/python3.8/site-packages/airflow/example_dags/tutorial_taskflow_api_etl.py
[2021-08-15 22:34:05,127] {scheduler_job.py:642} INFO - DAG(s) dict_keys(['tutorial_taskflow_api_etl']) retrieved from /Users/kennethlau/airflow/airflow-tutorial/env_airflow/lib/python3.8/site-packages/airflow/example_dags/tutorial_taskflow_api_etl.py
[2021-08-15 22:34:05,370] {logging_mixin.py:104} INFO - [2021-08-15 22:34:05,370] {dag.py:1833} INFO - Sync 1 DAGs
[2021-08-15 22:34:05,376] {logging_mixin.py:104} INFO - [2021-08-15 22:34:05,376] {dag.py:2306} INFO - Setting next_dagrun for tutorial_taskflow_api_etl to None
[2021-08-15 22:34:05,385] {scheduler_job.py:189} INFO - Processing /Users/kennethlau/airflow/airflow-tutorial/env_airflow/lib/python3.8/site-packages/airflow/example_dags/tutorial_taskflow_api_etl.py took 0.267 seconds
[2021-08-15 22:36:05,194] {scheduler_job.py:181} INFO - Started process (PID=72393) to work on /Users/kennethlau/airflow/airflow-tutorial/env_airflow/lib/python3.8/site-packages/airflow/example_dags/tutorial_taskflow_api_etl.py
[2021-08-15 22:36:05,195] {scheduler_job.py:632} INFO - Processing file /Users/kennethlau/airflow/airflow-tutorial/env_airflow/lib/python3.8/site-packages/airflow/example_dags/tutorial_taskflow_api_etl.py for tasks to queue
[2021-08-15 22:36:05,196] {logging_mixin.py:104} INFO - [2021-08-15 22:36:05,196] {dagbag.py:496} INFO - Filling up the DagBag from /Users/kennethlau/airflow/airflow-tutorial/env_airflow/lib/python3.8/site-packages/airflow/example_dags/tutorial_taskflow_api_etl.py
[2021-08-15 22:36:05,207] {scheduler_job.py:642} INFO - DAG(s) dict_keys(['tutorial_taskflow_api_etl']) retrieved from /Users/kennethlau/airflow/airflow-tutorial/env_airflow/lib/python3.8/site-packages/airflow/example_dags/tutorial_taskflow_api_etl.py
[2021-08-15 22:36:05,527] {logging_mixin.py:104} INFO - [2021-08-15 22:36:05,526] {dag.py:1833} INFO - Sync 1 DAGs
[2021-08-15 22:36:05,534] {logging_mixin.py:104} INFO - [2021-08-15 22:36:05,534] {dag.py:2306} INFO - Setting next_dagrun for tutorial_taskflow_api_etl to None
[2021-08-15 22:36:05,543] {scheduler_job.py:189} INFO - Processing /Users/kennethlau/airflow/airflow-tutorial/env_airflow/lib/python3.8/site-packages/airflow/example_dags/tutorial_taskflow_api_etl.py took 0.349 seconds
[2021-08-15 22:37:20,067] {scheduler_job.py:181} INFO - Started process (PID=72505) to work on /Users/kennethlau/airflow/airflow-tutorial/env_airflow/lib/python3.8/site-packages/airflow/example_dags/tutorial_taskflow_api_etl.py
[2021-08-15 22:37:20,067] {scheduler_job.py:632} INFO - Processing file /Users/kennethlau/airflow/airflow-tutorial/env_airflow/lib/python3.8/site-packages/airflow/example_dags/tutorial_taskflow_api_etl.py for tasks to queue
[2021-08-15 22:37:20,068] {logging_mixin.py:104} INFO - [2021-08-15 22:37:20,068] {dagbag.py:496} INFO - Filling up the DagBag from /Users/kennethlau/airflow/airflow-tutorial/env_airflow/lib/python3.8/site-packages/airflow/example_dags/tutorial_taskflow_api_etl.py
[2021-08-15 22:37:20,077] {scheduler_job.py:642} INFO - DAG(s) dict_keys(['tutorial_taskflow_api_etl']) retrieved from /Users/kennethlau/airflow/airflow-tutorial/env_airflow/lib/python3.8/site-packages/airflow/example_dags/tutorial_taskflow_api_etl.py
[2021-08-15 22:37:20,324] {logging_mixin.py:104} INFO - [2021-08-15 22:37:20,324] {dag.py:1833} INFO - Sync 1 DAGs
[2021-08-15 22:37:20,331] {logging_mixin.py:104} INFO - [2021-08-15 22:37:20,331] {dag.py:2306} INFO - Setting next_dagrun for tutorial_taskflow_api_etl to None
[2021-08-15 22:37:20,338] {scheduler_job.py:189} INFO - Processing /Users/kennethlau/airflow/airflow-tutorial/env_airflow/lib/python3.8/site-packages/airflow/example_dags/tutorial_taskflow_api_etl.py took 0.272 seconds
[2021-08-15 22:38:15,752] {scheduler_job.py:181} INFO - Started process (PID=72574) to work on /Users/kennethlau/airflow/airflow-tutorial/env_airflow/lib/python3.8/site-packages/airflow/example_dags/tutorial_taskflow_api_etl.py
[2021-08-15 22:38:15,753] {scheduler_job.py:632} INFO - Processing file /Users/kennethlau/airflow/airflow-tutorial/env_airflow/lib/python3.8/site-packages/airflow/example_dags/tutorial_taskflow_api_etl.py for tasks to queue
[2021-08-15 22:38:15,753] {logging_mixin.py:104} INFO - [2021-08-15 22:38:15,753] {dagbag.py:496} INFO - Filling up the DagBag from /Users/kennethlau/airflow/airflow-tutorial/env_airflow/lib/python3.8/site-packages/airflow/example_dags/tutorial_taskflow_api_etl.py
[2021-08-15 22:38:15,762] {scheduler_job.py:642} INFO - DAG(s) dict_keys(['tutorial_taskflow_api_etl']) retrieved from /Users/kennethlau/airflow/airflow-tutorial/env_airflow/lib/python3.8/site-packages/airflow/example_dags/tutorial_taskflow_api_etl.py
[2021-08-15 22:38:16,008] {logging_mixin.py:104} INFO - [2021-08-15 22:38:16,007] {dag.py:1833} INFO - Sync 1 DAGs
[2021-08-15 22:38:16,014] {logging_mixin.py:104} INFO - [2021-08-15 22:38:16,013] {dag.py:2306} INFO - Setting next_dagrun for tutorial_taskflow_api_etl to None
[2021-08-15 22:38:16,020] {scheduler_job.py:189} INFO - Processing /Users/kennethlau/airflow/airflow-tutorial/env_airflow/lib/python3.8/site-packages/airflow/example_dags/tutorial_taskflow_api_etl.py took 0.269 seconds
[2021-08-15 22:39:11,122] {scheduler_job.py:181} INFO - Started process (PID=72648) to work on /Users/kennethlau/airflow/airflow-tutorial/env_airflow/lib/python3.8/site-packages/airflow/example_dags/tutorial_taskflow_api_etl.py
[2021-08-15 22:39:11,123] {scheduler_job.py:632} INFO - Processing file /Users/kennethlau/airflow/airflow-tutorial/env_airflow/lib/python3.8/site-packages/airflow/example_dags/tutorial_taskflow_api_etl.py for tasks to queue
[2021-08-15 22:39:11,123] {logging_mixin.py:104} INFO - [2021-08-15 22:39:11,123] {dagbag.py:496} INFO - Filling up the DagBag from /Users/kennethlau/airflow/airflow-tutorial/env_airflow/lib/python3.8/site-packages/airflow/example_dags/tutorial_taskflow_api_etl.py
[2021-08-15 22:39:11,134] {scheduler_job.py:642} INFO - DAG(s) dict_keys(['tutorial_taskflow_api_etl']) retrieved from /Users/kennethlau/airflow/airflow-tutorial/env_airflow/lib/python3.8/site-packages/airflow/example_dags/tutorial_taskflow_api_etl.py
[2021-08-15 22:39:11,388] {logging_mixin.py:104} INFO - [2021-08-15 22:39:11,388] {dag.py:1833} INFO - Sync 1 DAGs
[2021-08-15 22:39:11,395] {logging_mixin.py:104} INFO - [2021-08-15 22:39:11,395] {dag.py:2306} INFO - Setting next_dagrun for tutorial_taskflow_api_etl to None
[2021-08-15 22:39:11,404] {scheduler_job.py:189} INFO - Processing /Users/kennethlau/airflow/airflow-tutorial/env_airflow/lib/python3.8/site-packages/airflow/example_dags/tutorial_taskflow_api_etl.py took 0.282 seconds
[2021-08-15 22:40:08,824] {scheduler_job.py:181} INFO - Started process (PID=72716) to work on /Users/kennethlau/airflow/airflow-tutorial/env_airflow/lib/python3.8/site-packages/airflow/example_dags/tutorial_taskflow_api_etl.py
[2021-08-15 22:40:08,826] {scheduler_job.py:632} INFO - Processing file /Users/kennethlau/airflow/airflow-tutorial/env_airflow/lib/python3.8/site-packages/airflow/example_dags/tutorial_taskflow_api_etl.py for tasks to queue
[2021-08-15 22:40:08,826] {logging_mixin.py:104} INFO - [2021-08-15 22:40:08,826] {dagbag.py:496} INFO - Filling up the DagBag from /Users/kennethlau/airflow/airflow-tutorial/env_airflow/lib/python3.8/site-packages/airflow/example_dags/tutorial_taskflow_api_etl.py
[2021-08-15 22:40:08,835] {scheduler_job.py:642} INFO - DAG(s) dict_keys(['tutorial_taskflow_api_etl']) retrieved from /Users/kennethlau/airflow/airflow-tutorial/env_airflow/lib/python3.8/site-packages/airflow/example_dags/tutorial_taskflow_api_etl.py
[2021-08-15 22:40:09,078] {logging_mixin.py:104} INFO - [2021-08-15 22:40:09,078] {dag.py:1833} INFO - Sync 1 DAGs
[2021-08-15 22:40:09,084] {logging_mixin.py:104} INFO - [2021-08-15 22:40:09,083] {dag.py:2306} INFO - Setting next_dagrun for tutorial_taskflow_api_etl to None
[2021-08-15 22:40:09,090] {scheduler_job.py:189} INFO - Processing /Users/kennethlau/airflow/airflow-tutorial/env_airflow/lib/python3.8/site-packages/airflow/example_dags/tutorial_taskflow_api_etl.py took 0.267 seconds
