[2021-08-15 20:25:46,671] {scheduler_job.py:181} INFO - Started process (PID=70781) to work on /Users/kennethlau/airflow/airflow-tutorial/env_airflow/lib/python3.8/site-packages/airflow/example_dags/tutorial.py
[2021-08-15 20:25:46,671] {scheduler_job.py:632} INFO - Processing file /Users/kennethlau/airflow/airflow-tutorial/env_airflow/lib/python3.8/site-packages/airflow/example_dags/tutorial.py for tasks to queue
[2021-08-15 20:25:46,671] {logging_mixin.py:104} INFO - [2021-08-15 20:25:46,671] {dagbag.py:496} INFO - Filling up the DagBag from /Users/kennethlau/airflow/airflow-tutorial/env_airflow/lib/python3.8/site-packages/airflow/example_dags/tutorial.py
[2021-08-15 20:25:46,677] {scheduler_job.py:642} INFO - DAG(s) dict_keys(['tutorial']) retrieved from /Users/kennethlau/airflow/airflow-tutorial/env_airflow/lib/python3.8/site-packages/airflow/example_dags/tutorial.py
[2021-08-15 20:25:46,908] {logging_mixin.py:104} INFO - [2021-08-15 20:25:46,908] {dag.py:1833} INFO - Sync 1 DAGs
[2021-08-15 20:25:46,914] {logging_mixin.py:104} INFO - [2021-08-15 20:25:46,914] {dag.py:2306} INFO - Setting next_dagrun for tutorial to 2021-08-14 00:00:00+00:00
[2021-08-15 20:25:46,920] {scheduler_job.py:189} INFO - Processing /Users/kennethlau/airflow/airflow-tutorial/env_airflow/lib/python3.8/site-packages/airflow/example_dags/tutorial.py took 0.250 seconds
[2021-08-15 22:29:29,740] {scheduler_job.py:181} INFO - Started process (PID=71978) to work on /Users/kennethlau/airflow/airflow-tutorial/env_airflow/lib/python3.8/site-packages/airflow/example_dags/tutorial.py
[2021-08-15 22:29:29,741] {scheduler_job.py:632} INFO - Processing file /Users/kennethlau/airflow/airflow-tutorial/env_airflow/lib/python3.8/site-packages/airflow/example_dags/tutorial.py for tasks to queue
[2021-08-15 22:29:29,742] {logging_mixin.py:104} INFO - [2021-08-15 22:29:29,742] {dagbag.py:496} INFO - Filling up the DagBag from /Users/kennethlau/airflow/airflow-tutorial/env_airflow/lib/python3.8/site-packages/airflow/example_dags/tutorial.py
[2021-08-15 22:29:29,750] {scheduler_job.py:642} INFO - DAG(s) dict_keys(['tutorial']) retrieved from /Users/kennethlau/airflow/airflow-tutorial/env_airflow/lib/python3.8/site-packages/airflow/example_dags/tutorial.py
[2021-08-15 22:29:29,786] {logging_mixin.py:104} INFO - [2021-08-15 22:29:29,786] {dag.py:1833} INFO - Sync 1 DAGs
[2021-08-15 22:29:29,796] {logging_mixin.py:104} INFO - [2021-08-15 22:29:29,796] {dag.py:2306} INFO - Setting next_dagrun for tutorial to 2021-08-14 00:00:00+00:00
[2021-08-15 22:29:29,805] {scheduler_job.py:189} INFO - Processing /Users/kennethlau/airflow/airflow-tutorial/env_airflow/lib/python3.8/site-packages/airflow/example_dags/tutorial.py took 0.066 seconds
[2021-08-15 22:30:34,471] {scheduler_job.py:181} INFO - Started process (PID=72055) to work on /Users/kennethlau/airflow/airflow-tutorial/env_airflow/lib/python3.8/site-packages/airflow/example_dags/tutorial.py
[2021-08-15 22:30:34,472] {scheduler_job.py:632} INFO - Processing file /Users/kennethlau/airflow/airflow-tutorial/env_airflow/lib/python3.8/site-packages/airflow/example_dags/tutorial.py for tasks to queue
[2021-08-15 22:30:34,472] {logging_mixin.py:104} INFO - [2021-08-15 22:30:34,472] {dagbag.py:496} INFO - Filling up the DagBag from /Users/kennethlau/airflow/airflow-tutorial/env_airflow/lib/python3.8/site-packages/airflow/example_dags/tutorial.py
[2021-08-15 22:30:34,480] {scheduler_job.py:642} INFO - DAG(s) dict_keys(['tutorial']) retrieved from /Users/kennethlau/airflow/airflow-tutorial/env_airflow/lib/python3.8/site-packages/airflow/example_dags/tutorial.py
[2021-08-15 22:30:34,508] {logging_mixin.py:104} INFO - [2021-08-15 22:30:34,508] {dag.py:1833} INFO - Sync 1 DAGs
[2021-08-15 22:30:34,514] {logging_mixin.py:104} INFO - [2021-08-15 22:30:34,514] {dag.py:2306} INFO - Setting next_dagrun for tutorial to 2021-08-14 00:00:00+00:00
[2021-08-15 22:30:34,520] {scheduler_job.py:189} INFO - Processing /Users/kennethlau/airflow/airflow-tutorial/env_airflow/lib/python3.8/site-packages/airflow/example_dags/tutorial.py took 0.050 seconds
[2021-08-15 22:31:20,959] {scheduler_job.py:181} INFO - Started process (PID=72116) to work on /Users/kennethlau/airflow/airflow-tutorial/env_airflow/lib/python3.8/site-packages/airflow/example_dags/tutorial.py
[2021-08-15 22:31:20,960] {scheduler_job.py:632} INFO - Processing file /Users/kennethlau/airflow/airflow-tutorial/env_airflow/lib/python3.8/site-packages/airflow/example_dags/tutorial.py for tasks to queue
[2021-08-15 22:31:20,961] {logging_mixin.py:104} INFO - [2021-08-15 22:31:20,961] {dagbag.py:496} INFO - Filling up the DagBag from /Users/kennethlau/airflow/airflow-tutorial/env_airflow/lib/python3.8/site-packages/airflow/example_dags/tutorial.py
[2021-08-15 22:31:20,967] {scheduler_job.py:642} INFO - DAG(s) dict_keys(['tutorial']) retrieved from /Users/kennethlau/airflow/airflow-tutorial/env_airflow/lib/python3.8/site-packages/airflow/example_dags/tutorial.py
[2021-08-15 22:31:20,994] {logging_mixin.py:104} INFO - [2021-08-15 22:31:20,994] {dag.py:1833} INFO - Sync 1 DAGs
[2021-08-15 22:31:21,000] {logging_mixin.py:104} INFO - [2021-08-15 22:31:21,000] {dag.py:2306} INFO - Setting next_dagrun for tutorial to 2021-08-14 00:00:00+00:00
[2021-08-15 22:31:21,006] {scheduler_job.py:189} INFO - Processing /Users/kennethlau/airflow/airflow-tutorial/env_airflow/lib/python3.8/site-packages/airflow/example_dags/tutorial.py took 0.048 seconds
[2021-08-15 22:32:05,892] {scheduler_job.py:181} INFO - Started process (PID=72169) to work on /Users/kennethlau/airflow/airflow-tutorial/env_airflow/lib/python3.8/site-packages/airflow/example_dags/tutorial.py
[2021-08-15 22:32:05,892] {scheduler_job.py:632} INFO - Processing file /Users/kennethlau/airflow/airflow-tutorial/env_airflow/lib/python3.8/site-packages/airflow/example_dags/tutorial.py for tasks to queue
[2021-08-15 22:32:05,893] {logging_mixin.py:104} INFO - [2021-08-15 22:32:05,893] {dagbag.py:496} INFO - Filling up the DagBag from /Users/kennethlau/airflow/airflow-tutorial/env_airflow/lib/python3.8/site-packages/airflow/example_dags/tutorial.py
[2021-08-15 22:32:05,899] {scheduler_job.py:642} INFO - DAG(s) dict_keys(['tutorial']) retrieved from /Users/kennethlau/airflow/airflow-tutorial/env_airflow/lib/python3.8/site-packages/airflow/example_dags/tutorial.py
[2021-08-15 22:32:05,926] {logging_mixin.py:104} INFO - [2021-08-15 22:32:05,926] {dag.py:1833} INFO - Sync 1 DAGs
[2021-08-15 22:32:05,932] {logging_mixin.py:104} INFO - [2021-08-15 22:32:05,932] {dag.py:2306} INFO - Setting next_dagrun for tutorial to 2021-08-14 00:00:00+00:00
[2021-08-15 22:32:05,938] {scheduler_job.py:189} INFO - Processing /Users/kennethlau/airflow/airflow-tutorial/env_airflow/lib/python3.8/site-packages/airflow/example_dags/tutorial.py took 0.047 seconds
[2021-08-15 22:33:09,449] {scheduler_job.py:181} INFO - Started process (PID=72240) to work on /Users/kennethlau/airflow/airflow-tutorial/env_airflow/lib/python3.8/site-packages/airflow/example_dags/tutorial.py
[2021-08-15 22:33:09,450] {scheduler_job.py:632} INFO - Processing file /Users/kennethlau/airflow/airflow-tutorial/env_airflow/lib/python3.8/site-packages/airflow/example_dags/tutorial.py for tasks to queue
[2021-08-15 22:33:09,450] {logging_mixin.py:104} INFO - [2021-08-15 22:33:09,450] {dagbag.py:496} INFO - Filling up the DagBag from /Users/kennethlau/airflow/airflow-tutorial/env_airflow/lib/python3.8/site-packages/airflow/example_dags/tutorial.py
[2021-08-15 22:33:09,456] {scheduler_job.py:642} INFO - DAG(s) dict_keys(['tutorial']) retrieved from /Users/kennethlau/airflow/airflow-tutorial/env_airflow/lib/python3.8/site-packages/airflow/example_dags/tutorial.py
[2021-08-15 22:33:09,480] {logging_mixin.py:104} INFO - [2021-08-15 22:33:09,480] {dag.py:1833} INFO - Sync 1 DAGs
[2021-08-15 22:33:09,487] {logging_mixin.py:104} INFO - [2021-08-15 22:33:09,486] {dag.py:2306} INFO - Setting next_dagrun for tutorial to 2021-08-14 00:00:00+00:00
[2021-08-15 22:33:09,492] {scheduler_job.py:189} INFO - Processing /Users/kennethlau/airflow/airflow-tutorial/env_airflow/lib/python3.8/site-packages/airflow/example_dags/tutorial.py took 0.044 seconds
[2021-08-15 22:34:09,047] {scheduler_job.py:181} INFO - Started process (PID=72309) to work on /Users/kennethlau/airflow/airflow-tutorial/env_airflow/lib/python3.8/site-packages/airflow/example_dags/tutorial.py
[2021-08-15 22:34:09,048] {scheduler_job.py:632} INFO - Processing file /Users/kennethlau/airflow/airflow-tutorial/env_airflow/lib/python3.8/site-packages/airflow/example_dags/tutorial.py for tasks to queue
[2021-08-15 22:34:09,048] {logging_mixin.py:104} INFO - [2021-08-15 22:34:09,048] {dagbag.py:496} INFO - Filling up the DagBag from /Users/kennethlau/airflow/airflow-tutorial/env_airflow/lib/python3.8/site-packages/airflow/example_dags/tutorial.py
[2021-08-15 22:34:09,054] {scheduler_job.py:642} INFO - DAG(s) dict_keys(['tutorial']) retrieved from /Users/kennethlau/airflow/airflow-tutorial/env_airflow/lib/python3.8/site-packages/airflow/example_dags/tutorial.py
[2021-08-15 22:34:09,080] {logging_mixin.py:104} INFO - [2021-08-15 22:34:09,080] {dag.py:1833} INFO - Sync 1 DAGs
[2021-08-15 22:34:09,086] {logging_mixin.py:104} INFO - [2021-08-15 22:34:09,086] {dag.py:2306} INFO - Setting next_dagrun for tutorial to 2021-08-14 00:00:00+00:00
[2021-08-15 22:34:09,093] {scheduler_job.py:189} INFO - Processing /Users/kennethlau/airflow/airflow-tutorial/env_airflow/lib/python3.8/site-packages/airflow/example_dags/tutorial.py took 0.046 seconds
[2021-08-15 22:36:10,447] {scheduler_job.py:181} INFO - Started process (PID=72401) to work on /Users/kennethlau/airflow/airflow-tutorial/env_airflow/lib/python3.8/site-packages/airflow/example_dags/tutorial.py
[2021-08-15 22:36:10,447] {scheduler_job.py:632} INFO - Processing file /Users/kennethlau/airflow/airflow-tutorial/env_airflow/lib/python3.8/site-packages/airflow/example_dags/tutorial.py for tasks to queue
[2021-08-15 22:36:10,448] {logging_mixin.py:104} INFO - [2021-08-15 22:36:10,448] {dagbag.py:496} INFO - Filling up the DagBag from /Users/kennethlau/airflow/airflow-tutorial/env_airflow/lib/python3.8/site-packages/airflow/example_dags/tutorial.py
[2021-08-15 22:36:10,456] {scheduler_job.py:642} INFO - DAG(s) dict_keys(['tutorial']) retrieved from /Users/kennethlau/airflow/airflow-tutorial/env_airflow/lib/python3.8/site-packages/airflow/example_dags/tutorial.py
[2021-08-15 22:36:10,489] {logging_mixin.py:104} INFO - [2021-08-15 22:36:10,489] {dag.py:1833} INFO - Sync 1 DAGs
[2021-08-15 22:36:10,498] {logging_mixin.py:104} INFO - [2021-08-15 22:36:10,498] {dag.py:2306} INFO - Setting next_dagrun for tutorial to 2021-08-14 00:00:00+00:00
[2021-08-15 22:36:10,505] {scheduler_job.py:189} INFO - Processing /Users/kennethlau/airflow/airflow-tutorial/env_airflow/lib/python3.8/site-packages/airflow/example_dags/tutorial.py took 0.060 seconds
[2021-08-15 22:37:24,072] {scheduler_job.py:181} INFO - Started process (PID=72509) to work on /Users/kennethlau/airflow/airflow-tutorial/env_airflow/lib/python3.8/site-packages/airflow/example_dags/tutorial.py
[2021-08-15 22:37:24,074] {scheduler_job.py:632} INFO - Processing file /Users/kennethlau/airflow/airflow-tutorial/env_airflow/lib/python3.8/site-packages/airflow/example_dags/tutorial.py for tasks to queue
[2021-08-15 22:37:24,074] {logging_mixin.py:104} INFO - [2021-08-15 22:37:24,074] {dagbag.py:496} INFO - Filling up the DagBag from /Users/kennethlau/airflow/airflow-tutorial/env_airflow/lib/python3.8/site-packages/airflow/example_dags/tutorial.py
[2021-08-15 22:37:24,081] {scheduler_job.py:642} INFO - DAG(s) dict_keys(['tutorial']) retrieved from /Users/kennethlau/airflow/airflow-tutorial/env_airflow/lib/python3.8/site-packages/airflow/example_dags/tutorial.py
[2021-08-15 22:37:24,109] {logging_mixin.py:104} INFO - [2021-08-15 22:37:24,109] {dag.py:1833} INFO - Sync 1 DAGs
[2021-08-15 22:37:24,116] {logging_mixin.py:104} INFO - [2021-08-15 22:37:24,116] {dag.py:2306} INFO - Setting next_dagrun for tutorial to 2021-08-14 00:00:00+00:00
[2021-08-15 22:37:24,122] {scheduler_job.py:189} INFO - Processing /Users/kennethlau/airflow/airflow-tutorial/env_airflow/lib/python3.8/site-packages/airflow/example_dags/tutorial.py took 0.051 seconds
[2021-08-15 22:38:19,650] {scheduler_job.py:181} INFO - Started process (PID=72579) to work on /Users/kennethlau/airflow/airflow-tutorial/env_airflow/lib/python3.8/site-packages/airflow/example_dags/tutorial.py
[2021-08-15 22:38:19,651] {scheduler_job.py:632} INFO - Processing file /Users/kennethlau/airflow/airflow-tutorial/env_airflow/lib/python3.8/site-packages/airflow/example_dags/tutorial.py for tasks to queue
[2021-08-15 22:38:19,651] {logging_mixin.py:104} INFO - [2021-08-15 22:38:19,651] {dagbag.py:496} INFO - Filling up the DagBag from /Users/kennethlau/airflow/airflow-tutorial/env_airflow/lib/python3.8/site-packages/airflow/example_dags/tutorial.py
[2021-08-15 22:38:19,658] {scheduler_job.py:642} INFO - DAG(s) dict_keys(['tutorial']) retrieved from /Users/kennethlau/airflow/airflow-tutorial/env_airflow/lib/python3.8/site-packages/airflow/example_dags/tutorial.py
[2021-08-15 22:38:19,683] {logging_mixin.py:104} INFO - [2021-08-15 22:38:19,683] {dag.py:1833} INFO - Sync 1 DAGs
[2021-08-15 22:38:19,689] {logging_mixin.py:104} INFO - [2021-08-15 22:38:19,689] {dag.py:2306} INFO - Setting next_dagrun for tutorial to 2021-08-14 00:00:00+00:00
[2021-08-15 22:38:19,695] {scheduler_job.py:189} INFO - Processing /Users/kennethlau/airflow/airflow-tutorial/env_airflow/lib/python3.8/site-packages/airflow/example_dags/tutorial.py took 0.045 seconds
[2021-08-15 22:39:14,844] {scheduler_job.py:181} INFO - Started process (PID=72652) to work on /Users/kennethlau/airflow/airflow-tutorial/env_airflow/lib/python3.8/site-packages/airflow/example_dags/tutorial.py
[2021-08-15 22:39:14,845] {scheduler_job.py:632} INFO - Processing file /Users/kennethlau/airflow/airflow-tutorial/env_airflow/lib/python3.8/site-packages/airflow/example_dags/tutorial.py for tasks to queue
[2021-08-15 22:39:14,846] {logging_mixin.py:104} INFO - [2021-08-15 22:39:14,846] {dagbag.py:496} INFO - Filling up the DagBag from /Users/kennethlau/airflow/airflow-tutorial/env_airflow/lib/python3.8/site-packages/airflow/example_dags/tutorial.py
[2021-08-15 22:39:14,853] {scheduler_job.py:642} INFO - DAG(s) dict_keys(['tutorial']) retrieved from /Users/kennethlau/airflow/airflow-tutorial/env_airflow/lib/python3.8/site-packages/airflow/example_dags/tutorial.py
[2021-08-15 22:39:14,878] {logging_mixin.py:104} INFO - [2021-08-15 22:39:14,877] {dag.py:1833} INFO - Sync 1 DAGs
[2021-08-15 22:39:14,883] {logging_mixin.py:104} INFO - [2021-08-15 22:39:14,883] {dag.py:2306} INFO - Setting next_dagrun for tutorial to 2021-08-14 00:00:00+00:00
[2021-08-15 22:39:14,889] {scheduler_job.py:189} INFO - Processing /Users/kennethlau/airflow/airflow-tutorial/env_airflow/lib/python3.8/site-packages/airflow/example_dags/tutorial.py took 0.045 seconds
[2021-08-15 22:40:12,386] {scheduler_job.py:181} INFO - Started process (PID=72720) to work on /Users/kennethlau/airflow/airflow-tutorial/env_airflow/lib/python3.8/site-packages/airflow/example_dags/tutorial.py
[2021-08-15 22:40:12,386] {scheduler_job.py:632} INFO - Processing file /Users/kennethlau/airflow/airflow-tutorial/env_airflow/lib/python3.8/site-packages/airflow/example_dags/tutorial.py for tasks to queue
[2021-08-15 22:40:12,387] {logging_mixin.py:104} INFO - [2021-08-15 22:40:12,387] {dagbag.py:496} INFO - Filling up the DagBag from /Users/kennethlau/airflow/airflow-tutorial/env_airflow/lib/python3.8/site-packages/airflow/example_dags/tutorial.py
[2021-08-15 22:40:12,394] {scheduler_job.py:642} INFO - DAG(s) dict_keys(['tutorial']) retrieved from /Users/kennethlau/airflow/airflow-tutorial/env_airflow/lib/python3.8/site-packages/airflow/example_dags/tutorial.py
[2021-08-15 22:40:12,422] {logging_mixin.py:104} INFO - [2021-08-15 22:40:12,421] {dag.py:1833} INFO - Sync 1 DAGs
[2021-08-15 22:40:12,429] {logging_mixin.py:104} INFO - [2021-08-15 22:40:12,429] {dag.py:2306} INFO - Setting next_dagrun for tutorial to 2021-08-14 00:00:00+00:00
[2021-08-15 22:40:12,436] {scheduler_job.py:189} INFO - Processing /Users/kennethlau/airflow/airflow-tutorial/env_airflow/lib/python3.8/site-packages/airflow/example_dags/tutorial.py took 0.051 seconds
